2023/08/09 16:13:43 Parsing output variable expressions...
2023/08/09 16:13:43 Loading emissions shapefile: /home/tfmrodge/scratch/GEMMACH_data/data/Inmap_outputs/Emissions/Emissions_shp/BASEGM_2015_E010_area_lcc2.shp.
2023/08/09 16:14:34 Loading emissions shapefile: /home/tfmrodge/scratch/GEMMACH_data/data/Inmap_outputs/Emissions/Emissions_shp/BASEGM_2015_E010_major_lcc2.shp.
2023/08/09 16:15:10 Loading CTM data...
2023/08/09 16:15:10 Reading input data...
2023/08/09 16:21:01 Loading population and mortality rate data...
2023/08/09 16:21:44 Initializing model...
2023/08/09 16:22:21 Emission totals:
2023/08/09 16:22:21 gOrg, 6.081154745027935e+13 μg/s
2023/08/09 16:22:21 pOrg, 0 μg/s
2023/08/09 16:22:21 PM2_5, 1.7212136925730662e+13 μg/s
2023/08/09 16:22:21 gNH, 7.803709642457075e+12 μg/s
2023/08/09 16:22:21 pNH, 0 μg/s
2023/08/09 16:22:21 gS, 1.0667781572723807e+13 μg/s
2023/08/09 16:22:21 pS, 0 μg/s
2023/08/09 16:22:21 gNO, 1.4359408564532672e+13 μg/s
2023/08/09 16:22:21 pNO, 0 μg/s
2023/08/09 16:22:21 iteration 1     walltime=0.0104h  Δwalltime=  37s  timestep=17s  day=0.000195
2023/08/09 16:22:23 iteration 174   walltime=0.0109h  Δwalltime=0.011s  timestep=17s  day=0.034
2023/08/09 16:22:25 iteration 499   walltime=0.0114h  Δwalltime=0.0068s  timestep=17s  day=0.0975
2023/08/09 16:22:26 Adding grid cells...
2023/08/09 16:22:26 Added 1449 grid cells; there are now 53949 cells total
2023/08/09 16:22:32 Percent change since last convergence check:
VOC:			+Inf%
VOC pop-wtd:		+Inf%
SOA:			+Inf%
SOA pop-wtd:		+Inf%
PrimaryPM25:		+Inf%
PrimaryPM25 pop-wtd:	+Inf%
NH3:			+Inf%
NH3 pop-wtd:		+Inf%
pNH4:			+Inf%
pNH4 pop-wtd:		+Inf%
SOx:			+Inf%
SOx pop-wtd:		+Inf%
pSO4:			+Inf%
pSO4 pop-wtd:		+Inf%
NOx:			+Inf%
NOx pop-wtd:		+Inf%
pNO3:			+Inf%
pNO3 pop-wtd:		+Inf%
2023/08/09 16:22:32 iteration 642   walltime=0.0134h  Δwalltime= 6.2s  timestep=17s  day=0.125
2023/08/09 16:22:33 iteration 716   walltime=0.0136h  Δwalltime=0.011s  timestep=17s  day=0.14
2023/08/09 16:22:35 iteration 896   walltime=0.0142h  Δwalltime=0.011s  timestep=17s  day=0.175
2023/08/09 16:22:37 iteration 1174  walltime=0.0147h  Δwalltime=0.0062s  timestep=17s  day=0.229
2023/08/09 16:22:38 Adding grid cells...
2023/08/09 16:22:38 Added 51 grid cells; there are now 54000 cells total
2023/08/09 16:22:44 Percent change since last convergence check:
VOC:			74%
VOC pop-wtd:		75%
SOA:			81%
SOA pop-wtd:		67%
PrimaryPM25:		84%
PrimaryPM25 pop-wtd:	60%
NH3:			1.2e+02%
NH3 pop-wtd:		1.7e+02%
pNH4:			83%
pNH4 pop-wtd:		94%
SOx:			2.7%
SOx pop-wtd:		1.2e+02%
pSO4:			1.2e+02%
pSO4 pop-wtd:		1e+02%
NOx:			80%
NOx pop-wtd:		1.2e+02%
pNO3:			97%
pNO3 pop-wtd:		82%
2023/08/09 16:22:44 iteration 1283  walltime=0.0168h  Δwalltime= 6.7s  timestep=17s  day=0.251
2023/08/09 16:22:45 iteration 1362  walltime= 0.017h  Δwalltime=0.0063s  timestep=17s  day=0.266
2023/08/09 16:22:47 iteration 1662  walltime=0.0175h  Δwalltime=0.0063s  timestep=17s  day=0.325
2023/08/09 16:22:48 Adding grid cells...
2023/08/09 16:22:49 Added 39 grid cells; there are now 54039 cells total
2023/08/09 16:22:54 Percent change since last convergence check:
VOC:			35%
VOC pop-wtd:		4.3%
SOA:			39%
SOA pop-wtd:		4.7%
PrimaryPM25:		40%
PrimaryPM25 pop-wtd:	5.9%
NH3:			55%
NH3 pop-wtd:		4.7%
pNH4:			40%
pNH4 pop-wtd:		5.2%
SOx:			0.14%
SOx pop-wtd:		0.76%
pSO4:			48%
pSO4 pop-wtd:		13%
NOx:			39%
NOx pop-wtd:		7.1%
pNO3:			47%
pNO3 pop-wtd:		7.4%
2023/08/09 16:22:54 iteration 1924  walltime=0.0195h  Δwalltime= 5.6s  timestep=17s  day=0.376
2023/08/09 16:22:55 iteration 2045  walltime=0.0197h  Δwalltime=0.0064s  timestep=17s  day=0.399
2023/08/09 16:22:57 iteration 2367  walltime=0.0203h  Δwalltime=0.0063s  timestep=17s  day=0.462
2023/08/09 16:22:58 Adding grid cells...
2023/08/09 16:22:58 Added 48 grid cells; there are now 54087 cells total
2023/08/09 16:23:04 iteration 2565  walltime=0.0222h  Δwalltime= 5.7s  timestep=17s  day=0.501
2023/08/09 16:23:04 Percent change since last convergence check:
VOC:			22%
VOC pop-wtd:		2.1%
SOA:			25%
SOA pop-wtd:		2.3%
PrimaryPM25:		26%
PrimaryPM25 pop-wtd:	2.7%
NH3:			35%
NH3 pop-wtd:		1.6%
pNH4:			26%
pNH4 pop-wtd:		2%
SOx:			0.016%
SOx pop-wtd:		0.063%
pSO4:			29%
pSO4 pop-wtd:		6%
NOx:			25%
NOx pop-wtd:		3.4%
pNO3:			30%
pNO3 pop-wtd:		3.6%
2023/08/09 16:23:05 iteration 2731  walltime=0.0225h  Δwalltime=0.0063s  timestep=17s  day=0.533
2023/08/09 16:23:07 iteration 3047  walltime=0.0231h  Δwalltime=0.006s  timestep=17s  day=0.595
2023/08/09 16:23:08 Adding grid cells...
2023/08/09 16:23:08 Added 36 grid cells; there are now 54123 cells total
2023/08/09 16:23:13 iteration 3206  walltime=0.0249h  Δwalltime= 5.6s  timestep=17s  day=0.626
2023/08/09 16:23:13 Percent change since last convergence check:
VOC:			16%
VOC pop-wtd:		1.3%
SOA:			18%
SOA pop-wtd:		1.4%
PrimaryPM25:		19%
PrimaryPM25 pop-wtd:	1.6%
NH3:			26%
NH3 pop-wtd:		0.79%
pNH4:			19%
pNH4 pop-wtd:		1.1%
SOx:			0.0021%
SOx pop-wtd:		0.0063%
pSO4:			21%
pSO4 pop-wtd:		4%
NOx:			18%
NOx pop-wtd:		2.1%
pNO3:			22%
pNO3 pop-wtd:		2.3%
2023/08/09 16:23:15 iteration 3427  walltime=0.0253h  Δwalltime=0.0062s  timestep=17s  day=0.669
2023/08/09 16:23:17 iteration 3744  walltime=0.0259h  Δwalltime=0.0063s  timestep=17s  day=0.731
2023/08/09 16:23:17 Adding grid cells...
2023/08/09 16:23:18 Added 30 grid cells; there are now 54153 cells total
2023/08/09 16:23:23 Percent change since last convergence check:
VOC:			12%
VOC pop-wtd:		0.85%
SOA:			14%
SOA pop-wtd:		0.95%
PrimaryPM25:		15%
PrimaryPM25 pop-wtd:	1.1%
NH3:			20%
NH3 pop-wtd:		0.47%
pNH4:			15%
pNH4 pop-wtd:		0.67%
SOx:			0.00028%
SOx pop-wtd:		0.00066%
pSO4:			16%
pSO4 pop-wtd:		3%
NOx:			14%
NOx pop-wtd:		1.5%
pNO3:			17%
pNO3 pop-wtd:		1.6%
2023/08/09 16:23:23 iteration 3847  walltime=0.0276h  Δwalltime= 5.7s  timestep=17s  day=0.751
2023/08/09 16:23:25 iteration 4115  walltime=0.0281h  Δwalltime=0.0062s  timestep=17s  day=0.804
2023/08/09 16:23:27 iteration 4437  walltime=0.0286h  Δwalltime=0.0062s  timestep=17s  day=0.867
2023/08/09 16:23:27 Adding grid cells...
2023/08/09 16:23:27 Added 15 grid cells; there are now 54168 cells total
2023/08/09 16:23:33 Percent change since last convergence check:
VOC:			9.7%
VOC pop-wtd:		0.61%
SOA:			11%
SOA pop-wtd:		0.7%
PrimaryPM25:		12%
PrimaryPM25 pop-wtd:	0.8%
NH3:			16%
NH3 pop-wtd:		0.32%
pNH4:			12%
pNH4 pop-wtd:		0.47%
SOx:			3.5e-05%
SOx pop-wtd:		7e-05%
pSO4:			13%
pSO4 pop-wtd:		2.4%
NOx:			11%
NOx pop-wtd:		1.1%
pNO3:			14%
pNO3 pop-wtd:		1.2%
2023/08/09 16:23:33 iteration 4488  walltime=0.0305h  Δwalltime= 6.2s  timestep=17s  day=0.877
2023/08/09 16:23:35 iteration 4708  walltime=0.0309h  Δwalltime=0.0062s  timestep=17s  day=0.919
2023/08/09 16:23:37 iteration 5027  walltime=0.0314h  Δwalltime=0.0064s  timestep=17s  day=0.982
2023/08/09 16:23:37 Adding grid cells...
2023/08/09 16:23:38 Added 21 grid cells; there are now 54189 cells total
2023/08/09 16:23:43 Percent change since last convergence check:
VOC:			8%
VOC pop-wtd:		0.47%
SOA:			9.4%
SOA pop-wtd:		0.54%
PrimaryPM25:		9.8%
PrimaryPM25 pop-wtd:	0.62%
NH3:			13%
NH3 pop-wtd:		0.23%
pNH4:			10%
pNH4 pop-wtd:		0.35%
SOx:			4.5e-06%
SOx pop-wtd:		7.5e-06%
pSO4:			11%
pSO4 pop-wtd:		1.9%
NOx:			9.5%
NOx pop-wtd:		0.91%
pNO3:			12%
pNO3 pop-wtd:		0.98%
2023/08/09 16:23:43 iteration 5129  walltime=0.0332h  Δwalltime= 5.6s  timestep=17s  day=1
2023/08/09 16:23:45 iteration 5397  walltime=0.0336h  Δwalltime=0.0063s  timestep=17s  day=1.05
2023/08/09 16:23:47 iteration 5703  walltime=0.0342h  Δwalltime=0.0063s  timestep=17s  day=1.11
2023/08/09 16:23:47 Adding grid cells...
2023/08/09 16:23:47 Added 21 grid cells; there are now 54210 cells total
2023/08/09 16:23:53 Percent change since last convergence check:
VOC:			6.7%
VOC pop-wtd:		0.37%
SOA:			8%
SOA pop-wtd:		0.43%
PrimaryPM25:		8.3%
PrimaryPM25 pop-wtd:	0.49%
NH3:			11%
NH3 pop-wtd:		0.18%
pNH4:			8.8%
pNH4 pop-wtd:		0.27%
SOx:			9.6e-07%
SOx pop-wtd:		8.1e-07%
pSO4:			8.9%
pSO4 pop-wtd:		1.6%
NOx:			8.1%
NOx pop-wtd:		0.75%
pNO3:			10%
pNO3 pop-wtd:		0.81%
2023/08/09 16:23:53 iteration 5770  walltime=0.0359h  Δwalltime= 5.6s  timestep=17s  day=1.13
2023/08/09 16:23:55 iteration 6080  walltime=0.0364h  Δwalltime=0.0066s  timestep=17s  day=1.19
2023/08/09 16:23:57 iteration 6395  walltime= 0.037h  Δwalltime=0.0062s  timestep=17s  day=1.25
2023/08/09 16:23:57 Adding grid cells...
2023/08/09 16:23:57 Added 18 grid cells; there are now 54228 cells total
2023/08/09 16:24:02 iteration 6411  walltime=0.0386h  Δwalltime= 5.6s  timestep=17s  day=1.25
2023/08/09 16:24:02 Percent change since last convergence check:
VOC:			5.8%
VOC pop-wtd:		0.3%
SOA:			6.9%
SOA pop-wtd:		0.35%
PrimaryPM25:		7.1%
PrimaryPM25 pop-wtd:	0.4%
NH3:			9.8%
NH3 pop-wtd:		0.15%
pNH4:			7.7%
pNH4 pop-wtd:		0.21%
SOx:			1.7e-06%
SOx pop-wtd:		8.8e-08%
pSO4:			7.6%
pSO4 pop-wtd:		1.3%
NOx:			7%
NOx pop-wtd:		0.63%
pNO3:			8.7%
pNO3 pop-wtd:		0.68%
2023/08/09 16:24:03 iteration 6454  walltime=0.0386h  Δwalltime=0.0064s  timestep=17s  day=1.26
2023/08/09 16:24:05 iteration 6771  walltime=0.0392h  Δwalltime=0.0063s  timestep=17s  day=1.32
2023/08/09 16:24:07 Adding grid cells...
2023/08/09 16:24:07 Added 18 grid cells; there are now 54246 cells total
2023/08/09 16:24:12 iteration 7052  walltime=0.0412h  Δwalltime= 5.6s  timestep=17s  day=1.38
2023/08/09 16:24:12 Percent change since last convergence check:
VOC:			5%
VOC pop-wtd:		0.24%
SOA:			6.1%
SOA pop-wtd:		0.29%
PrimaryPM25:		6.2%
PrimaryPM25 pop-wtd:	0.33%
NH3:			8.6%
NH3 pop-wtd:		0.12%
pNH4:			6.8%
pNH4 pop-wtd:		0.17%
SOx:			6.8e-07%
SOx pop-wtd:		9.5e-09%
pSO4:			6.6%
pSO4 pop-wtd:		1.1%
NOx:			6.1%
NOx pop-wtd:		0.54%
pNO3:			7.7%
pNO3 pop-wtd:		0.59%
2023/08/09 16:24:13 iteration 7145  walltime=0.0414h  Δwalltime=0.0067s  timestep=17s  day=1.4
2023/08/09 16:24:15 iteration 7455  walltime= 0.042h  Δwalltime=0.0064s  timestep=17s  day=1.46
2023/08/09 16:24:16 Adding grid cells...
2023/08/09 16:24:16 Added 6 grid cells; there are now 54252 cells total
2023/08/09 16:24:22 Percent change since last convergence check:
VOC:			4.4%
VOC pop-wtd:		0.2%
SOA:			5.4%
SOA pop-wtd:		0.24%
PrimaryPM25:		5.5%
PrimaryPM25 pop-wtd:	0.27%
NH3:			7.6%
NH3 pop-wtd:		0.099%
pNH4:			6.1%
pNH4 pop-wtd:		0.14%
SOx:			2.3e-07%
SOx pop-wtd:		1e-09%
pSO4:			5.8%
pSO4 pop-wtd:		0.92%
NOx:			5.4%
NOx pop-wtd:		0.47%
pNO3:			6.8%
pNO3 pop-wtd:		0.51%
2023/08/09 16:24:22 iteration 7693  walltime=0.0441h  Δwalltime= 6.1s  timestep=17s  day=1.5
2023/08/09 16:24:23 iteration 7759  walltime=0.0442h  Δwalltime=0.0062s  timestep=17s  day=1.52
2023/08/09 16:24:25 iteration 8080  walltime=0.0447h  Δwalltime=0.0069s  timestep=17s  day=1.58
2023/08/09 16:24:26 Adding grid cells...
2023/08/09 16:24:26 Added 12 grid cells; there are now 54264 cells total
2023/08/09 16:24:32 iteration 8334  walltime=0.0468h  Δwalltime= 5.8s  timestep=17s  day=1.63
2023/08/09 16:24:32 Percent change since last convergence check:
VOC:			3.9%
VOC pop-wtd:		0.17%
SOA:			4.8%
SOA pop-wtd:		0.2%
PrimaryPM25:		4.9%
PrimaryPM25 pop-wtd:	0.23%
NH3:			6.7%
NH3 pop-wtd:		0.083%
pNH4:			5.4%
pNH4 pop-wtd:		0.12%
SOx:			5e-08%
SOx pop-wtd:		1.1e-10%
pSO4:			5.1%
pSO4 pop-wtd:		0.79%
NOx:			4.8%
NOx pop-wtd:		0.41%
pNO3:			6.1%
pNO3 pop-wtd:		0.44%
2023/08/09 16:24:33 iteration 8434  walltime= 0.047h  Δwalltime=0.0063s  timestep=17s  day=1.65
2023/08/09 16:24:35 iteration 8752  walltime=0.0475h  Δwalltime=0.0065s  timestep=17s  day=1.71
2023/08/09 16:24:36 Adding grid cells...
2023/08/09 16:24:36 Added 9 grid cells; there are now 54273 cells total
2023/08/09 16:24:42 Percent change since last convergence check:
VOC:			3.5%
VOC pop-wtd:		0.15%
SOA:			4.3%
SOA pop-wtd:		0.17%
PrimaryPM25:		4.4%
PrimaryPM25 pop-wtd:	0.2%
NH3:			6%
NH3 pop-wtd:		0.071%
pNH4:			4.9%
pNH4 pop-wtd:		0.1%
SOx:			8.1e-09%
SOx pop-wtd:		1.2e-11%
pSO4:			4.5%
pSO4 pop-wtd:		0.68%
NOx:			4.3%
NOx pop-wtd:		0.36%
pNO3:			5.5%
pNO3 pop-wtd:		0.39%
2023/08/09 16:24:42 iteration 8975  walltime=0.0495h  Δwalltime= 5.7s  timestep=17s  day=1.75
2023/08/09 16:24:43 iteration 9105  walltime=0.0497h  Δwalltime=0.0064s  timestep=17s  day=1.78
2023/08/09 16:24:45 iteration 9416  walltime=0.0503h  Δwalltime=0.0061s  timestep=17s  day=1.84
2023/08/09 16:24:46 Adding grid cells...
2023/08/09 16:24:46 Added 0 grid cells; there are now 54273 cells total
2023/08/09 16:24:52 Percent change since last convergence check:
VOC:			3.1%
VOC pop-wtd:		0.13%
SOA:			3.9%
SOA pop-wtd:		0.15%
PrimaryPM25:		3.9%
PrimaryPM25 pop-wtd:	0.17%
NH3:			5.4%
NH3 pop-wtd:		0.061%
pNH4:			4.4%
pNH4 pop-wtd:		0.087%
SOx:			5e-06%
SOx pop-wtd:		1.1e-12%
pSO4:			4%
pSO4 pop-wtd:		0.59%
NOx:			3.9%
NOx pop-wtd:		0.32%
pNO3:			5%
pNO3 pop-wtd:		0.34%
2023/08/09 16:24:52 iteration 9616  walltime=0.0522h  Δwalltime= 5.5s  timestep=17s  day=1.88
2023/08/09 16:24:53 iteration 9805  walltime=0.0525h  Δwalltime=0.0063s  timestep=17s  day=1.91
2023/08/09 16:24:55 iteration 10120  walltime=0.0531h  Δwalltime=0.0063s  timestep=17s  day=1.98
2023/08/09 16:24:56 Adding grid cells...
2023/08/09 16:24:56 Added 27 grid cells; there are now 54300 cells total
2023/08/09 16:25:01 iteration 10257  walltime=0.0549h  Δwalltime= 5.7s  timestep=17s  day=2
2023/08/09 16:25:01 Percent change since last convergence check:
VOC:			2.8%
VOC pop-wtd:		0.11%
SOA:			3.5%
SOA pop-wtd:		0.13%
PrimaryPM25:		3.5%
PrimaryPM25 pop-wtd:	0.14%
NH3:			4.9%
NH3 pop-wtd:		0.052%
pNH4:			4%
pNH4 pop-wtd:		0.075%
SOx:			2.6e-06%
SOx pop-wtd:		6.7e-14%
pSO4:			3.6%
pSO4 pop-wtd:		0.52%
NOx:			3.5%
NOx pop-wtd:		0.28%
pNO3:			4.5%
pNO3 pop-wtd:		0.31%
2023/08/09 16:25:03 iteration 10491  walltime=0.0553h  Δwalltime=0.01s  timestep=17s  day=2.05
2023/08/09 16:25:05 iteration 10808  walltime=0.0559h  Δwalltime=0.0061s  timestep=17s  day=2.11
2023/08/09 16:25:05 Adding grid cells...
2023/08/09 16:25:05 Added 9 grid cells; there are now 54309 cells total
2023/08/09 16:25:11 iteration 10898  walltime=0.0576h  Δwalltime= 5.7s  timestep=17s  day=2.13
2023/08/09 16:25:11 Percent change since last convergence check:
VOC:			2.5%
VOC pop-wtd:		0.092%
SOA:			3.2%
SOA pop-wtd:		0.11%
PrimaryPM25:		3.2%
PrimaryPM25 pop-wtd:	0.12%
NH3:			4.5%
NH3 pop-wtd:		0.045%
pNH4:			3.7%
pNH4 pop-wtd:		0.065%
SOx:			5.6e-07%
SOx pop-wtd:		3e-13%
pSO4:			3.3%
pSO4 pop-wtd:		0.45%
NOx:			3.2%
NOx pop-wtd:		0.25%
pNO3:			4.1%
pNO3 pop-wtd:		0.27%
2023/08/09 16:25:13 iteration 11157  walltime=0.0581h  Δwalltime=0.0062s  timestep=17s  day=2.18
2023/08/09 16:25:15 iteration 11468  walltime=0.0586h  Δwalltime=0.0062s  timestep=17s  day=2.24
2023/08/09 16:25:15 Adding grid cells...
2023/08/09 16:25:15 Added 0 grid cells; there are now 54309 cells total
2023/08/09 16:25:21 Percent change since last convergence check:
VOC:			2.3%
VOC pop-wtd:		0.079%
SOA:			2.9%
SOA pop-wtd:		0.092%
PrimaryPM25:		2.9%
PrimaryPM25 pop-wtd:	0.11%
NH3:			4.1%
NH3 pop-wtd:		0.04%
pNH4:			3.4%
pNH4 pop-wtd:		0.057%
SOx:			8.1e-08%
SOx pop-wtd:		5.7e-13%
pSO4:			3%
pSO4 pop-wtd:		0.39%
NOx:			2.9%
NOx pop-wtd:		0.22%
pNO3:			3.8%
pNO3 pop-wtd:		0.24%
2023/08/09 16:25:21 iteration 11539  walltime=0.0604h  Δwalltime= 6.1s  timestep=17s  day=2.25
2023/08/09 16:25:23 iteration 11763  walltime=0.0609h  Δwalltime=0.0063s  timestep=17s  day=2.3
2023/08/09 16:25:25 iteration 12079  walltime=0.0614h  Δwalltime=0.0064s  timestep=17s  day=2.36
2023/08/09 16:25:25 Adding grid cells...
2023/08/09 16:25:25 Added 0 grid cells; there are now 54309 cells total
2023/08/09 16:25:31 iteration 12180  walltime=0.0632h  Δwalltime= 5.8s  timestep=17s  day=2.38
2023/08/09 16:25:31 Percent change since last convergence check:
VOC:			2.1%
VOC pop-wtd:		0.068%
SOA:			2.6%
SOA pop-wtd:		0.079%
PrimaryPM25:		2.6%
PrimaryPM25 pop-wtd:	0.094%
NH3:			3.7%
NH3 pop-wtd:		0.035%
pNH4:			3.1%
pNH4 pop-wtd:		0.05%
SOx:			9.6e-09%
SOx pop-wtd:		2.7e-13%
pSO4:			2.7%
pSO4 pop-wtd:		0.34%
NOx:			2.7%
NOx pop-wtd:		0.2%
pNO3:			3.5%
pNO3 pop-wtd:		0.22%
2023/08/09 16:25:33 iteration 12429  walltime=0.0636h  Δwalltime=0.0064s  timestep=17s  day=2.43
2023/08/09 16:25:35 iteration 12748  walltime=0.0642h  Δwalltime=0.0061s  timestep=17s  day=2.49
2023/08/09 16:25:35 Adding grid cells...
2023/08/09 16:25:35 Added 12 grid cells; there are now 54321 cells total
2023/08/09 16:25:41 Percent change since last convergence check:
VOC:			1.9%
VOC pop-wtd:		0.059%
SOA:			2.4%
SOA pop-wtd:		0.068%
PrimaryPM25:		2.4%
PrimaryPM25 pop-wtd:	0.082%
NH3:			3.4%
NH3 pop-wtd:		0.03%
pNH4:			2.8%
pNH4 pop-wtd:		0.044%
SOx:			1e-09%
SOx pop-wtd:		8.3e-14%
pSO4:			2.5%
pSO4 pop-wtd:		0.3%
NOx:			2.4%
NOx pop-wtd:		0.18%
pNO3:			3.2%
pNO3 pop-wtd:		0.2%
2023/08/09 16:25:41 iteration 12821  walltime=0.0659h  Δwalltime= 5.6s  timestep=17s  day=2.5
2023/08/09 16:25:43 iteration 13119  walltime=0.0664h  Δwalltime=0.0064s  timestep=17s  day=2.56
2023/08/09 16:25:45 iteration 13430  walltime= 0.067h  Δwalltime=0.0064s  timestep=17s  day=2.62
2023/08/09 16:25:45 Adding grid cells...
2023/08/09 16:25:45 Added 9 grid cells; there are now 54330 cells total
2023/08/09 16:25:50 iteration 13462  walltime=0.0686h  Δwalltime= 5.5s  timestep=17s  day=2.63
2023/08/09 16:25:50 Percent change since last convergence check:
VOC:			1.7%
VOC pop-wtd:		0.051%
SOA:			2.2%
SOA pop-wtd:		0.059%
PrimaryPM25:		2.2%
PrimaryPM25 pop-wtd:	0.071%
NH3:			3.1%
NH3 pop-wtd:		0.027%
pNH4:			2.6%
pNH4 pop-wtd:		0.039%
SOx:			3.1e-10%
SOx pop-wtd:		0%
pSO4:			2.3%
pSO4 pop-wtd:		0.26%
NOx:			2.2%
NOx pop-wtd:		0.16%
pNO3:			2.9%
pNO3 pop-wtd:		0.18%
2023/08/09 16:25:51 iteration 13505  walltime=0.0686h  Δwalltime=0.0061s  timestep=17s  day=2.64
2023/08/09 16:25:53 iteration 13824  walltime=0.0692h  Δwalltime=0.0063s  timestep=17s  day=2.7
2023/08/09 16:25:54 Adding grid cells...
2023/08/09 16:25:55 Added 6 grid cells; there are now 54336 cells total
2023/08/09 16:26:00 Percent change since last convergence check:
VOC:			1.5%
VOC pop-wtd:		0.044%
SOA:			2%
SOA pop-wtd:		0.051%
PrimaryPM25:		2%
PrimaryPM25 pop-wtd:	0.062%
NH3:			2.8%
NH3 pop-wtd:		0.024%
pNH4:			2.4%
pNH4 pop-wtd:		0.035%
SOx:			1.4e-10%
SOx pop-wtd:		0%
pSO4:			2.1%
pSO4 pop-wtd:		0.23%
NOx:			2.1%
NOx pop-wtd:		0.15%
pNO3:			2.7%
pNO3 pop-wtd:		0.16%
2023/08/09 16:26:00 iteration 14103  walltime=0.0713h  Δwalltime= 5.8s  timestep=17s  day=2.75
2023/08/09 16:26:01 iteration 14176  walltime=0.0714h  Δwalltime=0.0062s  timestep=17s  day=2.77
2023/08/09 16:26:03 iteration 14489  walltime= 0.072h  Δwalltime=0.0063s  timestep=17s  day=2.83
2023/08/09 16:26:04 Adding grid cells...
2023/08/09 16:26:04 Added 3 grid cells; there are now 54339 cells total
2023/08/09 16:26:10 iteration 14744  walltime=0.0741h  Δwalltime=   6s  timestep=17s  day=2.88
2023/08/09 16:26:10 Percent change since last convergence check:
VOC:			1.4%
VOC pop-wtd:		0.038%
SOA:			1.9%
SOA pop-wtd:		0.044%
PrimaryPM25:		1.9%
PrimaryPM25 pop-wtd:	0.055%
NH3:			2.6%
NH3 pop-wtd:		0.021%
pNH4:			2.2%
pNH4 pop-wtd:		0.031%
SOx:			1.2e-10%
SOx pop-wtd:		0%
pSO4:			1.9%
pSO4 pop-wtd:		0.2%
NOx:			1.9%
NOx pop-wtd:		0.13%
pNO3:			2.5%
pNO3 pop-wtd:		0.14%
2023/08/09 16:26:11 iteration 14802  walltime=0.0742h  Δwalltime=0.0061s  timestep=17s  day=2.89
2023/08/09 16:26:13 iteration 15113  walltime=0.0747h  Δwalltime=0.006s  timestep=17s  day=2.95
2023/08/09 16:26:14 Adding grid cells...
2023/08/09 16:26:15 Added 3 grid cells; there are now 54342 cells total
2023/08/09 16:26:20 Percent change since last convergence check:
VOC:			1.3%
VOC pop-wtd:		0.033%
SOA:			1.7%
SOA pop-wtd:		0.038%
PrimaryPM25:		1.7%
PrimaryPM25 pop-wtd:	0.048%
NH3:			2.4%
NH3 pop-wtd:		0.019%
pNH4:			2%
pNH4 pop-wtd:		0.028%
SOx:			5.8e-11%
SOx pop-wtd:		0%
pSO4:			1.7%
pSO4 pop-wtd:		0.18%
NOx:			1.8%
NOx pop-wtd:		0.12%
pNO3:			2.3%
pNO3 pop-wtd:		0.13%
2023/08/09 16:26:20 iteration 15385  walltime=0.0768h  Δwalltime= 5.6s  timestep=17s  day=3
2023/08/09 16:26:21 iteration 15452  walltime= 0.077h  Δwalltime=0.0063s  timestep=17s  day=3.02
2023/08/09 16:26:23 iteration 15766  walltime=0.0775h  Δwalltime=0.0063s  timestep=17s  day=3.08
2023/08/09 16:26:24 Adding grid cells...
2023/08/09 16:26:25 Added 3 grid cells; there are now 54345 cells total
2023/08/09 16:26:30 iteration 16026  walltime=0.0796h  Δwalltime= 5.7s  timestep=17s  day=3.13
2023/08/09 16:26:30 Percent change since last convergence check:
VOC:			1.2%
VOC pop-wtd:		0.029%
SOA:			1.6%
SOA pop-wtd:		0.033%
PrimaryPM25:		1.6%
PrimaryPM25 pop-wtd:	0.042%
NH3:			2.2%
NH3 pop-wtd:		0.017%
pNH4:			1.9%
pNH4 pop-wtd:		0.025%
SOx:			1.2e-06%
SOx pop-wtd:		0%
pSO4:			1.6%
pSO4 pop-wtd:		0.16%
NOx:			1.6%
NOx pop-wtd:		0.11%
pNO3:			2.1%
pNO3 pop-wtd:		0.12%
2023/08/09 16:26:31 iteration 16110  walltime=0.0797h  Δwalltime=0.0063s  timestep=17s  day=3.15
2023/08/09 16:26:33 iteration 16427  walltime=0.0803h  Δwalltime=0.0063s  timestep=17s  day=3.21
2023/08/09 16:26:34 Adding grid cells...
2023/08/09 16:26:34 Added 12 grid cells; there are now 54357 cells total
2023/08/09 16:26:40 iteration 16667  walltime=0.0823h  Δwalltime= 5.5s  timestep=17s  day=3.26
2023/08/09 16:26:40 Percent change since last convergence check:
VOC:			1.1%
VOC pop-wtd:		0.025%
SOA:			1.4%
SOA pop-wtd:		0.029%
PrimaryPM25:		1.5%
PrimaryPM25 pop-wtd:	0.037%
NH3:			2%
NH3 pop-wtd:		0.015%
pNH4:			1.7%
pNH4 pop-wtd:		0.022%
SOx:			7.3e-07%
SOx pop-wtd:		0%
pSO4:			1.5%
pSO4 pop-wtd:		0.14%
NOx:			1.5%
NOx pop-wtd:		0.096%
pNO3:			2%
pNO3 pop-wtd:		0.1%
2023/08/09 16:26:41 iteration 16819  walltime=0.0825h  Δwalltime=0.0063s  timestep=17s  day=3.28
2023/08/09 16:26:43 iteration 17128  walltime=0.0831h  Δwalltime=0.0063s  timestep=17s  day=3.35
2023/08/09 16:26:44 Adding grid cells...
2023/08/09 16:26:44 Added 6 grid cells; there are now 54363 cells total
2023/08/09 16:26:50 iteration 17308  walltime= 0.085h  Δwalltime= 5.6s  timestep=17s  day=3.38
2023/08/09 16:26:50 Percent change since last convergence check:
VOC:			0.99%
VOC pop-wtd:		0.022%
SOA:			1.3%
SOA pop-wtd:		0.025%
PrimaryPM25:		1.3%
PrimaryPM25 pop-wtd:	0.033%
NH3:			1.8%
NH3 pop-wtd:		0.014%
pNH4:			1.6%
pNH4 pop-wtd:		0.02%
SOx:			1.7e-07%
SOx pop-wtd:		1.7e-14%
pSO4:			1.4%
pSO4 pop-wtd:		0.12%
NOx:			1.4%
NOx pop-wtd:		0.086%
pNO3:			1.8%
pNO3 pop-wtd:		0.094%
2023/08/09 16:26:51 iteration 17450  walltime=0.0853h  Δwalltime=0.011s  timestep=17s  day=3.41
2023/08/09 16:26:53 iteration 17685  walltime=0.0859h  Δwalltime=0.0063s  timestep=17s  day=3.45
2023/08/09 16:26:54 Adding grid cells...
2023/08/09 16:26:55 Added 6 grid cells; there are now 54369 cells total
2023/08/09 16:27:00 Percent change since last convergence check:
VOC:			0.9%
VOC pop-wtd:		0.019%
SOA:			1.2%
SOA pop-wtd:		0.022%
PrimaryPM25:		1.2%
PrimaryPM25 pop-wtd:	0.029%
NH3:			1.7%
NH3 pop-wtd:		0.012%
pNH4:			1.5%
pNH4 pop-wtd:		0.018%
SOx:			2.3e-07%
SOx pop-wtd:		3.3e-14%
pSO4:			1.3%
pSO4 pop-wtd:		0.11%
NOx:			1.3%
NOx pop-wtd:		0.078%
pNO3:			1.7%
pNO3 pop-wtd:		0.085%
2023/08/09 16:27:00 iteration 17949  walltime=0.0879h  Δwalltime= 5.7s  timestep=17s  day=3.51
2023/08/09 16:27:01 iteration 18037  walltime=0.0881h  Δwalltime=0.0063s  timestep=17s  day=3.52
2023/08/09 16:27:03 iteration 18354  walltime=0.0886h  Δwalltime=0.0061s  timestep=17s  day=3.58
2023/08/09 16:27:04 Adding grid cells...
2023/08/09 16:27:04 Added 3 grid cells; there are now 54372 cells total
2023/08/09 16:27:10 Percent change since last convergence check:
VOC:			0.83%
VOC pop-wtd:		0.017%
SOA:			1.1%
SOA pop-wtd:		0.019%
PrimaryPM25:		1.1%
PrimaryPM25 pop-wtd:	0.025%
NH3:			1.6%
NH3 pop-wtd:		0.011%
pNH4:			1.4%
pNH4 pop-wtd:		0.017%
SOx:			8.9e-08%
SOx pop-wtd:		0%
pSO4:			1.2%
pSO4 pop-wtd:		0.099%
NOx:			1.2%
NOx pop-wtd:		0.071%
pNO3:			1.6%
pNO3 pop-wtd:		0.077%
2023/08/09 16:27:10 iteration 18590  walltime=0.0906h  Δwalltime= 5.5s  timestep=17s  day=3.63
2023/08/09 16:27:11 iteration 18746  walltime=0.0909h  Δwalltime=0.0062s  timestep=17s  day=3.66
2023/08/09 16:27:13 iteration 19055  walltime=0.0914h  Δwalltime=0.0064s  timestep=17s  day=3.72
2023/08/09 16:27:14 Adding grid cells...
2023/08/09 16:27:14 Added 0 grid cells; there are now 54372 cells total
2023/08/09 16:27:21 iteration 19231  walltime=0.0936h  Δwalltime= 6.9s  timestep=17s  day=3.76
2023/08/09 16:27:21 Percent change since last convergence check:
VOC:			0.76%
VOC pop-wtd:		0.015%
SOA:			1%
SOA pop-wtd:		0.017%
PrimaryPM25:		1.1%
PrimaryPM25 pop-wtd:	0.023%
NH3:			1.4%
NH3 pop-wtd:		0.01%
pNH4:			1.3%
pNH4 pop-wtd:		0.015%
SOx:			2.1e-08%
SOx pop-wtd:		0%
pSO4:			1.1%
pSO4 pop-wtd:		0.088%
NOx:			1.1%
NOx pop-wtd:		0.064%
pNO3:			1.5%
pNO3 pop-wtd:		0.07%
2023/08/09 16:27:23 iteration 19541  walltime=0.0942h  Δwalltime=0.0067s  timestep=17s  day=3.82
2023/08/09 16:27:25 iteration 19857  walltime=0.0947h  Δwalltime=0.0069s  timestep=17s  day=3.88
2023/08/09 16:27:25 Adding grid cells...
2023/08/09 16:27:25 Added 0 grid cells; there are now 54372 cells total
2023/08/09 16:27:31 Percent change since last convergence check:
VOC:			0.69%
VOC pop-wtd:		0.013%
SOA:			0.96%
SOA pop-wtd:		0.014%
PrimaryPM25:		0.97%
PrimaryPM25 pop-wtd:	0.02%
NH3:			1.3%
NH3 pop-wtd:		0.0091%
pNH4:			1.2%
pNH4 pop-wtd:		0.014%
SOx:			4.1e-09%
SOx pop-wtd:		0%
pSO4:			1%
pSO4 pop-wtd:		0.078%
NOx:			1%
NOx pop-wtd:		0.058%
pNO3:			1.4%
pNO3 pop-wtd:		0.064%
2023/08/09 16:27:31 iteration 19872  walltime=0.0966h  Δwalltime= 6.5s  timestep=17s  day=3.88
2023/08/09 16:27:33 iteration 20092  walltime= 0.097h  Δwalltime=0.006s  timestep=17s  day=3.92
2023/08/09 16:27:35 iteration 20404  walltime=0.0975h  Δwalltime=0.0064s  timestep=17s  day=3.98
2023/08/09 16:27:35 Adding grid cells...
2023/08/09 16:27:36 Added 3 grid cells; there are now 54375 cells total
2023/08/09 16:27:41 iteration 20513  walltime=0.0993h  Δwalltime= 5.5s  timestep=17s  day=4.01
2023/08/09 16:27:41 Percent change since last convergence check:
VOC:			0.64%
VOC pop-wtd:		0.011%
SOA:			0.88%
SOA pop-wtd:		0.013%
PrimaryPM25:		0.9%
PrimaryPM25 pop-wtd:	0.018%
NH3:			1.2%
NH3 pop-wtd:		0.0083%
pNH4:			1.1%
pNH4 pop-wtd:		0.012%
SOx:			7.1e-10%
SOx pop-wtd:		0%
pSO4:			0.95%
pSO4 pop-wtd:		0.07%
NOx:			0.95%
NOx pop-wtd:		0.053%
pNO3:			1.3%
pNO3 pop-wtd:		0.058%
2023/08/09 16:27:43 iteration 20787  walltime=0.0997h  Δwalltime=0.0063s  timestep=17s  day=4.06
2023/08/09 16:27:45 iteration 21095  walltime=   0.1h  Δwalltime=0.0081s  timestep=17s  day=4.12
2023/08/09 16:27:45 Adding grid cells...
2023/08/09 16:27:45 Added 0 grid cells; there are now 54375 cells total
2023/08/09 16:27:51 Percent change since last convergence check:
VOC:			0.58%
VOC pop-wtd:		0.01%
SOA:			0.81%
SOA pop-wtd:		0.011%
PrimaryPM25:		0.83%
PrimaryPM25 pop-wtd:	0.016%
NH3:			1.1%
NH3 pop-wtd:		0.0075%
pNH4:			1%
pNH4 pop-wtd:		0.011%
SOx:			1.1e-10%
SOx pop-wtd:		0%
pSO4:			0.89%
pSO4 pop-wtd:		0.063%
NOx:			0.88%
NOx pop-wtd:		0.048%
pNO3:			1.2%
pNO3 pop-wtd:		0.053%
2023/08/09 16:27:51 iteration 21154  walltime= 0.102h  Δwalltime= 5.5s  timestep=17s  day=4.13
2023/08/09 16:27:51 iteration 21173  walltime= 0.102h  Δwalltime=0.0065s  timestep=17s  day=4.14
2023/08/09 16:27:53 iteration 21489  walltime= 0.103h  Δwalltime=0.0063s  timestep=17s  day=4.2
2023/08/09 16:27:55 Adding grid cells...
2023/08/09 16:27:55 Added 12 grid cells; there are now 54387 cells total
2023/08/09 16:28:00 Percent change since last convergence check:
VOC:			0.54%
VOC pop-wtd:		0.0088%
SOA:			0.75%
SOA pop-wtd:		0.0098%
PrimaryPM25:		0.77%
PrimaryPM25 pop-wtd:	0.014%
NH3:			1%
NH3 pop-wtd:		0.0068%
pNH4:			0.92%
pNH4 pop-wtd:		0.01%
SOx:			1.6e-11%
SOx pop-wtd:		0%
pSO4:			0.83%
pSO4 pop-wtd:		0.056%
NOx:			0.82%
NOx pop-wtd:		0.044%
pNO3:			1.1%
pNO3 pop-wtd:		0.048%
2023/08/09 16:28:00 iteration 21795  walltime= 0.105h  Δwalltime= 5.5s  timestep=17s  day=4.26
2023/08/09 16:28:01 iteration 21874  walltime= 0.105h  Δwalltime=0.0063s  timestep=17s  day=4.27
2023/08/09 16:28:03 iteration 22190  walltime= 0.105h  Δwalltime=0.0065s  timestep=17s  day=4.33
2023/08/09 16:28:04 Adding grid cells...
2023/08/09 16:28:04 Added 6 grid cells; there are now 54393 cells total
2023/08/09 16:28:10 Percent change since last convergence check:
VOC:			0.49%
VOC pop-wtd:		0.0077%
SOA:			0.69%
SOA pop-wtd:		0.0086%
PrimaryPM25:		0.71%
PrimaryPM25 pop-wtd:	0.012%
NH3:			0.96%
NH3 pop-wtd:		0.0062%
pNH4:			0.85%
pNH4 pop-wtd:		0.0094%
SOx:			3.4e-12%
SOx pop-wtd:		0%
pSO4:			0.77%
pSO4 pop-wtd:		0.051%
NOx:			0.76%
NOx pop-wtd:		0.04%
pNO3:			1%
pNO3 pop-wtd:		0.044%
2023/08/09 16:28:10 iteration 22436  walltime= 0.107h  Δwalltime= 5.8s  timestep=17s  day=4.38
2023/08/09 16:28:11 iteration 22543  walltime= 0.108h  Δwalltime=0.0063s  timestep=17s  day=4.4
2023/08/09 16:28:13 iteration 22852  walltime= 0.108h  Δwalltime=0.0064s  timestep=17s  day=4.46
2023/08/09 16:28:14 Adding grid cells...
2023/08/09 16:28:14 Added 3 grid cells; there are now 54396 cells total
2023/08/09 16:28:20 iteration 23077  walltime=  0.11h  Δwalltime= 5.6s  timestep=17s  day=4.51
2023/08/09 16:28:20 Percent change since last convergence check:
VOC:			0.45%
VOC pop-wtd:		0.0068%
SOA:			0.64%
SOA pop-wtd:		0.0076%
PrimaryPM25:		0.66%
PrimaryPM25 pop-wtd:	0.011%
NH3:			0.89%
NH3 pop-wtd:		0.0057%
pNH4:			0.79%
pNH4 pop-wtd:		0.0086%
SOx:			3.8e-12%
SOx pop-wtd:		0%
pSO4:			0.72%
pSO4 pop-wtd:		0.046%
NOx:			0.7%
NOx pop-wtd:		0.036%
pNO3:			0.95%
pNO3 pop-wtd:		0.04%
2023/08/09 16:28:21 iteration 23184  walltime=  0.11h  Δwalltime=0.011s  timestep=17s  day=4.53
2023/08/09 16:28:23 iteration 23416  walltime= 0.111h  Δwalltime=0.0064s  timestep=17s  day=4.57
2023/08/09 16:28:25 Adding grid cells...
2023/08/09 16:28:25 Added 3 grid cells; there are now 54399 cells total
2023/08/09 16:28:31 iteration 23718  walltime= 0.113h  Δwalltime= 6.2s  timestep=17s  day=4.63
2023/08/09 16:28:31 Percent change since last convergence check:
VOC:			0.41%
VOC pop-wtd:		0.006%
SOA:			0.59%
SOA pop-wtd:		0.0067%
PrimaryPM25:		0.61%
PrimaryPM25 pop-wtd:	0.0098%
NH3:			0.82%
NH3 pop-wtd:		0.0052%
pNH4:			0.73%
pNH4 pop-wtd:		0.0078%
SOx:			5.6e-09%
SOx pop-wtd:		0%
pSO4:			0.67%
pSO4 pop-wtd:		0.041%
NOx:			0.65%
NOx pop-wtd:		0.033%
pNO3:			0.88%
pNO3 pop-wtd:		0.036%
2023/08/09 16:28:33 iteration 24022  walltime= 0.114h  Δwalltime=0.01s  timestep=17s  day=4.69
2023/08/09 16:28:35 iteration 24333  walltime= 0.114h  Δwalltime=0.0064s  timestep=17s  day=4.75
2023/08/09 16:28:35 Adding grid cells...
2023/08/09 16:28:35 Added 3 grid cells; there are now 54402 cells total
2023/08/09 16:28:40 iteration 24359  walltime= 0.116h  Δwalltime= 5.6s  timestep=17s  day=4.76
2023/08/09 16:28:40 Percent change since last convergence check:
VOC:			0.38%
VOC pop-wtd:		0.0053%
SOA:			0.54%
SOA pop-wtd:		0.0059%
PrimaryPM25:		0.57%
PrimaryPM25 pop-wtd:	0.0088%
NH3:			0.76%
NH3 pop-wtd:		0.0047%
pNH4:			0.68%
pNH4 pop-wtd:		0.0071%
SOx:			6.6e-09%
SOx pop-wtd:		0%
pSO4:			0.63%
pSO4 pop-wtd:		0.037%
NOx:			0.61%
NOx pop-wtd:		0.03%
pNO3:			0.82%
pNO3 pop-wtd:		0.033%
2023/08/09 16:28:41 iteration 24403  walltime= 0.116h  Δwalltime=0.0062s  timestep=17s  day=4.77
2023/08/09 16:28:43 iteration 24712  walltime= 0.116h  Δwalltime=0.0065s  timestep=17s  day=4.83
2023/08/09 16:28:45 Adding grid cells...
2023/08/09 16:28:45 Added 3 grid cells; there are now 54405 cells total
2023/08/09 16:28:50 iteration 25000  walltime= 0.118h  Δwalltime= 5.6s  timestep=17s  day=4.88
2023/08/09 16:28:50 Percent change since last convergence check:
VOC:			0.35%
VOC pop-wtd:		0.0047%
SOA:			0.5%
SOA pop-wtd:		0.0052%
PrimaryPM25:		0.52%
PrimaryPM25 pop-wtd:	0.0078%
NH3:			0.7%
NH3 pop-wtd:		0.0043%
pNH4:			0.63%
pNH4 pop-wtd:		0.0065%
SOx:			1.6e-09%
SOx pop-wtd:		0%
pSO4:			0.59%
pSO4 pop-wtd:		0.034%
NOx:			0.56%
NOx pop-wtd:		0.028%
pNO3:			0.77%
pNO3 pop-wtd:		0.03%
2023/08/09 16:28:51 iteration 25085  walltime= 0.119h  Δwalltime=0.0065s  timestep=17s  day=4.9
2023/08/09 16:28:53 iteration 25400  walltime= 0.119h  Δwalltime=0.0062s  timestep=17s  day=4.96
2023/08/09 16:28:54 Adding grid cells...
2023/08/09 16:28:54 Added 0 grid cells; there are now 54405 cells total
2023/08/09 16:29:00 Percent change since last convergence check:
VOC:			0.32%
VOC pop-wtd:		0.0042%
SOA:			0.46%
SOA pop-wtd:		0.0046%
PrimaryPM25:		0.49%
PrimaryPM25 pop-wtd:	0.007%
NH3:			0.65%
NH3 pop-wtd:		0.0039%
pNH4:			0.58%
pNH4 pop-wtd:		0.006%
SOx:			2.3e-10%
SOx pop-wtd:		0%
pSO4:			0.55%
pSO4 pop-wtd:		0.031%
NOx:			0.52%
NOx pop-wtd:		0.025%
pNO3:			0.71%
pNO3 pop-wtd:		0.028%
2023/08/09 16:29:00 iteration 25641  walltime= 0.121h  Δwalltime= 5.6s  timestep=17s  day=5.01
2023/08/09 16:29:01 iteration 25785  walltime= 0.121h  Δwalltime=0.0063s  timestep=17s  day=5.04
2023/08/09 16:29:03 iteration 26101  walltime= 0.122h  Δwalltime=0.0083s  timestep=17s  day=5.1
2023/08/09 16:29:04 Adding grid cells...
2023/08/09 16:29:04 Added 0 grid cells; there are now 54405 cells total
2023/08/09 16:29:09 iteration 26282  walltime= 0.124h  Δwalltime= 5.5s  timestep=17s  day=5.13
2023/08/09 16:29:09 Percent change since last convergence check:
VOC:			0.29%
VOC pop-wtd:		0.0037%
SOA:			0.43%
SOA pop-wtd:		0.0041%
PrimaryPM25:		0.45%
PrimaryPM25 pop-wtd:	0.0062%
NH3:			0.6%
NH3 pop-wtd:		0.0036%
pNH4:			0.54%
pNH4 pop-wtd:		0.0055%
SOx:			2.8e-11%
SOx pop-wtd:		0%
pSO4:			0.51%
pSO4 pop-wtd:		0.028%
NOx:			0.49%
NOx pop-wtd:		0.023%
pNO3:			0.66%
pNO3 pop-wtd:		0.025%
2023/08/09 16:29:11 iteration 26498  walltime= 0.124h  Δwalltime=0.0064s  timestep=17s  day=5.18
2023/08/09 16:29:13 iteration 26809  walltime= 0.125h  Δwalltime=0.0062s  timestep=17s  day=5.24
2023/08/09 16:29:13 Adding grid cells...
2023/08/09 16:29:14 Added 6 grid cells; there are now 54411 cells total
2023/08/09 16:29:19 iteration 26923  walltime= 0.127h  Δwalltime= 5.8s  timestep=17s  day=5.26
2023/08/09 16:29:19 Percent change since last convergence check:
VOC:			0.27%
VOC pop-wtd:		0.0033%
SOA:			0.4%
SOA pop-wtd:		0.0036%
PrimaryPM25:		0.42%
PrimaryPM25 pop-wtd:	0.0056%
NH3:			0.55%
NH3 pop-wtd:		0.0033%
pNH4:			0.5%
pNH4 pop-wtd:		0.005%
SOx:			3.4e-12%
SOx pop-wtd:		0%
pSO4:			0.48%
pSO4 pop-wtd:		0.025%
NOx:			0.45%
NOx pop-wtd:		0.021%
pNO3:			0.62%
pNO3 pop-wtd:		0.023%
2023/08/09 16:29:21 iteration 27161  walltime= 0.127h  Δwalltime=0.0061s  timestep=17s  day=5.3
2023/08/09 16:29:23 iteration 27468  walltime= 0.128h  Δwalltime=0.0064s  timestep=17s  day=5.36
2023/08/09 16:29:23 Adding grid cells...
2023/08/09 16:29:23 Added 0 grid cells; there are now 54411 cells total
2023/08/09 16:29:29 Percent change since last convergence check:
VOC:			0.25%
VOC pop-wtd:		0.0029%
SOA:			0.36%
SOA pop-wtd:		0.0032%
PrimaryPM25:		0.39%
PrimaryPM25 pop-wtd:	0.005%
NH3:			0.51%
NH3 pop-wtd:		0.003%
pNH4:			0.46%
pNH4 pop-wtd:		0.0046%
SOx:			2.6e-11%
SOx pop-wtd:		0%
pSO4:			0.45%
pSO4 pop-wtd:		0.023%
NOx:			0.42%
NOx pop-wtd:		0.019%
pNO3:			0.58%
pNO3 pop-wtd:		0.021%
2023/08/09 16:29:29 iteration 27564  walltime= 0.129h  Δwalltime= 5.6s  timestep=17s  day=5.38
2023/08/09 16:29:31 iteration 27839  walltime=  0.13h  Δwalltime=0.0061s  timestep=17s  day=5.44
2023/08/09 16:29:33 iteration 28156  walltime=  0.13h  Δwalltime=0.0063s  timestep=17s  day=5.5
2023/08/09 16:29:33 Adding grid cells...
2023/08/09 16:29:33 Added 0 grid cells; there are now 54411 cells total
2023/08/09 16:29:40 iteration 28205  walltime= 0.132h  Δwalltime= 6.8s  timestep=17s  day=5.51
2023/08/09 16:29:40 Percent change since last convergence check:
VOC:			0.23%
VOC pop-wtd:		0.0026%
SOA:			0.34%
SOA pop-wtd:		0.0028%
PrimaryPM25:		0.36%
PrimaryPM25 pop-wtd:	0.0045%
NH3:			0.47%
NH3 pop-wtd:		0.0027%
pNH4:			0.42%
pNH4 pop-wtd:		0.0042%
SOx:			1.6e-11%
SOx pop-wtd:		0%
pSO4:			0.42%
pSO4 pop-wtd:		0.021%
NOx:			0.39%
NOx pop-wtd:		0.018%
pNO3:			0.54%
pNO3 pop-wtd:		0.02%
2023/08/09 16:29:41 iteration 28319  walltime= 0.133h  Δwalltime=0.0061s  timestep=17s  day=5.53
2023/08/09 16:29:43 iteration 28631  walltime= 0.133h  Δwalltime=0.0062s  timestep=17s  day=5.59
2023/08/09 16:29:44 Adding grid cells...
2023/08/09 16:29:44 Added 3 grid cells; there are now 54414 cells total
2023/08/09 16:29:50 Percent change since last convergence check:
VOC:			0.21%
VOC pop-wtd:		0.0023%
SOA:			0.31%
SOA pop-wtd:		0.0025%
PrimaryPM25:		0.33%
PrimaryPM25 pop-wtd:	0.004%
NH3:			0.43%
NH3 pop-wtd:		0.0025%
pNH4:			0.39%
pNH4 pop-wtd:		0.0038%
SOx:			2.6e-12%
SOx pop-wtd:		0%
pSO4:			0.39%
pSO4 pop-wtd:		0.019%
NOx:			0.36%
NOx pop-wtd:		0.016%
pNO3:			0.5%
pNO3 pop-wtd:		0.018%
2023/08/09 16:29:50 iteration 28846  walltime= 0.135h  Δwalltime= 5.9s  timestep=17s  day=5.63
2023/08/09 16:29:51 iteration 28919  walltime= 0.135h  Δwalltime=0.0083s  timestep=17s  day=5.65
2023/08/09 16:29:53 iteration 29160  walltime= 0.136h  Δwalltime=0.0061s  timestep=17s  day=5.7
2023/08/09 16:29:55 iteration 29475  walltime= 0.136h  Δwalltime=0.0063s  timestep=17s  day=5.76
2023/08/09 16:29:55 Adding grid cells...
2023/08/09 16:29:55 Added 9 grid cells; there are now 54423 cells total
2023/08/09 16:30:01 iteration 29487  walltime= 0.138h  Δwalltime= 5.7s  timestep=17s  day=5.76
2023/08/09 16:30:01 Percent change since last convergence check:
VOC:			0.19%
VOC pop-wtd:		0.002%
SOA:			0.29%
SOA pop-wtd:		0.0022%
PrimaryPM25:		0.31%
PrimaryPM25 pop-wtd:	0.0036%
NH3:			0.4%
NH3 pop-wtd:		0.0023%
pNH4:			0.36%
pNH4 pop-wtd:		0.0035%
SOx:			7.3e-13%
SOx pop-wtd:		0%
pSO4:			0.37%
pSO4 pop-wtd:		0.018%
NOx:			0.34%
NOx pop-wtd:		0.015%
pNO3:			0.47%
pNO3 pop-wtd:		0.016%
2023/08/09 16:30:01 iteration 29517  walltime= 0.138h  Δwalltime=0.0063s  timestep=17s  day=5.76
2023/08/09 16:30:03 iteration 29824  walltime= 0.139h  Δwalltime=0.0063s  timestep=17s  day=5.82
2023/08/09 16:30:05 Adding grid cells...
2023/08/09 16:30:05 Added 3 grid cells; there are now 54426 cells total
2023/08/09 16:30:10 Percent change since last convergence check:
VOC:			0.18%
VOC pop-wtd:		0.0018%
SOA:			0.27%
SOA pop-wtd:		0.002%
PrimaryPM25:		0.29%
PrimaryPM25 pop-wtd:	0.0032%
NH3:			0.37%
NH3 pop-wtd:		0.0021%
pNH4:			0.34%
pNH4 pop-wtd:		0.0032%
SOx:			2.8e-13%
SOx pop-wtd:		0%
pSO4:			0.34%
pSO4 pop-wtd:		0.016%
NOx:			0.31%
NOx pop-wtd:		0.014%
pNO3:			0.43%
pNO3 pop-wtd:		0.015%
2023/08/09 16:30:10 iteration 30128  walltime= 0.141h  Δwalltime= 5.5s  timestep=17s  day=5.88
2023/08/09 16:30:11 iteration 30207  walltime= 0.141h  Δwalltime=0.0063s  timestep=17s  day=5.9
2023/08/09 16:30:13 iteration 30516  walltime= 0.141h  Δwalltime=0.0062s  timestep=17s  day=5.96
2023/08/09 16:30:14 Adding grid cells...
2023/08/09 16:30:14 Added 0 grid cells; there are now 54426 cells total
2023/08/09 16:30:20 iteration 30769  walltime= 0.143h  Δwalltime= 5.7s  timestep=17s  day=6.01
2023/08/09 16:30:20 Percent change since last convergence check:
VOC:			0.16%
VOC pop-wtd:		0.0016%
SOA:			0.25%
SOA pop-wtd:		0.0017%
PrimaryPM25:		0.27%
PrimaryPM25 pop-wtd:	0.0029%
NH3:			0.34%
NH3 pop-wtd:		0.0019%
pNH4:			0.31%
pNH4 pop-wtd:		0.0029%
SOx:			2.8e-14%
SOx pop-wtd:		0%
pSO4:			0.32%
pSO4 pop-wtd:		0.015%
NOx:			0.29%
NOx pop-wtd:		0.012%
pNO3:			0.4%
pNO3 pop-wtd:		0.014%
2023/08/09 16:30:21 iteration 30873  walltime= 0.144h  Δwalltime=0.0062s  timestep=17s  day=6.03
2023/08/09 16:30:23 iteration 31191  walltime= 0.144h  Δwalltime=0.0064s  timestep=17s  day=6.09
2023/08/09 16:30:24 Adding grid cells...
2023/08/09 16:30:24 Added 6 grid cells; there are now 54432 cells total
2023/08/09 16:30:30 Percent change since last convergence check:
VOC:			0.15%
VOC pop-wtd:		0.0014%
SOA:			0.23%
SOA pop-wtd:		0.0016%
PrimaryPM25:		0.25%
PrimaryPM25 pop-wtd:	0.0026%
NH3:			0.32%
NH3 pop-wtd:		0.0017%
pNH4:			0.29%
pNH4 pop-wtd:		0.0026%
SOx:			0%
SOx pop-wtd:		0%
pSO4:			0.3%
pSO4 pop-wtd:		0.014%
NOx:			0.27%
NOx pop-wtd:		0.011%
pNO3:			0.38%
pNO3 pop-wtd:		0.013%
2023/08/09 16:30:30 iteration 31410  walltime= 0.146h  Δwalltime= 5.6s  timestep=17s  day=6.13
2023/08/09 16:30:31 iteration 31577  walltime= 0.146h  Δwalltime=0.0063s  timestep=17s  day=6.17
2023/08/09 16:30:33 iteration 31886  walltime= 0.147h  Δwalltime=0.0065s  timestep=17s  day=6.23
2023/08/09 16:30:34 Adding grid cells...
2023/08/09 16:30:34 Added 0 grid cells; there are now 54432 cells total
2023/08/09 16:30:39 iteration 32051  walltime= 0.149h  Δwalltime= 5.6s  timestep=17s  day=6.26
2023/08/09 16:30:39 Percent change since last convergence check:
VOC:			0.14%
VOC pop-wtd:		0.0013%
SOA:			0.21%
SOA pop-wtd:		0.0014%
PrimaryPM25:		0.23%
PrimaryPM25 pop-wtd:	0.0023%
NH3:			0.29%
NH3 pop-wtd:		0.0016%
pNH4:			0.27%
pNH4 pop-wtd:		0.0024%
SOx:			5e-13%
SOx pop-wtd:		0%
pSO4:			0.28%
pSO4 pop-wtd:		0.013%
NOx:			0.25%
NOx pop-wtd:		0.011%
pNO3:			0.35%
pNO3 pop-wtd:		0.012%
2023/08/09 16:30:41 iteration 32270  walltime= 0.149h  Δwalltime=0.0092s  timestep=17s  day=6.3
2023/08/09 16:30:43 iteration 32575  walltime=  0.15h  Δwalltime=0.0061s  timestep=17s  day=6.36
2023/08/09 16:30:44 Adding grid cells...
2023/08/09 16:30:44 Added 0 grid cells; there are now 54432 cells total
2023/08/09 16:30:50 iteration 32692  walltime= 0.152h  Δwalltime=   6s  timestep=17s  day=6.38
2023/08/09 16:30:50 Percent change since last convergence check:
VOC:			0.13%
VOC pop-wtd:		0.0011%
SOA:			0.19%
SOA pop-wtd:		0.0012%
PrimaryPM25:		0.21%
PrimaryPM25 pop-wtd:	0.0021%
NH3:			0.27%
NH3 pop-wtd:		0.0014%
pNH4:			0.25%
pNH4 pop-wtd:		0.0022%
SOx:			2.2e-13%
SOx pop-wtd:		0%
pSO4:			0.26%
pSO4 pop-wtd:		0.012%
NOx:			0.23%
NOx pop-wtd:		0.0096%
pNO3:			0.33%
pNO3 pop-wtd:		0.011%
2023/08/09 16:30:51 iteration 32878  walltime= 0.152h  Δwalltime=0.0064s  timestep=17s  day=6.42
2023/08/09 16:30:53 iteration 33193  walltime= 0.153h  Δwalltime=0.0062s  timestep=17s  day=6.48
2023/08/09 16:30:54 Adding grid cells...
2023/08/09 16:30:54 Added 3 grid cells; there are now 54435 cells total
2023/08/09 16:30:59 iteration 33333  walltime= 0.154h  Δwalltime= 5.5s  timestep=17s  day=6.51
2023/08/09 16:30:59 Percent change since last convergence check:
VOC:			0.12%
VOC pop-wtd:		0.001%
SOA:			0.18%
SOA pop-wtd:		0.0011%
PrimaryPM25:		0.2%
PrimaryPM25 pop-wtd:	0.0019%
NH3:			0.25%
NH3 pop-wtd:		0.0013%
pNH4:			0.23%
pNH4 pop-wtd:		0.002%
SOx:			5.6e-14%
SOx pop-wtd:		0%
pSO4:			0.25%
pSO4 pop-wtd:		0.011%
NOx:			0.22%
NOx pop-wtd:		0.0088%
pNO3:			0.3%
pNO3 pop-wtd:		0.0098%
2023/08/09 16:31:01 iteration 33582  walltime= 0.155h  Δwalltime=0.0075s  timestep=17s  day=6.56
2023/08/09 16:31:03 iteration 33899  walltime= 0.155h  Δwalltime=0.011s  timestep=17s  day=6.62
2023/08/09 16:31:03 Adding grid cells...
2023/08/09 16:31:03 Added 0 grid cells; there are now 54435 cells total
2023/08/09 16:31:09 Percent change since last convergence check:
VOC:			0.11%
VOC pop-wtd:		0.00089%
SOA:			0.17%
SOA pop-wtd:		0.00097%
PrimaryPM25:		0.18%
PrimaryPM25 pop-wtd:	0.0017%
NH3:			0.23%
NH3 pop-wtd:		0.0012%
pNH4:			0.21%
pNH4 pop-wtd:		0.0018%
SOx:			2.5e-13%
SOx pop-wtd:		0%
pSO4:			0.23%
pSO4 pop-wtd:		0.0098%
NOx:			0.2%
NOx pop-wtd:		0.0081%
pNO3:			0.28%
pNO3 pop-wtd:		0.009%
2023/08/09 16:31:09 iteration 33974  walltime= 0.157h  Δwalltime= 5.5s  timestep=17s  day=6.64
2023/08/09 16:31:11 iteration 34283  walltime= 0.158h  Δwalltime=0.0064s  timestep=17s  day=6.7
2023/08/09 16:31:13 iteration 34584  walltime= 0.158h  Δwalltime=0.0064s  timestep=17s  day=6.75
2023/08/09 16:31:13 Adding grid cells...
2023/08/09 16:31:13 Added 3 grid cells; there are now 54438 cells total
2023/08/09 16:31:19 Percent change since last convergence check:
VOC:			0.098%
VOC pop-wtd:		0.00079%
SOA:			0.15%
SOA pop-wtd:		0.00087%
PrimaryPM25:		0.17%
PrimaryPM25 pop-wtd:	0.0015%
NH3:			0.21%
NH3 pop-wtd:		0.0011%
pNH4:			0.19%
pNH4 pop-wtd:		0.0017%
SOx:			1.3e-13%
SOx pop-wtd:		0%
pSO4:			0.22%
pSO4 pop-wtd:		0.009%
NOx:			0.19%
NOx pop-wtd:		0.0075%
pNO3:			0.26%
pNO3 pop-wtd:		0.0082%
2023/08/09 16:31:19 iteration 34615  walltime=  0.16h  Δwalltime= 5.7s  timestep=17s  day=6.76
2023/08/09 16:31:19 iteration 34637  walltime=  0.16h  Δwalltime=0.0063s  timestep=17s  day=6.76
2023/08/09 16:31:21 iteration 34847  walltime=  0.16h  Δwalltime=0.011s  timestep=17s  day=6.81
2023/08/09 16:31:23 iteration 35090  walltime= 0.161h  Δwalltime=0.0062s  timestep=17s  day=6.85
2023/08/09 16:31:24 Adding grid cells...
2023/08/09 16:31:24 Added 3 grid cells; there are now 54441 cells total
2023/08/09 16:31:29 Percent change since last convergence check:
VOC:			0.09%
VOC pop-wtd:		0.00071%
SOA:			0.14%
SOA pop-wtd:		0.00077%
PrimaryPM25:		0.16%
PrimaryPM25 pop-wtd:	0.0014%
NH3:			0.2%
NH3 pop-wtd:		0.00098%
pNH4:			0.18%
pNH4 pop-wtd:		0.0015%
SOx:			9.8e-14%
SOx pop-wtd:		0%
pSO4:			0.2%
pSO4 pop-wtd:		0.0083%
NOx:			0.17%
NOx pop-wtd:		0.0068%
pNO3:			0.25%
pNO3 pop-wtd:		0.0076%
2023/08/09 16:31:29 iteration 35256  walltime= 0.163h  Δwalltime= 5.6s  timestep=17s  day=6.89
2023/08/09 16:31:31 iteration 35463  walltime= 0.163h  Δwalltime=0.0064s  timestep=17s  day=6.93
2023/08/09 16:31:33 iteration 35777  walltime= 0.164h  Δwalltime=0.0065s  timestep=17s  day=6.99
2023/08/09 16:31:34 Adding grid cells...
2023/08/09 16:31:34 Added 0 grid cells; there are now 54441 cells total
2023/08/09 16:31:39 Percent change since last convergence check:
VOC:			0.083%
VOC pop-wtd:		0.00063%
SOA:			0.13%
SOA pop-wtd:		0.00069%
PrimaryPM25:		0.15%
PrimaryPM25 pop-wtd:	0.0012%
NH3:			0.18%
NH3 pop-wtd:		0.00089%
pNH4:			0.17%
pNH4 pop-wtd:		0.0014%
SOx:			1.4e-13%
SOx pop-wtd:		0%
pSO4:			0.19%
pSO4 pop-wtd:		0.0076%
NOx:			0.16%
NOx pop-wtd:		0.0063%
pNO3:			0.23%
pNO3 pop-wtd:		0.0069%
2023/08/09 16:31:39 iteration 35897  walltime= 0.165h  Δwalltime= 5.5s  timestep=17s  day=7.01
2023/08/09 16:31:41 iteration 36169  walltime= 0.166h  Δwalltime=0.0063s  timestep=17s  day=7.06
2023/08/09 16:31:43 iteration 36471  walltime= 0.166h  Δwalltime=0.0062s  timestep=17s  day=7.12
2023/08/09 16:31:43 Adding grid cells...
2023/08/09 16:31:43 Added 0 grid cells; there are now 54441 cells total
2023/08/09 16:31:49 Percent change since last convergence check:
VOC:			0.077%
VOC pop-wtd:		0.00056%
SOA:			0.12%
SOA pop-wtd:		0.00061%
PrimaryPM25:		0.14%
PrimaryPM25 pop-wtd:	0.0011%
NH3:			0.17%
NH3 pop-wtd:		0.00082%
pNH4:			0.15%
pNH4 pop-wtd:		0.0013%
SOx:			1.4e-14%
SOx pop-wtd:		0%
pSO4:			0.18%
pSO4 pop-wtd:		0.0071%
NOx:			0.15%
NOx pop-wtd:		0.0058%
pNO3:			0.21%
pNO3 pop-wtd:		0.0064%
2023/08/09 16:31:49 iteration 36538  walltime= 0.168h  Δwalltime= 5.8s  timestep=17s  day=7.14
2023/08/09 16:31:51 iteration 36808  walltime= 0.169h  Δwalltime=0.0063s  timestep=17s  day=7.19
2023/08/09 16:31:53 iteration 37122  walltime= 0.169h  Δwalltime=0.0065s  timestep=17s  day=7.25
2023/08/09 16:31:53 Adding grid cells...
2023/08/09 16:31:53 Added 0 grid cells; there are now 54441 cells total
2023/08/09 16:32:00 Percent change since last convergence check:
VOC:			0.071%
VOC pop-wtd:		0.0005%
SOA:			0.11%
SOA pop-wtd:		0.00055%
PrimaryPM25:		0.13%
PrimaryPM25 pop-wtd:	0.001%
NH3:			0.16%
NH3 pop-wtd:		0.00074%
pNH4:			0.14%
pNH4 pop-wtd:		0.0012%
SOx:			1.4e-14%
SOx pop-wtd:		0%
pSO4:			0.16%
pSO4 pop-wtd:		0.0065%
NOx:			0.14%
NOx pop-wtd:		0.0053%
pNO3:			0.2%
pNO3 pop-wtd:		0.0058%
2023/08/09 16:32:00 iteration 37179  walltime= 0.171h  Δwalltime= 6.5s  timestep=17s  day=7.26
2023/08/09 16:32:01 iteration 37344  walltime= 0.171h  Δwalltime=0.0064s  timestep=17s  day=7.29
2023/08/09 16:32:03 iteration 37658  walltime= 0.172h  Δwalltime=0.0062s  timestep=17s  day=7.35
2023/08/09 16:32:04 Adding grid cells...
2023/08/09 16:32:04 Added 0 grid cells; there are now 54441 cells total
2023/08/09 16:32:09 Percent change since last convergence check:
VOC:			0.065%
VOC pop-wtd:		0.00045%
SOA:			0.1%
SOA pop-wtd:		0.00049%
PrimaryPM25:		0.12%
PrimaryPM25 pop-wtd:	0.00092%
NH3:			0.14%
NH3 pop-wtd:		0.00068%
pNH4:			0.13%
pNH4 pop-wtd:		0.0011%
SOx:			0%
SOx pop-wtd:		0%
pSO4:			0.15%
pSO4 pop-wtd:		0.006%
NOx:			0.13%
NOx pop-wtd:		0.0049%
pNO3:			0.18%
pNO3 pop-wtd:		0.0054%
2023/08/09 16:32:09 iteration 37820  walltime= 0.174h  Δwalltime= 5.6s  timestep=17s  day=7.39
2023/08/09 16:32:11 iteration 38040  walltime= 0.174h  Δwalltime=0.0077s  timestep=17s  day=7.43
2023/08/09 16:32:13 iteration 38344  walltime= 0.175h  Δwalltime=0.0062s  timestep=17s  day=7.49
2023/08/09 16:32:14 Adding grid cells...
2023/08/09 16:32:14 Added 0 grid cells; there are now 54441 cells total
2023/08/09 16:32:19 Percent change since last convergence check:
VOC:			0.06%
VOC pop-wtd:		0.0004%
SOA:			0.095%
SOA pop-wtd:		0.00044%
PrimaryPM25:		0.11%
PrimaryPM25 pop-wtd:	0.00083%
NH3:			0.13%
NH3 pop-wtd:		0.00062%
pNH4:			0.12%
pNH4 pop-wtd:		0.00096%
SOx:			0%
SOx pop-wtd:		0%
pSO4:			0.14%
pSO4 pop-wtd:		0.0055%
NOx:			0.12%
NOx pop-wtd:		0.0045%
pNO3:			0.17%
pNO3 pop-wtd:		0.0049%
2023/08/09 16:32:19 iteration 38461  walltime= 0.177h  Δwalltime= 5.9s  timestep=17s  day=7.51
2023/08/09 16:32:21 iteration 38667  walltime= 0.177h  Δwalltime=0.0063s  timestep=17s  day=7.55
2023/08/09 16:32:23 iteration 38981  walltime= 0.178h  Δwalltime=0.0063s  timestep=17s  day=7.61
2023/08/09 16:32:24 Adding grid cells...
2023/08/09 16:32:24 Added 0 grid cells; there are now 54441 cells total
2023/08/09 16:32:29 Percent change since last convergence check:
VOC:			0.055%
VOC pop-wtd:		0.00036%
SOA:			0.088%
SOA pop-wtd:		0.00039%
PrimaryPM25:		0.1%
PrimaryPM25 pop-wtd:	0.00075%
NH3:			0.12%
NH3 pop-wtd:		0.00056%
pNH4:			0.11%
pNH4 pop-wtd:		0.00088%
SOx:			0%
SOx pop-wtd:		0%
pSO4:			0.13%
pSO4 pop-wtd:		0.0051%
NOx:			0.11%
NOx pop-wtd:		0.0041%
pNO3:			0.16%
pNO3 pop-wtd:		0.0045%
2023/08/09 16:32:29 iteration 39102  walltime= 0.179h  Δwalltime= 5.6s  timestep=17s  day=7.64
2023/08/09 16:32:31 iteration 39364  walltime=  0.18h  Δwalltime=0.0063s  timestep=17s  day=7.69
2023/08/09 16:32:33 iteration 39679  walltime=  0.18h  Δwalltime=0.0064s  timestep=17s  day=7.75
2023/08/09 16:32:33 Adding grid cells...
2023/08/09 16:32:33 Added 0 grid cells; there are now 54441 cells total
2023/08/09 16:32:39 Percent change since last convergence check:
VOC:			0.051%
VOC pop-wtd:		0.00032%
SOA:			0.082%
SOA pop-wtd:		0.00035%
PrimaryPM25:		0.094%
PrimaryPM25 pop-wtd:	0.00068%
NH3:			0.11%
NH3 pop-wtd:		0.00051%
pNH4:			0.1%
pNH4 pop-wtd:		0.0008%
SOx:			0%
SOx pop-wtd:		0%
pSO4:			0.13%
pSO4 pop-wtd:		0.0047%
NOx:			0.1%
NOx pop-wtd:		0.0038%
pNO3:			0.15%
pNO3 pop-wtd:		0.0042%
2023/08/09 16:32:39 iteration 39743  walltime= 0.182h  Δwalltime= 5.7s  timestep=17s  day=7.76
2023/08/09 16:32:41 iteration 40047  walltime= 0.183h  Δwalltime=0.0064s  timestep=17s  day=7.82
2023/08/09 16:32:43 iteration 40356  walltime= 0.183h  Δwalltime=0.0063s  timestep=17s  day=7.88
2023/08/09 16:32:43 Adding grid cells...
2023/08/09 16:32:43 Added 0 grid cells; there are now 54441 cells total
2023/08/09 16:32:49 Percent change since last convergence check:
VOC:			0.047%
VOC pop-wtd:		0.00029%
SOA:			0.076%
SOA pop-wtd:		0.00031%
PrimaryPM25:		0.088%
PrimaryPM25 pop-wtd:	0.00061%
NH3:			0.11%
NH3 pop-wtd:		0.00047%
pNH4:			0.097%
pNH4 pop-wtd:		0.00073%
SOx:			0%
SOx pop-wtd:		0%
pSO4:			0.12%
pSO4 pop-wtd:		0.0044%
NOx:			0.097%
NOx pop-wtd:		0.0035%
pNO3:			0.14%
pNO3 pop-wtd:		0.0038%
2023/08/09 16:32:49 iteration 40384  walltime= 0.185h  Δwalltime= 5.6s  timestep=17s  day=7.89
2023/08/09 16:32:49 iteration 40423  walltime= 0.185h  Δwalltime=0.0061s  timestep=17s  day=7.89
2023/08/09 16:32:51 iteration 40689  walltime= 0.185h  Δwalltime=0.011s  timestep=17s  day=7.95
2023/08/09 16:32:53 iteration 40929  walltime= 0.186h  Δwalltime=0.0064s  timestep=17s  day=7.99
2023/08/09 16:32:53 Adding grid cells...
2023/08/09 16:32:53 Added 0 grid cells; there are now 54441 cells total
2023/08/09 16:32:59 Percent change since last convergence check:
VOC:			0.043%
VOC pop-wtd:		0.00026%
SOA:			0.07%
SOA pop-wtd:		0.00028%
PrimaryPM25:		0.082%
PrimaryPM25 pop-wtd:	0.00055%
NH3:			0.097%
NH3 pop-wtd:		0.00042%
pNH4:			0.09%
pNH4 pop-wtd:		0.00067%
SOx:			0%
SOx pop-wtd:		0%
pSO4:			0.11%
pSO4 pop-wtd:		0.004%
NOx:			0.09%
NOx pop-wtd:		0.0032%
pNO3:			0.13%
pNO3 pop-wtd:		0.0035%
2023/08/09 16:32:59 iteration 41025  walltime= 0.188h  Δwalltime= 5.5s  timestep=17s  day=8.01
2023/08/09 16:33:01 iteration 41316  walltime= 0.188h  Δwalltime=0.0064s  timestep=17s  day=8.07
2023/08/09 16:33:03 iteration 41624  walltime= 0.189h  Δwalltime=0.0065s  timestep=17s  day=8.13
2023/08/09 16:33:03 Adding grid cells...
2023/08/09 16:33:03 Added 0 grid cells; there are now 54441 cells total
2023/08/09 16:33:09 Percent change since last convergence check:
VOC:			0.04%
VOC pop-wtd:		0.00023%
SOA:			0.065%
SOA pop-wtd:		0.00025%
PrimaryPM25:		0.076%
PrimaryPM25 pop-wtd:	0.0005%
NH3:			0.09%
NH3 pop-wtd:		0.00039%
pNH4:			0.083%
pNH4 pop-wtd:		0.00061%
SOx:			0%
SOx pop-wtd:		0%
pSO4:			0.1%
pSO4 pop-wtd:		0.0037%
NOx:			0.083%
NOx pop-wtd:		0.0029%
pNO3:			0.12%
pNO3 pop-wtd:		0.0032%
2023/08/09 16:33:09 iteration 41666  walltime=  0.19h  Δwalltime= 6.1s  timestep=17s  day=8.14
2023/08/09 16:33:11 iteration 41921  walltime= 0.191h  Δwalltime=0.0066s  timestep=17s  day=8.19
2023/08/09 16:33:13 iteration 42229  walltime= 0.191h  Δwalltime=0.0062s  timestep=17s  day=8.25
2023/08/09 16:33:13 Adding grid cells...
2023/08/09 16:33:13 Added 0 grid cells; there are now 54441 cells total
2023/08/09 16:33:19 Percent change since last convergence check:
VOC:			0.037%
VOC pop-wtd:		0.0002%
SOA:			0.06%
SOA pop-wtd:		0.00022%
PrimaryPM25:		0.07%
PrimaryPM25 pop-wtd:	0.00045%
NH3:			0.083%
NH3 pop-wtd:		0.00035%
pNH4:			0.077%
pNH4 pop-wtd:		0.00055%
SOx:			0%
SOx pop-wtd:		0%
pSO4:			0.096%
pSO4 pop-wtd:		0.0035%
NOx:			0.077%
NOx pop-wtd:		0.0027%
pNO3:			0.11%
pNO3 pop-wtd:		0.003%
2023/08/09 16:33:19 iteration 42307  walltime= 0.193h  Δwalltime= 5.5s  timestep=17s  day=8.26
2023/08/09 16:33:21 iteration 42606  walltime= 0.194h  Δwalltime=0.0063s  timestep=17s  day=8.32
2023/08/09 16:33:23 iteration 42917  walltime= 0.194h  Δwalltime=0.0069s  timestep=17s  day=8.38
2023/08/09 16:33:23 Adding grid cells...
2023/08/09 16:33:23 Added 3 grid cells; there are now 54444 cells total
2023/08/09 16:33:29 iteration 42948  walltime= 0.196h  Δwalltime= 5.7s  timestep=17s  day=8.39
2023/08/09 16:33:29 Percent change since last convergence check:
VOC:			0.034%
VOC pop-wtd:		0.00018%
SOA:			0.055%
SOA pop-wtd:		0.0002%
PrimaryPM25:		0.065%
PrimaryPM25 pop-wtd:	0.00041%
NH3:			0.077%
NH3 pop-wtd:		0.00032%
pNH4:			0.071%
pNH4 pop-wtd:		0.0005%
SOx:			1.4e-14%
SOx pop-wtd:		0%
pSO4:			0.09%
pSO4 pop-wtd:		0.0032%
NOx:			0.072%
NOx pop-wtd:		0.0025%
pNO3:			0.1%
pNO3 pop-wtd:		0.0027%
2023/08/09 16:33:29 iteration 42968  walltime= 0.196h  Δwalltime=0.011s  timestep=17s  day=8.39
2023/08/09 16:33:31 iteration 43281  walltime= 0.196h  Δwalltime=0.0063s  timestep=17s  day=8.45
2023/08/09 16:33:33 Adding grid cells...
2023/08/09 16:33:33 Added 3 grid cells; there are now 54447 cells total
2023/08/09 16:33:38 Percent change since last convergence check:
VOC:			0.031%
VOC pop-wtd:		0.00016%
SOA:			0.051%
SOA pop-wtd:		0.00018%
PrimaryPM25:		0.061%
PrimaryPM25 pop-wtd:	0.00037%
NH3:			0.071%
NH3 pop-wtd:		0.00029%
pNH4:			0.066%
pNH4 pop-wtd:		0.00046%
SOx:			0%
SOx pop-wtd:		0%
pSO4:			0.084%
pSO4 pop-wtd:		0.003%
NOx:			0.067%
NOx pop-wtd:		0.0023%
pNO3:			0.097%
pNO3 pop-wtd:		0.0025%
2023/08/09 16:33:41 Elapsed time: 0.332750 hours
