2023/07/19 12:35:02 Parsing output variable expressions...
2023/07/19 12:35:02 Loading emissions shapefile: /home/tfmrodge/scratch/GEMMACH_data/data/Inmap_outputs/Emissions/Emissions_shp/NPRI/NPRI_ground_211.shp.
2023/07/19 12:35:02 Loading emissions shapefile: /home/tfmrodge/scratch/GEMMACH_data/data/Inmap_outputs/Emissions/Emissions_shp/NPRI/NPRI_stack_211.shp.
2023/07/19 12:35:03 Loading CTM data...
2023/07/19 12:35:03 Reading input data...
2023/07/19 12:40:57 Loading population and mortality rate data...
2023/07/19 12:41:39 Initializing model...
2023/07/19 12:41:40 Emission totals:
2023/07/19 12:41:40 gOrg, 0 μg/s
2023/07/19 12:41:40 pOrg, 0 μg/s
2023/07/19 12:41:40 PM2_5, 0 μg/s
2023/07/19 12:41:40 gNH, 0 μg/s
2023/07/19 12:41:40 pNH, 0 μg/s
2023/07/19 12:41:40 gS, 0 μg/s
2023/07/19 12:41:40 pS, 0 μg/s
2023/07/19 12:41:40 gNO, 0 μg/s
2023/07/19 12:41:40 pNO, 0 μg/s
2023/07/19 12:41:40 iteration 1     walltime=2.65e-05h  Δwalltime=0.095s  timestep=27s  day=0.000308
2023/07/19 12:41:40 Adding grid cells...
2023/07/19 12:41:40 Added 0 grid cells; there are now 1344 cells total
2023/07/19 12:41:40 Percent change since last convergence check:
VOC:			NaN%
VOC pop-wtd:		NaN%
SOA:			NaN%
SOA pop-wtd:		NaN%
PrimaryPM25:		NaN%
PrimaryPM25 pop-wtd:	NaN%
NH3:			NaN%
NH3 pop-wtd:		NaN%
pNH4:			NaN%
pNH4 pop-wtd:		NaN%
SOx:			NaN%
SOx pop-wtd:		NaN%
pSO4:			NaN%
pSO4 pop-wtd:		NaN%
NOx:			NaN%
NOx pop-wtd:		NaN%
pNO3:			NaN%
pNO3 pop-wtd:		NaN%
2023/07/19 12:41:44 Elapsed time: 0.111889 hours
