2023/07/26 16:35:50 Parsing output variable expressions...
2023/07/26 16:35:50 Loading emissions shapefile: /home/tfmrodge/scratch/GEMMACH_data/data/Inmap_outputs/Emissions/Emissions_shp/BASEGM_2015_E010_area_lcc2.shp.
2023/07/26 16:36:39 Loading emissions shapefile: /home/tfmrodge/scratch/GEMMACH_data/data/Inmap_outputs/Emissions/Emissions_shp/BASEGM_2015_E010_major_lcc2.shp.
2023/07/26 16:37:15 Loading CTM data...
2023/07/26 16:37:15 Reading input data...
2023/07/26 16:43:28 Loading population and mortality rate data...
2023/07/26 16:44:12 Initializing model...
2023/07/26 16:44:54 Emission totals:
2023/07/26 16:44:54 gOrg, 6.081154745027935e+13 μg/s
2023/07/26 16:44:54 pOrg, 0 μg/s
2023/07/26 16:44:54 PM2_5, 1.7212136925730662e+13 μg/s
2023/07/26 16:44:54 gNH, 7.803709642457075e+12 μg/s
2023/07/26 16:44:54 pNH, 0 μg/s
2023/07/26 16:44:54 gS, 1.0667781572723807e+13 μg/s
2023/07/26 16:44:54 pS, 0 μg/s
2023/07/26 16:44:54 gNO, 1.4359408564532672e+13 μg/s
2023/07/26 16:44:54 pNO, 0 μg/s
2023/07/26 16:44:54 iteration 1     walltime=0.0116h  Δwalltime=  42s  timestep=17s  day=0.000195
2023/07/26 16:44:54 iteration 51    walltime=0.0118h  Δwalltime=0.011s  timestep=17s  day=0.00996
2023/07/26 16:44:56 iteration 332   walltime=0.0123h  Δwalltime=0.0064s  timestep=17s  day=0.0648
2023/07/26 16:44:58 Adding grid cells...
2023/07/26 16:45:00 Added 1449 grid cells; there are now 53949 cells total
2023/07/26 16:45:06 iteration 642   walltime= 0.015h  Δwalltime= 7.7s  timestep=17s  day=0.125
2023/07/26 16:45:06 Percent change since last convergence check:
VOC:			+Inf%
VOC pop-wtd:		+Inf%
SOA:			+Inf%
SOA pop-wtd:		+Inf%
PrimaryPM25:		+Inf%
PrimaryPM25 pop-wtd:	+Inf%
NH3:			+Inf%
NH3 pop-wtd:		+Inf%
pNH4:			+Inf%
pNH4 pop-wtd:		+Inf%
SOx:			+Inf%
SOx pop-wtd:		+Inf%
pSO4:			+Inf%
pSO4 pop-wtd:		+Inf%
NOx:			+Inf%
NOx pop-wtd:		+Inf%
pNO3:			+Inf%
pNO3 pop-wtd:		+Inf%
2023/07/26 16:45:06 iteration 703   walltime=0.0151h  Δwalltime=0.0064s  timestep=17s  day=0.137
2023/07/26 16:45:08 iteration 1016  walltime=0.0156h  Δwalltime=0.0074s  timestep=17s  day=0.198
2023/07/26 16:45:10 Adding grid cells...
2023/07/26 16:45:10 Added 51 grid cells; there are now 54000 cells total
2023/07/26 16:45:17 iteration 1283  walltime= 0.018h  Δwalltime= 6.7s  timestep=17s  day=0.251
2023/07/26 16:45:17 Percent change since last convergence check:
VOC:			74%
VOC pop-wtd:		75%
SOA:			81%
SOA pop-wtd:		67%
PrimaryPM25:		84%
PrimaryPM25 pop-wtd:	60%
NH3:			1.2e+02%
NH3 pop-wtd:		1.7e+02%
pNH4:			83%
pNH4 pop-wtd:		94%
SOx:			2.7%
SOx pop-wtd:		1.2e+02%
pSO4:			1.2e+02%
pSO4 pop-wtd:		1e+02%
NOx:			80%
NOx pop-wtd:		1.2e+02%
pNO3:			97%
pNO3 pop-wtd:		82%
2023/07/26 16:45:18 iteration 1510  walltime=0.0184h  Δwalltime=0.015s  timestep=17s  day=0.295
2023/07/26 16:45:20 iteration 1811  walltime= 0.019h  Δwalltime=0.0064s  timestep=17s  day=0.354
2023/07/26 16:45:21 Adding grid cells...
2023/07/26 16:45:21 Added 39 grid cells; there are now 54039 cells total
2023/07/26 16:45:29 Percent change since last convergence check:
VOC:			35%
VOC pop-wtd:		4.3%
SOA:			39%
SOA pop-wtd:		4.7%
PrimaryPM25:		40%
PrimaryPM25 pop-wtd:	5.9%
NH3:			55%
NH3 pop-wtd:		4.7%
pNH4:			40%
pNH4 pop-wtd:		5.2%
SOx:			0.14%
SOx pop-wtd:		0.76%
pSO4:			48%
pSO4 pop-wtd:		13%
NOx:			39%
NOx pop-wtd:		7.1%
pNO3:			47%
pNO3 pop-wtd:		7.4%
2023/07/26 16:45:29 iteration 1924  walltime=0.0213h  Δwalltime= 7.6s  timestep=17s  day=0.376
2023/07/26 16:45:30 iteration 2150  walltime=0.0218h  Δwalltime=0.011s  timestep=17s  day=0.42
2023/07/26 16:45:32 iteration 2420  walltime=0.0223h  Δwalltime=0.0068s  timestep=17s  day=0.473
2023/07/26 16:45:33 Adding grid cells...
2023/07/26 16:45:34 Added 48 grid cells; there are now 54087 cells total
2023/07/26 16:45:39 iteration 2565  walltime=0.0243h  Δwalltime=   6s  timestep=17s  day=0.501
2023/07/26 16:45:39 Percent change since last convergence check:
VOC:			22%
VOC pop-wtd:		2.1%
SOA:			25%
SOA pop-wtd:		2.3%
PrimaryPM25:		26%
PrimaryPM25 pop-wtd:	2.7%
NH3:			35%
NH3 pop-wtd:		1.6%
pNH4:			26%
pNH4 pop-wtd:		2%
SOx:			0.016%
SOx pop-wtd:		0.063%
pSO4:			29%
pSO4 pop-wtd:		6%
NOx:			25%
NOx pop-wtd:		3.4%
pNO3:			30%
pNO3 pop-wtd:		3.6%
2023/07/26 16:45:40 iteration 2689  walltime=0.0245h  Δwalltime=0.0066s  timestep=17s  day=0.525
2023/07/26 16:45:42 iteration 3001  walltime=0.0251h  Δwalltime=0.01s  timestep=17s  day=0.586
2023/07/26 16:45:43 Adding grid cells...
2023/07/26 16:45:44 Added 36 grid cells; there are now 54123 cells total
2023/07/26 16:45:49 iteration 3206  walltime=0.0271h  Δwalltime= 5.8s  timestep=17s  day=0.626
2023/07/26 16:45:49 Percent change since last convergence check:
VOC:			16%
VOC pop-wtd:		1.3%
SOA:			18%
SOA pop-wtd:		1.4%
PrimaryPM25:		19%
PrimaryPM25 pop-wtd:	1.6%
NH3:			26%
NH3 pop-wtd:		0.79%
pNH4:			19%
pNH4 pop-wtd:		1.1%
SOx:			0.0021%
SOx pop-wtd:		0.0063%
pSO4:			21%
pSO4 pop-wtd:		4%
NOx:			18%
NOx pop-wtd:		2.1%
pNO3:			22%
pNO3 pop-wtd:		2.3%
2023/07/26 16:45:50 iteration 3335  walltime=0.0273h  Δwalltime=0.0066s  timestep=17s  day=0.651
2023/07/26 16:45:52 iteration 3651  walltime=0.0279h  Δwalltime=0.0068s  timestep=17s  day=0.713
2023/07/26 16:45:53 Adding grid cells...
2023/07/26 16:45:54 Added 30 grid cells; there are now 54153 cells total
2023/07/26 16:46:00 iteration 3847  walltime=  0.03h  Δwalltime= 6.3s  timestep=17s  day=0.751
2023/07/26 16:46:00 Percent change since last convergence check:
VOC:			12%
VOC pop-wtd:		0.85%
SOA:			14%
SOA pop-wtd:		0.95%
PrimaryPM25:		15%
PrimaryPM25 pop-wtd:	1.1%
NH3:			20%
NH3 pop-wtd:		0.47%
pNH4:			15%
pNH4 pop-wtd:		0.67%
SOx:			0.00028%
SOx pop-wtd:		0.00066%
pSO4:			16%
pSO4 pop-wtd:		3%
NOx:			14%
NOx pop-wtd:		1.5%
pNO3:			17%
pNO3 pop-wtd:		1.6%
2023/07/26 16:46:00 iteration 3911  walltime=0.0301h  Δwalltime=0.0065s  timestep=17s  day=0.764
2023/07/26 16:46:02 iteration 4224  walltime=0.0306h  Δwalltime=0.0067s  timestep=17s  day=0.825
2023/07/26 16:46:04 Adding grid cells...
2023/07/26 16:46:04 Added 15 grid cells; there are now 54168 cells total
2023/07/26 16:46:11 iteration 4488  walltime= 0.033h  Δwalltime= 6.8s  timestep=17s  day=0.877
2023/07/26 16:46:11 Percent change since last convergence check:
VOC:			9.7%
VOC pop-wtd:		0.61%
SOA:			11%
SOA pop-wtd:		0.7%
PrimaryPM25:		12%
PrimaryPM25 pop-wtd:	0.8%
NH3:			16%
NH3 pop-wtd:		0.32%
pNH4:			12%
pNH4 pop-wtd:		0.47%
SOx:			3.5e-05%
SOx pop-wtd:		7e-05%
pSO4:			13%
pSO4 pop-wtd:		2.4%
NOx:			11%
NOx pop-wtd:		1.1%
pNO3:			14%
pNO3 pop-wtd:		1.2%
2023/07/26 16:46:12 iteration 4700  walltime=0.0334h  Δwalltime=0.0066s  timestep=17s  day=0.918
2023/07/26 16:46:14 iteration 5010  walltime= 0.034h  Δwalltime=0.0072s  timestep=17s  day=0.978
2023/07/26 16:46:15 Adding grid cells...
2023/07/26 16:46:15 Added 21 grid cells; there are now 54189 cells total
2023/07/26 16:46:22 iteration 5129  walltime= 0.036h  Δwalltime= 6.7s  timestep=17s  day=1
2023/07/26 16:46:22 Percent change since last convergence check:
VOC:			8%
VOC pop-wtd:		0.47%
SOA:			9.4%
SOA pop-wtd:		0.54%
PrimaryPM25:		9.8%
PrimaryPM25 pop-wtd:	0.62%
NH3:			13%
NH3 pop-wtd:		0.23%
pNH4:			10%
pNH4 pop-wtd:		0.35%
SOx:			4.5e-06%
SOx pop-wtd:		7.5e-06%
pSO4:			11%
pSO4 pop-wtd:		1.9%
NOx:			9.5%
NOx pop-wtd:		0.91%
pNO3:			12%
pNO3 pop-wtd:		0.98%
2023/07/26 16:46:22 iteration 5212  walltime=0.0362h  Δwalltime=0.0066s  timestep=17s  day=1.02
2023/07/26 16:46:24 iteration 5526  walltime=0.0368h  Δwalltime=0.007s  timestep=17s  day=1.08
2023/07/26 16:46:26 Adding grid cells...
2023/07/26 16:46:26 Added 21 grid cells; there are now 54210 cells total
2023/07/26 16:46:33 iteration 5770  walltime=0.0391h  Δwalltime=   7s  timestep=17s  day=1.13
2023/07/26 16:46:33 Percent change since last convergence check:
VOC:			6.7%
VOC pop-wtd:		0.37%
SOA:			8%
SOA pop-wtd:		0.43%
PrimaryPM25:		8.3%
PrimaryPM25 pop-wtd:	0.49%
NH3:			11%
NH3 pop-wtd:		0.18%
pNH4:			8.8%
pNH4 pop-wtd:		0.27%
SOx:			9.6e-07%
SOx pop-wtd:		8.1e-07%
pSO4:			8.9%
pSO4 pop-wtd:		1.6%
NOx:			8.1%
NOx pop-wtd:		0.75%
pNO3:			10%
pNO3 pop-wtd:		0.81%
2023/07/26 16:46:34 iteration 5986  walltime=0.0395h  Δwalltime=0.0084s  timestep=17s  day=1.17
2023/07/26 16:46:36 iteration 6301  walltime=0.0401h  Δwalltime=0.01s  timestep=17s  day=1.23
2023/07/26 16:46:37 Adding grid cells...
2023/07/26 16:46:37 Added 18 grid cells; there are now 54228 cells total
2023/07/26 16:46:43 iteration 6411  walltime=0.0421h  Δwalltime= 6.4s  timestep=17s  day=1.25
2023/07/26 16:46:43 Percent change since last convergence check:
VOC:			5.8%
VOC pop-wtd:		0.3%
SOA:			6.9%
SOA pop-wtd:		0.35%
PrimaryPM25:		7.1%
PrimaryPM25 pop-wtd:	0.4%
NH3:			9.8%
NH3 pop-wtd:		0.15%
pNH4:			7.7%
pNH4 pop-wtd:		0.21%
SOx:			1.7e-06%
SOx pop-wtd:		8.8e-08%
pSO4:			7.6%
pSO4 pop-wtd:		1.3%
NOx:			7%
NOx pop-wtd:		0.63%
pNO3:			8.7%
pNO3 pop-wtd:		0.68%
2023/07/26 16:46:44 iteration 6546  walltime=0.0423h  Δwalltime=0.0073s  timestep=17s  day=1.28
2023/07/26 16:46:46 iteration 6856  walltime=0.0429h  Δwalltime=0.0066s  timestep=17s  day=1.34
2023/07/26 16:46:47 Adding grid cells...
2023/07/26 16:46:48 Added 18 grid cells; there are now 54246 cells total
2023/07/26 16:46:53 iteration 7052  walltime=0.0448h  Δwalltime= 5.7s  timestep=17s  day=1.38
2023/07/26 16:46:53 Percent change since last convergence check:
VOC:			5%
VOC pop-wtd:		0.24%
SOA:			6.1%
SOA pop-wtd:		0.29%
PrimaryPM25:		6.2%
PrimaryPM25 pop-wtd:	0.33%
NH3:			8.6%
NH3 pop-wtd:		0.12%
pNH4:			6.8%
pNH4 pop-wtd:		0.17%
SOx:			6.8e-07%
SOx pop-wtd:		9.5e-09%
pSO4:			6.6%
pSO4 pop-wtd:		1.1%
NOx:			6.1%
NOx pop-wtd:		0.54%
pNO3:			7.7%
pNO3 pop-wtd:		0.59%
2023/07/26 16:46:54 iteration 7214  walltime=0.0451h  Δwalltime=0.0096s  timestep=17s  day=1.41
2023/07/26 16:46:56 iteration 7514  walltime=0.0456h  Δwalltime=0.0063s  timestep=17s  day=1.47
2023/07/26 16:46:57 Adding grid cells...
2023/07/26 16:46:57 Added 6 grid cells; there are now 54252 cells total
2023/07/26 16:47:03 Percent change since last convergence check:
VOC:			4.4%
VOC pop-wtd:		0.2%
SOA:			5.4%
SOA pop-wtd:		0.24%
PrimaryPM25:		5.5%
PrimaryPM25 pop-wtd:	0.27%
NH3:			7.6%
NH3 pop-wtd:		0.099%
pNH4:			6.1%
pNH4 pop-wtd:		0.14%
SOx:			2.3e-07%
SOx pop-wtd:		1e-09%
pSO4:			5.8%
pSO4 pop-wtd:		0.92%
NOx:			5.4%
NOx pop-wtd:		0.47%
pNO3:			6.8%
pNO3 pop-wtd:		0.51%
2023/07/26 16:47:03 iteration 7693  walltime=0.0475h  Δwalltime= 5.6s  timestep=17s  day=1.5
2023/07/26 16:47:04 iteration 7828  walltime=0.0479h  Δwalltime=0.0067s  timestep=17s  day=1.53
2023/07/26 16:47:06 iteration 8064  walltime=0.0484h  Δwalltime=0.007s  timestep=17s  day=1.57
2023/07/26 16:47:08 Adding grid cells...
2023/07/26 16:47:08 Added 12 grid cells; there are now 54264 cells total
2023/07/26 16:47:15 iteration 8334  walltime=0.0508h  Δwalltime= 6.8s  timestep=17s  day=1.63
2023/07/26 16:47:15 Percent change since last convergence check:
VOC:			3.9%
VOC pop-wtd:		0.17%
SOA:			4.8%
SOA pop-wtd:		0.2%
PrimaryPM25:		4.9%
PrimaryPM25 pop-wtd:	0.23%
NH3:			6.7%
NH3 pop-wtd:		0.083%
pNH4:			5.4%
pNH4 pop-wtd:		0.12%
SOx:			5e-08%
SOx pop-wtd:		1.1e-10%
pSO4:			5.1%
pSO4 pop-wtd:		0.79%
NOx:			4.8%
NOx pop-wtd:		0.41%
pNO3:			6.1%
pNO3 pop-wtd:		0.44%
2023/07/26 16:47:16 iteration 8555  walltime=0.0512h  Δwalltime=0.007s  timestep=17s  day=1.67
2023/07/26 16:47:18 iteration 8851  walltime=0.0518h  Δwalltime=0.011s  timestep=17s  day=1.73
2023/07/26 16:47:19 Adding grid cells...
2023/07/26 16:47:19 Added 9 grid cells; there are now 54273 cells total
2023/07/26 16:47:26 iteration 8975  walltime=0.0539h  Δwalltime= 6.7s  timestep=17s  day=1.75
2023/07/26 16:47:26 Percent change since last convergence check:
VOC:			3.5%
VOC pop-wtd:		0.15%
SOA:			4.3%
SOA pop-wtd:		0.17%
PrimaryPM25:		4.4%
PrimaryPM25 pop-wtd:	0.2%
NH3:			6%
NH3 pop-wtd:		0.071%
pNH4:			4.9%
pNH4 pop-wtd:		0.1%
SOx:			8.1e-09%
SOx pop-wtd:		1.2e-11%
pSO4:			4.5%
pSO4 pop-wtd:		0.68%
NOx:			4.3%
NOx pop-wtd:		0.36%
pNO3:			5.5%
pNO3 pop-wtd:		0.39%
2023/07/26 16:47:26 iteration 9037  walltime= 0.054h  Δwalltime=0.011s  timestep=17s  day=1.76
2023/07/26 16:47:28 iteration 9349  walltime=0.0545h  Δwalltime=0.0067s  timestep=17s  day=1.83
2023/07/26 16:47:30 Adding grid cells...
2023/07/26 16:47:30 Added 0 grid cells; there are now 54273 cells total
2023/07/26 16:47:37 iteration 9616  walltime=0.0569h  Δwalltime= 6.7s  timestep=17s  day=1.88
2023/07/26 16:47:37 Percent change since last convergence check:
VOC:			3.1%
VOC pop-wtd:		0.13%
SOA:			3.9%
SOA pop-wtd:		0.15%
PrimaryPM25:		3.9%
PrimaryPM25 pop-wtd:	0.17%
NH3:			5.4%
NH3 pop-wtd:		0.061%
pNH4:			4.4%
pNH4 pop-wtd:		0.087%
SOx:			5e-06%
SOx pop-wtd:		1.1e-12%
pSO4:			4%
pSO4 pop-wtd:		0.59%
NOx:			3.9%
NOx pop-wtd:		0.32%
pNO3:			5%
pNO3 pop-wtd:		0.34%
2023/07/26 16:47:38 iteration 9848  walltime=0.0573h  Δwalltime=0.0066s  timestep=17s  day=1.92
2023/07/26 16:47:40 iteration 10157  walltime=0.0579h  Δwalltime=0.0066s  timestep=17s  day=1.98
2023/07/26 16:47:41 Adding grid cells...
2023/07/26 16:47:41 Added 27 grid cells; there are now 54300 cells total
2023/07/26 16:47:48 Percent change since last convergence check:
VOC:			2.8%
VOC pop-wtd:		0.11%
SOA:			3.5%
SOA pop-wtd:		0.13%
PrimaryPM25:		3.5%
PrimaryPM25 pop-wtd:	0.14%
NH3:			4.9%
NH3 pop-wtd:		0.052%
pNH4:			4%
pNH4 pop-wtd:		0.075%
SOx:			2.6e-06%
SOx pop-wtd:		6.7e-14%
pSO4:			3.6%
pSO4 pop-wtd:		0.52%
NOx:			3.5%
NOx pop-wtd:		0.28%
pNO3:			4.5%
pNO3 pop-wtd:		0.31%
2023/07/26 16:47:48 iteration 10257  walltime=  0.06h  Δwalltime= 6.9s  timestep=17s  day=2
2023/07/26 16:47:48 iteration 10297  walltime=0.0601h  Δwalltime=0.011s  timestep=17s  day=2.01
2023/07/26 16:47:50 iteration 10600  walltime=0.0606h  Δwalltime=0.0064s  timestep=17s  day=2.07
2023/07/26 16:47:52 Adding grid cells...
2023/07/26 16:47:52 Added 9 grid cells; there are now 54309 cells total
2023/07/26 16:47:58 Percent change since last convergence check:
VOC:			2.5%
VOC pop-wtd:		0.092%
SOA:			3.2%
SOA pop-wtd:		0.11%
PrimaryPM25:		3.2%
PrimaryPM25 pop-wtd:	0.12%
NH3:			4.5%
NH3 pop-wtd:		0.045%
pNH4:			3.7%
pNH4 pop-wtd:		0.065%
SOx:			5.6e-07%
SOx pop-wtd:		3e-13%
pSO4:			3.3%
pSO4 pop-wtd:		0.45%
NOx:			3.2%
NOx pop-wtd:		0.25%
pNO3:			4.1%
pNO3 pop-wtd:		0.27%
2023/07/26 16:47:58 iteration 10898  walltime=0.0627h  Δwalltime= 5.6s  timestep=17s  day=2.13
2023/07/26 16:47:58 iteration 10964  walltime=0.0629h  Δwalltime=0.007s  timestep=17s  day=2.14
2023/07/26 16:48:00 iteration 11275  walltime=0.0634h  Δwalltime=0.0068s  timestep=17s  day=2.2
2023/07/26 16:48:02 Adding grid cells...
2023/07/26 16:48:02 Added 0 grid cells; there are now 54309 cells total
2023/07/26 16:48:08 iteration 11539  walltime=0.0655h  Δwalltime= 5.8s  timestep=17s  day=2.25
2023/07/26 16:48:08 Percent change since last convergence check:
VOC:			2.3%
VOC pop-wtd:		0.079%
SOA:			2.9%
SOA pop-wtd:		0.092%
PrimaryPM25:		2.9%
PrimaryPM25 pop-wtd:	0.11%
NH3:			4.1%
NH3 pop-wtd:		0.04%
pNH4:			3.4%
pNH4 pop-wtd:		0.057%
SOx:			8.1e-08%
SOx pop-wtd:		5.7e-13%
pSO4:			3%
pSO4 pop-wtd:		0.39%
NOx:			2.9%
NOx pop-wtd:		0.22%
pNO3:			3.8%
pNO3 pop-wtd:		0.24%
2023/07/26 16:48:08 iteration 11614  walltime=0.0656h  Δwalltime=0.0064s  timestep=17s  day=2.27
2023/07/26 16:48:10 iteration 11922  walltime=0.0662h  Δwalltime=0.0067s  timestep=17s  day=2.33
2023/07/26 16:48:12 Adding grid cells...
2023/07/26 16:48:12 Added 0 grid cells; there are now 54309 cells total
2023/07/26 16:48:18 iteration 12180  walltime=0.0684h  Δwalltime= 6.2s  timestep=17s  day=2.38
2023/07/26 16:48:18 Percent change since last convergence check:
VOC:			2.1%
VOC pop-wtd:		0.068%
SOA:			2.6%
SOA pop-wtd:		0.079%
PrimaryPM25:		2.6%
PrimaryPM25 pop-wtd:	0.094%
NH3:			3.7%
NH3 pop-wtd:		0.035%
pNH4:			3.1%
pNH4 pop-wtd:		0.05%
SOx:			9.6e-09%
SOx pop-wtd:		2.7e-13%
pSO4:			2.7%
pSO4 pop-wtd:		0.34%
NOx:			2.7%
NOx pop-wtd:		0.2%
pNO3:			3.5%
pNO3 pop-wtd:		0.22%
2023/07/26 16:48:18 iteration 12194  walltime=0.0684h  Δwalltime=0.011s  timestep=17s  day=2.38
2023/07/26 16:48:20 iteration 12492  walltime= 0.069h  Δwalltime=0.01s  timestep=17s  day=2.44
2023/07/26 16:48:22 iteration 12800  walltime=0.0695h  Δwalltime=0.0068s  timestep=17s  day=2.5
2023/07/26 16:48:22 Adding grid cells...
2023/07/26 16:48:22 Added 12 grid cells; there are now 54321 cells total
2023/07/26 16:48:29 iteration 12821  walltime=0.0714h  Δwalltime= 6.7s  timestep=17s  day=2.5
2023/07/26 16:48:29 Percent change since last convergence check:
VOC:			1.9%
VOC pop-wtd:		0.059%
SOA:			2.4%
SOA pop-wtd:		0.068%
PrimaryPM25:		2.4%
PrimaryPM25 pop-wtd:	0.082%
NH3:			3.4%
NH3 pop-wtd:		0.03%
pNH4:			2.8%
pNH4 pop-wtd:		0.044%
SOx:			1e-09%
SOx pop-wtd:		8.3e-14%
pSO4:			2.5%
pSO4 pop-wtd:		0.3%
NOx:			2.4%
NOx pop-wtd:		0.18%
pNO3:			3.2%
pNO3 pop-wtd:		0.2%
2023/07/26 16:48:30 iteration 13002  walltime=0.0718h  Δwalltime=0.0074s  timestep=17s  day=2.54
2023/07/26 16:48:32 iteration 13308  walltime=0.0723h  Δwalltime=0.0067s  timestep=17s  day=2.6
2023/07/26 16:48:33 Adding grid cells...
2023/07/26 16:48:33 Added 9 grid cells; there are now 54330 cells total
2023/07/26 16:48:40 Percent change since last convergence check:
VOC:			1.7%
VOC pop-wtd:		0.051%
SOA:			2.2%
SOA pop-wtd:		0.059%
PrimaryPM25:		2.2%
PrimaryPM25 pop-wtd:	0.071%
NH3:			3.1%
NH3 pop-wtd:		0.027%
pNH4:			2.6%
pNH4 pop-wtd:		0.039%
SOx:			3.1e-10%
SOx pop-wtd:		0%
pSO4:			2.3%
pSO4 pop-wtd:		0.26%
NOx:			2.2%
NOx pop-wtd:		0.16%
pNO3:			2.9%
pNO3 pop-wtd:		0.18%
2023/07/26 16:48:40 iteration 13462  walltime=0.0744h  Δwalltime= 6.4s  timestep=17s  day=2.63
2023/07/26 16:48:40 iteration 13535  walltime=0.0745h  Δwalltime=0.0073s  timestep=17s  day=2.64
2023/07/26 16:48:42 iteration 13842  walltime=0.0751h  Δwalltime=0.0073s  timestep=17s  day=2.7
2023/07/26 16:48:44 Adding grid cells...
2023/07/26 16:48:44 Added 6 grid cells; there are now 54336 cells total
2023/07/26 16:48:51 Percent change since last convergence check:
VOC:			1.5%
VOC pop-wtd:		0.044%
SOA:			2%
SOA pop-wtd:		0.051%
PrimaryPM25:		2%
PrimaryPM25 pop-wtd:	0.062%
NH3:			2.8%
NH3 pop-wtd:		0.024%
pNH4:			2.4%
pNH4 pop-wtd:		0.035%
SOx:			1.4e-10%
SOx pop-wtd:		0%
pSO4:			2.1%
pSO4 pop-wtd:		0.23%
NOx:			2.1%
NOx pop-wtd:		0.15%
pNO3:			2.7%
pNO3 pop-wtd:		0.16%
2023/07/26 16:48:51 iteration 14103  walltime=0.0776h  Δwalltime= 7.2s  timestep=17s  day=2.75
2023/07/26 16:48:52 iteration 14276  walltime=0.0779h  Δwalltime=0.0064s  timestep=17s  day=2.79
2023/07/26 16:48:54 iteration 14588  walltime=0.0784h  Δwalltime=0.0066s  timestep=17s  day=2.85
2023/07/26 16:48:55 Adding grid cells...
2023/07/26 16:48:55 Added 3 grid cells; there are now 54339 cells total
2023/07/26 16:49:02 Percent change since last convergence check:
VOC:			1.4%
VOC pop-wtd:		0.038%
SOA:			1.9%
SOA pop-wtd:		0.044%
PrimaryPM25:		1.9%
PrimaryPM25 pop-wtd:	0.055%
NH3:			2.6%
NH3 pop-wtd:		0.021%
pNH4:			2.2%
pNH4 pop-wtd:		0.031%
SOx:			1.2e-10%
SOx pop-wtd:		0%
pSO4:			1.9%
pSO4 pop-wtd:		0.2%
NOx:			1.9%
NOx pop-wtd:		0.13%
pNO3:			2.5%
pNO3 pop-wtd:		0.14%
2023/07/26 16:49:02 iteration 14744  walltime=0.0806h  Δwalltime= 6.8s  timestep=17s  day=2.88
2023/07/26 16:49:02 iteration 14779  walltime=0.0806h  Δwalltime=0.0066s  timestep=17s  day=2.89
2023/07/26 16:49:04 iteration 15071  walltime=0.0812h  Δwalltime=0.0066s  timestep=17s  day=2.94
2023/07/26 16:49:06 Adding grid cells...
2023/07/26 16:49:06 Added 3 grid cells; there are now 54342 cells total
2023/07/26 16:49:12 Percent change since last convergence check:
VOC:			1.3%
VOC pop-wtd:		0.033%
SOA:			1.7%
SOA pop-wtd:		0.038%
PrimaryPM25:		1.7%
PrimaryPM25 pop-wtd:	0.048%
NH3:			2.4%
NH3 pop-wtd:		0.019%
pNH4:			2%
pNH4 pop-wtd:		0.028%
SOx:			5.8e-11%
SOx pop-wtd:		0%
pSO4:			1.7%
pSO4 pop-wtd:		0.18%
NOx:			1.8%
NOx pop-wtd:		0.12%
pNO3:			2.3%
pNO3 pop-wtd:		0.13%
2023/07/26 16:49:12 iteration 15385  walltime=0.0833h  Δwalltime= 5.6s  timestep=17s  day=3
2023/07/26 16:49:12 iteration 15444  walltime=0.0834h  Δwalltime=0.0067s  timestep=17s  day=3.02
2023/07/26 16:49:14 iteration 15753  walltime= 0.084h  Δwalltime=0.0093s  timestep=17s  day=3.08
2023/07/26 16:49:16 Adding grid cells...
2023/07/26 16:49:16 Added 3 grid cells; there are now 54345 cells total
2023/07/26 16:49:22 Percent change since last convergence check:
VOC:			1.2%
VOC pop-wtd:		0.029%
SOA:			1.6%
SOA pop-wtd:		0.033%
PrimaryPM25:		1.6%
PrimaryPM25 pop-wtd:	0.042%
NH3:			2.2%
NH3 pop-wtd:		0.017%
pNH4:			1.9%
pNH4 pop-wtd:		0.025%
SOx:			1.2e-06%
SOx pop-wtd:		0%
pSO4:			1.6%
pSO4 pop-wtd:		0.16%
NOx:			1.6%
NOx pop-wtd:		0.11%
pNO3:			2.1%
pNO3 pop-wtd:		0.12%
2023/07/26 16:49:22 iteration 16026  walltime= 0.086h  Δwalltime= 5.7s  timestep=17s  day=3.13
2023/07/26 16:49:22 iteration 16111  walltime=0.0862h  Δwalltime=0.0076s  timestep=17s  day=3.15
2023/07/26 16:49:24 iteration 16421  walltime=0.0868h  Δwalltime=0.0069s  timestep=17s  day=3.21
2023/07/26 16:49:26 Adding grid cells...
2023/07/26 16:49:26 Added 12 grid cells; there are now 54357 cells total
2023/07/26 16:49:32 Percent change since last convergence check:
VOC:			1.1%
VOC pop-wtd:		0.025%
SOA:			1.4%
SOA pop-wtd:		0.029%
PrimaryPM25:		1.5%
PrimaryPM25 pop-wtd:	0.037%
NH3:			2%
NH3 pop-wtd:		0.015%
pNH4:			1.7%
pNH4 pop-wtd:		0.022%
SOx:			7.3e-07%
SOx pop-wtd:		0%
pSO4:			1.5%
pSO4 pop-wtd:		0.14%
NOx:			1.5%
NOx pop-wtd:		0.096%
pNO3:			2%
pNO3 pop-wtd:		0.1%
2023/07/26 16:49:32 iteration 16667  walltime=0.0889h  Δwalltime= 6.2s  timestep=17s  day=3.26
2023/07/26 16:49:32 iteration 16693  walltime= 0.089h  Δwalltime=0.011s  timestep=17s  day=3.26
2023/07/26 16:49:34 iteration 16924  walltime=0.0895h  Δwalltime=0.007s  timestep=17s  day=3.31
2023/07/26 16:49:36 iteration 17238  walltime=0.0901h  Δwalltime=0.0062s  timestep=17s  day=3.37
2023/07/26 16:49:37 Adding grid cells...
2023/07/26 16:49:37 Added 6 grid cells; there are now 54363 cells total
2023/07/26 16:49:43 iteration 17308  walltime=0.0921h  Δwalltime= 6.7s  timestep=17s  day=3.38
2023/07/26 16:49:43 Percent change since last convergence check:
VOC:			0.99%
VOC pop-wtd:		0.022%
SOA:			1.3%
SOA pop-wtd:		0.025%
PrimaryPM25:		1.3%
PrimaryPM25 pop-wtd:	0.033%
NH3:			1.8%
NH3 pop-wtd:		0.014%
pNH4:			1.6%
pNH4 pop-wtd:		0.02%
SOx:			1.7e-07%
SOx pop-wtd:		1.7e-14%
pSO4:			1.4%
pSO4 pop-wtd:		0.12%
NOx:			1.4%
NOx pop-wtd:		0.086%
pNO3:			1.8%
pNO3 pop-wtd:		0.094%
2023/07/26 16:49:44 iteration 17402  walltime=0.0923h  Δwalltime=0.011s  timestep=17s  day=3.4
2023/07/26 16:49:46 iteration 17708  walltime=0.0929h  Δwalltime=0.0063s  timestep=17s  day=3.46
2023/07/26 16:49:48 Adding grid cells...
2023/07/26 16:49:48 Added 6 grid cells; there are now 54369 cells total
2023/07/26 16:49:54 iteration 17949  walltime=0.0951h  Δwalltime= 6.4s  timestep=17s  day=3.51
2023/07/26 16:49:54 Percent change since last convergence check:
VOC:			0.9%
VOC pop-wtd:		0.019%
SOA:			1.2%
SOA pop-wtd:		0.022%
PrimaryPM25:		1.2%
PrimaryPM25 pop-wtd:	0.029%
NH3:			1.7%
NH3 pop-wtd:		0.012%
pNH4:			1.5%
pNH4 pop-wtd:		0.018%
SOx:			2.3e-07%
SOx pop-wtd:		3.3e-14%
pSO4:			1.3%
pSO4 pop-wtd:		0.11%
NOx:			1.3%
NOx pop-wtd:		0.078%
pNO3:			1.7%
pNO3 pop-wtd:		0.085%
2023/07/26 16:49:54 iteration 17955  walltime=0.0951h  Δwalltime=0.0066s  timestep=17s  day=3.51
2023/07/26 16:49:56 iteration 18267  walltime=0.0956h  Δwalltime=0.0071s  timestep=17s  day=3.57
2023/07/26 16:49:58 iteration 18579  walltime=0.0962h  Δwalltime=0.0067s  timestep=17s  day=3.63
2023/07/26 16:49:58 Adding grid cells...
2023/07/26 16:49:58 Added 3 grid cells; there are now 54372 cells total
2023/07/26 16:50:05 Percent change since last convergence check:
VOC:			0.83%
VOC pop-wtd:		0.017%
SOA:			1.1%
SOA pop-wtd:		0.019%
PrimaryPM25:		1.1%
PrimaryPM25 pop-wtd:	0.025%
NH3:			1.6%
NH3 pop-wtd:		0.011%
pNH4:			1.4%
pNH4 pop-wtd:		0.017%
SOx:			8.9e-08%
SOx pop-wtd:		0%
pSO4:			1.2%
pSO4 pop-wtd:		0.099%
NOx:			1.2%
NOx pop-wtd:		0.071%
pNO3:			1.6%
pNO3 pop-wtd:		0.077%
2023/07/26 16:50:05 iteration 18590  walltime=0.0982h  Δwalltime= 7.1s  timestep=17s  day=3.63
2023/07/26 16:50:06 iteration 18726  walltime=0.0984h  Δwalltime=0.0064s  timestep=17s  day=3.66
2023/07/26 16:50:08 iteration 19038  walltime= 0.099h  Δwalltime=0.0062s  timestep=17s  day=3.72
2023/07/26 16:50:09 Adding grid cells...
2023/07/26 16:50:09 Added 0 grid cells; there are now 54372 cells total
2023/07/26 16:50:16 iteration 19231  walltime= 0.101h  Δwalltime= 6.4s  timestep=17s  day=3.76
2023/07/26 16:50:16 Percent change since last convergence check:
VOC:			0.76%
VOC pop-wtd:		0.015%
SOA:			1%
SOA pop-wtd:		0.017%
PrimaryPM25:		1.1%
PrimaryPM25 pop-wtd:	0.023%
NH3:			1.4%
NH3 pop-wtd:		0.01%
pNH4:			1.3%
pNH4 pop-wtd:		0.015%
SOx:			2.1e-08%
SOx pop-wtd:		0%
pSO4:			1.1%
pSO4 pop-wtd:		0.088%
NOx:			1.1%
NOx pop-wtd:		0.064%
pNO3:			1.5%
pNO3 pop-wtd:		0.07%
2023/07/26 16:50:16 iteration 19293  walltime= 0.101h  Δwalltime=0.0065s  timestep=17s  day=3.77
2023/07/26 16:50:18 iteration 19588  walltime= 0.102h  Δwalltime=0.0096s  timestep=17s  day=3.83
2023/07/26 16:50:20 Adding grid cells...
2023/07/26 16:50:20 Added 0 grid cells; there are now 54372 cells total
2023/07/26 16:50:26 iteration 19872  walltime= 0.104h  Δwalltime= 5.6s  timestep=17s  day=3.88
2023/07/26 16:50:26 Percent change since last convergence check:
VOC:			0.69%
VOC pop-wtd:		0.013%
SOA:			0.96%
SOA pop-wtd:		0.014%
PrimaryPM25:		0.97%
PrimaryPM25 pop-wtd:	0.02%
NH3:			1.3%
NH3 pop-wtd:		0.0091%
pNH4:			1.2%
pNH4 pop-wtd:		0.014%
SOx:			4.1e-09%
SOx pop-wtd:		0%
pSO4:			1%
pSO4 pop-wtd:		0.078%
NOx:			1%
NOx pop-wtd:		0.058%
pNO3:			1.4%
pNO3 pop-wtd:		0.064%
2023/07/26 16:50:26 iteration 19939  walltime= 0.104h  Δwalltime=0.0072s  timestep=17s  day=3.89
2023/07/26 16:50:28 iteration 20249  walltime= 0.105h  Δwalltime=0.0071s  timestep=17s  day=3.95
2023/07/26 16:50:30 Adding grid cells...
2023/07/26 16:50:30 Added 3 grid cells; there are now 54375 cells total
2023/07/26 16:50:36 iteration 20513  walltime= 0.107h  Δwalltime= 5.7s  timestep=17s  day=4.01
2023/07/26 16:50:36 Percent change since last convergence check:
VOC:			0.64%
VOC pop-wtd:		0.011%
SOA:			0.88%
SOA pop-wtd:		0.013%
PrimaryPM25:		0.9%
PrimaryPM25 pop-wtd:	0.018%
NH3:			1.2%
NH3 pop-wtd:		0.0083%
pNH4:			1.1%
pNH4 pop-wtd:		0.012%
SOx:			7.1e-10%
SOx pop-wtd:		0%
pSO4:			0.95%
pSO4 pop-wtd:		0.07%
NOx:			0.95%
NOx pop-wtd:		0.053%
pNO3:			1.3%
pNO3 pop-wtd:		0.058%
2023/07/26 16:50:36 iteration 20604  walltime= 0.107h  Δwalltime=0.007s  timestep=17s  day=4.02
2023/07/26 16:50:38 iteration 20917  walltime= 0.107h  Δwalltime=0.007s  timestep=17s  day=4.09
2023/07/26 16:50:40 Adding grid cells...
2023/07/26 16:50:40 Added 0 grid cells; there are now 54375 cells total
2023/07/26 16:50:46 iteration 21154  walltime=  0.11h  Δwalltime= 6.4s  timestep=17s  day=4.13
2023/07/26 16:50:46 Percent change since last convergence check:
VOC:			0.58%
VOC pop-wtd:		0.01%
SOA:			0.81%
SOA pop-wtd:		0.011%
PrimaryPM25:		0.83%
PrimaryPM25 pop-wtd:	0.016%
NH3:			1.1%
NH3 pop-wtd:		0.0075%
pNH4:			1%
pNH4 pop-wtd:		0.011%
SOx:			1.1e-10%
SOx pop-wtd:		0%
pSO4:			0.89%
pSO4 pop-wtd:		0.063%
NOx:			0.88%
NOx pop-wtd:		0.048%
pNO3:			1.2%
pNO3 pop-wtd:		0.053%
2023/07/26 16:50:46 iteration 21167  walltime=  0.11h  Δwalltime=0.0076s  timestep=17s  day=4.13
2023/07/26 16:50:48 iteration 21457  walltime=  0.11h  Δwalltime=0.011s  timestep=17s  day=4.19
2023/07/26 16:50:50 iteration 21757  walltime= 0.111h  Δwalltime=0.0073s  timestep=17s  day=4.25
2023/07/26 16:50:50 Adding grid cells...
2023/07/26 16:50:51 Added 12 grid cells; there are now 54387 cells total
2023/07/26 16:50:57 Percent change since last convergence check:
VOC:			0.54%
VOC pop-wtd:		0.0088%
SOA:			0.75%
SOA pop-wtd:		0.0098%
PrimaryPM25:		0.77%
PrimaryPM25 pop-wtd:	0.014%
NH3:			1%
NH3 pop-wtd:		0.0068%
pNH4:			0.92%
pNH4 pop-wtd:		0.01%
SOx:			1.6e-11%
SOx pop-wtd:		0%
pSO4:			0.83%
pSO4 pop-wtd:		0.056%
NOx:			0.82%
NOx pop-wtd:		0.044%
pNO3:			1.1%
pNO3 pop-wtd:		0.048%
2023/07/26 16:50:57 iteration 21795  walltime= 0.113h  Δwalltime= 6.7s  timestep=17s  day=4.26
2023/07/26 16:50:58 iteration 21961  walltime= 0.113h  Δwalltime=0.0071s  timestep=17s  day=4.29
2023/07/26 16:51:00 iteration 22273  walltime= 0.113h  Δwalltime=0.007s  timestep=17s  day=4.35
2023/07/26 16:51:01 Adding grid cells...
2023/07/26 16:51:01 Added 6 grid cells; there are now 54393 cells total
2023/07/26 16:51:08 iteration 22436  walltime= 0.116h  Δwalltime= 6.6s  timestep=17s  day=4.38
2023/07/26 16:51:08 Percent change since last convergence check:
VOC:			0.49%
VOC pop-wtd:		0.0077%
SOA:			0.69%
SOA pop-wtd:		0.0086%
PrimaryPM25:		0.71%
PrimaryPM25 pop-wtd:	0.012%
NH3:			0.96%
NH3 pop-wtd:		0.0062%
pNH4:			0.85%
pNH4 pop-wtd:		0.0094%
SOx:			3.4e-12%
SOx pop-wtd:		0%
pSO4:			0.77%
pSO4 pop-wtd:		0.051%
NOx:			0.76%
NOx pop-wtd:		0.04%
pNO3:			1%
pNO3 pop-wtd:		0.044%
2023/07/26 16:51:08 iteration 22488  walltime= 0.116h  Δwalltime=0.0072s  timestep=17s  day=4.39
2023/07/26 16:51:10 iteration 22797  walltime= 0.116h  Δwalltime=0.011s  timestep=17s  day=4.45
2023/07/26 16:51:12 Adding grid cells...
2023/07/26 16:51:12 Added 3 grid cells; there are now 54396 cells total
2023/07/26 16:51:19 Percent change since last convergence check:
VOC:			0.45%
VOC pop-wtd:		0.0068%
SOA:			0.64%
SOA pop-wtd:		0.0076%
PrimaryPM25:		0.66%
PrimaryPM25 pop-wtd:	0.011%
NH3:			0.89%
NH3 pop-wtd:		0.0057%
pNH4:			0.79%
pNH4 pop-wtd:		0.0086%
SOx:			3.8e-12%
SOx pop-wtd:		0%
pSO4:			0.72%
pSO4 pop-wtd:		0.046%
NOx:			0.7%
NOx pop-wtd:		0.036%
pNO3:			0.95%
pNO3 pop-wtd:		0.04%
2023/07/26 16:51:19 iteration 23077  walltime= 0.119h  Δwalltime=   7s  timestep=17s  day=4.51
2023/07/26 16:51:20 iteration 23252  walltime= 0.119h  Δwalltime=0.01s  timestep=17s  day=4.54
2023/07/26 16:51:22 iteration 23554  walltime=  0.12h  Δwalltime=0.0072s  timestep=17s  day=4.6
2023/07/26 16:51:23 Adding grid cells...
2023/07/26 16:51:23 Added 3 grid cells; there are now 54399 cells total
2023/07/26 16:51:30 Percent change since last convergence check:
VOC:			0.41%
VOC pop-wtd:		0.006%
SOA:			0.59%
SOA pop-wtd:		0.0067%
PrimaryPM25:		0.61%
PrimaryPM25 pop-wtd:	0.0098%
NH3:			0.82%
NH3 pop-wtd:		0.0052%
pNH4:			0.73%
pNH4 pop-wtd:		0.0078%
SOx:			5.6e-09%
SOx pop-wtd:		0%
pSO4:			0.67%
pSO4 pop-wtd:		0.041%
NOx:			0.65%
NOx pop-wtd:		0.033%
pNO3:			0.88%
pNO3 pop-wtd:		0.036%
2023/07/26 16:51:30 iteration 23718  walltime= 0.122h  Δwalltime= 6.4s  timestep=17s  day=4.63
2023/07/26 16:51:30 iteration 23793  walltime= 0.122h  Δwalltime=0.0091s  timestep=17s  day=4.65
2023/07/26 16:51:32 iteration 24086  walltime= 0.122h  Δwalltime=0.0071s  timestep=17s  day=4.7
2023/07/26 16:51:34 iteration 24328  walltime= 0.123h  Δwalltime=0.011s  timestep=17s  day=4.75
2023/07/26 16:51:34 Adding grid cells...
2023/07/26 16:51:35 Added 3 grid cells; there are now 54402 cells total
2023/07/26 16:51:40 iteration 24359  walltime= 0.125h  Δwalltime= 5.8s  timestep=17s  day=4.76
2023/07/26 16:51:40 Percent change since last convergence check:
VOC:			0.38%
VOC pop-wtd:		0.0053%
SOA:			0.54%
SOA pop-wtd:		0.0059%
PrimaryPM25:		0.57%
PrimaryPM25 pop-wtd:	0.0088%
NH3:			0.76%
NH3 pop-wtd:		0.0047%
pNH4:			0.68%
pNH4 pop-wtd:		0.0071%
SOx:			6.6e-09%
SOx pop-wtd:		0%
pSO4:			0.63%
pSO4 pop-wtd:		0.037%
NOx:			0.61%
NOx pop-wtd:		0.03%
pNO3:			0.82%
pNO3 pop-wtd:		0.033%
2023/07/26 16:51:42 iteration 24650  walltime= 0.125h  Δwalltime=0.0064s  timestep=17s  day=4.81
2023/07/26 16:51:44 iteration 24956  walltime= 0.126h  Δwalltime=0.0064s  timestep=17s  day=4.87
2023/07/26 16:51:44 Adding grid cells...
2023/07/26 16:51:45 Added 3 grid cells; there are now 54405 cells total
2023/07/26 16:51:50 Percent change since last convergence check:
VOC:			0.35%
VOC pop-wtd:		0.0047%
SOA:			0.5%
SOA pop-wtd:		0.0052%
PrimaryPM25:		0.52%
PrimaryPM25 pop-wtd:	0.0078%
NH3:			0.7%
NH3 pop-wtd:		0.0043%
pNH4:			0.63%
pNH4 pop-wtd:		0.0065%
SOx:			1.6e-09%
SOx pop-wtd:		0%
pSO4:			0.59%
pSO4 pop-wtd:		0.034%
NOx:			0.56%
NOx pop-wtd:		0.028%
pNO3:			0.77%
pNO3 pop-wtd:		0.03%
2023/07/26 16:51:50 iteration 25000  walltime= 0.127h  Δwalltime= 5.7s  timestep=17s  day=4.88
2023/07/26 16:51:50 iteration 25009  walltime= 0.127h  Δwalltime=0.01s  timestep=17s  day=4.88
2023/07/26 16:51:52 iteration 25314  walltime= 0.128h  Δwalltime=0.0066s  timestep=17s  day=4.94
2023/07/26 16:51:54 iteration 25624  walltime= 0.128h  Δwalltime=0.0065s  timestep=17s  day=5
2023/07/26 16:51:54 Adding grid cells...
2023/07/26 16:51:54 Added 0 grid cells; there are now 54405 cells total
2023/07/26 16:52:01 iteration 25641  walltime=  0.13h  Δwalltime= 6.4s  timestep=17s  day=5.01
2023/07/26 16:52:01 Percent change since last convergence check:
VOC:			0.32%
VOC pop-wtd:		0.0042%
SOA:			0.46%
SOA pop-wtd:		0.0046%
PrimaryPM25:		0.49%
PrimaryPM25 pop-wtd:	0.007%
NH3:			0.65%
NH3 pop-wtd:		0.0039%
pNH4:			0.58%
pNH4 pop-wtd:		0.006%
SOx:			2.3e-10%
SOx pop-wtd:		0%
pSO4:			0.55%
pSO4 pop-wtd:		0.031%
NOx:			0.52%
NOx pop-wtd:		0.025%
pNO3:			0.71%
pNO3 pop-wtd:		0.028%
2023/07/26 16:52:02 iteration 25871  walltime= 0.131h  Δwalltime=0.0065s  timestep=17s  day=5.05
2023/07/26 16:52:04 iteration 26167  walltime= 0.131h  Δwalltime=0.0081s  timestep=17s  day=5.11
2023/07/26 16:52:05 Adding grid cells...
2023/07/26 16:52:05 Added 0 grid cells; there are now 54405 cells total
2023/07/26 16:52:12 Percent change since last convergence check:
VOC:			0.29%
VOC pop-wtd:		0.0037%
SOA:			0.43%
SOA pop-wtd:		0.0041%
PrimaryPM25:		0.45%
PrimaryPM25 pop-wtd:	0.0062%
NH3:			0.6%
NH3 pop-wtd:		0.0036%
pNH4:			0.54%
pNH4 pop-wtd:		0.0055%
SOx:			2.8e-11%
SOx pop-wtd:		0%
pSO4:			0.51%
pSO4 pop-wtd:		0.028%
NOx:			0.49%
NOx pop-wtd:		0.023%
pNO3:			0.66%
pNO3 pop-wtd:		0.025%
2023/07/26 16:52:12 iteration 26282  walltime= 0.133h  Δwalltime= 6.6s  timestep=17s  day=5.13
2023/07/26 16:52:12 iteration 26379  walltime= 0.133h  Δwalltime=0.007s  timestep=17s  day=5.15
2023/07/26 16:52:14 iteration 26692  walltime= 0.134h  Δwalltime=0.0068s  timestep=17s  day=5.21
2023/07/26 16:52:16 Adding grid cells...
2023/07/26 16:52:16 Added 6 grid cells; there are now 54411 cells total
2023/07/26 16:52:22 iteration 26923  walltime= 0.136h  Δwalltime= 6.7s  timestep=17s  day=5.26
2023/07/26 16:52:22 Percent change since last convergence check:
VOC:			0.27%
VOC pop-wtd:		0.0033%
SOA:			0.4%
SOA pop-wtd:		0.0036%
PrimaryPM25:		0.42%
PrimaryPM25 pop-wtd:	0.0056%
NH3:			0.55%
NH3 pop-wtd:		0.0033%
pNH4:			0.5%
pNH4 pop-wtd:		0.005%
SOx:			3.4e-12%
SOx pop-wtd:		0%
pSO4:			0.48%
pSO4 pop-wtd:		0.025%
NOx:			0.45%
NOx pop-wtd:		0.021%
pNO3:			0.62%
pNO3 pop-wtd:		0.023%
2023/07/26 16:52:24 iteration 27204  walltime= 0.137h  Δwalltime=0.01s  timestep=17s  day=5.31
2023/07/26 16:52:26 iteration 27513  walltime= 0.137h  Δwalltime=0.0075s  timestep=17s  day=5.37
2023/07/26 16:52:26 Adding grid cells...
2023/07/26 16:52:27 Added 0 grid cells; there are now 54411 cells total
2023/07/26 16:52:33 iteration 27564  walltime= 0.139h  Δwalltime= 6.9s  timestep=17s  day=5.38
2023/07/26 16:52:33 Percent change since last convergence check:
VOC:			0.25%
VOC pop-wtd:		0.0029%
SOA:			0.36%
SOA pop-wtd:		0.0032%
PrimaryPM25:		0.39%
PrimaryPM25 pop-wtd:	0.005%
NH3:			0.51%
NH3 pop-wtd:		0.003%
pNH4:			0.46%
pNH4 pop-wtd:		0.0046%
SOx:			2.6e-11%
SOx pop-wtd:		0%
pSO4:			0.45%
pSO4 pop-wtd:		0.023%
NOx:			0.42%
NOx pop-wtd:		0.019%
pNO3:			0.58%
pNO3 pop-wtd:		0.021%
2023/07/26 16:52:34 iteration 27677  walltime=  0.14h  Δwalltime=0.0066s  timestep=17s  day=5.41
2023/07/26 16:52:36 iteration 27990  walltime=  0.14h  Δwalltime=0.0072s  timestep=17s  day=5.47
2023/07/26 16:52:38 Adding grid cells...
2023/07/26 16:52:38 Added 0 grid cells; there are now 54411 cells total
2023/07/26 16:52:44 iteration 28205  walltime= 0.142h  Δwalltime= 6.3s  timestep=17s  day=5.51
2023/07/26 16:52:44 Percent change since last convergence check:
VOC:			0.23%
VOC pop-wtd:		0.0026%
SOA:			0.34%
SOA pop-wtd:		0.0028%
PrimaryPM25:		0.36%
PrimaryPM25 pop-wtd:	0.0045%
NH3:			0.47%
NH3 pop-wtd:		0.0027%
pNH4:			0.42%
pNH4 pop-wtd:		0.0042%
SOx:			1.6e-11%
SOx pop-wtd:		0%
pSO4:			0.42%
pSO4 pop-wtd:		0.021%
NOx:			0.39%
NOx pop-wtd:		0.018%
pNO3:			0.54%
pNO3 pop-wtd:		0.02%
2023/07/26 16:52:44 iteration 28258  walltime= 0.142h  Δwalltime=0.014s  timestep=17s  day=5.52
2023/07/26 16:52:46 iteration 28567  walltime= 0.143h  Δwalltime=0.0084s  timestep=17s  day=5.58
2023/07/26 16:52:48 Adding grid cells...
2023/07/26 16:52:48 Added 3 grid cells; there are now 54414 cells total
2023/07/26 16:52:54 iteration 28846  walltime= 0.145h  Δwalltime= 5.6s  timestep=17s  day=5.63
2023/07/26 16:52:54 Percent change since last convergence check:
VOC:			0.21%
VOC pop-wtd:		0.0023%
SOA:			0.31%
SOA pop-wtd:		0.0025%
PrimaryPM25:		0.33%
PrimaryPM25 pop-wtd:	0.004%
NH3:			0.43%
NH3 pop-wtd:		0.0025%
pNH4:			0.39%
pNH4 pop-wtd:		0.0038%
SOx:			2.6e-12%
SOx pop-wtd:		0%
pSO4:			0.39%
pSO4 pop-wtd:		0.019%
NOx:			0.36%
NOx pop-wtd:		0.016%
pNO3:			0.5%
pNO3 pop-wtd:		0.018%
2023/07/26 16:52:54 iteration 28919  walltime= 0.145h  Δwalltime=0.0066s  timestep=17s  day=5.65
2023/07/26 16:52:56 iteration 29229  walltime= 0.146h  Δwalltime=0.0066s  timestep=17s  day=5.71
2023/07/26 16:52:58 Adding grid cells...
2023/07/26 16:52:58 Added 9 grid cells; there are now 54423 cells total
2023/07/26 16:53:03 iteration 29487  walltime= 0.148h  Δwalltime= 5.6s  timestep=17s  day=5.76
2023/07/26 16:53:03 Percent change since last convergence check:
VOC:			0.19%
VOC pop-wtd:		0.002%
SOA:			0.29%
SOA pop-wtd:		0.0022%
PrimaryPM25:		0.31%
PrimaryPM25 pop-wtd:	0.0036%
NH3:			0.4%
NH3 pop-wtd:		0.0023%
pNH4:			0.36%
pNH4 pop-wtd:		0.0035%
SOx:			7.3e-13%
SOx pop-wtd:		0%
pSO4:			0.37%
pSO4 pop-wtd:		0.018%
NOx:			0.34%
NOx pop-wtd:		0.015%
pNO3:			0.47%
pNO3 pop-wtd:		0.016%
2023/07/26 16:53:04 iteration 29560  walltime= 0.148h  Δwalltime=0.0072s  timestep=17s  day=5.77
2023/07/26 16:53:06 iteration 29789  walltime= 0.148h  Δwalltime=0.0069s  timestep=17s  day=5.82
2023/07/26 16:53:08 iteration 30100  walltime= 0.149h  Δwalltime=0.0068s  timestep=17s  day=5.88
2023/07/26 16:53:08 Adding grid cells...
2023/07/26 16:53:08 Added 3 grid cells; there are now 54426 cells total
2023/07/26 16:53:15 Percent change since last convergence check:
VOC:			0.18%
VOC pop-wtd:		0.0018%
SOA:			0.27%
SOA pop-wtd:		0.002%
PrimaryPM25:		0.29%
PrimaryPM25 pop-wtd:	0.0032%
NH3:			0.37%
NH3 pop-wtd:		0.0021%
pNH4:			0.34%
pNH4 pop-wtd:		0.0032%
SOx:			2.8e-13%
SOx pop-wtd:		0%
pSO4:			0.34%
pSO4 pop-wtd:		0.016%
NOx:			0.31%
NOx pop-wtd:		0.014%
pNO3:			0.43%
pNO3 pop-wtd:		0.015%
2023/07/26 16:53:15 iteration 30128  walltime= 0.151h  Δwalltime= 6.6s  timestep=17s  day=5.88
2023/07/26 16:53:16 iteration 30318  walltime= 0.151h  Δwalltime=0.0084s  timestep=17s  day=5.92
2023/07/26 16:53:18 iteration 30616  walltime= 0.152h  Δwalltime=0.011s  timestep=17s  day=5.98
2023/07/26 16:53:19 Adding grid cells...
2023/07/26 16:53:19 Added 0 grid cells; there are now 54426 cells total
2023/07/26 16:53:26 iteration 30769  walltime= 0.154h  Δwalltime= 6.6s  timestep=17s  day=6.01
2023/07/26 16:53:26 Percent change since last convergence check:
VOC:			0.16%
VOC pop-wtd:		0.0016%
SOA:			0.25%
SOA pop-wtd:		0.0017%
PrimaryPM25:		0.27%
PrimaryPM25 pop-wtd:	0.0029%
NH3:			0.34%
NH3 pop-wtd:		0.0019%
pNH4:			0.31%
pNH4 pop-wtd:		0.0029%
SOx:			2.8e-14%
SOx pop-wtd:		0%
pSO4:			0.32%
pSO4 pop-wtd:		0.015%
NOx:			0.29%
NOx pop-wtd:		0.012%
pNO3:			0.4%
pNO3 pop-wtd:		0.014%
2023/07/26 16:53:26 iteration 30818  walltime= 0.154h  Δwalltime=0.0072s  timestep=17s  day=6.02
2023/07/26 16:53:28 iteration 31129  walltime= 0.155h  Δwalltime=0.0067s  timestep=17s  day=6.08
2023/07/26 16:53:30 Adding grid cells...
2023/07/26 16:53:30 Added 6 grid cells; there are now 54432 cells total
2023/07/26 16:53:37 iteration 31410  walltime= 0.157h  Δwalltime= 6.7s  timestep=17s  day=6.13
2023/07/26 16:53:37 Percent change since last convergence check:
VOC:			0.15%
VOC pop-wtd:		0.0014%
SOA:			0.23%
SOA pop-wtd:		0.0016%
PrimaryPM25:		0.25%
PrimaryPM25 pop-wtd:	0.0026%
NH3:			0.32%
NH3 pop-wtd:		0.0017%
pNH4:			0.29%
pNH4 pop-wtd:		0.0026%
SOx:			0%
SOx pop-wtd:		0%
pSO4:			0.3%
pSO4 pop-wtd:		0.014%
NOx:			0.27%
NOx pop-wtd:		0.011%
pNO3:			0.38%
pNO3 pop-wtd:		0.013%
2023/07/26 16:53:38 iteration 31638  walltime= 0.157h  Δwalltime=0.0068s  timestep=17s  day=6.18
2023/07/26 16:53:40 iteration 31951  walltime= 0.158h  Δwalltime=0.0071s  timestep=17s  day=6.24
2023/07/26 16:53:41 Adding grid cells...
2023/07/26 16:53:41 Added 0 grid cells; there are now 54432 cells total
2023/07/26 16:53:47 Percent change since last convergence check:
VOC:			0.14%
VOC pop-wtd:		0.0013%
SOA:			0.21%
SOA pop-wtd:		0.0014%
PrimaryPM25:		0.23%
PrimaryPM25 pop-wtd:	0.0023%
NH3:			0.29%
NH3 pop-wtd:		0.0016%
pNH4:			0.27%
pNH4 pop-wtd:		0.0024%
SOx:			5e-13%
SOx pop-wtd:		0%
pSO4:			0.28%
pSO4 pop-wtd:		0.013%
NOx:			0.25%
NOx pop-wtd:		0.011%
pNO3:			0.35%
pNO3 pop-wtd:		0.012%
2023/07/26 16:53:48 iteration 32051  walltime=  0.16h  Δwalltime= 6.7s  timestep=17s  day=6.26
2023/07/26 16:53:48 iteration 32138  walltime=  0.16h  Δwalltime=0.0093s  timestep=17s  day=6.28
2023/07/26 16:53:50 iteration 32431  walltime= 0.161h  Δwalltime=0.0066s  timestep=17s  day=6.33
2023/07/26 16:53:52 Adding grid cells...
2023/07/26 16:53:52 Added 0 grid cells; there are now 54432 cells total
2023/07/26 16:53:58 iteration 32692  walltime= 0.163h  Δwalltime= 6.6s  timestep=17s  day=6.38
2023/07/26 16:53:58 Percent change since last convergence check:
VOC:			0.13%
VOC pop-wtd:		0.0011%
SOA:			0.19%
SOA pop-wtd:		0.0012%
PrimaryPM25:		0.21%
PrimaryPM25 pop-wtd:	0.0021%
NH3:			0.27%
NH3 pop-wtd:		0.0014%
pNH4:			0.25%
pNH4 pop-wtd:		0.0022%
SOx:			2.2e-13%
SOx pop-wtd:		0%
pSO4:			0.26%
pSO4 pop-wtd:		0.012%
NOx:			0.23%
NOx pop-wtd:		0.0096%
pNO3:			0.33%
pNO3 pop-wtd:		0.011%
2023/07/26 16:54:00 iteration 32957  walltime= 0.163h  Δwalltime=0.0069s  timestep=17s  day=6.44
2023/07/26 16:54:02 iteration 33260  walltime= 0.164h  Δwalltime=0.0064s  timestep=17s  day=6.5
2023/07/26 16:54:03 Adding grid cells...
2023/07/26 16:54:03 Added 3 grid cells; there are now 54435 cells total
2023/07/26 16:54:08 Percent change since last convergence check:
VOC:			0.12%
VOC pop-wtd:		0.001%
SOA:			0.18%
SOA pop-wtd:		0.0011%
PrimaryPM25:		0.2%
PrimaryPM25 pop-wtd:	0.0019%
NH3:			0.25%
NH3 pop-wtd:		0.0013%
pNH4:			0.23%
pNH4 pop-wtd:		0.002%
SOx:			5.6e-14%
SOx pop-wtd:		0%
pSO4:			0.25%
pSO4 pop-wtd:		0.011%
NOx:			0.22%
NOx pop-wtd:		0.0088%
pNO3:			0.3%
pNO3 pop-wtd:		0.0098%
2023/07/26 16:54:08 iteration 33333  walltime= 0.166h  Δwalltime= 5.8s  timestep=17s  day=6.51
2023/07/26 16:54:10 iteration 33591  walltime= 0.166h  Δwalltime=0.0064s  timestep=17s  day=6.56
2023/07/26 16:54:12 iteration 33891  walltime= 0.167h  Δwalltime=0.0079s  timestep=17s  day=6.62
2023/07/26 16:54:13 Adding grid cells...
2023/07/26 16:54:13 Added 0 grid cells; there are now 54435 cells total
2023/07/26 16:54:18 Percent change since last convergence check:
VOC:			0.11%
VOC pop-wtd:		0.00089%
SOA:			0.17%
SOA pop-wtd:		0.00097%
PrimaryPM25:		0.18%
PrimaryPM25 pop-wtd:	0.0017%
NH3:			0.23%
NH3 pop-wtd:		0.0012%
pNH4:			0.21%
pNH4 pop-wtd:		0.0018%
SOx:			2.5e-13%
SOx pop-wtd:		0%
pSO4:			0.23%
pSO4 pop-wtd:		0.0098%
NOx:			0.2%
NOx pop-wtd:		0.0081%
pNO3:			0.28%
pNO3 pop-wtd:		0.009%
2023/07/26 16:54:18 iteration 33974  walltime= 0.168h  Δwalltime= 5.6s  timestep=17s  day=6.64
2023/07/26 16:54:20 iteration 34261  walltime= 0.169h  Δwalltime=0.0064s  timestep=17s  day=6.69
2023/07/26 16:54:22 iteration 34569  walltime=  0.17h  Δwalltime=0.007s  timestep=17s  day=6.75
2023/07/26 16:54:22 Adding grid cells...
2023/07/26 16:54:23 Added 3 grid cells; there are now 54438 cells total
2023/07/26 16:54:29 iteration 34615  walltime= 0.171h  Δwalltime= 6.4s  timestep=17s  day=6.76
2023/07/26 16:54:29 Percent change since last convergence check:
VOC:			0.098%
VOC pop-wtd:		0.00079%
SOA:			0.15%
SOA pop-wtd:		0.00087%
PrimaryPM25:		0.17%
PrimaryPM25 pop-wtd:	0.0015%
NH3:			0.21%
NH3 pop-wtd:		0.0011%
pNH4:			0.19%
pNH4 pop-wtd:		0.0017%
SOx:			1.3e-13%
SOx pop-wtd:		0%
pSO4:			0.22%
pSO4 pop-wtd:		0.009%
NOx:			0.19%
NOx pop-wtd:		0.0075%
pNO3:			0.26%
pNO3 pop-wtd:		0.0082%
2023/07/26 16:54:30 iteration 34823  walltime= 0.172h  Δwalltime=0.0074s  timestep=17s  day=6.8
2023/07/26 16:54:32 iteration 35128  walltime= 0.172h  Δwalltime=0.0062s  timestep=17s  day=6.86
2023/07/26 16:54:34 Adding grid cells...
2023/07/26 16:54:34 Added 3 grid cells; there are now 54441 cells total
2023/07/26 16:54:40 Percent change since last convergence check:
VOC:			0.09%
VOC pop-wtd:		0.00071%
SOA:			0.14%
SOA pop-wtd:		0.00077%
PrimaryPM25:		0.16%
PrimaryPM25 pop-wtd:	0.0014%
NH3:			0.2%
NH3 pop-wtd:		0.00098%
pNH4:			0.18%
pNH4 pop-wtd:		0.0015%
SOx:			9.8e-14%
SOx pop-wtd:		0%
pSO4:			0.2%
pSO4 pop-wtd:		0.0083%
NOx:			0.17%
NOx pop-wtd:		0.0068%
pNO3:			0.25%
pNO3 pop-wtd:		0.0076%
2023/07/26 16:54:40 iteration 35256  walltime= 0.175h  Δwalltime= 6.8s  timestep=17s  day=6.89
2023/07/26 16:54:42 iteration 35513  walltime= 0.175h  Δwalltime=0.0074s  timestep=17s  day=6.94
2023/07/26 16:54:44 iteration 35824  walltime= 0.176h  Δwalltime=0.0066s  timestep=17s  day=7
2023/07/26 16:54:45 Adding grid cells...
2023/07/26 16:54:45 Added 0 grid cells; there are now 54441 cells total
2023/07/26 16:54:51 iteration 35897  walltime= 0.178h  Δwalltime= 6.4s  timestep=17s  day=7.01
2023/07/26 16:54:51 Percent change since last convergence check:
VOC:			0.083%
VOC pop-wtd:		0.00063%
SOA:			0.13%
SOA pop-wtd:		0.00069%
PrimaryPM25:		0.15%
PrimaryPM25 pop-wtd:	0.0012%
NH3:			0.18%
NH3 pop-wtd:		0.00089%
pNH4:			0.17%
pNH4 pop-wtd:		0.0014%
SOx:			1.4e-13%
SOx pop-wtd:		0%
pSO4:			0.19%
pSO4 pop-wtd:		0.0076%
NOx:			0.16%
NOx pop-wtd:		0.0063%
pNO3:			0.23%
pNO3 pop-wtd:		0.0069%
2023/07/26 16:54:52 iteration 36071  walltime= 0.178h  Δwalltime=0.0065s  timestep=17s  day=7.04
2023/07/26 16:54:54 iteration 36364  walltime= 0.178h  Δwalltime=0.0087s  timestep=17s  day=7.1
2023/07/26 16:54:55 Adding grid cells...
2023/07/26 16:54:55 Added 0 grid cells; there are now 54441 cells total
2023/07/26 16:55:02 iteration 36538  walltime= 0.181h  Δwalltime= 6.7s  timestep=17s  day=7.14
2023/07/26 16:55:02 Percent change since last convergence check:
VOC:			0.077%
VOC pop-wtd:		0.00056%
SOA:			0.12%
SOA pop-wtd:		0.00061%
PrimaryPM25:		0.14%
PrimaryPM25 pop-wtd:	0.0011%
NH3:			0.17%
NH3 pop-wtd:		0.00082%
pNH4:			0.15%
pNH4 pop-wtd:		0.0013%
SOx:			1.4e-14%
SOx pop-wtd:		0%
pSO4:			0.18%
pSO4 pop-wtd:		0.0071%
NOx:			0.15%
NOx pop-wtd:		0.0058%
pNO3:			0.21%
pNO3 pop-wtd:		0.0064%
2023/07/26 16:55:02 iteration 36556  walltime= 0.181h  Δwalltime=0.0064s  timestep=17s  day=7.14
2023/07/26 16:55:04 iteration 36846  walltime= 0.181h  Δwalltime=0.011s  timestep=17s  day=7.2
2023/07/26 16:55:06 iteration 37156  walltime= 0.182h  Δwalltime=0.0066s  timestep=17s  day=7.26
2023/07/26 16:55:06 Adding grid cells...
2023/07/26 16:55:06 Added 0 grid cells; there are now 54441 cells total
2023/07/26 16:55:13 iteration 37179  walltime= 0.184h  Δwalltime= 6.6s  timestep=17s  day=7.26
2023/07/26 16:55:13 Percent change since last convergence check:
VOC:			0.071%
VOC pop-wtd:		0.0005%
SOA:			0.11%
SOA pop-wtd:		0.00055%
PrimaryPM25:		0.13%
PrimaryPM25 pop-wtd:	0.001%
NH3:			0.16%
NH3 pop-wtd:		0.00074%
pNH4:			0.14%
pNH4 pop-wtd:		0.0012%
SOx:			1.4e-14%
SOx pop-wtd:		0%
pSO4:			0.16%
pSO4 pop-wtd:		0.0065%
NOx:			0.14%
NOx pop-wtd:		0.0053%
pNO3:			0.2%
pNO3 pop-wtd:		0.0058%
2023/07/26 16:55:14 iteration 37327  walltime= 0.184h  Δwalltime=0.0067s  timestep=17s  day=7.29
2023/07/26 16:55:16 iteration 37635  walltime= 0.185h  Δwalltime=0.0095s  timestep=17s  day=7.35
2023/07/26 16:55:17 Adding grid cells...
2023/07/26 16:55:17 Added 0 grid cells; there are now 54441 cells total
2023/07/26 16:55:23 Percent change since last convergence check:
VOC:			0.065%
VOC pop-wtd:		0.00045%
SOA:			0.1%
SOA pop-wtd:		0.00049%
PrimaryPM25:		0.12%
PrimaryPM25 pop-wtd:	0.00092%
NH3:			0.14%
NH3 pop-wtd:		0.00068%
pNH4:			0.13%
pNH4 pop-wtd:		0.0011%
SOx:			0%
SOx pop-wtd:		0%
pSO4:			0.15%
pSO4 pop-wtd:		0.006%
NOx:			0.13%
NOx pop-wtd:		0.0049%
pNO3:			0.18%
pNO3 pop-wtd:		0.0054%
2023/07/26 16:55:23 iteration 37820  walltime= 0.186h  Δwalltime= 5.6s  timestep=17s  day=7.39
2023/07/26 16:55:24 iteration 37998  walltime= 0.187h  Δwalltime=0.0069s  timestep=17s  day=7.42
2023/07/26 16:55:26 iteration 38310  walltime= 0.187h  Δwalltime=0.0067s  timestep=17s  day=7.48
2023/07/26 16:55:27 Adding grid cells...
2023/07/26 16:55:27 Added 0 grid cells; there are now 54441 cells total
2023/07/26 16:55:33 Percent change since last convergence check:
VOC:			0.06%
VOC pop-wtd:		0.0004%
SOA:			0.095%
SOA pop-wtd:		0.00044%
PrimaryPM25:		0.11%
PrimaryPM25 pop-wtd:	0.00083%
NH3:			0.13%
NH3 pop-wtd:		0.00062%
pNH4:			0.12%
pNH4 pop-wtd:		0.00096%
SOx:			0%
SOx pop-wtd:		0%
pSO4:			0.14%
pSO4 pop-wtd:		0.0055%
NOx:			0.12%
NOx pop-wtd:		0.0045%
pNO3:			0.17%
pNO3 pop-wtd:		0.0049%
2023/07/26 16:55:33 iteration 38461  walltime= 0.189h  Δwalltime= 5.7s  timestep=17s  day=7.51
2023/07/26 16:55:34 iteration 38661  walltime=  0.19h  Δwalltime=0.0088s  timestep=17s  day=7.55
2023/07/26 16:55:36 iteration 38971  walltime=  0.19h  Δwalltime=0.0066s  timestep=17s  day=7.61
2023/07/26 16:55:37 Adding grid cells...
2023/07/26 16:55:37 Added 0 grid cells; there are now 54441 cells total
2023/07/26 16:55:43 iteration 39102  walltime= 0.192h  Δwalltime= 6.2s  timestep=17s  day=7.64
2023/07/26 16:55:43 Percent change since last convergence check:
VOC:			0.055%
VOC pop-wtd:		0.00036%
SOA:			0.088%
SOA pop-wtd:		0.00039%
PrimaryPM25:		0.1%
PrimaryPM25 pop-wtd:	0.00075%
NH3:			0.12%
NH3 pop-wtd:		0.00056%
pNH4:			0.11%
pNH4 pop-wtd:		0.00088%
SOx:			0%
SOx pop-wtd:		0%
pSO4:			0.13%
pSO4 pop-wtd:		0.0051%
NOx:			0.11%
NOx pop-wtd:		0.0041%
pNO3:			0.16%
pNO3 pop-wtd:		0.0045%
2023/07/26 16:55:44 iteration 39246  walltime= 0.192h  Δwalltime=0.0066s  timestep=17s  day=7.66
2023/07/26 16:55:46 iteration 39555  walltime= 0.193h  Δwalltime=0.0067s  timestep=17s  day=7.73
2023/07/26 16:55:47 Adding grid cells...
2023/07/26 16:55:47 Added 0 grid cells; there are now 54441 cells total
2023/07/26 16:55:54 iteration 39743  walltime= 0.195h  Δwalltime= 6.7s  timestep=17s  day=7.76
2023/07/26 16:55:54 Percent change since last convergence check:
VOC:			0.051%
VOC pop-wtd:		0.00032%
SOA:			0.082%
SOA pop-wtd:		0.00035%
PrimaryPM25:		0.094%
PrimaryPM25 pop-wtd:	0.00068%
NH3:			0.11%
NH3 pop-wtd:		0.00051%
pNH4:			0.1%
pNH4 pop-wtd:		0.0008%
SOx:			0%
SOx pop-wtd:		0%
pSO4:			0.13%
pSO4 pop-wtd:		0.0047%
NOx:			0.1%
NOx pop-wtd:		0.0038%
pNO3:			0.15%
pNO3 pop-wtd:		0.0042%
2023/07/26 16:55:54 iteration 39762  walltime= 0.195h  Δwalltime=0.0065s  timestep=17s  day=7.77
2023/07/26 16:55:56 iteration 40074  walltime= 0.196h  Δwalltime=0.0072s  timestep=17s  day=7.83
2023/07/26 16:55:58 Adding grid cells...
2023/07/26 16:55:58 Added 0 grid cells; there are now 54441 cells total
2023/07/26 16:56:05 iteration 40384  walltime= 0.198h  Δwalltime= 6.4s  timestep=17s  day=7.89
2023/07/26 16:56:05 Percent change since last convergence check:
VOC:			0.047%
VOC pop-wtd:		0.00029%
SOA:			0.076%
SOA pop-wtd:		0.00031%
PrimaryPM25:		0.088%
PrimaryPM25 pop-wtd:	0.00061%
NH3:			0.11%
NH3 pop-wtd:		0.00047%
pNH4:			0.097%
pNH4 pop-wtd:		0.00073%
SOx:			0%
SOx pop-wtd:		0%
pSO4:			0.12%
pSO4 pop-wtd:		0.0044%
NOx:			0.097%
NOx pop-wtd:		0.0035%
pNO3:			0.14%
pNO3 pop-wtd:		0.0038%
2023/07/26 16:56:06 iteration 40602  walltime= 0.198h  Δwalltime=0.0064s  timestep=17s  day=7.93
2023/07/26 16:56:08 iteration 40906  walltime= 0.199h  Δwalltime=0.0067s  timestep=17s  day=7.99
2023/07/26 16:56:09 Adding grid cells...
2023/07/26 16:56:09 Added 0 grid cells; there are now 54441 cells total
2023/07/26 16:56:16 iteration 41025  walltime= 0.201h  Δwalltime= 6.9s  timestep=17s  day=8.01
2023/07/26 16:56:16 Percent change since last convergence check:
VOC:			0.043%
VOC pop-wtd:		0.00026%
SOA:			0.07%
SOA pop-wtd:		0.00028%
PrimaryPM25:		0.082%
PrimaryPM25 pop-wtd:	0.00055%
NH3:			0.097%
NH3 pop-wtd:		0.00042%
pNH4:			0.09%
pNH4 pop-wtd:		0.00067%
SOx:			0%
SOx pop-wtd:		0%
pSO4:			0.11%
pSO4 pop-wtd:		0.004%
NOx:			0.09%
NOx pop-wtd:		0.0032%
pNO3:			0.13%
pNO3 pop-wtd:		0.0035%
2023/07/26 16:56:16 iteration 41055  walltime= 0.201h  Δwalltime=0.0072s  timestep=17s  day=8.02
2023/07/26 16:56:18 iteration 41355  walltime= 0.202h  Δwalltime=0.011s  timestep=17s  day=8.08
2023/07/26 16:56:20 iteration 41641  walltime= 0.202h  Δwalltime=0.0067s  timestep=17s  day=8.13
2023/07/26 16:56:20 Adding grid cells...
2023/07/26 16:56:20 Added 0 grid cells; there are now 54441 cells total
2023/07/26 16:56:27 Percent change since last convergence check:
VOC:			0.04%
VOC pop-wtd:		0.00023%
SOA:			0.065%
SOA pop-wtd:		0.00025%
PrimaryPM25:		0.076%
PrimaryPM25 pop-wtd:	0.0005%
NH3:			0.09%
NH3 pop-wtd:		0.00039%
pNH4:			0.083%
pNH4 pop-wtd:		0.00061%
SOx:			0%
SOx pop-wtd:		0%
pSO4:			0.1%
pSO4 pop-wtd:		0.0037%
NOx:			0.083%
NOx pop-wtd:		0.0029%
pNO3:			0.12%
pNO3 pop-wtd:		0.0032%
2023/07/26 16:56:27 iteration 41666  walltime= 0.204h  Δwalltime= 6.7s  timestep=17s  day=8.14
2023/07/26 16:56:28 iteration 41825  walltime= 0.205h  Δwalltime=0.0068s  timestep=17s  day=8.17
2023/07/26 16:56:30 iteration 42138  walltime= 0.205h  Δwalltime=0.0072s  timestep=17s  day=8.23
2023/07/26 16:56:31 Adding grid cells...
2023/07/26 16:56:31 Added 0 grid cells; there are now 54441 cells total
2023/07/26 16:56:37 iteration 42307  walltime= 0.207h  Δwalltime= 5.7s  timestep=17s  day=8.26
2023/07/26 16:56:37 Percent change since last convergence check:
VOC:			0.037%
VOC pop-wtd:		0.0002%
SOA:			0.06%
SOA pop-wtd:		0.00022%
PrimaryPM25:		0.07%
PrimaryPM25 pop-wtd:	0.00045%
NH3:			0.083%
NH3 pop-wtd:		0.00035%
pNH4:			0.077%
pNH4 pop-wtd:		0.00055%
SOx:			0%
SOx pop-wtd:		0%
pSO4:			0.096%
pSO4 pop-wtd:		0.0035%
NOx:			0.077%
NOx pop-wtd:		0.0027%
pNO3:			0.11%
pNO3 pop-wtd:		0.003%
2023/07/26 16:56:38 iteration 42495  walltime= 0.207h  Δwalltime=0.0064s  timestep=17s  day=8.3
2023/07/26 16:56:40 iteration 42800  walltime= 0.208h  Δwalltime=0.0064s  timestep=17s  day=8.36
2023/07/26 16:56:41 Adding grid cells...
2023/07/26 16:56:41 Added 3 grid cells; there are now 54444 cells total
2023/07/26 16:56:47 Percent change since last convergence check:
VOC:			0.034%
VOC pop-wtd:		0.00018%
SOA:			0.055%
SOA pop-wtd:		0.0002%
PrimaryPM25:		0.065%
PrimaryPM25 pop-wtd:	0.00041%
NH3:			0.077%
NH3 pop-wtd:		0.00032%
pNH4:			0.071%
pNH4 pop-wtd:		0.0005%
SOx:			1.4e-14%
SOx pop-wtd:		0%
pSO4:			0.09%
pSO4 pop-wtd:		0.0032%
NOx:			0.072%
NOx pop-wtd:		0.0025%
pNO3:			0.1%
pNO3 pop-wtd:		0.0027%
2023/07/26 16:56:47 iteration 42948  walltime=  0.21h  Δwalltime= 5.7s  timestep=17s  day=8.39
2023/07/26 16:56:48 iteration 43145  walltime=  0.21h  Δwalltime=0.011s  timestep=17s  day=8.43
2023/07/26 16:56:50 iteration 43451  walltime= 0.211h  Δwalltime=0.0068s  timestep=17s  day=8.49
2023/07/26 16:56:51 Adding grid cells...
2023/07/26 16:56:51 Added 3 grid cells; there are now 54447 cells total
2023/07/26 16:56:57 Percent change since last convergence check:
VOC:			0.031%
VOC pop-wtd:		0.00016%
SOA:			0.051%
SOA pop-wtd:		0.00018%
PrimaryPM25:		0.061%
PrimaryPM25 pop-wtd:	0.00037%
NH3:			0.071%
NH3 pop-wtd:		0.00029%
pNH4:			0.066%
pNH4 pop-wtd:		0.00046%
SOx:			0%
SOx pop-wtd:		0%
pSO4:			0.084%
pSO4 pop-wtd:		0.003%
NOx:			0.067%
NOx pop-wtd:		0.0023%
pNO3:			0.097%
pNO3 pop-wtd:		0.0025%
2023/07/26 16:57:02 Elapsed time: 0.353451 hours
