2023/07/12 18:26:44 Parsing output variable expressions...
2023/07/12 18:26:44 Loading emissions shapefile: /home/tfmrodge/scratch/GEMMACH_data/data/Inmap_outputs/Emissions/Emissions_shp/NPRI/NPRI_ground_211.shp.
2023/07/12 18:26:44 Loading emissions shapefile: /home/tfmrodge/scratch/GEMMACH_data/data/Inmap_outputs/Emissions/Emissions_shp/NPRI/NPRI_stack_211.shp.
2023/07/12 18:26:44 Loading CTM data...
2023/07/12 18:26:44 Reading input data...
2023/07/12 18:32:39 Loading population and mortality rate data...
2023/07/12 18:33:21 Initializing model...
2023/07/12 18:33:41 Emission totals:
2023/07/12 18:33:41 gOrg, 0 μg/s
2023/07/12 18:33:41 pOrg, 0 μg/s
2023/07/12 18:33:41 PM2_5, 0 μg/s
2023/07/12 18:33:41 gNH, 0 μg/s
2023/07/12 18:33:41 pNH, 0 μg/s
2023/07/12 18:33:41 gS, 0 μg/s
2023/07/12 18:33:41 pS, 0 μg/s
2023/07/12 18:33:41 gNO, 0 μg/s
2023/07/12 18:33:41 pNO, 0 μg/s
2023/07/12 18:33:41 iteration 1     walltime=0.00547h  Δwalltime=  20s  timestep=20s  day=0.000235
2023/07/12 18:33:42 iteration 45    walltime=0.00562h  Δwalltime=0.012s  timestep=20s  day=0.0106
2023/07/12 18:33:44 iteration 204   walltime=0.00618h  Δwalltime=0.012s  timestep=20s  day=0.048
2023/07/12 18:33:46 iteration 355   walltime=0.00673h  Δwalltime=0.012s  timestep=20s  day=0.0836
2023/07/12 18:33:48 iteration 516   walltime=0.00729h  Δwalltime=0.012s  timestep=20s  day=0.121
2023/07/12 18:33:48 Adding grid cells...
2023/07/12 18:33:48 Added 0 grid cells; there are now 102564 cells total
2023/07/12 18:33:48 Percent change since last convergence check:
VOC:			NaN%
VOC pop-wtd:		NaN%
SOA:			NaN%
SOA pop-wtd:		NaN%
PrimaryPM25:		NaN%
PrimaryPM25 pop-wtd:	NaN%
NH3:			NaN%
NH3 pop-wtd:		NaN%
pNH4:			NaN%
pNH4 pop-wtd:		NaN%
SOx:			NaN%
SOx pop-wtd:		NaN%
pSO4:			NaN%
pSO4 pop-wtd:		NaN%
NOx:			NaN%
NOx pop-wtd:		NaN%
pNO3:			NaN%
pNO3 pop-wtd:		NaN%
2023/07/12 18:33:50 Elapsed time: 0.118546 hours
