2023/07/25 15:15:30 Parsing output variable expressions...
2023/07/25 15:15:30 Loading emissions shapefile: /home/tfmrodge/scratch/GEMMACH_data/data/Inmap_outputs/Emissions/Emissions_shp/BASEGM_2015_E010_area_lcc2.shp.
2023/07/25 15:16:19 Loading emissions shapefile: /home/tfmrodge/scratch/GEMMACH_data/data/Inmap_outputs/Emissions/Emissions_shp/BASEGM_2015_E010_major_lcc2.shp.
2023/07/25 15:16:55 Loading CTM data...
2023/07/25 15:16:55 Reading input data...
2023/07/25 15:22:50 Loading population and mortality rate data...
2023/07/25 15:23:34 Initializing model...
2023/07/25 15:26:24 Emission totals:
2023/07/25 15:26:24 gOrg, 2.375022239154093e+14 μg/s
2023/07/25 15:26:24 pOrg, 0 μg/s
2023/07/25 15:26:24 PM2_5, 7.958608612867944e+13 μg/s
2023/07/25 15:26:24 gNH, 2.600087194567244e+13 μg/s
2023/07/25 15:26:24 pNH, 0 μg/s
2023/07/25 15:26:24 gS, 4.722733762450503e+13 μg/s
2023/07/25 15:26:24 pS, 0 μg/s
2023/07/25 15:26:24 gNO, 6.358685566473755e+13 μg/s
2023/07/25 15:26:24 pNO, 0 μg/s
2023/07/25 15:26:24 iteration 1     walltime=0.0471h  Δwalltime=1.7e+02s  timestep= 6s  day=7.07e-05
2023/07/25 15:26:26 iteration 207   walltime=0.0476h  Δwalltime=0.0061s  timestep= 6s  day=0.0146
2023/07/25 15:26:28 iteration 514   walltime=0.0481h  Δwalltime=0.0092s  timestep= 6s  day=0.0364
2023/07/25 15:26:30 iteration 831   walltime=0.0487h  Δwalltime=0.0061s  timestep= 6s  day=0.0588
2023/07/25 15:26:32 iteration 1139  walltime=0.0492h  Δwalltime=0.0062s  timestep= 6s  day=0.0806
2023/07/25 15:26:34 iteration 1461  walltime=0.0498h  Δwalltime=0.0084s  timestep= 6s  day=0.103
2023/07/25 15:26:36 Adding grid cells...
2023/07/25 15:26:36 Added 0 grid cells; there are now 52500 cells total
2023/07/25 15:26:41 Percent change since last convergence check:
VOC:			NaN%
VOC pop-wtd:		NaN%
SOA:			NaN%
SOA pop-wtd:		NaN%
PrimaryPM25:		NaN%
PrimaryPM25 pop-wtd:	NaN%
NH3:			NaN%
NH3 pop-wtd:		NaN%
pNH4:			NaN%
pNH4 pop-wtd:		NaN%
SOx:			NaN%
SOx pop-wtd:		NaN%
pSO4:			NaN%
pSO4 pop-wtd:		NaN%
NOx:			NaN%
NOx pop-wtd:		NaN%
pNO3:			NaN%
pNO3 pop-wtd:		NaN%
2023/07/25 15:26:46 Elapsed time: 0.188004 hours
