2023/07/25 19:18:22 Parsing output variable expressions...
2023/07/25 19:18:22 Loading emissions shapefile: /home/tfmrodge/scratch/GEMMACH_data/data/Inmap_outputs/Emissions/Emissions_shp/BASEGM_2015_E010_area_lcc2.shp.
2023/07/25 19:18:50 Loading emissions shapefile: /home/tfmrodge/scratch/GEMMACH_data/data/Inmap_outputs/Emissions/Emissions_shp/BASEGM_2015_E010_major_lcc2.shp.
2023/07/25 19:19:24 Loading CTM data...
2023/07/25 19:19:24 Reading input data...
2023/07/25 19:25:12 Loading population and mortality rate data...
2023/07/25 19:25:54 Initializing model...
2023/07/25 19:31:31 Emission totals:
2023/07/25 19:31:31 gOrg, NaN μg/s
2023/07/25 19:31:31 pOrg, 0 μg/s
2023/07/25 19:31:31 PM2_5, NaN μg/s
2023/07/25 19:31:31 gNH, NaN μg/s
2023/07/25 19:31:31 pNH, 0 μg/s
2023/07/25 19:31:31 gS, NaN μg/s
2023/07/25 19:31:31 pS, 0 μg/s
2023/07/25 19:31:31 gNO, NaN μg/s
2023/07/25 19:31:31 pNO, 0 μg/s
2023/07/25 19:31:31 iteration 1     walltime=0.0935h  Δwalltime=3.4e+02s  timestep= 0s  day=3.15e-06
2023/07/25 19:31:32 iteration 10    walltime=0.0938h  Δwalltime=0.12s  timestep= 0s  day=3.15e-05
2023/07/25 19:31:34 iteration 29    walltime=0.0944h  Δwalltime=0.085s  timestep= 0s  day=9.15e-05
2023/07/25 19:31:36 iteration 52    walltime=0.0949h  Δwalltime=0.088s  timestep= 0s  day=0.000164
2023/07/25 19:31:38 iteration 71    walltime=0.0955h  Δwalltime= 0.1s  timestep= 0s  day=0.000224
2023/07/25 19:31:40 iteration 87    walltime= 0.096h  Δwalltime=0.13s  timestep= 0s  day=0.000274
2023/07/25 19:31:42 iteration 106   walltime=0.0966h  Δwalltime=0.099s  timestep= 0s  day=0.000334
2023/07/25 19:31:44 iteration 126   walltime=0.0972h  Δwalltime=0.15s  timestep= 0s  day=0.000397
2023/07/25 19:31:46 iteration 146   walltime=0.0977h  Δwalltime=0.089s  timestep= 0s  day=0.00046
2023/07/25 19:31:48 iteration 167   walltime=0.0983h  Δwalltime=0.086s  timestep= 0s  day=0.000527
2023/07/25 19:31:50 iteration 190   walltime=0.0988h  Δwalltime=0.12s  timestep= 0s  day=0.000599
2023/07/25 19:31:52 iteration 211   walltime=0.0994h  Δwalltime=0.13s  timestep= 0s  day=0.000665
2023/07/25 19:31:54 iteration 235   walltime=0.0999h  Δwalltime=0.083s  timestep= 0s  day=0.000741
2023/07/25 19:31:56 iteration 258   walltime=   0.1h  Δwalltime=0.083s  timestep= 0s  day=0.000814
2023/07/25 19:31:58 iteration 282   walltime= 0.101h  Δwalltime=0.084s  timestep= 0s  day=0.000889
2023/07/25 19:32:00 iteration 304   walltime= 0.102h  Δwalltime=0.085s  timestep= 0s  day=0.000959
2023/07/25 19:32:02 iteration 327   walltime= 0.102h  Δwalltime=0.084s  timestep= 0s  day=0.00103
2023/07/25 19:32:04 iteration 351   walltime= 0.103h  Δwalltime=0.082s  timestep= 0s  day=0.00111
2023/07/25 19:32:06 iteration 375   walltime= 0.103h  Δwalltime=0.083s  timestep= 0s  day=0.00118
2023/07/25 19:32:08 iteration 398   walltime= 0.104h  Δwalltime=0.084s  timestep= 0s  day=0.00126
2023/07/25 19:32:10 iteration 422   walltime= 0.104h  Δwalltime=0.084s  timestep= 0s  day=0.00133
2023/07/25 19:32:12 iteration 446   walltime= 0.105h  Δwalltime=0.083s  timestep= 0s  day=0.00141
2023/07/25 19:32:14 iteration 468   walltime= 0.105h  Δwalltime=0.084s  timestep= 0s  day=0.00148
2023/07/25 19:32:16 iteration 492   walltime= 0.106h  Δwalltime=0.083s  timestep= 0s  day=0.00155
2023/07/25 19:32:18 iteration 516   walltime= 0.107h  Δwalltime=0.083s  timestep= 0s  day=0.00163
2023/07/25 19:32:20 iteration 539   walltime= 0.107h  Δwalltime=0.084s  timestep= 0s  day=0.0017
2023/07/25 19:32:22 iteration 560   walltime= 0.108h  Δwalltime=0.12s  timestep= 0s  day=0.00177
2023/07/25 19:32:24 iteration 583   walltime= 0.108h  Δwalltime=0.083s  timestep= 0s  day=0.00184
2023/07/25 19:32:26 iteration 607   walltime= 0.109h  Δwalltime=0.082s  timestep= 0s  day=0.00191
2023/07/25 19:32:28 iteration 631   walltime= 0.109h  Δwalltime=0.083s  timestep= 0s  day=0.00199
2023/07/25 19:32:30 iteration 655   walltime=  0.11h  Δwalltime=0.084s  timestep= 0s  day=0.00207
2023/07/25 19:32:32 iteration 678   walltime=  0.11h  Δwalltime=0.083s  timestep= 0s  day=0.00214
2023/07/25 19:32:34 iteration 702   walltime= 0.111h  Δwalltime=0.084s  timestep= 0s  day=0.00221
2023/07/25 19:32:36 iteration 726   walltime= 0.112h  Δwalltime=0.083s  timestep= 0s  day=0.00229
2023/07/25 19:32:38 iteration 749   walltime= 0.112h  Δwalltime=0.084s  timestep= 0s  day=0.00236
2023/07/25 19:32:40 iteration 772   walltime= 0.113h  Δwalltime= 0.1s  timestep= 0s  day=0.00243
2023/07/25 19:32:42 iteration 796   walltime= 0.113h  Δwalltime=0.083s  timestep= 0s  day=0.00251
2023/07/25 19:32:44 iteration 820   walltime= 0.114h  Δwalltime=0.082s  timestep= 0s  day=0.00259
2023/07/25 19:32:46 iteration 844   walltime= 0.114h  Δwalltime=0.085s  timestep= 0s  day=0.00266
2023/07/25 19:32:48 iteration 867   walltime= 0.115h  Δwalltime=0.084s  timestep= 0s  day=0.00273
2023/07/25 19:32:50 iteration 891   walltime= 0.115h  Δwalltime=0.084s  timestep= 0s  day=0.00281
2023/07/25 19:32:52 iteration 913   walltime= 0.116h  Δwalltime=0.12s  timestep= 0s  day=0.00288
2023/07/25 19:32:54 iteration 936   walltime= 0.117h  Δwalltime=0.084s  timestep= 0s  day=0.00295
2023/07/25 19:32:56 iteration 958   walltime= 0.117h  Δwalltime=0.12s  timestep= 0s  day=0.00302
2023/07/25 19:32:58 iteration 980   walltime= 0.118h  Δwalltime=0.083s  timestep= 0s  day=0.00309
2023/07/25 19:33:00 iteration 1004  walltime= 0.118h  Δwalltime= 0.1s  timestep= 0s  day=0.00317
2023/07/25 19:33:02 iteration 1028  walltime= 0.119h  Δwalltime=0.085s  timestep= 0s  day=0.00324
2023/07/25 19:33:04 iteration 1051  walltime= 0.119h  Δwalltime=0.082s  timestep= 0s  day=0.00331
2023/07/25 19:33:06 iteration 1075  walltime=  0.12h  Δwalltime=0.089s  timestep= 0s  day=0.00339
2023/07/25 19:33:08 iteration 1098  walltime=  0.12h  Δwalltime=0.084s  timestep= 0s  day=0.00346
2023/07/25 19:33:10 iteration 1117  walltime= 0.121h  Δwalltime= 0.1s  timestep= 0s  day=0.00352
2023/07/25 19:33:12 iteration 1140  walltime= 0.122h  Δwalltime=0.085s  timestep= 0s  day=0.0036
2023/07/25 19:33:14 iteration 1163  walltime= 0.122h  Δwalltime=0.084s  timestep= 0s  day=0.00367
2023/07/25 19:33:16 iteration 1187  walltime= 0.123h  Δwalltime=0.086s  timestep= 0s  day=0.00374
2023/07/25 19:33:18 iteration 1210  walltime= 0.123h  Δwalltime=0.085s  timestep= 0s  day=0.00382
2023/07/25 19:33:20 iteration 1233  walltime= 0.124h  Δwalltime=0.084s  timestep= 0s  day=0.00389
2023/07/25 19:33:22 iteration 1255  walltime= 0.124h  Δwalltime=0.12s  timestep= 0s  day=0.00396
2023/07/25 19:33:24 iteration 1278  walltime= 0.125h  Δwalltime=0.083s  timestep= 0s  day=0.00403
2023/07/25 19:33:26 iteration 1302  walltime= 0.125h  Δwalltime=0.084s  timestep= 0s  day=0.00411
2023/07/25 19:33:28 iteration 1323  walltime= 0.126h  Δwalltime=0.19s  timestep= 0s  day=0.00417
2023/07/25 19:33:30 iteration 1339  walltime= 0.127h  Δwalltime=0.11s  timestep= 0s  day=0.00422
2023/07/25 19:33:32 iteration 1357  walltime= 0.127h  Δwalltime=0.11s  timestep= 0s  day=0.00428
2023/07/25 19:33:34 iteration 1375  walltime= 0.128h  Δwalltime=0.085s  timestep= 0s  day=0.00434
2023/07/25 19:33:36 iteration 1399  walltime= 0.128h  Δwalltime=0.094s  timestep= 0s  day=0.00441
2023/07/25 19:33:38 iteration 1422  walltime= 0.129h  Δwalltime=0.085s  timestep= 0s  day=0.00448
2023/07/25 19:33:40 iteration 1445  walltime= 0.129h  Δwalltime=0.083s  timestep= 0s  day=0.00456
2023/07/25 19:33:42 iteration 1468  walltime=  0.13h  Δwalltime=0.084s  timestep= 0s  day=0.00463
2023/07/25 19:33:44 iteration 1490  walltime=  0.13h  Δwalltime=0.085s  timestep= 0s  day=0.0047
2023/07/25 19:33:46 iteration 1514  walltime= 0.131h  Δwalltime=0.083s  timestep= 0s  day=0.00477
2023/07/25 19:33:48 iteration 1537  walltime= 0.132h  Δwalltime=0.085s  timestep= 0s  day=0.00485
2023/07/25 19:33:50 iteration 1561  walltime= 0.132h  Δwalltime=0.083s  timestep= 0s  day=0.00492
2023/07/25 19:33:52 iteration 1583  walltime= 0.133h  Δwalltime=0.14s  timestep= 0s  day=0.00499
2023/07/25 19:33:54 iteration 1606  walltime= 0.133h  Δwalltime=0.12s  timestep= 0s  day=0.00506
2023/07/25 19:33:56 iteration 1630  walltime= 0.134h  Δwalltime=0.087s  timestep= 0s  day=0.00514
2023/07/25 19:33:58 iteration 1654  walltime= 0.134h  Δwalltime=0.084s  timestep= 0s  day=0.00522
2023/07/25 19:34:00 iteration 1673  walltime= 0.135h  Δwalltime=0.089s  timestep= 0s  day=0.00528
2023/07/25 19:34:02 iteration 1696  walltime= 0.135h  Δwalltime=0.086s  timestep= 0s  day=0.00535
2023/07/25 19:34:04 iteration 1719  walltime= 0.136h  Δwalltime=0.086s  timestep= 0s  day=0.00542
2023/07/25 19:34:06 iteration 1742  walltime= 0.137h  Δwalltime=0.085s  timestep= 0s  day=0.00549
2023/07/25 19:34:08 iteration 1765  walltime= 0.137h  Δwalltime=0.083s  timestep= 0s  day=0.00557
2023/07/25 19:34:10 iteration 1789  walltime= 0.138h  Δwalltime=0.083s  timestep= 0s  day=0.00564
2023/07/25 19:34:12 iteration 1812  walltime= 0.138h  Δwalltime=0.084s  timestep= 0s  day=0.00571
2023/07/25 19:34:14 iteration 1835  walltime= 0.139h  Δwalltime=0.083s  timestep= 0s  day=0.00579
2023/07/25 19:34:16 iteration 1858  walltime= 0.139h  Δwalltime=0.084s  timestep= 0s  day=0.00586
2023/07/25 19:34:18 iteration 1881  walltime=  0.14h  Δwalltime=0.083s  timestep= 0s  day=0.00593
2023/07/25 19:34:20 iteration 1905  walltime=  0.14h  Δwalltime=0.083s  timestep= 0s  day=0.00601
2023/07/25 19:34:22 iteration 1928  walltime= 0.141h  Δwalltime=0.085s  timestep= 0s  day=0.00608
2023/07/25 19:34:24 iteration 1952  walltime= 0.142h  Δwalltime=0.085s  timestep= 0s  day=0.00616
2023/07/25 19:34:26 iteration 1975  walltime= 0.142h  Δwalltime=0.083s  timestep= 0s  day=0.00623
2023/07/25 19:34:28 iteration 1999  walltime= 0.143h  Δwalltime=0.083s  timestep= 0s  day=0.0063
2023/07/25 19:34:30 iteration 2022  walltime= 0.143h  Δwalltime=0.082s  timestep= 0s  day=0.00638
2023/07/25 19:34:32 iteration 2045  walltime= 0.144h  Δwalltime=0.083s  timestep= 0s  day=0.00645
2023/07/25 19:34:34 iteration 2069  walltime= 0.144h  Δwalltime=0.083s  timestep= 0s  day=0.00652
2023/07/25 19:34:36 iteration 2092  walltime= 0.145h  Δwalltime=0.089s  timestep= 0s  day=0.0066
2023/07/25 19:34:38 iteration 2115  walltime= 0.146h  Δwalltime=0.13s  timestep= 0s  day=0.00667
2023/07/25 19:34:40 iteration 2133  walltime= 0.146h  Δwalltime=0.12s  timestep= 0s  day=0.00673
2023/07/25 19:34:42 iteration 2156  walltime= 0.147h  Δwalltime=0.083s  timestep= 0s  day=0.0068
2023/07/25 19:34:44 iteration 2178  walltime= 0.147h  Δwalltime=0.083s  timestep= 0s  day=0.00687
2023/07/25 19:34:46 iteration 2203  walltime= 0.148h  Δwalltime=0.081s  timestep= 0s  day=0.00695
2023/07/25 19:34:48 iteration 2226  walltime= 0.148h  Δwalltime=0.082s  timestep= 0s  day=0.00702
2023/07/25 19:34:50 iteration 2250  walltime= 0.149h  Δwalltime=0.082s  timestep= 0s  day=0.0071
2023/07/25 19:34:52 iteration 2273  walltime= 0.149h  Δwalltime=0.084s  timestep= 0s  day=0.00717
2023/07/25 19:34:54 iteration 2297  walltime=  0.15h  Δwalltime=0.083s  timestep= 0s  day=0.00724
2023/07/25 19:34:56 iteration 2320  walltime=  0.15h  Δwalltime=0.093s  timestep= 0s  day=0.00732
2023/07/25 19:34:58 iteration 2344  walltime= 0.151h  Δwalltime=0.082s  timestep= 0s  day=0.00739
2023/07/25 19:35:00 iteration 2367  walltime= 0.152h  Δwalltime=0.083s  timestep= 0s  day=0.00746
2023/07/25 19:35:02 iteration 2391  walltime= 0.152h  Δwalltime=0.083s  timestep= 0s  day=0.00754
2023/07/25 19:35:04 iteration 2415  walltime= 0.153h  Δwalltime=0.084s  timestep= 0s  day=0.00762
2023/07/25 19:35:06 iteration 2438  walltime= 0.153h  Δwalltime= 0.1s  timestep= 0s  day=0.00769
2023/07/25 19:35:08 iteration 2461  walltime= 0.154h  Δwalltime=0.083s  timestep= 0s  day=0.00776
2023/07/25 19:35:10 iteration 2483  walltime= 0.154h  Δwalltime= 0.1s  timestep= 0s  day=0.00783
2023/07/25 19:35:12 iteration 2507  walltime= 0.155h  Δwalltime=0.083s  timestep= 0s  day=0.00791
2023/07/25 19:35:14 iteration 2530  walltime= 0.155h  Δwalltime=0.082s  timestep= 0s  day=0.00798
2023/07/25 19:35:16 iteration 2554  walltime= 0.156h  Δwalltime=0.082s  timestep= 0s  day=0.00805
2023/07/25 19:35:18 iteration 2578  walltime= 0.157h  Δwalltime=0.083s  timestep= 0s  day=0.00813
2023/07/25 19:35:20 iteration 2602  walltime= 0.157h  Δwalltime=0.082s  timestep= 0s  day=0.00821
2023/07/25 19:35:22 iteration 2625  walltime= 0.158h  Δwalltime=0.084s  timestep= 0s  day=0.00828
2023/07/25 19:35:24 iteration 2649  walltime= 0.158h  Δwalltime=0.084s  timestep= 0s  day=0.00835
2023/07/25 19:35:26 iteration 2673  walltime= 0.159h  Δwalltime=0.083s  timestep= 0s  day=0.00843
2023/07/25 19:35:28 iteration 2697  walltime= 0.159h  Δwalltime=0.083s  timestep= 0s  day=0.00851
2023/07/25 19:35:30 iteration 2713  walltime=  0.16h  Δwalltime=0.11s  timestep= 0s  day=0.00856
2023/07/25 19:35:32 iteration 2733  walltime=  0.16h  Δwalltime=0.086s  timestep= 0s  day=0.00862
2023/07/25 19:35:34 iteration 2757  walltime= 0.161h  Δwalltime=0.085s  timestep= 0s  day=0.00869
2023/07/25 19:35:36 iteration 2780  walltime= 0.162h  Δwalltime=0.083s  timestep= 0s  day=0.00877
2023/07/25 19:35:38 iteration 2802  walltime= 0.162h  Δwalltime=0.084s  timestep= 0s  day=0.00884
2023/07/25 19:35:40 iteration 2825  walltime= 0.163h  Δwalltime=0.084s  timestep= 0s  day=0.00891
2023/07/25 19:35:42 iteration 2849  walltime= 0.163h  Δwalltime=0.085s  timestep= 0s  day=0.00898
2023/07/25 19:35:44 iteration 2873  walltime= 0.164h  Δwalltime=0.085s  timestep= 0s  day=0.00906
2023/07/25 19:35:46 iteration 2895  walltime= 0.164h  Δwalltime=0.13s  timestep= 0s  day=0.00913
2023/07/25 19:35:48 iteration 2919  walltime= 0.165h  Δwalltime=0.085s  timestep= 0s  day=0.00921
2023/07/25 19:35:50 iteration 2942  walltime= 0.165h  Δwalltime=0.083s  timestep= 0s  day=0.00928
2023/07/25 19:35:52 iteration 2965  walltime= 0.166h  Δwalltime=0.086s  timestep= 0s  day=0.00935
2023/07/25 19:35:54 iteration 2988  walltime= 0.167h  Δwalltime=0.084s  timestep= 0s  day=0.00942
2023/07/25 19:35:56 iteration 3010  walltime= 0.167h  Δwalltime=0.14s  timestep= 0s  day=0.00949
2023/07/25 19:35:58 iteration 3033  walltime= 0.168h  Δwalltime=0.084s  timestep= 0s  day=0.00957
2023/07/25 19:36:00 iteration 3056  walltime= 0.168h  Δwalltime=0.083s  timestep= 0s  day=0.00964
2023/07/25 19:36:02 iteration 3080  walltime= 0.169h  Δwalltime=0.084s  timestep= 0s  day=0.00971
2023/07/25 19:36:04 iteration 3104  walltime= 0.169h  Δwalltime=0.084s  timestep= 0s  day=0.00979
2023/07/25 19:36:06 iteration 3127  walltime=  0.17h  Δwalltime=0.083s  timestep= 0s  day=0.00986
2023/07/25 19:36:08 iteration 3150  walltime=  0.17h  Δwalltime=0.083s  timestep= 0s  day=0.00993
2023/07/25 19:36:10 iteration 3170  walltime= 0.171h  Δwalltime=0.095s  timestep= 0s  day=0.01
2023/07/25 19:36:12 iteration 3193  walltime= 0.172h  Δwalltime=0.083s  timestep= 0s  day=0.0101
2023/07/25 19:36:14 iteration 3217  walltime= 0.172h  Δwalltime=0.085s  timestep= 0s  day=0.0101
2023/07/25 19:36:16 iteration 3240  walltime= 0.173h  Δwalltime=0.084s  timestep= 0s  day=0.0102
2023/07/25 19:36:18 iteration 3264  walltime= 0.173h  Δwalltime=0.083s  timestep= 0s  day=0.0103
2023/07/25 19:36:20 iteration 3285  walltime= 0.174h  Δwalltime=0.085s  timestep= 0s  day=0.0104
2023/07/25 19:36:22 iteration 3308  walltime= 0.174h  Δwalltime=0.085s  timestep= 0s  day=0.0104
2023/07/25 19:36:24 iteration 3332  walltime= 0.175h  Δwalltime=0.084s  timestep= 0s  day=0.0105
2023/07/25 19:36:26 iteration 3356  walltime= 0.175h  Δwalltime=0.085s  timestep= 0s  day=0.0106
2023/07/25 19:36:28 iteration 3379  walltime= 0.176h  Δwalltime=0.083s  timestep= 0s  day=0.0107
2023/07/25 19:36:30 iteration 3403  walltime= 0.177h  Δwalltime=0.083s  timestep= 0s  day=0.0107
2023/07/25 19:36:32 iteration 3427  walltime= 0.177h  Δwalltime=0.085s  timestep= 0s  day=0.0108
2023/07/25 19:36:34 iteration 3450  walltime= 0.178h  Δwalltime=0.084s  timestep= 0s  day=0.0109
2023/07/25 19:36:36 iteration 3474  walltime= 0.178h  Δwalltime=0.09s  timestep= 0s  day=0.011
2023/07/25 19:36:38 iteration 3497  walltime= 0.179h  Δwalltime=0.084s  timestep= 0s  day=0.011
2023/07/25 19:36:40 iteration 3520  walltime= 0.179h  Δwalltime=0.083s  timestep= 0s  day=0.0111
2023/07/25 19:36:42 iteration 3543  walltime=  0.18h  Δwalltime=0.083s  timestep= 0s  day=0.0112
2023/07/25 19:36:44 iteration 3567  walltime=  0.18h  Δwalltime=0.083s  timestep= 0s  day=0.0112
2023/07/25 19:36:46 iteration 3591  walltime= 0.181h  Δwalltime=0.086s  timestep= 0s  day=0.0113
2023/07/25 19:36:48 iteration 3615  walltime= 0.182h  Δwalltime=0.084s  timestep= 0s  day=0.0114
2023/07/25 19:36:50 iteration 3639  walltime= 0.182h  Δwalltime=0.083s  timestep= 0s  day=0.0115
2023/07/25 19:36:52 iteration 3661  walltime= 0.183h  Δwalltime=0.084s  timestep= 0s  day=0.0115
2023/07/25 19:36:54 iteration 3685  walltime= 0.183h  Δwalltime=0.085s  timestep= 0s  day=0.0116
2023/07/25 19:36:56 iteration 3708  walltime= 0.184h  Δwalltime=0.098s  timestep= 0s  day=0.0117
2023/07/25 19:36:58 iteration 3732  walltime= 0.184h  Δwalltime=0.082s  timestep= 0s  day=0.0118
2023/07/25 19:37:00 iteration 3756  walltime= 0.185h  Δwalltime=0.083s  timestep= 0s  day=0.0118
2023/07/25 19:37:02 iteration 3780  walltime= 0.185h  Δwalltime=0.083s  timestep= 0s  day=0.0119
2023/07/25 19:37:04 iteration 3803  walltime= 0.186h  Δwalltime=0.085s  timestep= 0s  day=0.012
2023/07/25 19:37:06 iteration 3827  walltime= 0.187h  Δwalltime=0.091s  timestep= 0s  day=0.0121
2023/07/25 19:37:08 iteration 3850  walltime= 0.187h  Δwalltime=0.086s  timestep= 0s  day=0.0121
2023/07/25 19:37:10 iteration 3874  walltime= 0.188h  Δwalltime=0.084s  timestep= 0s  day=0.0122
2023/07/25 19:37:12 iteration 3896  walltime= 0.188h  Δwalltime=0.084s  timestep= 0s  day=0.0123
2023/07/25 19:37:14 iteration 3920  walltime= 0.189h  Δwalltime=0.084s  timestep= 0s  day=0.0124
2023/07/25 19:37:16 iteration 3943  walltime= 0.189h  Δwalltime=0.084s  timestep= 0s  day=0.0124
2023/07/25 19:37:18 iteration 3967  walltime=  0.19h  Δwalltime=0.084s  timestep= 0s  day=0.0125
2023/07/25 19:37:20 iteration 3991  walltime=  0.19h  Δwalltime=0.088s  timestep= 0s  day=0.0126
2023/07/25 19:37:22 iteration 4014  walltime= 0.191h  Δwalltime=0.085s  timestep= 0s  day=0.0127
2023/07/25 19:37:24 iteration 4038  walltime= 0.192h  Δwalltime=0.084s  timestep= 0s  day=0.0127
2023/07/25 19:37:26 iteration 4061  walltime= 0.192h  Δwalltime=0.084s  timestep= 0s  day=0.0128
2023/07/25 19:37:28 iteration 4085  walltime= 0.193h  Δwalltime=0.084s  timestep= 0s  day=0.0129
2023/07/25 19:37:30 iteration 4105  walltime= 0.193h  Δwalltime=0.19s  timestep= 0s  day=0.0129
2023/07/25 19:37:32 iteration 4121  walltime= 0.194h  Δwalltime=0.12s  timestep= 0s  day=0.013
2023/07/25 19:37:34 iteration 4144  walltime= 0.194h  Δwalltime=0.083s  timestep= 0s  day=0.0131
2023/07/25 19:37:36 iteration 4168  walltime= 0.195h  Δwalltime=0.092s  timestep= 0s  day=0.0131
2023/07/25 19:37:38 iteration 4191  walltime= 0.195h  Δwalltime=0.083s  timestep= 0s  day=0.0132
2023/07/25 19:37:40 iteration 4212  walltime= 0.196h  Δwalltime=0.11s  timestep= 0s  day=0.0133
2023/07/25 19:37:42 iteration 4234  walltime= 0.197h  Δwalltime=0.084s  timestep= 0s  day=0.0134
2023/07/25 19:37:44 iteration 4257  walltime= 0.197h  Δwalltime=0.084s  timestep= 0s  day=0.0134
2023/07/25 19:37:46 iteration 4281  walltime= 0.198h  Δwalltime=0.088s  timestep= 0s  day=0.0135
2023/07/25 19:37:48 iteration 4305  walltime= 0.198h  Δwalltime=0.12s  timestep= 0s  day=0.0136
2023/07/25 19:37:50 iteration 4328  walltime= 0.199h  Δwalltime=0.091s  timestep= 0s  day=0.0136
2023/07/25 19:37:52 iteration 4351  walltime= 0.199h  Δwalltime=0.083s  timestep= 0s  day=0.0137
2023/07/25 19:37:54 iteration 4374  walltime=   0.2h  Δwalltime=0.083s  timestep= 0s  day=0.0138
2023/07/25 19:37:56 iteration 4398  walltime=   0.2h  Δwalltime=0.085s  timestep= 0s  day=0.0139
2023/07/25 19:37:58 iteration 4422  walltime= 0.201h  Δwalltime=0.083s  timestep= 0s  day=0.0139
2023/07/25 19:38:00 iteration 4445  walltime= 0.202h  Δwalltime=0.083s  timestep= 0s  day=0.014
2023/07/25 19:38:02 iteration 4468  walltime= 0.202h  Δwalltime=0.088s  timestep= 0s  day=0.0141
2023/07/25 19:38:04 iteration 4492  walltime= 0.203h  Δwalltime=0.084s  timestep= 0s  day=0.0142
2023/07/25 19:38:06 iteration 4515  walltime= 0.203h  Δwalltime=0.086s  timestep= 0s  day=0.0142
2023/07/25 19:38:08 iteration 4538  walltime= 0.204h  Δwalltime=0.084s  timestep= 0s  day=0.0143
2023/07/25 19:38:10 iteration 4562  walltime= 0.204h  Δwalltime=0.085s  timestep= 0s  day=0.0144
2023/07/25 19:38:12 iteration 4586  walltime= 0.205h  Δwalltime=0.084s  timestep= 0s  day=0.0145
2023/07/25 19:38:14 iteration 4609  walltime= 0.205h  Δwalltime=0.082s  timestep= 0s  day=0.0145
2023/07/25 19:38:16 iteration 4633  walltime= 0.206h  Δwalltime=0.088s  timestep= 0s  day=0.0146
2023/07/25 19:38:18 iteration 4656  walltime= 0.207h  Δwalltime=0.083s  timestep= 0s  day=0.0147
2023/07/25 19:38:20 iteration 4680  walltime= 0.207h  Δwalltime=0.093s  timestep= 0s  day=0.0148
2023/07/25 19:38:22 iteration 4702  walltime= 0.208h  Δwalltime=0.083s  timestep= 0s  day=0.0148
2023/07/25 19:38:24 iteration 4726  walltime= 0.208h  Δwalltime=0.084s  timestep= 0s  day=0.0149
2023/07/25 19:38:26 iteration 4749  walltime= 0.209h  Δwalltime=0.085s  timestep= 0s  day=0.015
2023/07/25 19:38:28 iteration 4773  walltime= 0.209h  Δwalltime=0.085s  timestep= 0s  day=0.0151
2023/07/25 19:38:30 iteration 4796  walltime=  0.21h  Δwalltime=0.084s  timestep= 0s  day=0.0151
2023/07/25 19:38:32 iteration 4819  walltime=  0.21h  Δwalltime=0.083s  timestep= 0s  day=0.0152
2023/07/25 19:38:34 iteration 4843  walltime= 0.211h  Δwalltime=0.083s  timestep= 0s  day=0.0153
2023/07/25 19:38:36 iteration 4866  walltime= 0.212h  Δwalltime=0.086s  timestep= 0s  day=0.0153
2023/07/25 19:38:38 iteration 4889  walltime= 0.212h  Δwalltime=0.085s  timestep= 0s  day=0.0154
2023/07/25 19:38:40 iteration 4913  walltime= 0.213h  Δwalltime=0.084s  timestep= 0s  day=0.0155
2023/07/25 19:38:42 iteration 4936  walltime= 0.213h  Δwalltime=0.089s  timestep= 0s  day=0.0156
2023/07/25 19:38:44 iteration 4960  walltime= 0.214h  Δwalltime=0.085s  timestep= 0s  day=0.0156
2023/07/25 19:38:46 iteration 4983  walltime= 0.214h  Δwalltime=0.085s  timestep= 0s  day=0.0157
2023/07/25 19:38:48 iteration 5007  walltime= 0.215h  Δwalltime=0.083s  timestep= 0s  day=0.0158
2023/07/25 19:38:50 iteration 5030  walltime= 0.215h  Δwalltime=0.084s  timestep= 0s  day=0.0159
2023/07/25 19:38:52 iteration 5053  walltime= 0.216h  Δwalltime=0.086s  timestep= 0s  day=0.0159
2023/07/25 19:38:54 iteration 5077  walltime= 0.217h  Δwalltime=0.084s  timestep= 0s  day=0.016
2023/07/25 19:38:56 iteration 5100  walltime= 0.217h  Δwalltime=0.085s  timestep= 0s  day=0.0161
2023/07/25 19:38:58 iteration 5124  walltime= 0.218h  Δwalltime=0.084s  timestep= 0s  day=0.0162
2023/07/25 19:39:00 iteration 5147  walltime= 0.218h  Δwalltime=0.084s  timestep= 0s  day=0.0162
2023/07/25 19:39:02 iteration 5168  walltime= 0.219h  Δwalltime=0.084s  timestep= 0s  day=0.0163
2023/07/25 19:39:04 iteration 5191  walltime= 0.219h  Δwalltime=0.084s  timestep= 0s  day=0.0164
2023/07/25 19:39:06 iteration 5215  walltime=  0.22h  Δwalltime=0.092s  timestep= 0s  day=0.0164
2023/07/25 19:39:08 iteration 5238  walltime=  0.22h  Δwalltime=0.092s  timestep= 0s  day=0.0165
2023/07/25 19:39:10 iteration 5258  walltime= 0.221h  Δwalltime=0.099s  timestep= 0s  day=0.0166
2023/07/25 19:39:12 iteration 5280  walltime= 0.222h  Δwalltime=0.083s  timestep= 0s  day=0.0167
2023/07/25 19:39:14 iteration 5304  walltime= 0.222h  Δwalltime=0.084s  timestep= 0s  day=0.0167
2023/07/25 19:39:16 iteration 5327  walltime= 0.223h  Δwalltime=0.084s  timestep= 0s  day=0.0168
2023/07/25 19:39:18 iteration 5351  walltime= 0.223h  Δwalltime=0.083s  timestep= 0s  day=0.0169
2023/07/25 19:39:20 iteration 5375  walltime= 0.224h  Δwalltime=0.084s  timestep= 0s  day=0.017
2023/07/25 19:39:22 iteration 5398  walltime= 0.224h  Δwalltime=0.085s  timestep= 0s  day=0.017
2023/07/25 19:39:24 iteration 5421  walltime= 0.225h  Δwalltime=0.083s  timestep= 0s  day=0.0171
2023/07/25 19:39:26 iteration 5445  walltime= 0.225h  Δwalltime=0.085s  timestep= 0s  day=0.0172
2023/07/25 19:39:28 iteration 5468  walltime= 0.226h  Δwalltime=0.083s  timestep= 0s  day=0.0172
2023/07/25 19:39:30 iteration 5492  walltime= 0.227h  Δwalltime=0.084s  timestep= 0s  day=0.0173
2023/07/25 19:39:32 iteration 5509  walltime= 0.227h  Δwalltime=0.12s  timestep= 0s  day=0.0174
2023/07/25 19:39:34 iteration 5528  walltime= 0.228h  Δwalltime=0.083s  timestep= 0s  day=0.0174
2023/07/25 19:39:36 iteration 5552  walltime= 0.228h  Δwalltime=0.092s  timestep= 0s  day=0.0175
2023/07/25 19:39:38 iteration 5575  walltime= 0.229h  Δwalltime=0.088s  timestep= 0s  day=0.0176
2023/07/25 19:39:40 iteration 5597  walltime= 0.229h  Δwalltime=0.087s  timestep= 0s  day=0.0177
2023/07/25 19:39:42 iteration 5620  walltime=  0.23h  Δwalltime=0.085s  timestep= 0s  day=0.0177
2023/07/25 19:39:44 iteration 5644  walltime=  0.23h  Δwalltime=0.083s  timestep= 0s  day=0.0178
2023/07/25 19:39:46 iteration 5667  walltime= 0.231h  Δwalltime=0.084s  timestep= 0s  day=0.0179
2023/07/25 19:39:48 iteration 5691  walltime= 0.232h  Δwalltime=0.085s  timestep= 0s  day=0.0179
2023/07/25 19:39:50 iteration 5714  walltime= 0.232h  Δwalltime=0.084s  timestep= 0s  day=0.018
2023/07/25 19:39:52 iteration 5737  walltime= 0.233h  Δwalltime=0.084s  timestep= 0s  day=0.0181
2023/07/25 19:39:54 iteration 5761  walltime= 0.233h  Δwalltime=0.086s  timestep= 0s  day=0.0182
2023/07/25 19:39:56 iteration 5784  walltime= 0.234h  Δwalltime=0.084s  timestep= 0s  day=0.0182
2023/07/25 19:39:58 iteration 5808  walltime= 0.234h  Δwalltime=0.084s  timestep= 0s  day=0.0183
2023/07/25 19:40:00 iteration 5832  walltime= 0.235h  Δwalltime=0.084s  timestep= 0s  day=0.0184
2023/07/25 19:40:02 iteration 5855  walltime= 0.235h  Δwalltime=0.084s  timestep= 0s  day=0.0185
2023/07/25 19:40:04 iteration 5879  walltime= 0.236h  Δwalltime=0.083s  timestep= 0s  day=0.0185
2023/07/25 19:40:06 iteration 5902  walltime= 0.237h  Δwalltime=0.084s  timestep= 0s  day=0.0186
2023/07/25 19:40:08 iteration 5926  walltime= 0.237h  Δwalltime=0.083s  timestep= 0s  day=0.0187
2023/07/25 19:40:10 iteration 5949  walltime= 0.238h  Δwalltime=0.085s  timestep= 0s  day=0.0188
2023/07/25 19:40:12 iteration 5973  walltime= 0.238h  Δwalltime=0.084s  timestep= 0s  day=0.0188
2023/07/25 19:40:14 iteration 5997  walltime= 0.239h  Δwalltime=0.084s  timestep= 0s  day=0.0189
2023/07/25 19:40:16 iteration 6020  walltime= 0.239h  Δwalltime=0.086s  timestep= 0s  day=0.019
2023/07/25 19:40:18 iteration 6044  walltime=  0.24h  Δwalltime=0.084s  timestep= 0s  day=0.0191
2023/07/25 19:40:20 iteration 6067  walltime=  0.24h  Δwalltime=0.083s  timestep= 0s  day=0.0191
2023/07/25 19:40:22 iteration 6090  walltime= 0.241h  Δwalltime=0.084s  timestep= 0s  day=0.0192
2023/07/25 19:40:24 iteration 6114  walltime= 0.242h  Δwalltime=0.084s  timestep= 0s  day=0.0193
2023/07/25 19:40:26 iteration 6137  walltime= 0.242h  Δwalltime=0.085s  timestep= 0s  day=0.0194
2023/07/25 19:40:28 iteration 6161  walltime= 0.243h  Δwalltime=0.085s  timestep= 0s  day=0.0194
2023/07/25 19:40:30 iteration 6184  walltime= 0.243h  Δwalltime=0.085s  timestep= 0s  day=0.0195
2023/07/25 19:40:32 iteration 6208  walltime= 0.244h  Δwalltime=0.082s  timestep= 0s  day=0.0196
2023/07/25 19:40:34 iteration 6232  walltime= 0.244h  Δwalltime=0.086s  timestep= 0s  day=0.0197
2023/07/25 19:40:36 iteration 6255  walltime= 0.245h  Δwalltime=0.084s  timestep= 0s  day=0.0197
2023/07/25 19:40:38 iteration 6279  walltime= 0.245h  Δwalltime=0.084s  timestep= 0s  day=0.0198
2023/07/25 19:40:40 iteration 6299  walltime= 0.246h  Δwalltime=0.093s  timestep= 0s  day=0.0199
2023/07/25 19:40:42 iteration 6321  walltime= 0.247h  Δwalltime=0.084s  timestep= 0s  day=0.0199
2023/07/25 19:40:44 iteration 6344  walltime= 0.247h  Δwalltime=0.085s  timestep= 0s  day=0.02
2023/07/25 19:40:46 iteration 6368  walltime= 0.248h  Δwalltime=0.083s  timestep= 0s  day=0.0201
2023/07/25 19:40:48 iteration 6391  walltime= 0.248h  Δwalltime=0.083s  timestep= 0s  day=0.0202
2023/07/25 19:40:50 iteration 6415  walltime= 0.249h  Δwalltime=0.084s  timestep= 0s  day=0.0202
2023/07/25 19:40:52 iteration 6438  walltime= 0.249h  Δwalltime=0.085s  timestep= 0s  day=0.0203
2023/07/25 19:40:54 iteration 6461  walltime=  0.25h  Δwalltime=0.085s  timestep= 0s  day=0.0204
2023/07/25 19:40:56 iteration 6484  walltime=  0.25h  Δwalltime=0.084s  timestep= 0s  day=0.0204
2023/07/25 19:40:58 iteration 6508  walltime= 0.251h  Δwalltime=0.084s  timestep= 0s  day=0.0205
2023/07/25 19:41:00 iteration 6531  walltime= 0.252h  Δwalltime=0.083s  timestep= 0s  day=0.0206
2023/07/25 19:41:02 iteration 6555  walltime= 0.252h  Δwalltime=0.085s  timestep= 0s  day=0.0207
2023/07/25 19:41:04 iteration 6579  walltime= 0.253h  Δwalltime=0.083s  timestep= 0s  day=0.0207
2023/07/25 19:41:06 iteration 6603  walltime= 0.253h  Δwalltime=0.097s  timestep= 0s  day=0.0208
2023/07/25 19:41:08 iteration 6626  walltime= 0.254h  Δwalltime=0.084s  timestep= 0s  day=0.0209
2023/07/25 19:41:10 iteration 6650  walltime= 0.254h  Δwalltime=0.085s  timestep= 0s  day=0.021
2023/07/25 19:41:12 iteration 6673  walltime= 0.255h  Δwalltime=0.083s  timestep= 0s  day=0.021
2023/07/25 19:41:14 iteration 6696  walltime= 0.255h  Δwalltime=0.086s  timestep= 0s  day=0.0211
2023/07/25 19:41:16 iteration 6719  walltime= 0.256h  Δwalltime=0.083s  timestep= 0s  day=0.0212
2023/07/25 19:41:18 iteration 6743  walltime= 0.257h  Δwalltime=0.085s  timestep= 0s  day=0.0213
2023/07/25 19:41:20 iteration 6766  walltime= 0.257h  Δwalltime=0.084s  timestep= 0s  day=0.0213
2023/07/25 19:41:22 iteration 6789  walltime= 0.258h  Δwalltime=0.084s  timestep= 0s  day=0.0214
2023/07/25 19:41:24 iteration 6812  walltime= 0.258h  Δwalltime=0.084s  timestep= 0s  day=0.0215
2023/07/25 19:41:26 iteration 6836  walltime= 0.259h  Δwalltime=0.083s  timestep= 0s  day=0.0216
2023/07/25 19:41:28 iteration 6859  walltime= 0.259h  Δwalltime=0.085s  timestep= 0s  day=0.0216
2023/07/25 19:41:30 iteration 6883  walltime=  0.26h  Δwalltime=0.083s  timestep= 0s  day=0.0217
2023/07/25 19:41:32 iteration 6903  walltime=  0.26h  Δwalltime=0.17s  timestep= 0s  day=0.0218
2023/07/25 19:41:34 iteration 6919  walltime= 0.261h  Δwalltime=0.12s  timestep= 0s  day=0.0218
2023/07/25 19:41:36 iteration 6942  walltime= 0.262h  Δwalltime=0.093s  timestep= 0s  day=0.0219
2023/07/25 19:41:38 iteration 6965  walltime= 0.262h  Δwalltime=0.084s  timestep= 0s  day=0.022
2023/07/25 19:41:40 iteration 6989  walltime= 0.263h  Δwalltime=0.084s  timestep= 0s  day=0.022
2023/07/25 19:41:42 iteration 7012  walltime= 0.263h  Δwalltime=0.084s  timestep= 0s  day=0.0221
2023/07/25 19:41:44 iteration 7035  walltime= 0.264h  Δwalltime=0.084s  timestep= 0s  day=0.0222
2023/07/25 19:41:46 iteration 7059  walltime= 0.264h  Δwalltime=0.083s  timestep= 0s  day=0.0223
2023/07/25 19:41:48 iteration 7082  walltime= 0.265h  Δwalltime=0.084s  timestep= 0s  day=0.0223
2023/07/25 19:41:50 iteration 7106  walltime= 0.265h  Δwalltime=0.084s  timestep= 0s  day=0.0224
2023/07/25 19:41:52 iteration 7129  walltime= 0.266h  Δwalltime=0.083s  timestep= 0s  day=0.0225
2023/07/25 19:41:54 iteration 7153  walltime= 0.267h  Δwalltime=0.098s  timestep= 0s  day=0.0226
2023/07/25 19:41:56 iteration 7176  walltime= 0.267h  Δwalltime=0.085s  timestep= 0s  day=0.0226
2023/07/25 19:41:58 iteration 7199  walltime= 0.268h  Δwalltime=0.084s  timestep= 0s  day=0.0227
2023/07/25 19:42:00 iteration 7223  walltime= 0.268h  Δwalltime=0.084s  timestep= 0s  day=0.0228
2023/07/25 19:42:02 iteration 7247  walltime= 0.269h  Δwalltime=0.084s  timestep= 0s  day=0.0229
2023/07/25 19:42:04 iteration 7270  walltime= 0.269h  Δwalltime=0.084s  timestep= 0s  day=0.0229
2023/07/25 19:42:06 iteration 7294  walltime=  0.27h  Δwalltime=0.11s  timestep= 0s  day=0.023
2023/07/25 19:42:08 iteration 7317  walltime=  0.27h  Δwalltime=0.085s  timestep= 0s  day=0.0231
2023/07/25 19:42:10 iteration 7336  walltime= 0.271h  Δwalltime=0.096s  timestep= 0s  day=0.0231
2023/07/25 19:42:12 iteration 7359  walltime= 0.272h  Δwalltime=0.084s  timestep= 0s  day=0.0232
2023/07/25 19:42:14 iteration 7382  walltime= 0.272h  Δwalltime=0.085s  timestep= 0s  day=0.0233
2023/07/25 19:42:16 iteration 7406  walltime= 0.273h  Δwalltime=0.083s  timestep= 0s  day=0.0234
2023/07/25 19:42:18 iteration 7430  walltime= 0.273h  Δwalltime=0.085s  timestep= 0s  day=0.0234
2023/07/25 19:42:20 iteration 7453  walltime= 0.274h  Δwalltime=0.083s  timestep= 0s  day=0.0235
2023/07/25 19:42:22 iteration 7477  walltime= 0.274h  Δwalltime=0.083s  timestep= 0s  day=0.0236
2023/07/25 19:42:24 iteration 7500  walltime= 0.275h  Δwalltime=0.083s  timestep= 0s  day=0.0237
2023/07/25 19:42:26 iteration 7524  walltime= 0.275h  Δwalltime=0.082s  timestep= 0s  day=0.0237
2023/07/25 19:42:28 iteration 7548  walltime= 0.276h  Δwalltime=0.083s  timestep= 0s  day=0.0238
2023/07/25 19:42:30 iteration 7571  walltime= 0.277h  Δwalltime=0.084s  timestep= 0s  day=0.0239
2023/07/25 19:42:32 iteration 7595  walltime= 0.277h  Δwalltime=0.084s  timestep= 0s  day=0.024
2023/07/25 19:42:34 iteration 7619  walltime= 0.278h  Δwalltime=0.085s  timestep= 0s  day=0.024
2023/07/25 19:42:36 iteration 7642  walltime= 0.278h  Δwalltime=0.083s  timestep= 0s  day=0.0241
2023/07/25 19:42:38 iteration 7665  walltime= 0.279h  Δwalltime=0.084s  timestep= 0s  day=0.0242
2023/07/25 19:42:40 iteration 7689  walltime= 0.279h  Δwalltime=0.088s  timestep= 0s  day=0.0242
2023/07/25 19:42:42 iteration 7713  walltime=  0.28h  Δwalltime=0.084s  timestep= 0s  day=0.0243
2023/07/25 19:42:44 iteration 7737  walltime=  0.28h  Δwalltime=0.085s  timestep= 0s  day=0.0244
2023/07/25 19:42:46 iteration 7760  walltime= 0.281h  Δwalltime=0.082s  timestep= 0s  day=0.0245
2023/07/25 19:42:48 iteration 7784  walltime= 0.282h  Δwalltime=0.085s  timestep= 0s  day=0.0245
2023/07/25 19:42:50 iteration 7807  walltime= 0.282h  Δwalltime=0.085s  timestep= 0s  day=0.0246
2023/07/25 19:42:52 iteration 7831  walltime= 0.283h  Δwalltime=0.084s  timestep= 0s  day=0.0247
2023/07/25 19:42:54 iteration 7855  walltime= 0.283h  Δwalltime=0.089s  timestep= 0s  day=0.0248
2023/07/25 19:42:56 iteration 7878  walltime= 0.284h  Δwalltime=0.084s  timestep= 0s  day=0.0248
2023/07/25 19:42:58 iteration 7902  walltime= 0.284h  Δwalltime=0.083s  timestep= 0s  day=0.0249
2023/07/25 19:43:00 iteration 7926  walltime= 0.285h  Δwalltime=0.085s  timestep= 0s  day=0.025
2023/07/25 19:43:02 iteration 7949  walltime= 0.285h  Δwalltime=0.084s  timestep= 0s  day=0.0251
2023/07/25 19:43:04 iteration 7973  walltime= 0.286h  Δwalltime=0.083s  timestep= 0s  day=0.0251
2023/07/25 19:43:06 iteration 7996  walltime= 0.287h  Δwalltime=0.091s  timestep= 0s  day=0.0252
2023/07/25 19:43:08 iteration 8020  walltime= 0.287h  Δwalltime=0.084s  timestep= 0s  day=0.0253
2023/07/25 19:43:10 iteration 8044  walltime= 0.288h  Δwalltime=0.086s  timestep= 0s  day=0.0254
2023/07/25 19:43:12 iteration 8067  walltime= 0.288h  Δwalltime=0.084s  timestep= 0s  day=0.0254
2023/07/25 19:43:14 iteration 8091  walltime= 0.289h  Δwalltime=0.082s  timestep= 0s  day=0.0255
2023/07/25 19:43:16 iteration 8114  walltime= 0.289h  Δwalltime=0.084s  timestep= 0s  day=0.0256
2023/07/25 19:43:18 iteration 8138  walltime=  0.29h  Δwalltime=0.084s  timestep= 0s  day=0.0257
2023/07/25 19:43:20 iteration 8162  walltime=  0.29h  Δwalltime=0.085s  timestep= 0s  day=0.0257
2023/07/25 19:43:22 iteration 8185  walltime= 0.291h  Δwalltime=0.084s  timestep= 0s  day=0.0258
2023/07/25 19:43:24 iteration 8208  walltime= 0.292h  Δwalltime=0.083s  timestep= 0s  day=0.0259
2023/07/25 19:43:26 iteration 8232  walltime= 0.292h  Δwalltime=0.083s  timestep= 0s  day=0.026
2023/07/25 19:43:28 iteration 8256  walltime= 0.293h  Δwalltime=0.082s  timestep= 0s  day=0.026
2023/07/25 19:43:30 iteration 8279  walltime= 0.293h  Δwalltime=0.084s  timestep= 0s  day=0.0261
2023/07/25 19:43:32 iteration 8302  walltime= 0.294h  Δwalltime=0.084s  timestep= 0s  day=0.0262
2023/07/25 19:43:34 iteration 8318  walltime= 0.294h  Δwalltime=0.11s  timestep= 0s  day=0.0262
2023/07/25 19:43:36 iteration 8338  walltime= 0.295h  Δwalltime=0.09s  timestep= 0s  day=0.0263
2023/07/25 19:43:38 iteration 8361  walltime= 0.295h  Δwalltime=0.083s  timestep= 0s  day=0.0264
2023/07/25 19:43:40 iteration 8381  walltime= 0.296h  Δwalltime=0.098s  timestep= 0s  day=0.0264
2023/07/25 19:43:42 iteration 8404  walltime= 0.297h  Δwalltime=0.084s  timestep= 0s  day=0.0265
2023/07/25 19:43:44 iteration 8428  walltime= 0.297h  Δwalltime=0.083s  timestep= 0s  day=0.0266
2023/07/25 19:43:46 iteration 8451  walltime= 0.298h  Δwalltime=0.084s  timestep= 0s  day=0.0267
2023/07/25 19:43:48 iteration 8475  walltime= 0.298h  Δwalltime=0.083s  timestep= 0s  day=0.0267
2023/07/25 19:43:50 iteration 8499  walltime= 0.299h  Δwalltime=0.086s  timestep= 0s  day=0.0268
2023/07/25 19:43:52 iteration 8522  walltime= 0.299h  Δwalltime=0.084s  timestep= 0s  day=0.0269
2023/07/25 19:43:54 iteration 8545  walltime=   0.3h  Δwalltime=0.084s  timestep= 0s  day=0.0269
2023/07/25 19:43:56 iteration 8569  walltime=   0.3h  Δwalltime=0.083s  timestep= 0s  day=0.027
2023/07/25 19:43:58 iteration 8593  walltime= 0.301h  Δwalltime=0.084s  timestep= 0s  day=0.0271
2023/07/25 19:44:00 iteration 8617  walltime= 0.302h  Δwalltime=0.083s  timestep= 0s  day=0.0272
2023/07/25 19:44:02 iteration 8637  walltime= 0.302h  Δwalltime=0.09s  timestep= 0s  day=0.0272
2023/07/25 19:44:04 iteration 8660  walltime= 0.303h  Δwalltime=0.085s  timestep= 0s  day=0.0273
2023/07/25 19:44:06 iteration 8684  walltime= 0.303h  Δwalltime=0.084s  timestep= 0s  day=0.0274
2023/07/25 19:44:08 iteration 8707  walltime= 0.304h  Δwalltime=0.084s  timestep= 0s  day=0.0275
2023/07/25 19:44:10 iteration 8731  walltime= 0.304h  Δwalltime=0.083s  timestep= 0s  day=0.0275
2023/07/25 19:44:12 iteration 8755  walltime= 0.305h  Δwalltime=0.083s  timestep= 0s  day=0.0276
2023/07/25 19:44:14 iteration 8779  walltime= 0.305h  Δwalltime=0.083s  timestep= 0s  day=0.0277
2023/07/25 19:44:16 iteration 8802  walltime= 0.306h  Δwalltime=0.083s  timestep= 0s  day=0.0278
2023/07/25 19:44:18 iteration 8826  walltime= 0.307h  Δwalltime=0.085s  timestep= 0s  day=0.0278
2023/07/25 19:44:20 iteration 8850  walltime= 0.307h  Δwalltime=0.083s  timestep= 0s  day=0.0279
2023/07/25 19:44:22 iteration 8873  walltime= 0.308h  Δwalltime=0.084s  timestep= 0s  day=0.028
2023/07/25 19:44:24 iteration 8896  walltime= 0.308h  Δwalltime=0.086s  timestep= 0s  day=0.0281
2023/07/25 19:44:26 iteration 8920  walltime= 0.309h  Δwalltime=0.092s  timestep= 0s  day=0.0281
2023/07/25 19:44:28 iteration 8943  walltime= 0.309h  Δwalltime=0.082s  timestep= 0s  day=0.0282
2023/07/25 19:44:30 iteration 8967  walltime=  0.31h  Δwalltime=0.084s  timestep= 0s  day=0.0283
2023/07/25 19:44:32 iteration 8991  walltime=  0.31h  Δwalltime=0.082s  timestep= 0s  day=0.0284
2023/07/25 19:44:34 iteration 9014  walltime= 0.311h  Δwalltime=0.084s  timestep= 0s  day=0.0284
2023/07/25 19:44:36 iteration 9038  walltime= 0.312h  Δwalltime=0.091s  timestep= 0s  day=0.0285
2023/07/25 19:44:38 iteration 9061  walltime= 0.312h  Δwalltime=0.082s  timestep= 0s  day=0.0286
2023/07/25 19:44:40 iteration 9085  walltime= 0.313h  Δwalltime=0.083s  timestep= 0s  day=0.0287
2023/07/25 19:44:42 iteration 9108  walltime= 0.313h  Δwalltime=0.083s  timestep= 0s  day=0.0287
2023/07/25 19:44:44 iteration 9132  walltime= 0.314h  Δwalltime=0.082s  timestep= 0s  day=0.0288
2023/07/25 19:44:46 iteration 9156  walltime= 0.314h  Δwalltime=0.086s  timestep= 0s  day=0.0289
2023/07/25 19:44:48 iteration 9179  walltime= 0.315h  Δwalltime=0.084s  timestep= 0s  day=0.0289
2023/07/25 19:44:50 iteration 9203  walltime= 0.315h  Δwalltime=0.085s  timestep= 0s  day=0.029
2023/07/25 19:44:52 iteration 9225  walltime= 0.316h  Δwalltime=0.085s  timestep= 0s  day=0.0291
2023/07/25 19:44:54 iteration 9249  walltime= 0.317h  Δwalltime=0.083s  timestep= 0s  day=0.0292
2023/07/25 19:44:56 iteration 9272  walltime= 0.317h  Δwalltime=0.084s  timestep= 0s  day=0.0292
2023/07/25 19:44:58 iteration 9296  walltime= 0.318h  Δwalltime=0.083s  timestep= 0s  day=0.0293
2023/07/25 19:45:00 iteration 9320  walltime= 0.318h  Δwalltime=0.083s  timestep= 0s  day=0.0294
2023/07/25 19:45:02 iteration 9344  walltime= 0.319h  Δwalltime=0.083s  timestep= 0s  day=0.0295
2023/07/25 19:45:04 iteration 9367  walltime= 0.319h  Δwalltime=0.085s  timestep= 0s  day=0.0295
2023/07/25 19:45:06 iteration 9391  walltime=  0.32h  Δwalltime=0.084s  timestep= 0s  day=0.0296
2023/07/25 19:45:08 iteration 9415  walltime=  0.32h  Δwalltime=0.082s  timestep= 0s  day=0.0297
2023/07/25 19:45:10 iteration 9435  walltime= 0.321h  Δwalltime=0.099s  timestep= 0s  day=0.0298
2023/07/25 19:45:12 iteration 9457  walltime= 0.322h  Δwalltime=0.085s  timestep= 0s  day=0.0298
2023/07/25 19:45:14 iteration 9481  walltime= 0.322h  Δwalltime=0.085s  timestep= 0s  day=0.0299
2023/07/25 19:45:16 iteration 9505  walltime= 0.323h  Δwalltime=0.084s  timestep= 0s  day=0.03
2023/07/25 19:45:18 iteration 9528  walltime= 0.323h  Δwalltime=0.084s  timestep= 0s  day=0.03
2023/07/25 19:45:20 iteration 9552  walltime= 0.324h  Δwalltime=0.091s  timestep= 0s  day=0.0301
2023/07/25 19:45:22 iteration 9575  walltime= 0.324h  Δwalltime=0.084s  timestep= 0s  day=0.0302
2023/07/25 19:45:24 iteration 9599  walltime= 0.325h  Δwalltime=0.11s  timestep= 0s  day=0.0303
2023/07/25 19:45:26 iteration 9622  walltime= 0.325h  Δwalltime=0.083s  timestep= 0s  day=0.0303
2023/07/25 19:45:28 iteration 9646  walltime= 0.326h  Δwalltime=0.086s  timestep= 0s  day=0.0304
2023/07/25 19:45:30 iteration 9670  walltime= 0.327h  Δwalltime=0.084s  timestep= 0s  day=0.0305
2023/07/25 19:45:32 iteration 9694  walltime= 0.327h  Δwalltime=0.084s  timestep= 0s  day=0.0306
2023/07/25 19:45:34 iteration 9716  walltime= 0.328h  Δwalltime=0.19s  timestep= 0s  day=0.0306
2023/07/25 19:45:36 iteration 9731  walltime= 0.328h  Δwalltime=0.11s  timestep= 0s  day=0.0307
2023/07/25 19:45:38 iteration 9752  walltime= 0.329h  Δwalltime=0.083s  timestep= 0s  day=0.0308
2023/07/25 19:45:40 iteration 9776  walltime= 0.329h  Δwalltime=0.085s  timestep= 0s  day=0.0308
2023/07/25 19:45:42 iteration 9799  walltime=  0.33h  Δwalltime=0.084s  timestep= 0s  day=0.0309
2023/07/25 19:45:44 iteration 9823  walltime=  0.33h  Δwalltime=0.085s  timestep= 0s  day=0.031
2023/07/25 19:45:46 iteration 9847  walltime= 0.331h  Δwalltime=0.084s  timestep= 0s  day=0.0311
2023/07/25 19:45:48 iteration 9870  walltime= 0.332h  Δwalltime=0.085s  timestep= 0s  day=0.0311
2023/07/25 19:45:50 iteration 9894  walltime= 0.332h  Δwalltime=0.082s  timestep= 0s  day=0.0312
2023/07/25 19:45:52 iteration 9917  walltime= 0.333h  Δwalltime=0.085s  timestep= 0s  day=0.0313
2023/07/25 19:45:54 iteration 9941  walltime= 0.333h  Δwalltime=0.084s  timestep= 0s  day=0.0314
2023/07/25 19:45:56 iteration 9964  walltime= 0.334h  Δwalltime=0.084s  timestep= 0s  day=0.0314
2023/07/25 19:45:58 iteration 9988  walltime= 0.334h  Δwalltime=0.083s  timestep= 0s  day=0.0315
2023/07/25 19:46:00 iteration 10012  walltime= 0.335h  Δwalltime=0.083s  timestep= 0s  day=0.0316
2023/07/25 19:46:02 iteration 10036  walltime= 0.335h  Δwalltime=0.085s  timestep= 0s  day=0.0317
2023/07/25 19:46:04 iteration 10060  walltime= 0.336h  Δwalltime=0.083s  timestep= 0s  day=0.0317
2023/07/25 19:46:06 iteration 10083  walltime= 0.337h  Δwalltime=0.085s  timestep= 0s  day=0.0318
2023/07/25 19:46:08 iteration 10107  walltime= 0.337h  Δwalltime=0.082s  timestep= 0s  day=0.0319
2023/07/25 19:46:10 iteration 10131  walltime= 0.338h  Δwalltime=0.083s  timestep= 0s  day=0.0319
2023/07/25 19:46:12 iteration 10154  walltime= 0.338h  Δwalltime=0.083s  timestep= 0s  day=0.032
2023/07/25 19:46:14 iteration 10178  walltime= 0.339h  Δwalltime=0.084s  timestep= 0s  day=0.0321
2023/07/25 19:46:16 iteration 10201  walltime= 0.339h  Δwalltime=0.082s  timestep= 0s  day=0.0322
2023/07/25 19:46:18 iteration 10225  walltime=  0.34h  Δwalltime=0.084s  timestep= 0s  day=0.0322
2023/07/25 19:46:20 iteration 10248  walltime=  0.34h  Δwalltime=0.082s  timestep= 0s  day=0.0323
2023/07/25 19:46:22 iteration 10271  walltime= 0.341h  Δwalltime=0.084s  timestep= 0s  day=0.0324
2023/07/25 19:46:24 iteration 10295  walltime= 0.342h  Δwalltime=0.084s  timestep= 0s  day=0.0325
2023/07/25 19:46:26 iteration 10319  walltime= 0.342h  Δwalltime=0.084s  timestep= 0s  day=0.0325
2023/07/25 19:46:28 iteration 10343  walltime= 0.343h  Δwalltime=0.085s  timestep= 0s  day=0.0326
2023/07/25 19:46:30 iteration 10366  walltime= 0.343h  Δwalltime=0.083s  timestep= 0s  day=0.0327
2023/07/25 19:46:32 iteration 10390  walltime= 0.344h  Δwalltime=0.083s  timestep= 0s  day=0.0328
2023/07/25 19:46:34 iteration 10414  walltime= 0.344h  Δwalltime=0.082s  timestep= 0s  day=0.0328
2023/07/25 19:46:36 iteration 10438  walltime= 0.345h  Δwalltime=0.09s  timestep= 0s  day=0.0329
2023/07/25 19:46:38 iteration 10461  walltime= 0.345h  Δwalltime=0.083s  timestep= 0s  day=0.033
2023/07/25 19:46:40 iteration 10482  walltime= 0.346h  Δwalltime= 0.1s  timestep= 0s  day=0.0331
2023/07/25 19:46:42 iteration 10504  walltime= 0.347h  Δwalltime=0.083s  timestep= 0s  day=0.0331
2023/07/25 19:46:44 iteration 10528  walltime= 0.347h  Δwalltime=0.084s  timestep= 0s  day=0.0332
2023/07/25 19:46:46 iteration 10552  walltime= 0.348h  Δwalltime=0.083s  timestep= 0s  day=0.0333
2023/07/25 19:46:48 iteration 10575  walltime= 0.348h  Δwalltime=0.083s  timestep= 0s  day=0.0333
2023/07/25 19:46:50 iteration 10599  walltime= 0.349h  Δwalltime=0.086s  timestep= 0s  day=0.0334
2023/07/25 19:46:52 iteration 10622  walltime= 0.349h  Δwalltime=0.085s  timestep= 0s  day=0.0335
2023/07/25 19:46:54 iteration 10646  walltime=  0.35h  Δwalltime=0.083s  timestep= 0s  day=0.0336
2023/07/25 19:46:56 iteration 10670  walltime=  0.35h  Δwalltime=0.084s  timestep= 0s  day=0.0336
2023/07/25 19:46:58 iteration 10693  walltime= 0.351h  Δwalltime=0.083s  timestep= 0s  day=0.0337
2023/07/25 19:47:00 iteration 10717  walltime= 0.352h  Δwalltime=0.085s  timestep= 0s  day=0.0338
2023/07/25 19:47:02 iteration 10741  walltime= 0.352h  Δwalltime=0.084s  timestep= 0s  day=0.0339
2023/07/25 19:47:04 iteration 10765  walltime= 0.353h  Δwalltime=0.083s  timestep= 0s  day=0.0339
2023/07/25 19:47:06 iteration 10789  walltime= 0.353h  Δwalltime=0.09s  timestep= 0s  day=0.034
2023/07/25 19:47:08 iteration 10812  walltime= 0.354h  Δwalltime=0.083s  timestep= 0s  day=0.0341
2023/07/25 19:47:10 iteration 10835  walltime= 0.354h  Δwalltime=0.084s  timestep= 0s  day=0.0342
2023/07/25 19:47:12 iteration 10859  walltime= 0.355h  Δwalltime=0.083s  timestep= 0s  day=0.0342
2023/07/25 19:47:14 iteration 10883  walltime= 0.355h  Δwalltime=0.083s  timestep= 0s  day=0.0343
2023/07/25 19:47:16 iteration 10906  walltime= 0.356h  Δwalltime=0.083s  timestep= 0s  day=0.0344
2023/07/25 19:47:18 iteration 10930  walltime= 0.357h  Δwalltime=0.13s  timestep= 0s  day=0.0345
2023/07/25 19:47:20 iteration 10953  walltime= 0.357h  Δwalltime=0.086s  timestep= 0s  day=0.0345
2023/07/25 19:47:22 iteration 10976  walltime= 0.358h  Δwalltime=0.083s  timestep= 0s  day=0.0346
2023/07/25 19:47:24 iteration 10999  walltime= 0.358h  Δwalltime=0.084s  timestep= 0s  day=0.0347
2023/07/25 19:47:26 iteration 11023  walltime= 0.359h  Δwalltime=0.084s  timestep= 0s  day=0.0348
2023/07/25 19:47:28 iteration 11047  walltime= 0.359h  Δwalltime=0.083s  timestep= 0s  day=0.0348
2023/07/25 19:47:30 iteration 11070  walltime=  0.36h  Δwalltime=0.084s  timestep= 0s  day=0.0349
2023/07/25 19:47:32 iteration 11094  walltime=  0.36h  Δwalltime=0.083s  timestep= 0s  day=0.035
2023/07/25 19:47:34 iteration 11118  walltime= 0.361h  Δwalltime=0.084s  timestep= 0s  day=0.0351
2023/07/25 19:47:36 iteration 11134  walltime= 0.362h  Δwalltime=0.12s  timestep= 0s  day=0.0351
2023/07/25 19:47:38 iteration 11153  walltime= 0.362h  Δwalltime=0.085s  timestep= 0s  day=0.0352
2023/07/25 19:47:40 iteration 11177  walltime= 0.363h  Δwalltime=0.083s  timestep= 0s  day=0.0352
2023/07/25 19:47:42 iteration 11201  walltime= 0.363h  Δwalltime=0.082s  timestep= 0s  day=0.0353
2023/07/25 19:47:44 iteration 11225  walltime= 0.364h  Δwalltime=0.083s  timestep= 0s  day=0.0354
2023/07/25 19:47:46 iteration 11249  walltime= 0.364h  Δwalltime=0.083s  timestep= 0s  day=0.0355
2023/07/25 19:47:48 iteration 11273  walltime= 0.365h  Δwalltime=0.086s  timestep= 0s  day=0.0356
2023/07/25 19:47:50 iteration 11296  walltime= 0.365h  Δwalltime=0.094s  timestep= 0s  day=0.0356
2023/07/25 19:47:52 iteration 11319  walltime= 0.366h  Δwalltime=0.084s  timestep= 0s  day=0.0357
2023/07/25 19:47:54 iteration 11343  walltime= 0.367h  Δwalltime=0.083s  timestep= 0s  day=0.0358
2023/07/25 19:47:56 iteration 11367  walltime= 0.367h  Δwalltime=0.083s  timestep= 0s  day=0.0358
2023/07/25 19:47:58 iteration 11391  walltime= 0.368h  Δwalltime=0.083s  timestep= 0s  day=0.0359
2023/07/25 19:48:00 iteration 11414  walltime= 0.368h  Δwalltime=0.083s  timestep= 0s  day=0.036
2023/07/25 19:48:02 iteration 11438  walltime= 0.369h  Δwalltime=0.084s  timestep= 0s  day=0.0361
2023/07/25 19:48:04 iteration 11461  walltime= 0.369h  Δwalltime=0.083s  timestep= 0s  day=0.0361
2023/07/25 19:48:06 iteration 11485  walltime=  0.37h  Δwalltime=0.088s  timestep= 0s  day=0.0362
2023/07/25 19:48:08 iteration 11508  walltime=  0.37h  Δwalltime=0.086s  timestep= 0s  day=0.0363
2023/07/25 19:48:10 iteration 11529  walltime= 0.371h  Δwalltime=0.11s  timestep= 0s  day=0.0364
2023/07/25 19:48:12 iteration 11551  walltime= 0.372h  Δwalltime=0.082s  timestep= 0s  day=0.0364
2023/07/25 19:48:14 iteration 11575  walltime= 0.372h  Δwalltime=0.084s  timestep= 0s  day=0.0365
2023/07/25 19:48:16 iteration 11599  walltime= 0.373h  Δwalltime=0.084s  timestep= 0s  day=0.0366
2023/07/25 19:48:18 iteration 11623  walltime= 0.373h  Δwalltime=0.083s  timestep= 0s  day=0.0367
2023/07/25 19:48:20 iteration 11646  walltime= 0.374h  Δwalltime=0.083s  timestep= 0s  day=0.0367
2023/07/25 19:48:22 iteration 11669  walltime= 0.374h  Δwalltime=0.084s  timestep= 0s  day=0.0368
2023/07/25 19:48:24 iteration 11693  walltime= 0.375h  Δwalltime=0.083s  timestep= 0s  day=0.0369
2023/07/25 19:48:26 iteration 11717  walltime= 0.375h  Δwalltime=0.084s  timestep= 0s  day=0.037
2023/07/25 19:48:28 iteration 11741  walltime= 0.376h  Δwalltime=0.083s  timestep= 0s  day=0.037
2023/07/25 19:48:30 iteration 11764  walltime= 0.377h  Δwalltime=0.082s  timestep= 0s  day=0.0371
2023/07/25 19:48:32 iteration 11788  walltime= 0.377h  Δwalltime=0.087s  timestep= 0s  day=0.0372
2023/07/25 19:48:34 iteration 11812  walltime= 0.378h  Δwalltime=0.083s  timestep= 0s  day=0.0373
2023/07/25 19:48:36 iteration 11836  walltime= 0.378h  Δwalltime=0.087s  timestep= 0s  day=0.0373
2023/07/25 19:48:38 iteration 11860  walltime= 0.379h  Δwalltime=0.083s  timestep= 0s  day=0.0374
2023/07/25 19:48:40 iteration 11883  walltime= 0.379h  Δwalltime=0.084s  timestep= 0s  day=0.0375
2023/07/25 19:48:42 iteration 11907  walltime=  0.38h  Δwalltime=0.082s  timestep= 0s  day=0.0376
2023/07/25 19:48:44 iteration 11931  walltime=  0.38h  Δwalltime=0.084s  timestep= 0s  day=0.0376
2023/07/25 19:48:46 iteration 11955  walltime= 0.381h  Δwalltime=0.084s  timestep= 0s  day=0.0377
2023/07/25 19:48:48 iteration 11978  walltime= 0.382h  Δwalltime=0.083s  timestep= 0s  day=0.0378
2023/07/25 19:48:50 iteration 12002  walltime= 0.382h  Δwalltime=0.083s  timestep= 0s  day=0.0379
2023/07/25 19:48:52 iteration 12025  walltime= 0.383h  Δwalltime=0.085s  timestep= 0s  day=0.0379
2023/07/25 19:48:54 iteration 12049  walltime= 0.383h  Δwalltime=0.083s  timestep= 0s  day=0.038
2023/07/25 19:48:56 iteration 12072  walltime= 0.384h  Δwalltime=0.083s  timestep= 0s  day=0.0381
2023/07/25 19:48:58 iteration 12096  walltime= 0.384h  Δwalltime=0.083s  timestep= 0s  day=0.0381
2023/07/25 19:49:00 iteration 12120  walltime= 0.385h  Δwalltime=0.083s  timestep= 0s  day=0.0382
2023/07/25 19:49:02 iteration 12140  walltime= 0.385h  Δwalltime=0.096s  timestep= 0s  day=0.0383
2023/07/25 19:49:04 iteration 12164  walltime= 0.386h  Δwalltime=0.084s  timestep= 0s  day=0.0384
2023/07/25 19:49:06 iteration 12188  walltime= 0.387h  Δwalltime=0.086s  timestep= 0s  day=0.0384
2023/07/25 19:49:08 iteration 12211  walltime= 0.387h  Δwalltime=0.085s  timestep= 0s  day=0.0385
2023/07/25 19:49:10 iteration 12235  walltime= 0.388h  Δwalltime=0.084s  timestep= 0s  day=0.0386
2023/07/25 19:49:12 iteration 12258  walltime= 0.388h  Δwalltime=0.083s  timestep= 0s  day=0.0387
2023/07/25 19:49:14 iteration 12282  walltime= 0.389h  Δwalltime=0.085s  timestep= 0s  day=0.0387
2023/07/25 19:49:16 iteration 12305  walltime= 0.389h  Δwalltime=0.085s  timestep= 0s  day=0.0388
2023/07/25 19:49:18 iteration 12329  walltime=  0.39h  Δwalltime=0.084s  timestep= 0s  day=0.0389
2023/07/25 19:49:20 iteration 12353  walltime=  0.39h  Δwalltime=0.084s  timestep= 0s  day=0.039
2023/07/25 19:49:22 iteration 12376  walltime= 0.391h  Δwalltime=0.085s  timestep= 0s  day=0.039
2023/07/25 19:49:24 iteration 12399  walltime= 0.392h  Δwalltime=0.084s  timestep= 0s  day=0.0391
2023/07/25 19:49:26 iteration 12423  walltime= 0.392h  Δwalltime=0.083s  timestep= 0s  day=0.0392
2023/07/25 19:49:28 iteration 12447  walltime= 0.393h  Δwalltime=0.085s  timestep= 0s  day=0.0393
2023/07/25 19:49:30 iteration 12471  walltime= 0.393h  Δwalltime=0.084s  timestep= 0s  day=0.0393
2023/07/25 19:49:32 iteration 12494  walltime= 0.394h  Δwalltime=0.083s  timestep= 0s  day=0.0394
2023/07/25 19:49:34 iteration 12518  walltime= 0.394h  Δwalltime=0.083s  timestep= 0s  day=0.0395
2023/07/25 19:49:36 iteration 12542  walltime= 0.395h  Δwalltime=0.18s  timestep= 0s  day=0.0396
2023/07/25 19:49:38 iteration 12556  walltime= 0.395h  Δwalltime=0.11s  timestep= 0s  day=0.0396
2023/07/25 19:49:40 iteration 12576  walltime= 0.396h  Δwalltime=0.096s  timestep= 0s  day=0.0397
2023/07/25 19:49:42 iteration 12598  walltime= 0.397h  Δwalltime=0.083s  timestep= 0s  day=0.0397
2023/07/25 19:49:44 iteration 12622  walltime= 0.397h  Δwalltime=0.083s  timestep= 0s  day=0.0398
2023/07/25 19:49:46 iteration 12646  walltime= 0.398h  Δwalltime=0.083s  timestep= 0s  day=0.0399
2023/07/25 19:49:48 iteration 12670  walltime= 0.398h  Δwalltime=0.083s  timestep= 0s  day=0.04
2023/07/25 19:49:50 iteration 12694  walltime= 0.399h  Δwalltime=0.083s  timestep= 0s  day=0.04
2023/07/25 19:49:52 iteration 12717  walltime= 0.399h  Δwalltime=0.084s  timestep= 0s  day=0.0401
2023/07/25 19:49:54 iteration 12741  walltime=   0.4h  Δwalltime=0.083s  timestep= 0s  day=0.0402
2023/07/25 19:49:56 iteration 12765  walltime=   0.4h  Δwalltime=0.082s  timestep= 0s  day=0.0403
2023/07/25 19:49:58 iteration 12789  walltime= 0.401h  Δwalltime=0.082s  timestep= 0s  day=0.0403
2023/07/25 19:50:00 iteration 12813  walltime= 0.402h  Δwalltime=0.083s  timestep= 0s  day=0.0404
2023/07/25 19:50:02 iteration 12837  walltime= 0.402h  Δwalltime=0.082s  timestep= 0s  day=0.0405
2023/07/25 19:50:04 iteration 12861  walltime= 0.403h  Δwalltime=0.085s  timestep= 0s  day=0.0406
2023/07/25 19:50:06 iteration 12884  walltime= 0.403h  Δwalltime=0.092s  timestep= 0s  day=0.0406
2023/07/25 19:50:08 iteration 12907  walltime= 0.404h  Δwalltime=0.084s  timestep= 0s  day=0.0407
2023/07/25 19:50:10 iteration 12931  walltime= 0.404h  Δwalltime=0.084s  timestep= 0s  day=0.0408
2023/07/25 19:50:12 iteration 12955  walltime= 0.405h  Δwalltime=0.084s  timestep= 0s  day=0.0409
2023/07/25 19:50:14 iteration 12979  walltime= 0.405h  Δwalltime=0.084s  timestep= 0s  day=0.0409
2023/07/25 19:50:16 iteration 13002  walltime= 0.406h  Δwalltime=0.082s  timestep= 0s  day=0.041
2023/07/25 19:50:18 iteration 13026  walltime= 0.407h  Δwalltime=0.085s  timestep= 0s  day=0.0411
2023/07/25 19:50:20 iteration 13050  walltime= 0.407h  Δwalltime=0.082s  timestep= 0s  day=0.0412
2023/07/25 19:50:22 iteration 13074  walltime= 0.408h  Δwalltime=0.09s  timestep= 0s  day=0.0412
2023/07/25 19:50:24 iteration 13097  walltime= 0.408h  Δwalltime=0.085s  timestep= 0s  day=0.0413
2023/07/25 19:50:26 iteration 13121  walltime= 0.409h  Δwalltime=0.083s  timestep= 0s  day=0.0414
2023/07/25 19:50:28 iteration 13145  walltime= 0.409h  Δwalltime=0.083s  timestep= 0s  day=0.0415
2023/07/25 19:50:30 iteration 13169  walltime=  0.41h  Δwalltime=0.084s  timestep= 0s  day=0.0415
2023/07/25 19:50:32 iteration 13193  walltime=  0.41h  Δwalltime=0.082s  timestep= 0s  day=0.0416
2023/07/25 19:50:34 iteration 13217  walltime= 0.411h  Δwalltime=0.085s  timestep= 0s  day=0.0417
2023/07/25 19:50:36 iteration 13241  walltime= 0.412h  Δwalltime=0.091s  timestep= 0s  day=0.0418
2023/07/25 19:50:38 iteration 13264  walltime= 0.412h  Δwalltime=0.087s  timestep= 0s  day=0.0418
2023/07/25 19:50:40 iteration 13288  walltime= 0.413h  Δwalltime=0.084s  timestep= 0s  day=0.0419
2023/07/25 19:50:42 iteration 13312  walltime= 0.413h  Δwalltime=0.083s  timestep= 0s  day=0.042
2023/07/25 19:50:44 iteration 13335  walltime= 0.414h  Δwalltime=0.085s  timestep= 0s  day=0.0421
2023/07/25 19:50:46 iteration 13359  walltime= 0.414h  Δwalltime=0.084s  timestep= 0s  day=0.0421
2023/07/25 19:50:48 iteration 13383  walltime= 0.415h  Δwalltime=0.082s  timestep= 0s  day=0.0422
2023/07/25 19:50:50 iteration 13406  walltime= 0.415h  Δwalltime=0.083s  timestep= 0s  day=0.0423
2023/07/25 19:50:52 iteration 13429  walltime= 0.416h  Δwalltime=0.083s  timestep= 0s  day=0.0424
2023/07/25 19:50:54 iteration 13453  walltime= 0.417h  Δwalltime=0.083s  timestep= 0s  day=0.0424
2023/07/25 19:50:56 iteration 13477  walltime= 0.417h  Δwalltime=0.085s  timestep= 0s  day=0.0425
2023/07/25 19:50:58 iteration 13500  walltime= 0.418h  Δwalltime=0.083s  timestep= 0s  day=0.0426
2023/07/25 19:51:00 iteration 13524  walltime= 0.418h  Δwalltime=0.083s  timestep= 0s  day=0.0426
2023/07/25 19:51:02 iteration 13547  walltime= 0.419h  Δwalltime=0.083s  timestep= 0s  day=0.0427
2023/07/25 19:51:04 iteration 13571  walltime= 0.419h  Δwalltime=0.083s  timestep= 0s  day=0.0428
2023/07/25 19:51:06 iteration 13595  walltime=  0.42h  Δwalltime=0.091s  timestep= 0s  day=0.0429
2023/07/25 19:51:08 iteration 13618  walltime=  0.42h  Δwalltime=0.083s  timestep= 0s  day=0.0429
2023/07/25 19:51:10 iteration 13638  walltime= 0.421h  Δwalltime= 0.1s  timestep= 0s  day=0.043
2023/07/25 19:51:12 iteration 13661  walltime= 0.422h  Δwalltime=0.083s  timestep= 0s  day=0.0431
2023/07/25 19:51:14 iteration 13685  walltime= 0.422h  Δwalltime=0.085s  timestep= 0s  day=0.0432
2023/07/25 19:51:16 iteration 13709  walltime= 0.423h  Δwalltime=0.084s  timestep= 0s  day=0.0432
2023/07/25 19:51:18 iteration 13732  walltime= 0.423h  Δwalltime=0.082s  timestep= 0s  day=0.0433
2023/07/25 19:51:20 iteration 13756  walltime= 0.424h  Δwalltime=0.083s  timestep= 0s  day=0.0434
2023/07/25 19:51:22 iteration 13779  walltime= 0.424h  Δwalltime=0.084s  timestep= 0s  day=0.0435
2023/07/25 19:51:24 iteration 13803  walltime= 0.425h  Δwalltime=0.083s  timestep= 0s  day=0.0435
2023/07/25 19:51:26 iteration 13826  walltime= 0.425h  Δwalltime=0.084s  timestep= 0s  day=0.0436
2023/07/25 19:51:28 iteration 13851  walltime= 0.426h  Δwalltime=0.083s  timestep= 0s  day=0.0437
2023/07/25 19:51:30 iteration 13874  walltime= 0.427h  Δwalltime=0.085s  timestep= 0s  day=0.0438
2023/07/25 19:51:32 iteration 13897  walltime= 0.427h  Δwalltime=0.084s  timestep= 0s  day=0.0438
2023/07/25 19:51:34 iteration 13921  walltime= 0.428h  Δwalltime=0.083s  timestep= 0s  day=0.0439
2023/07/25 19:51:36 iteration 13945  walltime= 0.428h  Δwalltime=0.084s  timestep= 0s  day=0.044
2023/07/25 19:51:38 iteration 13962  walltime= 0.429h  Δwalltime=0.19s  timestep= 0s  day=0.044
2023/07/25 19:51:40 iteration 13981  walltime= 0.429h  Δwalltime=0.084s  timestep= 0s  day=0.0441
2023/07/25 19:51:42 iteration 14005  walltime=  0.43h  Δwalltime=0.083s  timestep= 0s  day=0.0442
2023/07/25 19:51:44 iteration 14029  walltime=  0.43h  Δwalltime=0.12s  timestep= 0s  day=0.0442
2023/07/25 19:51:46 iteration 14052  walltime= 0.431h  Δwalltime=0.084s  timestep= 0s  day=0.0443
2023/07/25 19:51:48 iteration 14075  walltime= 0.432h  Δwalltime=0.084s  timestep= 0s  day=0.0444
2023/07/25 19:51:50 iteration 14099  walltime= 0.432h  Δwalltime=0.083s  timestep= 0s  day=0.0445
2023/07/25 19:51:52 iteration 14122  walltime= 0.433h  Δwalltime=0.084s  timestep= 0s  day=0.0445
2023/07/25 19:51:54 iteration 14145  walltime= 0.433h  Δwalltime=0.083s  timestep= 0s  day=0.0446
2023/07/25 19:51:56 iteration 14169  walltime= 0.434h  Δwalltime=0.083s  timestep= 0s  day=0.0447
2023/07/25 19:51:58 iteration 14193  walltime= 0.434h  Δwalltime=0.083s  timestep= 0s  day=0.0448
2023/07/25 19:52:00 iteration 14217  walltime= 0.435h  Δwalltime=0.082s  timestep= 0s  day=0.0448
2023/07/25 19:52:02 iteration 14241  walltime= 0.435h  Δwalltime=0.083s  timestep= 0s  day=0.0449
2023/07/25 19:52:04 iteration 14265  walltime= 0.436h  Δwalltime=0.084s  timestep= 0s  day=0.045
2023/07/25 19:52:06 iteration 14288  walltime= 0.437h  Δwalltime=0.083s  timestep= 0s  day=0.0451
2023/07/25 19:52:08 iteration 14311  walltime= 0.437h  Δwalltime=0.087s  timestep= 0s  day=0.0451
2023/07/25 19:52:10 iteration 14335  walltime= 0.438h  Δwalltime=0.083s  timestep= 0s  day=0.0452
2023/07/25 19:52:12 iteration 14358  walltime= 0.438h  Δwalltime=0.083s  timestep= 0s  day=0.0453
2023/07/25 19:52:14 iteration 14382  walltime= 0.439h  Δwalltime=0.083s  timestep= 0s  day=0.0454
2023/07/25 19:52:16 iteration 14406  walltime= 0.439h  Δwalltime=0.085s  timestep= 0s  day=0.0454
2023/07/25 19:52:18 iteration 14430  walltime=  0.44h  Δwalltime=0.082s  timestep= 0s  day=0.0455
2023/07/25 19:52:20 iteration 14454  walltime=  0.44h  Δwalltime=0.084s  timestep= 0s  day=0.0456
2023/07/25 19:52:22 iteration 14477  walltime= 0.441h  Δwalltime=0.083s  timestep= 0s  day=0.0457
2023/07/25 19:52:24 iteration 14501  walltime= 0.442h  Δwalltime=0.083s  timestep= 0s  day=0.0457
2023/07/25 19:52:26 iteration 14525  walltime= 0.442h  Δwalltime=0.086s  timestep= 0s  day=0.0458
2023/07/25 19:52:28 iteration 14548  walltime= 0.443h  Δwalltime=0.083s  timestep= 0s  day=0.0459
2023/07/25 19:52:30 iteration 14572  walltime= 0.443h  Δwalltime=0.083s  timestep= 0s  day=0.046
2023/07/25 19:52:32 iteration 14596  walltime= 0.444h  Δwalltime=0.083s  timestep= 0s  day=0.046
2023/07/25 19:52:34 iteration 14620  walltime= 0.444h  Δwalltime=0.083s  timestep= 0s  day=0.0461
2023/07/25 19:52:36 iteration 14643  walltime= 0.445h  Δwalltime=0.084s  timestep= 0s  day=0.0462
2023/07/25 19:52:38 iteration 14667  walltime= 0.445h  Δwalltime=0.084s  timestep= 0s  day=0.0463
2023/07/25 19:52:40 iteration 14687  walltime= 0.446h  Δwalltime=0.12s  timestep= 0s  day=0.0463
2023/07/25 19:52:42 iteration 14709  walltime= 0.447h  Δwalltime= 0.1s  timestep= 0s  day=0.0464
2023/07/25 19:52:44 iteration 14732  walltime= 0.447h  Δwalltime=0.083s  timestep= 0s  day=0.0465
2023/07/25 19:52:46 iteration 14756  walltime= 0.448h  Δwalltime=0.085s  timestep= 0s  day=0.0465
2023/07/25 19:52:48 iteration 14779  walltime= 0.448h  Δwalltime=0.084s  timestep= 0s  day=0.0466
2023/07/25 19:52:50 iteration 14803  walltime= 0.449h  Δwalltime=0.083s  timestep= 0s  day=0.0467
2023/07/25 19:52:52 iteration 14826  walltime= 0.449h  Δwalltime=0.087s  timestep= 0s  day=0.0468
2023/07/25 19:52:54 iteration 14850  walltime=  0.45h  Δwalltime=0.085s  timestep= 0s  day=0.0468
2023/07/25 19:52:56 iteration 14874  walltime=  0.45h  Δwalltime=0.085s  timestep= 0s  day=0.0469
2023/07/25 19:52:58 iteration 14897  walltime= 0.451h  Δwalltime=0.084s  timestep= 0s  day=0.047
2023/07/25 19:53:00 iteration 14921  walltime= 0.452h  Δwalltime=0.082s  timestep= 0s  day=0.0471
2023/07/25 19:53:02 iteration 14944  walltime= 0.452h  Δwalltime=0.085s  timestep= 0s  day=0.0471
2023/07/25 19:53:04 iteration 14968  walltime= 0.453h  Δwalltime=0.082s  timestep= 0s  day=0.0472
2023/07/25 19:53:06 iteration 14991  walltime= 0.453h  Δwalltime=0.084s  timestep= 0s  day=0.0473
2023/07/25 19:53:08 iteration 15014  walltime= 0.454h  Δwalltime=0.082s  timestep= 0s  day=0.0473
2023/07/25 19:53:10 iteration 15038  walltime= 0.454h  Δwalltime=0.083s  timestep= 0s  day=0.0474
2023/07/25 19:53:12 iteration 15062  walltime= 0.455h  Δwalltime=0.083s  timestep= 0s  day=0.0475
2023/07/25 19:53:14 iteration 15086  walltime= 0.455h  Δwalltime=0.084s  timestep= 0s  day=0.0476
2023/07/25 19:53:16 iteration 15110  walltime= 0.456h  Δwalltime=0.083s  timestep= 0s  day=0.0477
2023/07/25 19:53:18 iteration 15133  walltime= 0.457h  Δwalltime=0.083s  timestep= 0s  day=0.0477
2023/07/25 19:53:20 iteration 15157  walltime= 0.457h  Δwalltime=0.083s  timestep= 0s  day=0.0478
2023/07/25 19:53:22 iteration 15180  walltime= 0.458h  Δwalltime=0.083s  timestep= 0s  day=0.0479
2023/07/25 19:53:24 iteration 15204  walltime= 0.458h  Δwalltime=0.084s  timestep= 0s  day=0.0479
2023/07/25 19:53:26 iteration 15228  walltime= 0.459h  Δwalltime=0.083s  timestep= 0s  day=0.048
2023/07/25 19:53:28 iteration 15252  walltime= 0.459h  Δwalltime=0.082s  timestep= 0s  day=0.0481
2023/07/25 19:53:30 iteration 15276  walltime=  0.46h  Δwalltime=0.083s  timestep= 0s  day=0.0482
2023/07/25 19:53:32 iteration 15300  walltime=  0.46h  Δwalltime=0.083s  timestep= 0s  day=0.0483
2023/07/25 19:53:34 iteration 15324  walltime= 0.461h  Δwalltime=0.084s  timestep= 0s  day=0.0483
2023/07/25 19:53:36 iteration 15348  walltime= 0.462h  Δwalltime=0.089s  timestep= 0s  day=0.0484
2023/07/25 19:53:38 iteration 15371  walltime= 0.462h  Δwalltime= 0.1s  timestep= 0s  day=0.0485
2023/07/25 19:53:40 iteration 15385  walltime= 0.463h  Δwalltime=0.11s  timestep= 0s  day=0.0485
2023/07/25 19:53:42 iteration 15407  walltime= 0.463h  Δwalltime=0.084s  timestep= 0s  day=0.0486
2023/07/25 19:53:44 iteration 15431  walltime= 0.464h  Δwalltime=0.082s  timestep= 0s  day=0.0487
2023/07/25 19:53:46 iteration 15455  walltime= 0.464h  Δwalltime=0.083s  timestep= 0s  day=0.0487
2023/07/25 19:53:48 iteration 15478  walltime= 0.465h  Δwalltime=0.083s  timestep= 0s  day=0.0488
2023/07/25 19:53:50 iteration 15502  walltime= 0.465h  Δwalltime= 0.1s  timestep= 0s  day=0.0489
2023/07/25 19:53:52 iteration 15525  walltime= 0.466h  Δwalltime=0.084s  timestep= 0s  day=0.049
2023/07/25 19:53:54 iteration 15549  walltime= 0.467h  Δwalltime=0.082s  timestep= 0s  day=0.049
2023/07/25 19:53:56 iteration 15573  walltime= 0.467h  Δwalltime=0.083s  timestep= 0s  day=0.0491
2023/07/25 19:53:58 iteration 15597  walltime= 0.468h  Δwalltime=0.084s  timestep= 0s  day=0.0492
2023/07/25 19:54:00 iteration 15620  walltime= 0.468h  Δwalltime=0.12s  timestep= 0s  day=0.0493
2023/07/25 19:54:02 iteration 15641  walltime= 0.469h  Δwalltime=0.086s  timestep= 0s  day=0.0493
2023/07/25 19:54:04 iteration 15665  walltime= 0.469h  Δwalltime=0.084s  timestep= 0s  day=0.0494
2023/07/25 19:54:06 iteration 15689  walltime=  0.47h  Δwalltime=0.091s  timestep= 0s  day=0.0495
2023/07/25 19:54:08 iteration 15711  walltime=  0.47h  Δwalltime=0.083s  timestep= 0s  day=0.0495
2023/07/25 19:54:10 iteration 15732  walltime= 0.471h  Δwalltime=0.11s  timestep= 0s  day=0.0496
2023/07/25 19:54:12 iteration 15754  walltime= 0.472h  Δwalltime=0.082s  timestep= 0s  day=0.0497
2023/07/25 19:54:14 iteration 15778  walltime= 0.472h  Δwalltime=0.084s  timestep= 0s  day=0.0498
2023/07/25 19:54:16 iteration 15802  walltime= 0.473h  Δwalltime=0.083s  timestep= 0s  day=0.0498
2023/07/25 19:54:18 iteration 15826  walltime= 0.473h  Δwalltime=0.084s  timestep= 0s  day=0.0499
2023/07/25 19:54:20 iteration 15850  walltime= 0.474h  Δwalltime=0.082s  timestep= 0s  day=0.05
2023/07/25 19:54:22 iteration 15874  walltime= 0.474h  Δwalltime=0.083s  timestep= 0s  day=0.0501
2023/07/25 19:54:24 iteration 15897  walltime= 0.475h  Δwalltime=0.085s  timestep= 0s  day=0.0501
2023/07/25 19:54:26 iteration 15921  walltime= 0.475h  Δwalltime=0.082s  timestep= 0s  day=0.0502
2023/07/25 19:54:28 iteration 15944  walltime= 0.476h  Δwalltime=0.087s  timestep= 0s  day=0.0503
2023/07/25 19:54:30 iteration 15967  walltime= 0.477h  Δwalltime=0.083s  timestep= 0s  day=0.0504
2023/07/25 19:54:32 iteration 15991  walltime= 0.477h  Δwalltime=0.082s  timestep= 0s  day=0.0504
2023/07/25 19:54:34 iteration 16015  walltime= 0.478h  Δwalltime=0.082s  timestep= 0s  day=0.0505
2023/07/25 19:54:36 iteration 16039  walltime= 0.478h  Δwalltime=0.084s  timestep= 0s  day=0.0506
2023/07/25 19:54:38 iteration 16063  walltime= 0.479h  Δwalltime=0.085s  timestep= 0s  day=0.0507
2023/07/25 19:54:40 iteration 16087  walltime= 0.479h  Δwalltime=0.082s  timestep= 0s  day=0.0507
2023/07/25 19:54:42 iteration 16110  walltime=  0.48h  Δwalltime=0.083s  timestep= 0s  day=0.0508
2023/07/25 19:54:44 iteration 16134  walltime=  0.48h  Δwalltime=0.084s  timestep= 0s  day=0.0509
2023/07/25 19:54:46 iteration 16158  walltime= 0.481h  Δwalltime=0.083s  timestep= 0s  day=0.051
2023/07/25 19:54:48 iteration 16182  walltime= 0.482h  Δwalltime=0.083s  timestep= 0s  day=0.051
2023/07/25 19:54:50 iteration 16206  walltime= 0.482h  Δwalltime=0.083s  timestep= 0s  day=0.0511
2023/07/25 19:54:52 iteration 16229  walltime= 0.483h  Δwalltime=0.085s  timestep= 0s  day=0.0512
2023/07/25 19:54:54 iteration 16253  walltime= 0.483h  Δwalltime=0.084s  timestep= 0s  day=0.0513
2023/07/25 19:54:56 iteration 16276  walltime= 0.484h  Δwalltime=0.084s  timestep= 0s  day=0.0513
2023/07/25 19:54:58 iteration 16300  walltime= 0.484h  Δwalltime=0.085s  timestep= 0s  day=0.0514
2023/07/25 19:55:00 iteration 16324  walltime= 0.485h  Δwalltime=0.082s  timestep= 0s  day=0.0515
2023/07/25 19:55:02 iteration 16347  walltime= 0.485h  Δwalltime=0.092s  timestep= 0s  day=0.0516
2023/07/25 19:55:04 iteration 16371  walltime= 0.486h  Δwalltime=0.085s  timestep= 0s  day=0.0516
2023/07/25 19:55:06 iteration 16395  walltime= 0.487h  Δwalltime=0.091s  timestep= 0s  day=0.0517
2023/07/25 19:55:08 iteration 16418  walltime= 0.487h  Δwalltime=0.083s  timestep= 0s  day=0.0518
2023/07/25 19:55:10 iteration 16441  walltime= 0.488h  Δwalltime=0.083s  timestep= 0s  day=0.0518
2023/07/25 19:55:12 iteration 16466  walltime= 0.488h  Δwalltime=0.083s  timestep= 0s  day=0.0519
2023/07/25 19:55:14 iteration 16489  walltime= 0.489h  Δwalltime=0.084s  timestep= 0s  day=0.052
2023/07/25 19:55:16 iteration 16513  walltime= 0.489h  Δwalltime=0.082s  timestep= 0s  day=0.0521
2023/07/25 19:55:18 iteration 16537  walltime=  0.49h  Δwalltime=0.082s  timestep= 0s  day=0.0522
2023/07/25 19:55:20 iteration 16561  walltime=  0.49h  Δwalltime=0.083s  timestep= 0s  day=0.0522
2023/07/25 19:55:22 iteration 16584  walltime= 0.491h  Δwalltime=0.083s  timestep= 0s  day=0.0523
2023/07/25 19:55:24 iteration 16607  walltime= 0.492h  Δwalltime=0.083s  timestep= 0s  day=0.0524
2023/07/25 19:55:26 iteration 16632  walltime= 0.492h  Δwalltime=0.089s  timestep= 0s  day=0.0525
2023/07/25 19:55:28 iteration 16655  walltime= 0.493h  Δwalltime=0.085s  timestep= 0s  day=0.0525
2023/07/25 19:55:30 iteration 16678  walltime= 0.493h  Δwalltime=0.086s  timestep= 0s  day=0.0526
2023/07/25 19:55:32 iteration 16702  walltime= 0.494h  Δwalltime=0.091s  timestep= 0s  day=0.0527
2023/07/25 19:55:34 iteration 16726  walltime= 0.494h  Δwalltime=0.084s  timestep= 0s  day=0.0527
2023/07/25 19:55:36 iteration 16749  walltime= 0.495h  Δwalltime=0.084s  timestep= 0s  day=0.0528
2023/07/25 19:55:38 iteration 16773  walltime= 0.495h  Δwalltime=0.083s  timestep= 0s  day=0.0529
2023/07/25 19:55:40 iteration 16789  walltime= 0.496h  Δwalltime=0.18s  timestep= 0s  day=0.0529
2023/07/25 19:55:42 iteration 16807  walltime= 0.497h  Δwalltime=0.083s  timestep= 0s  day=0.053
2023/07/25 19:55:44 iteration 16831  walltime= 0.497h  Δwalltime=0.084s  timestep= 0s  day=0.0531
2023/07/25 19:55:46 iteration 16855  walltime= 0.498h  Δwalltime=0.086s  timestep= 0s  day=0.0532
2023/07/25 19:55:48 iteration 16879  walltime= 0.498h  Δwalltime=0.085s  timestep= 0s  day=0.0532
2023/07/25 19:55:50 iteration 16903  walltime= 0.499h  Δwalltime=0.083s  timestep= 0s  day=0.0533
2023/07/25 19:55:52 iteration 16926  walltime= 0.499h  Δwalltime=0.084s  timestep= 0s  day=0.0534
2023/07/25 19:55:54 iteration 16950  walltime=   0.5h  Δwalltime=0.084s  timestep= 0s  day=0.0535
2023/07/25 19:55:56 iteration 16973  walltime=   0.5h  Δwalltime=0.084s  timestep= 0s  day=0.0535
2023/07/25 19:55:58 iteration 16997  walltime= 0.501h  Δwalltime=0.084s  timestep= 0s  day=0.0536
2023/07/25 19:56:00 iteration 17021  walltime= 0.502h  Δwalltime=0.081s  timestep= 0s  day=0.0537
2023/07/25 19:56:02 iteration 17045  walltime= 0.502h  Δwalltime=0.084s  timestep= 0s  day=0.0538
2023/07/25 19:56:04 iteration 17069  walltime= 0.503h  Δwalltime=0.083s  timestep= 0s  day=0.0538
2023/07/25 19:56:06 iteration 17093  walltime= 0.503h  Δwalltime=0.09s  timestep= 0s  day=0.0539
2023/07/25 19:56:08 iteration 17116  walltime= 0.504h  Δwalltime=0.083s  timestep= 0s  day=0.054
2023/07/25 19:56:10 iteration 17140  walltime= 0.504h  Δwalltime=0.082s  timestep= 0s  day=0.0541
2023/07/25 19:56:12 iteration 17164  walltime= 0.505h  Δwalltime=0.084s  timestep= 0s  day=0.0541
2023/07/25 19:56:14 iteration 17187  walltime= 0.505h  Δwalltime=0.083s  timestep= 0s  day=0.0542
2023/07/25 19:56:16 iteration 17211  walltime= 0.506h  Δwalltime=0.084s  timestep= 0s  day=0.0543
2023/07/25 19:56:18 iteration 17235  walltime= 0.507h  Δwalltime=0.085s  timestep= 0s  day=0.0544
slurmstepd: error: *** JOB 39343998 ON bc11746 CANCELLED AT 2023-07-25T23:56:18 ***
