2023/07/17 19:30:02 Parsing output variable expressions...
2023/07/17 19:30:02 Loading emissions shapefile: /home/tfmrodge/scratch/GEMMACH_data/data/Inmap_outputs/Emissions/Emissions_shp/BASEGM_2015_E010_Sumlcc.shp.
2023/07/17 19:30:51 Loading CTM data...
2023/07/17 19:30:51 Reading input data...
2023/07/17 19:36:25 Loading population and mortality rate data...
2023/07/17 19:37:07 Initializing model...
2023/07/17 19:48:13 Emission totals:
2023/07/17 19:48:13 gOrg, NaN μg/s
2023/07/17 19:48:13 pOrg, 0 μg/s
2023/07/17 19:48:13 PM2_5, NaN μg/s
2023/07/17 19:48:13 gNH, NaN μg/s
2023/07/17 19:48:13 pNH, 0 μg/s
2023/07/17 19:48:13 gS, NaN μg/s
2023/07/17 19:48:13 pS, 0 μg/s
2023/07/17 19:48:13 gNO, NaN μg/s
2023/07/17 19:48:13 pNO, 0 μg/s
2023/07/17 19:48:13 iteration 1     walltime= 0.185h  Δwalltime=6.7e+02s  timestep= 0s  day=9.76e-08
2023/07/17 19:48:14 iteration 12    walltime= 0.185h  Δwalltime=0.14s  timestep= 0s  day=1.17e-06
2023/07/17 19:48:16 iteration 26    walltime= 0.186h  Δwalltime=0.14s  timestep= 0s  day=2.54e-06
2023/07/17 19:48:18 iteration 39    walltime= 0.186h  Δwalltime=0.14s  timestep= 0s  day=3.81e-06
2023/07/17 19:48:20 iteration 54    walltime= 0.187h  Δwalltime=0.14s  timestep= 0s  day=5.27e-06
2023/07/17 19:48:22 iteration 68    walltime= 0.188h  Δwalltime=0.14s  timestep= 0s  day=6.64e-06
2023/07/17 19:48:24 iteration 82    walltime= 0.188h  Δwalltime=0.14s  timestep= 0s  day=8.01e-06
2023/07/17 19:48:26 iteration 96    walltime= 0.189h  Δwalltime=0.14s  timestep= 0s  day=9.37e-06
2023/07/17 19:48:28 iteration 111   walltime= 0.189h  Δwalltime=0.14s  timestep= 0s  day=1.08e-05
2023/07/17 19:48:30 iteration 125   walltime=  0.19h  Δwalltime=0.17s  timestep= 0s  day=1.22e-05
2023/07/17 19:48:32 iteration 136   walltime=  0.19h  Δwalltime=0.15s  timestep= 0s  day=1.33e-05
2023/07/17 19:48:34 iteration 150   walltime= 0.191h  Δwalltime=0.14s  timestep= 0s  day=1.46e-05
2023/07/17 19:48:36 iteration 164   walltime= 0.191h  Δwalltime=0.14s  timestep= 0s  day=1.6e-05
2023/07/17 19:48:38 iteration 179   walltime= 0.192h  Δwalltime=0.14s  timestep= 0s  day=1.75e-05
2023/07/17 19:48:40 iteration 193   walltime= 0.193h  Δwalltime=0.14s  timestep= 0s  day=1.88e-05
2023/07/17 19:48:42 iteration 207   walltime= 0.193h  Δwalltime=0.14s  timestep= 0s  day=2.02e-05
2023/07/17 19:48:44 iteration 221   walltime= 0.194h  Δwalltime=0.14s  timestep= 0s  day=2.16e-05
2023/07/17 19:48:46 iteration 236   walltime= 0.194h  Δwalltime=0.14s  timestep= 0s  day=2.3e-05
2023/07/17 19:48:48 iteration 250   walltime= 0.195h  Δwalltime=0.15s  timestep= 0s  day=2.44e-05
2023/07/17 19:48:50 iteration 264   walltime= 0.195h  Δwalltime=0.15s  timestep= 0s  day=2.58e-05
2023/07/17 19:48:52 iteration 278   walltime= 0.196h  Δwalltime=0.14s  timestep= 0s  day=2.71e-05
2023/07/17 19:48:54 iteration 292   walltime= 0.196h  Δwalltime=0.14s  timestep= 0s  day=2.85e-05
2023/07/17 19:48:56 iteration 306   walltime= 0.197h  Δwalltime=0.14s  timestep= 0s  day=2.99e-05
2023/07/17 19:48:58 iteration 320   walltime= 0.197h  Δwalltime=0.14s  timestep= 0s  day=3.12e-05
2023/07/17 19:49:00 iteration 335   walltime= 0.198h  Δwalltime=0.14s  timestep= 0s  day=3.27e-05
2023/07/17 19:49:02 iteration 349   walltime= 0.199h  Δwalltime=0.14s  timestep= 0s  day=3.41e-05
2023/07/17 19:49:04 iteration 363   walltime= 0.199h  Δwalltime=0.14s  timestep= 0s  day=3.54e-05
2023/07/17 19:49:06 iteration 377   walltime=   0.2h  Δwalltime=0.14s  timestep= 0s  day=3.68e-05
2023/07/17 19:49:08 iteration 390   walltime=   0.2h  Δwalltime= 0.2s  timestep= 0s  day=3.81e-05
2023/07/17 19:49:10 iteration 403   walltime= 0.201h  Δwalltime=0.15s  timestep= 0s  day=3.94e-05
2023/07/17 19:49:12 iteration 418   walltime= 0.201h  Δwalltime=0.14s  timestep= 0s  day=4.08e-05
2023/07/17 19:49:14 iteration 432   walltime= 0.202h  Δwalltime=0.14s  timestep= 0s  day=4.22e-05
2023/07/17 19:49:16 iteration 446   walltime= 0.203h  Δwalltime=0.14s  timestep= 0s  day=4.36e-05
2023/07/17 19:49:18 iteration 460   walltime= 0.203h  Δwalltime=0.14s  timestep= 0s  day=4.49e-05
2023/07/17 19:49:20 iteration 474   walltime= 0.204h  Δwalltime=0.14s  timestep= 0s  day=4.63e-05
2023/07/17 19:49:22 iteration 488   walltime= 0.204h  Δwalltime=0.14s  timestep= 0s  day=4.77e-05
2023/07/17 19:49:24 iteration 503   walltime= 0.205h  Δwalltime=0.14s  timestep= 0s  day=4.91e-05
2023/07/17 19:49:26 iteration 517   walltime= 0.205h  Δwalltime=0.14s  timestep= 0s  day=5.05e-05
2023/07/17 19:49:28 iteration 530   walltime= 0.206h  Δwalltime=0.14s  timestep= 0s  day=5.18e-05
2023/07/17 19:49:30 iteration 544   walltime= 0.206h  Δwalltime=0.15s  timestep= 0s  day=5.31e-05
2023/07/17 19:49:32 iteration 558   walltime= 0.207h  Δwalltime=0.14s  timestep= 0s  day=5.45e-05
2023/07/17 19:49:34 iteration 572   walltime= 0.208h  Δwalltime=0.14s  timestep= 0s  day=5.59e-05
2023/07/17 19:49:36 iteration 586   walltime= 0.208h  Δwalltime=0.14s  timestep= 0s  day=5.72e-05
2023/07/17 19:49:38 iteration 601   walltime= 0.209h  Δwalltime=0.14s  timestep= 0s  day=5.87e-05
2023/07/17 19:49:40 iteration 615   walltime= 0.209h  Δwalltime=0.14s  timestep= 0s  day=6.01e-05
2023/07/17 19:49:42 iteration 630   walltime=  0.21h  Δwalltime=0.14s  timestep= 0s  day=6.15e-05
2023/07/17 19:49:44 iteration 644   walltime=  0.21h  Δwalltime=0.14s  timestep= 0s  day=6.29e-05
2023/07/17 19:49:46 iteration 658   walltime= 0.211h  Δwalltime=0.14s  timestep= 0s  day=6.43e-05
2023/07/17 19:49:48 iteration 672   walltime= 0.211h  Δwalltime=0.14s  timestep= 0s  day=6.56e-05
2023/07/17 19:49:50 iteration 686   walltime= 0.212h  Δwalltime=0.14s  timestep= 0s  day=6.7e-05
2023/07/17 19:49:52 iteration 700   walltime= 0.213h  Δwalltime=0.15s  timestep= 0s  day=6.84e-05
2023/07/17 19:49:54 iteration 715   walltime= 0.213h  Δwalltime=0.14s  timestep= 0s  day=6.98e-05
2023/07/17 19:49:56 iteration 724   walltime= 0.214h  Δwalltime=0.23s  timestep= 0s  day=7.07e-05
2023/07/17 19:49:58 iteration 735   walltime= 0.214h  Δwalltime=0.18s  timestep= 0s  day=7.18e-05
2023/07/17 19:50:00 iteration 746   walltime= 0.215h  Δwalltime=0.18s  timestep= 0s  day=7.28e-05
2023/07/17 19:50:02 iteration 757   walltime= 0.215h  Δwalltime=0.17s  timestep= 0s  day=7.39e-05
2023/07/17 19:50:04 iteration 771   walltime= 0.216h  Δwalltime=0.14s  timestep= 0s  day=7.53e-05
2023/07/17 19:50:06 iteration 785   walltime= 0.216h  Δwalltime=0.14s  timestep= 0s  day=7.67e-05
2023/07/17 19:50:08 iteration 800   walltime= 0.217h  Δwalltime=0.14s  timestep= 0s  day=7.81e-05
2023/07/17 19:50:10 iteration 814   walltime= 0.218h  Δwalltime=0.14s  timestep= 0s  day=7.95e-05
2023/07/17 19:50:12 iteration 828   walltime= 0.218h  Δwalltime=0.14s  timestep= 0s  day=8.09e-05
2023/07/17 19:50:14 iteration 843   walltime= 0.219h  Δwalltime=0.14s  timestep= 0s  day=8.23e-05
2023/07/17 19:50:16 iteration 857   walltime= 0.219h  Δwalltime=0.14s  timestep= 0s  day=8.37e-05
2023/07/17 19:50:18 iteration 871   walltime=  0.22h  Δwalltime=0.14s  timestep= 0s  day=8.51e-05
2023/07/17 19:50:20 iteration 885   walltime=  0.22h  Δwalltime=0.14s  timestep= 0s  day=8.64e-05
2023/07/17 19:50:22 iteration 900   walltime= 0.221h  Δwalltime=0.14s  timestep= 0s  day=8.79e-05
2023/07/17 19:50:24 iteration 914   walltime= 0.221h  Δwalltime=0.14s  timestep= 0s  day=8.93e-05
2023/07/17 19:50:26 iteration 929   walltime= 0.222h  Δwalltime=0.15s  timestep= 0s  day=9.07e-05
2023/07/17 19:50:28 iteration 943   walltime= 0.223h  Δwalltime=0.14s  timestep= 0s  day=9.21e-05
2023/07/17 19:50:30 iteration 957   walltime= 0.223h  Δwalltime=0.14s  timestep= 0s  day=9.35e-05
2023/07/17 19:50:32 iteration 972   walltime= 0.224h  Δwalltime=0.14s  timestep= 0s  day=9.49e-05
2023/07/17 19:50:34 iteration 986   walltime= 0.224h  Δwalltime=0.14s  timestep= 0s  day=9.63e-05
2023/07/17 19:50:36 iteration 1000  walltime= 0.225h  Δwalltime=0.14s  timestep= 0s  day=9.76e-05
2023/07/17 19:50:38 iteration 1015  walltime= 0.225h  Δwalltime=0.14s  timestep= 0s  day=9.91e-05
2023/07/17 19:50:40 iteration 1029  walltime= 0.226h  Δwalltime=0.14s  timestep= 0s  day=0.0001
2023/07/17 19:50:42 iteration 1043  walltime= 0.226h  Δwalltime=0.14s  timestep= 0s  day=0.000102
2023/07/17 19:50:44 iteration 1057  walltime= 0.227h  Δwalltime=0.14s  timestep= 0s  day=0.000103
2023/07/17 19:50:46 iteration 1072  walltime= 0.228h  Δwalltime=0.14s  timestep= 0s  day=0.000105
2023/07/17 19:50:48 iteration 1086  walltime= 0.228h  Δwalltime=0.14s  timestep= 0s  day=0.000106
2023/07/17 19:50:50 iteration 1100  walltime= 0.229h  Δwalltime=0.14s  timestep= 0s  day=0.000107
2023/07/17 19:50:52 iteration 1114  walltime= 0.229h  Δwalltime=0.14s  timestep= 0s  day=0.000109
2023/07/17 19:50:54 iteration 1129  walltime=  0.23h  Δwalltime=0.19s  timestep= 0s  day=0.00011
2023/07/17 19:50:56 iteration 1143  walltime=  0.23h  Δwalltime=0.15s  timestep= 0s  day=0.000112
2023/07/17 19:50:58 iteration 1157  walltime= 0.231h  Δwalltime=0.14s  timestep= 0s  day=0.000113
slurmstepd: error: *** JOB 39201712 ON bc11750 CANCELLED AT 2023-07-17T23:50:59 ***
