2023/07/25 18:55:37 Parsing output variable expressions...
2023/07/25 18:55:37 Loading emissions shapefile: /home/tfmrodge/scratch/GEMMACH_data/data/Inmap_outputs/Emissions/Emissions_shp/BASEGM_2015_E010_area_lcc2.shp.
2023/07/25 18:56:23 Loading emissions shapefile: /home/tfmrodge/scratch/GEMMACH_data/data/Inmap_outputs/Emissions/Emissions_shp/BASEGM_2015_E010_major_lcc2.shp.
2023/07/25 18:56:57 Loading CTM data...
2023/07/25 18:56:57 Reading input data...
2023/07/25 19:02:45 Loading population and mortality rate data...
2023/07/25 19:03:28 Initializing model...
2023/07/25 19:15:40 Emission totals:
2023/07/25 19:15:40 gOrg, NaN μg/s
2023/07/25 19:15:40 pOrg, 0 μg/s
2023/07/25 19:15:40 PM2_5, NaN μg/s
2023/07/25 19:15:40 gNH, NaN μg/s
2023/07/25 19:15:40 pNH, 0 μg/s
2023/07/25 19:15:40 gS, NaN μg/s
2023/07/25 19:15:40 pS, 0 μg/s
2023/07/25 19:15:40 gNO, NaN μg/s
2023/07/25 19:15:40 pNO, 0 μg/s
2023/07/25 19:15:40 iteration 1     walltime= 0.203h  Δwalltime=7.3e+02s  timestep= 0s  day=2.41e-07
2023/07/25 19:15:41 iteration 7     walltime= 0.204h  Δwalltime=0.18s  timestep= 0s  day=1.69e-06
2023/07/25 19:15:43 iteration 18    walltime= 0.204h  Δwalltime=0.17s  timestep= 0s  day=4.34e-06
2023/07/25 19:15:45 iteration 30    walltime= 0.205h  Δwalltime=0.21s  timestep= 0s  day=7.23e-06
2023/07/25 19:15:47 iteration 40    walltime= 0.205h  Δwalltime=0.18s  timestep= 0s  day=9.65e-06
2023/07/25 19:15:49 iteration 53    walltime= 0.206h  Δwalltime=0.16s  timestep= 0s  day=1.28e-05
2023/07/25 19:15:51 iteration 66    walltime= 0.206h  Δwalltime=0.16s  timestep= 0s  day=1.59e-05
2023/07/25 19:15:53 iteration 78    walltime= 0.207h  Δwalltime=0.15s  timestep= 0s  day=1.88e-05
2023/07/25 19:15:55 iteration 91    walltime= 0.208h  Δwalltime=0.14s  timestep= 0s  day=2.19e-05
2023/07/25 19:15:57 iteration 105   walltime= 0.208h  Δwalltime=0.14s  timestep= 0s  day=2.53e-05
2023/07/25 19:15:59 iteration 119   walltime= 0.209h  Δwalltime=0.14s  timestep= 0s  day=2.87e-05
2023/07/25 19:16:01 iteration 132   walltime= 0.209h  Δwalltime=0.14s  timestep= 0s  day=3.18e-05
2023/07/25 19:16:03 iteration 147   walltime=  0.21h  Δwalltime=0.14s  timestep= 0s  day=3.54e-05
2023/07/25 19:16:05 iteration 161   walltime=  0.21h  Δwalltime=0.14s  timestep= 0s  day=3.88e-05
2023/07/25 19:16:07 iteration 175   walltime= 0.211h  Δwalltime= 0.2s  timestep= 0s  day=4.22e-05
2023/07/25 19:16:09 iteration 189   walltime= 0.211h  Δwalltime=0.14s  timestep= 0s  day=4.56e-05
2023/07/25 19:16:11 iteration 202   walltime= 0.212h  Δwalltime=0.14s  timestep= 0s  day=4.87e-05
2023/07/25 19:16:13 iteration 217   walltime= 0.213h  Δwalltime=0.14s  timestep= 0s  day=5.23e-05
2023/07/25 19:16:15 iteration 231   walltime= 0.213h  Δwalltime=0.14s  timestep= 0s  day=5.57e-05
2023/07/25 19:16:17 iteration 246   walltime= 0.214h  Δwalltime=0.14s  timestep= 0s  day=5.93e-05
2023/07/25 19:16:19 iteration 260   walltime= 0.214h  Δwalltime=0.14s  timestep= 0s  day=6.27e-05
2023/07/25 19:16:21 iteration 275   walltime= 0.215h  Δwalltime=0.14s  timestep= 0s  day=6.63e-05
2023/07/25 19:16:23 iteration 287   walltime= 0.215h  Δwalltime=0.14s  timestep= 0s  day=6.92e-05
2023/07/25 19:16:25 iteration 302   walltime= 0.216h  Δwalltime=0.14s  timestep= 0s  day=7.28e-05
2023/07/25 19:16:27 iteration 316   walltime= 0.216h  Δwalltime=0.14s  timestep= 0s  day=7.62e-05
2023/07/25 19:16:29 iteration 330   walltime= 0.217h  Δwalltime=0.15s  timestep= 0s  day=7.96e-05
2023/07/25 19:16:31 iteration 345   walltime= 0.218h  Δwalltime=0.14s  timestep= 0s  day=8.32e-05
2023/07/25 19:16:33 iteration 359   walltime= 0.218h  Δwalltime=0.14s  timestep= 0s  day=8.66e-05
2023/07/25 19:16:35 iteration 374   walltime= 0.219h  Δwalltime=0.14s  timestep= 0s  day=9.02e-05
2023/07/25 19:16:37 iteration 387   walltime= 0.219h  Δwalltime=0.21s  timestep= 0s  day=9.33e-05
2023/07/25 19:16:39 iteration 400   walltime=  0.22h  Δwalltime=0.18s  timestep= 0s  day=9.65e-05
2023/07/25 19:16:41 iteration 412   walltime=  0.22h  Δwalltime= 0.2s  timestep= 0s  day=9.94e-05
2023/07/25 19:16:43 iteration 425   walltime= 0.221h  Δwalltime=0.14s  timestep= 0s  day=0.000102
2023/07/25 19:16:45 iteration 440   walltime= 0.221h  Δwalltime=0.14s  timestep= 0s  day=0.000106
2023/07/25 19:16:47 iteration 454   walltime= 0.222h  Δwalltime=0.14s  timestep= 0s  day=0.000109
2023/07/25 19:16:49 iteration 468   walltime= 0.223h  Δwalltime=0.14s  timestep= 0s  day=0.000113
2023/07/25 19:16:51 iteration 483   walltime= 0.223h  Δwalltime=0.14s  timestep= 0s  day=0.000116
2023/07/25 19:16:53 iteration 496   walltime= 0.224h  Δwalltime=0.14s  timestep= 0s  day=0.00012
2023/07/25 19:16:55 iteration 510   walltime= 0.224h  Δwalltime=0.14s  timestep= 0s  day=0.000123
2023/07/25 19:16:57 iteration 525   walltime= 0.225h  Δwalltime=0.14s  timestep= 0s  day=0.000127
2023/07/25 19:16:59 iteration 539   walltime= 0.225h  Δwalltime=0.14s  timestep= 0s  day=0.00013
2023/07/25 19:17:01 iteration 553   walltime= 0.226h  Δwalltime=0.14s  timestep= 0s  day=0.000133
2023/07/25 19:17:03 iteration 567   walltime= 0.226h  Δwalltime=0.14s  timestep= 0s  day=0.000137
2023/07/25 19:17:05 iteration 581   walltime= 0.227h  Δwalltime=0.14s  timestep= 0s  day=0.00014
2023/07/25 19:17:07 iteration 595   walltime= 0.228h  Δwalltime=0.21s  timestep= 0s  day=0.000143
2023/07/25 19:17:09 iteration 609   walltime= 0.228h  Δwalltime=0.14s  timestep= 0s  day=0.000147
2023/07/25 19:17:11 iteration 624   walltime= 0.229h  Δwalltime=0.14s  timestep= 0s  day=0.00015
2023/07/25 19:17:13 iteration 638   walltime= 0.229h  Δwalltime=0.14s  timestep= 0s  day=0.000154
2023/07/25 19:17:15 iteration 653   walltime=  0.23h  Δwalltime=0.14s  timestep= 0s  day=0.000157
2023/07/25 19:17:17 iteration 667   walltime=  0.23h  Δwalltime=0.14s  timestep= 0s  day=0.000161
2023/07/25 19:17:19 iteration 681   walltime= 0.231h  Δwalltime=0.14s  timestep= 0s  day=0.000164
2023/07/25 19:17:21 iteration 695   walltime= 0.231h  Δwalltime=0.14s  timestep= 0s  day=0.000168
2023/07/25 19:17:23 iteration 709   walltime= 0.232h  Δwalltime=0.14s  timestep= 0s  day=0.000171
2023/07/25 19:17:25 iteration 723   walltime= 0.233h  Δwalltime=0.14s  timestep= 0s  day=0.000174
2023/07/25 19:17:27 iteration 736   walltime= 0.233h  Δwalltime=0.14s  timestep= 0s  day=0.000177
2023/07/25 19:17:29 iteration 751   walltime= 0.234h  Δwalltime=0.14s  timestep= 0s  day=0.000181
2023/07/25 19:17:31 iteration 765   walltime= 0.234h  Δwalltime=0.14s  timestep= 0s  day=0.000184
2023/07/25 19:17:33 iteration 780   walltime= 0.235h  Δwalltime=0.13s  timestep= 0s  day=0.000188
2023/07/25 19:17:35 iteration 794   walltime= 0.235h  Δwalltime=0.14s  timestep= 0s  day=0.000191
2023/07/25 19:17:37 iteration 807   walltime= 0.236h  Δwalltime= 0.2s  timestep= 0s  day=0.000195
2023/07/25 19:17:39 iteration 821   walltime= 0.236h  Δwalltime=0.24s  timestep= 0s  day=0.000198
2023/07/25 19:17:41 iteration 830   walltime= 0.237h  Δwalltime=0.18s  timestep= 0s  day=0.0002
2023/07/25 19:17:43 iteration 841   walltime= 0.238h  Δwalltime=0.17s  timestep= 0s  day=0.000203
2023/07/25 19:17:45 iteration 852   walltime= 0.238h  Δwalltime=0.18s  timestep= 0s  day=0.000205
2023/07/25 19:17:47 iteration 865   walltime= 0.239h  Δwalltime=0.14s  timestep= 0s  day=0.000209
2023/07/25 19:17:49 iteration 879   walltime= 0.239h  Δwalltime=0.14s  timestep= 0s  day=0.000212
2023/07/25 19:17:51 iteration 894   walltime=  0.24h  Δwalltime=0.14s  timestep= 0s  day=0.000216
2023/07/25 19:17:53 iteration 905   walltime=  0.24h  Δwalltime=0.14s  timestep= 0s  day=0.000218
slurmstepd: error: *** JOB 39343882 ON bc11746 CANCELLED AT 2023-07-25T23:17:55 ***
2023/07/25 19:17:55 iteration 920   walltime= 0.241h  Δwalltime=0.18s  timestep= 0s  day=0.000222
