2023/07/14 13:18:45 Parsing output variable expressions...
2023/07/14 13:18:45 Loading emissions shapefile: /home/tfmrodge/scratch/GEMMACH_data/data/Inmap_outputs/Emissions/Emissions_shp/BASEGM_2015_E010_Sumlcc.shp.
2023/07/14 13:19:20 Loading CTM data...
2023/07/14 13:19:20 Reading input data...
2023/07/14 13:25:17 Loading population and mortality rate data...
2023/07/14 13:26:00 Initializing model...
2023/07/14 13:37:13 Emission totals:
2023/07/14 13:37:13 gOrg, NaN μg/s
2023/07/14 13:37:13 pOrg, 0 μg/s
2023/07/14 13:37:13 PM2_5, NaN μg/s
2023/07/14 13:37:13 gNH, NaN μg/s
2023/07/14 13:37:13 pNH, 0 μg/s
2023/07/14 13:37:13 gS, NaN μg/s
2023/07/14 13:37:13 pS, 0 μg/s
2023/07/14 13:37:13 gNO, NaN μg/s
2023/07/14 13:37:13 pNO, 0 μg/s
2023/07/14 13:37:13 iteration 1     walltime= 0.187h  Δwalltime=6.7e+02s  timestep= 0s  day=3.29e-11
2023/07/14 13:37:13 iteration 2     walltime= 0.187h  Δwalltime=0.22s  timestep= 0s  day=6.58e-11
2023/07/14 13:37:15 iteration 14    walltime= 0.187h  Δwalltime=0.15s  timestep= 0s  day=4.61e-10
2023/07/14 13:37:17 iteration 28    walltime= 0.188h  Δwalltime=0.14s  timestep= 0s  day=9.22e-10
2023/07/14 13:37:19 iteration 41    walltime= 0.188h  Δwalltime=0.15s  timestep= 0s  day=1.35e-09
2023/07/14 13:37:21 iteration 55    walltime= 0.189h  Δwalltime=0.14s  timestep= 0s  day=1.81e-09
2023/07/14 13:37:23 iteration 69    walltime=  0.19h  Δwalltime=0.14s  timestep= 0s  day=2.27e-09
2023/07/14 13:37:25 iteration 82    walltime=  0.19h  Δwalltime=0.14s  timestep= 0s  day=2.7e-09
2023/07/14 13:37:27 iteration 96    walltime= 0.191h  Δwalltime=0.14s  timestep= 0s  day=3.16e-09
2023/07/14 13:37:29 iteration 110   walltime= 0.191h  Δwalltime=0.15s  timestep= 0s  day=3.62e-09
2023/07/14 13:37:31 iteration 124   walltime= 0.192h  Δwalltime=0.14s  timestep= 0s  day=4.08e-09
2023/07/14 13:37:33 iteration 137   walltime= 0.192h  Δwalltime=0.14s  timestep= 0s  day=4.51e-09
2023/07/14 13:37:35 iteration 151   walltime= 0.193h  Δwalltime=0.14s  timestep= 0s  day=4.97e-09
2023/07/14 13:37:37 iteration 165   walltime= 0.194h  Δwalltime=0.14s  timestep= 0s  day=5.43e-09
2023/07/14 13:37:39 iteration 178   walltime= 0.194h  Δwalltime=0.14s  timestep= 0s  day=5.86e-09
2023/07/14 13:37:41 iteration 192   walltime= 0.195h  Δwalltime=0.14s  timestep= 0s  day=6.32e-09
2023/07/14 13:37:43 iteration 205   walltime= 0.195h  Δwalltime=0.14s  timestep= 0s  day=6.75e-09
2023/07/14 13:37:45 iteration 219   walltime= 0.196h  Δwalltime=0.14s  timestep= 0s  day=7.21e-09
2023/07/14 13:37:47 iteration 233   walltime= 0.196h  Δwalltime=0.14s  timestep= 0s  day=7.67e-09
2023/07/14 13:37:49 iteration 247   walltime= 0.197h  Δwalltime=0.14s  timestep= 0s  day=8.13e-09
2023/07/14 13:37:51 iteration 261   walltime= 0.197h  Δwalltime=0.14s  timestep= 0s  day=8.59e-09
2023/07/14 13:37:53 iteration 275   walltime= 0.198h  Δwalltime=0.14s  timestep= 0s  day=9.05e-09
2023/07/14 13:37:55 iteration 288   walltime= 0.198h  Δwalltime=0.14s  timestep= 0s  day=9.48e-09
2023/07/14 13:37:57 iteration 302   walltime= 0.199h  Δwalltime=0.14s  timestep= 0s  day=9.94e-09
2023/07/14 13:37:59 iteration 316   walltime=   0.2h  Δwalltime=0.14s  timestep= 0s  day=1.04e-08
2023/07/14 13:38:01 iteration 330   walltime=   0.2h  Δwalltime=0.15s  timestep= 0s  day=1.09e-08
2023/07/14 13:38:03 iteration 344   walltime= 0.201h  Δwalltime=0.14s  timestep= 0s  day=1.13e-08
2023/07/14 13:38:05 iteration 358   walltime= 0.201h  Δwalltime=0.14s  timestep= 0s  day=1.18e-08
2023/07/14 13:38:07 iteration 372   walltime= 0.202h  Δwalltime=0.15s  timestep= 0s  day=1.22e-08
2023/07/14 13:38:09 iteration 386   walltime= 0.202h  Δwalltime=0.14s  timestep= 0s  day=1.27e-08
2023/07/14 13:38:11 iteration 399   walltime= 0.203h  Δwalltime=0.14s  timestep= 0s  day=1.31e-08
2023/07/14 13:38:13 iteration 413   walltime= 0.203h  Δwalltime=0.14s  timestep= 0s  day=1.36e-08
2023/07/14 13:38:15 iteration 427   walltime= 0.204h  Δwalltime=0.14s  timestep= 0s  day=1.41e-08
2023/07/14 13:38:17 iteration 441   walltime= 0.205h  Δwalltime=0.14s  timestep= 0s  day=1.45e-08
2023/07/14 13:38:19 iteration 455   walltime= 0.205h  Δwalltime=0.14s  timestep= 0s  day=1.5e-08
2023/07/14 13:38:21 iteration 469   walltime= 0.206h  Δwalltime=0.14s  timestep= 0s  day=1.54e-08
2023/07/14 13:38:23 iteration 483   walltime= 0.206h  Δwalltime=0.14s  timestep= 0s  day=1.59e-08
2023/07/14 13:38:25 iteration 497   walltime= 0.207h  Δwalltime=0.15s  timestep= 0s  day=1.64e-08
2023/07/14 13:38:27 iteration 509   walltime= 0.207h  Δwalltime=0.17s  timestep= 0s  day=1.68e-08
2023/07/14 13:38:29 iteration 522   walltime= 0.208h  Δwalltime=0.14s  timestep= 0s  day=1.72e-08
2023/07/14 13:38:31 iteration 536   walltime= 0.208h  Δwalltime=0.14s  timestep= 0s  day=1.76e-08
2023/07/14 13:38:33 iteration 550   walltime= 0.209h  Δwalltime=0.17s  timestep= 0s  day=1.81e-08
2023/07/14 13:38:35 iteration 564   walltime=  0.21h  Δwalltime=0.14s  timestep= 0s  day=1.86e-08
2023/07/14 13:38:37 iteration 578   walltime=  0.21h  Δwalltime=0.14s  timestep= 0s  day=1.9e-08
2023/07/14 13:38:39 iteration 592   walltime= 0.211h  Δwalltime=0.14s  timestep= 0s  day=1.95e-08
2023/07/14 13:38:41 iteration 606   walltime= 0.211h  Δwalltime=0.14s  timestep= 0s  day=2e-08
2023/07/14 13:38:43 iteration 621   walltime= 0.212h  Δwalltime=0.14s  timestep= 0s  day=2.04e-08
2023/07/14 13:38:45 iteration 634   walltime= 0.212h  Δwalltime=0.14s  timestep= 0s  day=2.09e-08
2023/07/14 13:38:47 iteration 648   walltime= 0.213h  Δwalltime=0.14s  timestep= 0s  day=2.13e-08
2023/07/14 13:38:49 iteration 662   walltime= 0.214h  Δwalltime=0.19s  timestep= 0s  day=2.18e-08
2023/07/14 13:38:51 iteration 676   walltime= 0.214h  Δwalltime=0.14s  timestep= 0s  day=2.23e-08
2023/07/14 13:38:53 iteration 690   walltime= 0.215h  Δwalltime=0.14s  timestep= 0s  day=2.27e-08
2023/07/14 13:38:55 iteration 704   walltime= 0.215h  Δwalltime=0.14s  timestep= 0s  day=2.32e-08
2023/07/14 13:38:57 iteration 718   walltime= 0.216h  Δwalltime=0.14s  timestep= 0s  day=2.36e-08
2023/07/14 13:38:59 iteration 732   walltime= 0.216h  Δwalltime=0.14s  timestep= 0s  day=2.41e-08
2023/07/14 13:39:01 iteration 746   walltime= 0.217h  Δwalltime=0.14s  timestep= 0s  day=2.46e-08
2023/07/14 13:39:03 iteration 760   walltime= 0.217h  Δwalltime=0.14s  timestep= 0s  day=2.5e-08
2023/07/14 13:39:05 iteration 774   walltime= 0.218h  Δwalltime=0.14s  timestep= 0s  day=2.55e-08
2023/07/14 13:39:07 iteration 788   walltime= 0.218h  Δwalltime=0.14s  timestep= 0s  day=2.59e-08
2023/07/14 13:39:09 iteration 802   walltime= 0.219h  Δwalltime=0.14s  timestep= 0s  day=2.64e-08
2023/07/14 13:39:11 iteration 814   walltime=  0.22h  Δwalltime=0.27s  timestep= 0s  day=2.68e-08
2023/07/14 13:39:13 iteration 824   walltime=  0.22h  Δwalltime=0.18s  timestep= 0s  day=2.71e-08
2023/07/14 13:39:15 iteration 835   walltime= 0.221h  Δwalltime=0.18s  timestep= 0s  day=2.75e-08
2023/07/14 13:39:17 iteration 847   walltime= 0.221h  Δwalltime=0.14s  timestep= 0s  day=2.79e-08
2023/07/14 13:39:19 iteration 861   walltime= 0.222h  Δwalltime=0.14s  timestep= 0s  day=2.83e-08
2023/07/14 13:39:21 iteration 876   walltime= 0.222h  Δwalltime=0.14s  timestep= 0s  day=2.88e-08
2023/07/14 13:39:23 iteration 890   walltime= 0.223h  Δwalltime=0.14s  timestep= 0s  day=2.93e-08
2023/07/14 13:39:25 iteration 903   walltime= 0.223h  Δwalltime=0.14s  timestep= 0s  day=2.97e-08
2023/07/14 13:39:27 iteration 917   walltime= 0.224h  Δwalltime=0.14s  timestep= 0s  day=3.02e-08
2023/07/14 13:39:29 iteration 931   walltime= 0.225h  Δwalltime=0.14s  timestep= 0s  day=3.07e-08
2023/07/14 13:39:31 iteration 945   walltime= 0.225h  Δwalltime=0.14s  timestep= 0s  day=3.11e-08
2023/07/14 13:39:33 iteration 959   walltime= 0.226h  Δwalltime=0.14s  timestep= 0s  day=3.16e-08
2023/07/14 13:39:35 iteration 973   walltime= 0.226h  Δwalltime=0.14s  timestep= 0s  day=3.2e-08
2023/07/14 13:39:37 iteration 987   walltime= 0.227h  Δwalltime=0.14s  timestep= 0s  day=3.25e-08
2023/07/14 13:39:39 iteration 1001  walltime= 0.227h  Δwalltime=0.14s  timestep= 0s  day=3.3e-08
2023/07/14 13:39:41 iteration 1015  walltime= 0.228h  Δwalltime=0.14s  timestep= 0s  day=3.34e-08
2023/07/14 13:39:43 iteration 1029  walltime= 0.229h  Δwalltime=0.14s  timestep= 0s  day=3.39e-08
2023/07/14 13:39:45 iteration 1042  walltime= 0.229h  Δwalltime=0.14s  timestep= 0s  day=3.43e-08
2023/07/14 13:39:47 iteration 1056  walltime=  0.23h  Δwalltime=0.15s  timestep= 0s  day=3.48e-08
2023/07/14 13:39:49 iteration 1070  walltime=  0.23h  Δwalltime=0.14s  timestep= 0s  day=3.52e-08
2023/07/14 13:39:51 iteration 1084  walltime= 0.231h  Δwalltime=0.14s  timestep= 0s  day=3.57e-08
2023/07/14 13:39:53 iteration 1097  walltime= 0.231h  Δwalltime=0.14s  timestep= 0s  day=3.61e-08
2023/07/14 13:39:55 iteration 1111  walltime= 0.232h  Δwalltime=0.16s  timestep= 0s  day=3.66e-08
2023/07/14 13:39:57 iteration 1123  walltime= 0.232h  Δwalltime=0.16s  timestep= 0s  day=3.7e-08
2023/07/14 13:39:59 iteration 1135  walltime= 0.233h  Δwalltime=0.16s  timestep= 0s  day=3.74e-08
2023/07/14 13:40:01 iteration 1149  walltime= 0.233h  Δwalltime=0.14s  timestep= 0s  day=3.78e-08
2023/07/14 13:40:03 iteration 1163  walltime= 0.234h  Δwalltime=0.14s  timestep= 0s  day=3.83e-08
2023/07/14 13:40:05 iteration 1174  walltime= 0.235h  Δwalltime=0.14s  timestep= 0s  day=3.87e-08
2023/07/14 13:40:07 iteration 1188  walltime= 0.235h  Δwalltime=0.14s  timestep= 0s  day=3.91e-08
2023/07/14 13:40:09 iteration 1203  walltime= 0.236h  Δwalltime=0.14s  timestep= 0s  day=3.96e-08
2023/07/14 13:40:11 iteration 1217  walltime= 0.236h  Δwalltime=0.14s  timestep= 0s  day=4.01e-08
2023/07/14 13:40:13 iteration 1231  walltime= 0.237h  Δwalltime=0.14s  timestep= 0s  day=4.05e-08
2023/07/14 13:40:15 iteration 1245  walltime= 0.237h  Δwalltime=0.14s  timestep= 0s  day=4.1e-08
2023/07/14 13:40:17 iteration 1259  walltime= 0.238h  Δwalltime=0.14s  timestep= 0s  day=4.15e-08
2023/07/14 13:40:19 iteration 1273  walltime= 0.238h  Δwalltime=0.14s  timestep= 0s  day=4.19e-08
2023/07/14 13:40:21 iteration 1287  walltime= 0.239h  Δwalltime=0.14s  timestep= 0s  day=4.24e-08
2023/07/14 13:40:23 iteration 1301  walltime=  0.24h  Δwalltime=0.16s  timestep= 0s  day=4.28e-08
2023/07/14 13:40:25 iteration 1315  walltime=  0.24h  Δwalltime=0.15s  timestep= 0s  day=4.33e-08
2023/07/14 13:40:27 iteration 1329  walltime= 0.241h  Δwalltime=0.14s  timestep= 0s  day=4.38e-08
2023/07/14 13:40:29 iteration 1343  walltime= 0.241h  Δwalltime=0.14s  timestep= 0s  day=4.42e-08
2023/07/14 13:40:31 iteration 1357  walltime= 0.242h  Δwalltime=0.14s  timestep= 0s  day=4.47e-08
2023/07/14 13:40:33 iteration 1371  walltime= 0.242h  Δwalltime=0.14s  timestep= 0s  day=4.51e-08
2023/07/14 13:40:35 iteration 1385  walltime= 0.243h  Δwalltime=0.14s  timestep= 0s  day=4.56e-08
2023/07/14 13:40:37 iteration 1399  walltime= 0.243h  Δwalltime=0.14s  timestep= 0s  day=4.61e-08
2023/07/14 13:40:39 iteration 1414  walltime= 0.244h  Δwalltime=0.14s  timestep= 0s  day=4.66e-08
2023/07/14 13:40:41 iteration 1427  walltime= 0.245h  Δwalltime=0.14s  timestep= 0s  day=4.7e-08
2023/07/14 13:40:43 iteration 1441  walltime= 0.245h  Δwalltime=0.14s  timestep= 0s  day=4.74e-08
2023/07/14 13:40:45 iteration 1455  walltime= 0.246h  Δwalltime=0.14s  timestep= 0s  day=4.79e-08
2023/07/14 13:40:47 iteration 1469  walltime= 0.246h  Δwalltime=0.15s  timestep= 0s  day=4.84e-08
2023/07/14 13:40:49 iteration 1483  walltime= 0.247h  Δwalltime=0.14s  timestep= 0s  day=4.88e-08
2023/07/14 13:40:51 iteration 1497  walltime= 0.247h  Δwalltime=0.14s  timestep= 0s  day=4.93e-08
2023/07/14 13:40:53 iteration 1511  walltime= 0.248h  Δwalltime=0.14s  timestep= 0s  day=4.97e-08
2023/07/14 13:40:55 iteration 1525  walltime= 0.248h  Δwalltime=0.14s  timestep= 0s  day=5.02e-08
2023/07/14 13:40:57 iteration 1539  walltime= 0.249h  Δwalltime=0.14s  timestep= 0s  day=5.07e-08
2023/07/14 13:40:59 iteration 1553  walltime=  0.25h  Δwalltime=0.14s  timestep= 0s  day=5.11e-08
2023/07/14 13:41:01 iteration 1567  walltime=  0.25h  Δwalltime=0.14s  timestep= 0s  day=5.16e-08
2023/07/14 13:41:03 iteration 1581  walltime= 0.251h  Δwalltime=0.16s  timestep= 0s  day=5.21e-08
2023/07/14 13:41:05 iteration 1595  walltime= 0.251h  Δwalltime=0.15s  timestep= 0s  day=5.25e-08
2023/07/14 13:41:07 iteration 1609  walltime= 0.252h  Δwalltime=0.14s  timestep= 0s  day=5.3e-08
2023/07/14 13:41:09 iteration 1623  walltime= 0.252h  Δwalltime=0.14s  timestep= 0s  day=5.34e-08
2023/07/14 13:41:11 iteration 1637  walltime= 0.253h  Δwalltime=0.14s  timestep= 0s  day=5.39e-08
2023/07/14 13:41:13 iteration 1648  walltime= 0.254h  Δwalltime=0.32s  timestep= 0s  day=5.43e-08
2023/07/14 13:41:15 iteration 1658  walltime= 0.254h  Δwalltime=0.18s  timestep= 0s  day=5.46e-08
2023/07/14 13:41:17 iteration 1670  walltime= 0.255h  Δwalltime=0.14s  timestep= 0s  day=5.5e-08
2023/07/14 13:41:19 iteration 1684  walltime= 0.255h  Δwalltime=0.14s  timestep= 0s  day=5.54e-08
2023/07/14 13:41:21 iteration 1698  walltime= 0.256h  Δwalltime=0.14s  timestep= 0s  day=5.59e-08
2023/07/14 13:41:23 iteration 1712  walltime= 0.256h  Δwalltime=0.16s  timestep= 0s  day=5.64e-08
2023/07/14 13:41:25 iteration 1725  walltime= 0.257h  Δwalltime=0.14s  timestep= 0s  day=5.68e-08
2023/07/14 13:41:27 iteration 1737  walltime= 0.257h  Δwalltime=0.17s  timestep= 0s  day=5.72e-08
2023/07/14 13:41:29 iteration 1750  walltime= 0.258h  Δwalltime=0.14s  timestep= 0s  day=5.76e-08
2023/07/14 13:41:31 iteration 1764  walltime= 0.259h  Δwalltime=0.14s  timestep= 0s  day=5.81e-08
2023/07/14 13:41:33 iteration 1777  walltime= 0.259h  Δwalltime=0.14s  timestep= 0s  day=5.85e-08
2023/07/14 13:41:35 iteration 1791  walltime=  0.26h  Δwalltime=0.15s  timestep= 0s  day=5.9e-08
2023/07/14 13:41:37 iteration 1805  walltime=  0.26h  Δwalltime=0.14s  timestep= 0s  day=5.94e-08
2023/07/14 13:41:39 iteration 1819  walltime= 0.261h  Δwalltime=0.14s  timestep= 0s  day=5.99e-08
2023/07/14 13:41:41 iteration 1833  walltime= 0.261h  Δwalltime=0.14s  timestep= 0s  day=6.04e-08
2023/07/14 13:41:43 iteration 1846  walltime= 0.262h  Δwalltime=0.15s  timestep= 0s  day=6.08e-08
2023/07/14 13:41:45 iteration 1860  walltime= 0.262h  Δwalltime=0.14s  timestep= 0s  day=6.12e-08
2023/07/14 13:41:47 iteration 1874  walltime= 0.263h  Δwalltime=0.15s  timestep= 0s  day=6.17e-08
2023/07/14 13:41:49 iteration 1888  walltime= 0.264h  Δwalltime=0.14s  timestep= 0s  day=6.22e-08
2023/07/14 13:41:51 iteration 1902  walltime= 0.264h  Δwalltime=0.14s  timestep= 0s  day=6.26e-08
2023/07/14 13:41:53 iteration 1916  walltime= 0.265h  Δwalltime=0.15s  timestep= 0s  day=6.31e-08
2023/07/14 13:41:55 iteration 1929  walltime= 0.265h  Δwalltime=0.14s  timestep= 0s  day=6.35e-08
2023/07/14 13:41:57 iteration 1943  walltime= 0.266h  Δwalltime=0.15s  timestep= 0s  day=6.4e-08
2023/07/14 13:41:59 iteration 1956  walltime= 0.266h  Δwalltime=0.15s  timestep= 0s  day=6.44e-08
2023/07/14 13:42:01 iteration 1969  walltime= 0.267h  Δwalltime=0.15s  timestep= 0s  day=6.48e-08
2023/07/14 13:42:03 iteration 1983  walltime= 0.267h  Δwalltime=0.14s  timestep= 0s  day=6.53e-08
2023/07/14 13:42:05 iteration 1997  walltime= 0.268h  Δwalltime=0.14s  timestep= 0s  day=6.58e-08
2023/07/14 13:42:07 iteration 2011  walltime= 0.269h  Δwalltime=0.15s  timestep= 0s  day=6.62e-08
2023/07/14 13:42:09 iteration 2024  walltime= 0.269h  Δwalltime=0.14s  timestep= 0s  day=6.66e-08
2023/07/14 13:42:11 iteration 2038  walltime=  0.27h  Δwalltime=0.14s  timestep= 0s  day=6.71e-08
2023/07/14 13:42:13 iteration 2052  walltime=  0.27h  Δwalltime=0.17s  timestep= 0s  day=6.76e-08
2023/07/14 13:42:15 iteration 2065  walltime= 0.271h  Δwalltime=0.14s  timestep= 0s  day=6.8e-08
2023/07/14 13:42:17 iteration 2078  walltime= 0.271h  Δwalltime=0.15s  timestep= 0s  day=6.84e-08
2023/07/14 13:42:19 iteration 2092  walltime= 0.272h  Δwalltime=0.14s  timestep= 0s  day=6.89e-08
2023/07/14 13:42:21 iteration 2106  walltime= 0.272h  Δwalltime=0.14s  timestep= 0s  day=6.93e-08
2023/07/14 13:42:23 iteration 2119  walltime= 0.273h  Δwalltime=0.14s  timestep= 0s  day=6.98e-08
2023/07/14 13:42:25 iteration 2133  walltime= 0.274h  Δwalltime=0.15s  timestep= 0s  day=7.02e-08
2023/07/14 13:42:27 iteration 2146  walltime= 0.274h  Δwalltime=0.14s  timestep= 0s  day=7.07e-08
2023/07/14 13:42:29 iteration 2159  walltime= 0.275h  Δwalltime=0.15s  timestep= 0s  day=7.11e-08
2023/07/14 13:42:31 iteration 2173  walltime= 0.275h  Δwalltime=0.14s  timestep= 0s  day=7.15e-08
2023/07/14 13:42:33 iteration 2186  walltime= 0.276h  Δwalltime=0.15s  timestep= 0s  day=7.2e-08
2023/07/14 13:42:35 iteration 2200  walltime= 0.276h  Δwalltime=0.14s  timestep= 0s  day=7.24e-08
2023/07/14 13:42:37 iteration 2214  walltime= 0.277h  Δwalltime=0.14s  timestep= 0s  day=7.29e-08
2023/07/14 13:42:39 iteration 2227  walltime= 0.277h  Δwalltime=0.18s  timestep= 0s  day=7.33e-08
2023/07/14 13:42:41 iteration 2240  walltime= 0.278h  Δwalltime= 0.2s  timestep= 0s  day=7.38e-08
2023/07/14 13:42:43 iteration 2254  walltime= 0.278h  Δwalltime=0.14s  timestep= 0s  day=7.42e-08
2023/07/14 13:42:45 iteration 2267  walltime= 0.279h  Δwalltime=0.15s  timestep= 0s  day=7.46e-08
2023/07/14 13:42:47 iteration 2281  walltime=  0.28h  Δwalltime=0.14s  timestep= 0s  day=7.51e-08
2023/07/14 13:42:49 iteration 2294  walltime=  0.28h  Δwalltime=0.15s  timestep= 0s  day=7.55e-08
2023/07/14 13:42:51 iteration 2308  walltime= 0.281h  Δwalltime=0.15s  timestep= 0s  day=7.6e-08
2023/07/14 13:42:53 iteration 2322  walltime= 0.281h  Δwalltime=0.15s  timestep= 0s  day=7.65e-08
2023/07/14 13:42:55 iteration 2335  walltime= 0.282h  Δwalltime=0.15s  timestep= 0s  day=7.69e-08
2023/07/14 13:42:57 iteration 2347  walltime= 0.282h  Δwalltime=0.15s  timestep= 0s  day=7.73e-08
2023/07/14 13:42:59 iteration 2359  walltime= 0.283h  Δwalltime=0.15s  timestep= 0s  day=7.77e-08
2023/07/14 13:43:01 iteration 2372  walltime= 0.283h  Δwalltime=0.15s  timestep= 0s  day=7.81e-08
2023/07/14 13:43:03 iteration 2386  walltime= 0.284h  Δwalltime=0.15s  timestep= 0s  day=7.86e-08
2023/07/14 13:43:05 iteration 2400  walltime= 0.285h  Δwalltime=0.15s  timestep= 0s  day=7.9e-08
2023/07/14 13:43:07 iteration 2413  walltime= 0.285h  Δwalltime=0.14s  timestep= 0s  day=7.94e-08
2023/07/14 13:43:09 iteration 2427  walltime= 0.286h  Δwalltime=0.17s  timestep= 0s  day=7.99e-08
2023/07/14 13:43:11 iteration 2440  walltime= 0.286h  Δwalltime=0.14s  timestep= 0s  day=8.03e-08
2023/07/14 13:43:13 iteration 2453  walltime= 0.287h  Δwalltime=0.15s  timestep= 0s  day=8.08e-08
2023/07/14 13:43:15 iteration 2463  walltime= 0.287h  Δwalltime=0.28s  timestep= 0s  day=8.11e-08
2023/07/14 13:43:17 iteration 2473  walltime= 0.288h  Δwalltime=0.19s  timestep= 0s  day=8.14e-08
2023/07/14 13:43:19 iteration 2487  walltime= 0.289h  Δwalltime=0.17s  timestep= 0s  day=8.19e-08
2023/07/14 13:43:21 iteration 2500  walltime= 0.289h  Δwalltime=0.14s  timestep= 0s  day=8.23e-08
2023/07/14 13:43:23 iteration 2512  walltime=  0.29h  Δwalltime=0.15s  timestep= 0s  day=8.27e-08
2023/07/14 13:43:25 iteration 2526  walltime=  0.29h  Δwalltime=0.14s  timestep= 0s  day=8.32e-08
2023/07/14 13:43:27 iteration 2539  walltime= 0.291h  Δwalltime=0.14s  timestep= 0s  day=8.36e-08
2023/07/14 13:43:29 iteration 2552  walltime= 0.291h  Δwalltime=0.15s  timestep= 0s  day=8.4e-08
2023/07/14 13:43:31 iteration 2565  walltime= 0.292h  Δwalltime=0.15s  timestep= 0s  day=8.45e-08
2023/07/14 13:43:33 iteration 2579  walltime= 0.292h  Δwalltime=0.15s  timestep= 0s  day=8.49e-08
2023/07/14 13:43:35 iteration 2593  walltime= 0.293h  Δwalltime=0.15s  timestep= 0s  day=8.54e-08
2023/07/14 13:43:37 iteration 2605  walltime= 0.294h  Δwalltime=0.15s  timestep= 0s  day=8.58e-08
2023/07/14 13:43:39 iteration 2617  walltime= 0.294h  Δwalltime=0.16s  timestep= 0s  day=8.62e-08
2023/07/14 13:43:41 iteration 2630  walltime= 0.295h  Δwalltime=0.14s  timestep= 0s  day=8.66e-08
2023/07/14 13:43:43 iteration 2643  walltime= 0.295h  Δwalltime=0.14s  timestep= 0s  day=8.7e-08
2023/07/14 13:43:45 iteration 2654  walltime= 0.296h  Δwalltime= 0.2s  timestep= 0s  day=8.74e-08
2023/07/14 13:43:47 iteration 2666  walltime= 0.296h  Δwalltime=0.15s  timestep= 0s  day=8.78e-08
2023/07/14 13:43:49 iteration 2679  walltime= 0.297h  Δwalltime=0.15s  timestep= 0s  day=8.82e-08
2023/07/14 13:43:51 iteration 2691  walltime= 0.297h  Δwalltime=0.14s  timestep= 0s  day=8.86e-08
2023/07/14 13:43:53 iteration 2705  walltime= 0.298h  Δwalltime=0.14s  timestep= 0s  day=8.91e-08
2023/07/14 13:43:55 iteration 2716  walltime= 0.299h  Δwalltime=0.19s  timestep= 0s  day=8.94e-08
2023/07/14 13:43:57 iteration 2729  walltime= 0.299h  Δwalltime=0.15s  timestep= 0s  day=8.99e-08
2023/07/14 13:43:59 iteration 2742  walltime=   0.3h  Δwalltime=0.15s  timestep= 0s  day=9.03e-08
2023/07/14 13:44:01 iteration 2755  walltime=   0.3h  Δwalltime=0.15s  timestep= 0s  day=9.07e-08
2023/07/14 13:44:03 iteration 2768  walltime= 0.301h  Δwalltime=0.15s  timestep= 0s  day=9.11e-08
2023/07/14 13:44:05 iteration 2782  walltime= 0.301h  Δwalltime=0.14s  timestep= 0s  day=9.16e-08
2023/07/14 13:44:07 iteration 2795  walltime= 0.302h  Δwalltime=0.14s  timestep= 0s  day=9.2e-08
2023/07/14 13:44:09 iteration 2808  walltime= 0.302h  Δwalltime=0.15s  timestep= 0s  day=9.25e-08
2023/07/14 13:44:11 iteration 2821  walltime= 0.303h  Δwalltime=0.15s  timestep= 0s  day=9.29e-08
2023/07/14 13:44:13 iteration 2835  walltime= 0.303h  Δwalltime=0.14s  timestep= 0s  day=9.33e-08
2023/07/14 13:44:15 iteration 2848  walltime= 0.304h  Δwalltime=0.14s  timestep= 0s  day=9.38e-08
2023/07/14 13:44:17 iteration 2862  walltime= 0.305h  Δwalltime=0.14s  timestep= 0s  day=9.42e-08
2023/07/14 13:44:19 iteration 2876  walltime= 0.305h  Δwalltime=0.14s  timestep= 0s  day=9.47e-08
2023/07/14 13:44:21 iteration 2889  walltime= 0.306h  Δwalltime=0.16s  timestep= 0s  day=9.51e-08
2023/07/14 13:44:23 iteration 2902  walltime= 0.306h  Δwalltime=0.15s  timestep= 0s  day=9.55e-08
2023/07/14 13:44:25 iteration 2916  walltime= 0.307h  Δwalltime=0.15s  timestep= 0s  day=9.6e-08
2023/07/14 13:44:27 iteration 2927  walltime= 0.307h  Δwalltime=0.21s  timestep= 0s  day=9.64e-08
2023/07/14 13:44:29 iteration 2940  walltime= 0.308h  Δwalltime= 0.2s  timestep= 0s  day=9.68e-08
2023/07/14 13:44:31 iteration 2953  walltime= 0.308h  Δwalltime=0.15s  timestep= 0s  day=9.72e-08
2023/07/14 13:44:33 iteration 2967  walltime= 0.309h  Δwalltime=0.14s  timestep= 0s  day=9.77e-08
2023/07/14 13:44:35 iteration 2979  walltime=  0.31h  Δwalltime=0.14s  timestep= 0s  day=9.81e-08
2023/07/14 13:44:37 iteration 2993  walltime=  0.31h  Δwalltime=0.15s  timestep= 0s  day=9.85e-08
2023/07/14 13:44:39 iteration 3006  walltime= 0.311h  Δwalltime=0.14s  timestep= 0s  day=9.9e-08
2023/07/14 13:44:41 iteration 3019  walltime= 0.311h  Δwalltime=0.14s  timestep= 0s  day=9.94e-08
2023/07/14 13:44:43 iteration 3033  walltime= 0.312h  Δwalltime=0.15s  timestep= 0s  day=9.99e-08
2023/07/14 13:44:45 iteration 3046  walltime= 0.312h  Δwalltime=0.15s  timestep= 0s  day=1e-07
2023/07/14 13:44:47 iteration 3060  walltime= 0.313h  Δwalltime=0.17s  timestep= 0s  day=1.01e-07
2023/07/14 13:44:49 iteration 3073  walltime= 0.313h  Δwalltime=0.15s  timestep= 0s  day=1.01e-07
2023/07/14 13:44:51 iteration 3087  walltime= 0.314h  Δwalltime=0.14s  timestep= 0s  day=1.02e-07
2023/07/14 13:44:53 iteration 3101  walltime= 0.315h  Δwalltime=0.15s  timestep= 0s  day=1.02e-07
2023/07/14 13:44:55 iteration 3114  walltime= 0.315h  Δwalltime=0.15s  timestep= 0s  day=1.03e-07
2023/07/14 13:44:57 iteration 3127  walltime= 0.316h  Δwalltime=0.15s  timestep= 0s  day=1.03e-07
2023/07/14 13:44:59 iteration 3141  walltime= 0.316h  Δwalltime=0.15s  timestep= 0s  day=1.03e-07
2023/07/14 13:45:01 iteration 3154  walltime= 0.317h  Δwalltime=0.15s  timestep= 0s  day=1.04e-07
2023/07/14 13:45:03 iteration 3168  walltime= 0.317h  Δwalltime=0.22s  timestep= 0s  day=1.04e-07
2023/07/14 13:45:05 iteration 3179  walltime= 0.318h  Δwalltime=0.15s  timestep= 0s  day=1.05e-07
2023/07/14 13:45:07 iteration 3193  walltime= 0.318h  Δwalltime=0.15s  timestep= 0s  day=1.05e-07
2023/07/14 13:45:09 iteration 3206  walltime= 0.319h  Δwalltime=0.15s  timestep= 0s  day=1.06e-07
2023/07/14 13:45:11 iteration 3220  walltime=  0.32h  Δwalltime=0.14s  timestep= 0s  day=1.06e-07
2023/07/14 13:45:13 iteration 3233  walltime=  0.32h  Δwalltime=0.15s  timestep= 0s  day=1.06e-07
2023/07/14 13:45:15 iteration 3247  walltime= 0.321h  Δwalltime=0.17s  timestep= 0s  day=1.07e-07
2023/07/14 13:45:17 iteration 3255  walltime= 0.321h  Δwalltime=0.17s  timestep= 0s  day=1.07e-07
2023/07/14 13:45:19 iteration 3266  walltime= 0.322h  Δwalltime=0.15s  timestep= 0s  day=1.08e-07
2023/07/14 13:45:21 iteration 3280  walltime= 0.322h  Δwalltime=0.15s  timestep= 0s  day=1.08e-07
2023/07/14 13:45:23 iteration 3293  walltime= 0.323h  Δwalltime=0.15s  timestep= 0s  day=1.08e-07
2023/07/14 13:45:25 iteration 3307  walltime= 0.324h  Δwalltime=0.15s  timestep= 0s  day=1.09e-07
2023/07/14 13:45:27 iteration 3320  walltime= 0.324h  Δwalltime=0.18s  timestep= 0s  day=1.09e-07
2023/07/14 13:45:29 iteration 3333  walltime= 0.325h  Δwalltime=0.14s  timestep= 0s  day=1.1e-07
2023/07/14 13:45:31 iteration 3347  walltime= 0.325h  Δwalltime=0.14s  timestep= 0s  day=1.1e-07
2023/07/14 13:45:33 iteration 3360  walltime= 0.326h  Δwalltime=0.14s  timestep= 0s  day=1.11e-07
2023/07/14 13:45:35 iteration 3374  walltime= 0.326h  Δwalltime=0.15s  timestep= 0s  day=1.11e-07
2023/07/14 13:45:37 iteration 3387  walltime= 0.327h  Δwalltime=0.14s  timestep= 0s  day=1.12e-07
2023/07/14 13:45:39 iteration 3401  walltime= 0.327h  Δwalltime=0.15s  timestep= 0s  day=1.12e-07
2023/07/14 13:45:41 iteration 3414  walltime= 0.328h  Δwalltime=0.15s  timestep= 0s  day=1.12e-07
2023/07/14 13:45:43 iteration 3428  walltime= 0.328h  Δwalltime=0.15s  timestep= 0s  day=1.13e-07
2023/07/14 13:45:45 iteration 3441  walltime= 0.329h  Δwalltime=0.15s  timestep= 0s  day=1.13e-07
2023/07/14 13:45:47 iteration 3455  walltime=  0.33h  Δwalltime=0.15s  timestep= 0s  day=1.14e-07
2023/07/14 13:45:49 iteration 3469  walltime=  0.33h  Δwalltime=0.14s  timestep= 0s  day=1.14e-07
2023/07/14 13:45:51 iteration 3482  walltime= 0.331h  Δwalltime=0.21s  timestep= 0s  day=1.15e-07
2023/07/14 13:45:53 iteration 3495  walltime= 0.331h  Δwalltime=0.14s  timestep= 0s  day=1.15e-07
2023/07/14 13:45:55 iteration 3508  walltime= 0.332h  Δwalltime=0.21s  timestep= 0s  day=1.15e-07
2023/07/14 13:45:57 iteration 3520  walltime= 0.332h  Δwalltime=0.17s  timestep= 0s  day=1.16e-07
2023/07/14 13:45:59 iteration 3533  walltime= 0.333h  Δwalltime=0.15s  timestep= 0s  day=1.16e-07
2023/07/14 13:46:01 iteration 3546  walltime= 0.333h  Δwalltime=0.15s  timestep= 0s  day=1.17e-07
2023/07/14 13:46:03 iteration 3560  walltime= 0.334h  Δwalltime=0.14s  timestep= 0s  day=1.17e-07
2023/07/14 13:46:05 iteration 3573  walltime= 0.335h  Δwalltime=0.15s  timestep= 0s  day=1.18e-07
2023/07/14 13:46:07 iteration 3587  walltime= 0.335h  Δwalltime=0.15s  timestep= 0s  day=1.18e-07
2023/07/14 13:46:09 iteration 3600  walltime= 0.336h  Δwalltime=0.21s  timestep= 0s  day=1.19e-07
2023/07/14 13:46:11 iteration 3613  walltime= 0.336h  Δwalltime=0.16s  timestep= 0s  day=1.19e-07
2023/07/14 13:46:13 iteration 3627  walltime= 0.337h  Δwalltime=0.14s  timestep= 0s  day=1.19e-07
2023/07/14 13:46:15 iteration 3640  walltime= 0.337h  Δwalltime=0.15s  timestep= 0s  day=1.2e-07
2023/07/14 13:46:17 iteration 3653  walltime= 0.338h  Δwalltime=0.15s  timestep= 0s  day=1.2e-07
2023/07/14 13:46:19 iteration 3666  walltime= 0.338h  Δwalltime=0.15s  timestep= 0s  day=1.21e-07
2023/07/14 13:46:21 iteration 3680  walltime= 0.339h  Δwalltime=0.14s  timestep= 0s  day=1.21e-07
2023/07/14 13:46:23 iteration 3693  walltime=  0.34h  Δwalltime=0.15s  timestep= 0s  day=1.22e-07
2023/07/14 13:46:25 iteration 3706  walltime=  0.34h  Δwalltime=0.14s  timestep= 0s  day=1.22e-07
2023/07/14 13:46:27 iteration 3720  walltime= 0.341h  Δwalltime=0.14s  timestep= 0s  day=1.22e-07
2023/07/14 13:46:29 iteration 3734  walltime= 0.341h  Δwalltime=0.14s  timestep= 0s  day=1.23e-07
2023/07/14 13:46:31 iteration 3746  walltime= 0.342h  Δwalltime= 0.2s  timestep= 0s  day=1.23e-07
2023/07/14 13:46:33 iteration 3760  walltime= 0.342h  Δwalltime=0.14s  timestep= 0s  day=1.24e-07
2023/07/14 13:46:35 iteration 3773  walltime= 0.343h  Δwalltime= 0.2s  timestep= 0s  day=1.24e-07
2023/07/14 13:46:37 iteration 3787  walltime= 0.344h  Δwalltime=0.14s  timestep= 0s  day=1.25e-07
2023/07/14 13:46:39 iteration 3800  walltime= 0.344h  Δwalltime= 0.2s  timestep= 0s  day=1.25e-07
2023/07/14 13:46:41 iteration 3813  walltime= 0.345h  Δwalltime=0.14s  timestep= 0s  day=1.26e-07
2023/07/14 13:46:43 iteration 3827  walltime= 0.345h  Δwalltime=0.15s  timestep= 0s  day=1.26e-07
2023/07/14 13:46:45 iteration 3839  walltime= 0.346h  Δwalltime=0.15s  timestep= 0s  day=1.26e-07
2023/07/14 13:46:47 iteration 3852  walltime= 0.346h  Δwalltime=0.14s  timestep= 0s  day=1.27e-07
2023/07/14 13:46:49 iteration 3866  walltime= 0.347h  Δwalltime=0.15s  timestep= 0s  day=1.27e-07
2023/07/14 13:46:51 iteration 3880  walltime= 0.347h  Δwalltime=0.14s  timestep= 0s  day=1.28e-07
2023/07/14 13:46:53 iteration 3893  walltime= 0.348h  Δwalltime=0.14s  timestep= 0s  day=1.28e-07
2023/07/14 13:46:55 iteration 3906  walltime= 0.348h  Δwalltime=0.14s  timestep= 0s  day=1.29e-07
2023/07/14 13:46:57 iteration 3920  walltime= 0.349h  Δwalltime=0.15s  timestep= 0s  day=1.29e-07
2023/07/14 13:46:59 iteration 3933  walltime=  0.35h  Δwalltime=0.14s  timestep= 0s  day=1.29e-07
2023/07/14 13:47:01 iteration 3946  walltime=  0.35h  Δwalltime=0.14s  timestep= 0s  day=1.3e-07
2023/07/14 13:47:03 iteration 3960  walltime= 0.351h  Δwalltime=0.14s  timestep= 0s  day=1.3e-07
2023/07/14 13:47:05 iteration 3973  walltime= 0.351h  Δwalltime=0.14s  timestep= 0s  day=1.31e-07
2023/07/14 13:47:07 iteration 3987  walltime= 0.352h  Δwalltime=0.15s  timestep= 0s  day=1.31e-07
2023/07/14 13:47:09 iteration 4001  walltime= 0.352h  Δwalltime=0.14s  timestep= 0s  day=1.32e-07
2023/07/14 13:47:11 iteration 4014  walltime= 0.353h  Δwalltime=0.15s  timestep= 0s  day=1.32e-07
2023/07/14 13:47:13 iteration 4028  walltime= 0.354h  Δwalltime=0.15s  timestep= 0s  day=1.33e-07
2023/07/14 13:47:15 iteration 4041  walltime= 0.354h  Δwalltime=0.15s  timestep= 0s  day=1.33e-07
2023/07/14 13:47:17 iteration 4053  walltime= 0.355h  Δwalltime=0.27s  timestep= 0s  day=1.33e-07
2023/07/14 13:47:19 iteration 4063  walltime= 0.355h  Δwalltime=0.19s  timestep= 0s  day=1.34e-07
2023/07/14 13:47:21 iteration 4075  walltime= 0.356h  Δwalltime=0.14s  timestep= 0s  day=1.34e-07
2023/07/14 13:47:23 iteration 4088  walltime= 0.356h  Δwalltime=0.14s  timestep= 0s  day=1.35e-07
2023/07/14 13:47:25 iteration 4101  walltime= 0.357h  Δwalltime=0.15s  timestep= 0s  day=1.35e-07
2023/07/14 13:47:27 iteration 4112  walltime= 0.357h  Δwalltime=0.16s  timestep= 0s  day=1.35e-07
2023/07/14 13:47:29 iteration 4124  walltime= 0.358h  Δwalltime=0.15s  timestep= 0s  day=1.36e-07
2023/07/14 13:47:31 iteration 4138  walltime= 0.359h  Δwalltime= 0.2s  timestep= 0s  day=1.36e-07
2023/07/14 13:47:33 iteration 4151  walltime= 0.359h  Δwalltime=0.14s  timestep= 0s  day=1.37e-07
2023/07/14 13:47:35 iteration 4165  walltime=  0.36h  Δwalltime=0.15s  timestep= 0s  day=1.37e-07
2023/07/14 13:47:37 iteration 4178  walltime=  0.36h  Δwalltime=0.14s  timestep= 0s  day=1.38e-07
2023/07/14 13:47:39 iteration 4192  walltime= 0.361h  Δwalltime=0.14s  timestep= 0s  day=1.38e-07
2023/07/14 13:47:41 iteration 4206  walltime= 0.361h  Δwalltime=0.15s  timestep= 0s  day=1.38e-07
2023/07/14 13:47:43 iteration 4219  walltime= 0.362h  Δwalltime=0.15s  timestep= 0s  day=1.39e-07
2023/07/14 13:47:45 iteration 4232  walltime= 0.362h  Δwalltime=0.14s  timestep= 0s  day=1.39e-07
2023/07/14 13:47:47 iteration 4245  walltime= 0.363h  Δwalltime=0.15s  timestep= 0s  day=1.4e-07
2023/07/14 13:47:49 iteration 4259  walltime= 0.364h  Δwalltime=0.14s  timestep= 0s  day=1.4e-07
2023/07/14 13:47:51 iteration 4272  walltime= 0.364h  Δwalltime=0.14s  timestep= 0s  day=1.41e-07
2023/07/14 13:47:53 iteration 4286  walltime= 0.365h  Δwalltime=0.14s  timestep= 0s  day=1.41e-07
2023/07/14 13:47:55 iteration 4299  walltime= 0.365h  Δwalltime=0.15s  timestep= 0s  day=1.42e-07
2023/07/14 13:47:57 iteration 4313  walltime= 0.366h  Δwalltime=0.14s  timestep= 0s  day=1.42e-07
2023/07/14 13:47:59 iteration 4326  walltime= 0.366h  Δwalltime=0.14s  timestep= 0s  day=1.42e-07
2023/07/14 13:48:01 iteration 4339  walltime= 0.367h  Δwalltime=0.15s  timestep= 0s  day=1.43e-07
2023/07/14 13:48:03 iteration 4353  walltime= 0.367h  Δwalltime=0.15s  timestep= 0s  day=1.43e-07
2023/07/14 13:48:05 iteration 4367  walltime= 0.368h  Δwalltime=0.14s  timestep= 0s  day=1.44e-07
2023/07/14 13:48:07 iteration 4380  walltime= 0.368h  Δwalltime=0.14s  timestep= 0s  day=1.44e-07
2023/07/14 13:48:09 iteration 4394  walltime= 0.369h  Δwalltime=0.14s  timestep= 0s  day=1.45e-07
2023/07/14 13:48:11 iteration 4408  walltime=  0.37h  Δwalltime=0.14s  timestep= 0s  day=1.45e-07
2023/07/14 13:48:13 iteration 4421  walltime=  0.37h  Δwalltime=0.14s  timestep= 0s  day=1.46e-07
2023/07/14 13:48:15 iteration 4434  walltime= 0.371h  Δwalltime=0.14s  timestep= 0s  day=1.46e-07
2023/07/14 13:48:17 iteration 4448  walltime= 0.371h  Δwalltime=0.15s  timestep= 0s  day=1.46e-07
2023/07/14 13:48:19 iteration 4461  walltime= 0.372h  Δwalltime=0.15s  timestep= 0s  day=1.47e-07
2023/07/14 13:48:21 iteration 4475  walltime= 0.372h  Δwalltime=0.15s  timestep= 0s  day=1.47e-07
2023/07/14 13:48:23 iteration 4489  walltime= 0.373h  Δwalltime=0.15s  timestep= 0s  day=1.48e-07
2023/07/14 13:48:25 iteration 4503  walltime= 0.374h  Δwalltime=0.14s  timestep= 0s  day=1.48e-07
2023/07/14 13:48:27 iteration 4516  walltime= 0.374h  Δwalltime=0.15s  timestep= 0s  day=1.49e-07
2023/07/14 13:48:29 iteration 4530  walltime= 0.375h  Δwalltime=0.14s  timestep= 0s  day=1.49e-07
2023/07/14 13:48:31 iteration 4543  walltime= 0.375h  Δwalltime=0.14s  timestep= 0s  day=1.5e-07
2023/07/14 13:48:33 iteration 4557  walltime= 0.376h  Δwalltime=0.14s  timestep= 0s  day=1.5e-07
2023/07/14 13:48:35 iteration 4571  walltime= 0.376h  Δwalltime=0.14s  timestep= 0s  day=1.5e-07
2023/07/14 13:48:37 iteration 4584  walltime= 0.377h  Δwalltime=0.14s  timestep= 0s  day=1.51e-07
2023/07/14 13:48:39 iteration 4598  walltime= 0.377h  Δwalltime=0.15s  timestep= 0s  day=1.51e-07
2023/07/14 13:48:41 iteration 4611  walltime= 0.378h  Δwalltime=0.15s  timestep= 0s  day=1.52e-07
2023/07/14 13:48:43 iteration 4624  walltime= 0.378h  Δwalltime=0.15s  timestep= 0s  day=1.52e-07
2023/07/14 13:48:45 iteration 4638  walltime= 0.379h  Δwalltime=0.15s  timestep= 0s  day=1.53e-07
2023/07/14 13:48:47 iteration 4651  walltime=  0.38h  Δwalltime=0.14s  timestep= 0s  day=1.53e-07
2023/07/14 13:48:49 iteration 4665  walltime=  0.38h  Δwalltime=0.17s  timestep= 0s  day=1.54e-07
2023/07/14 13:48:51 iteration 4678  walltime= 0.381h  Δwalltime=0.15s  timestep= 0s  day=1.54e-07
2023/07/14 13:48:53 iteration 4692  walltime= 0.381h  Δwalltime=0.16s  timestep= 0s  day=1.54e-07
2023/07/14 13:48:55 iteration 4705  walltime= 0.382h  Δwalltime=0.14s  timestep= 0s  day=1.55e-07
2023/07/14 13:48:57 iteration 4717  walltime= 0.382h  Δwalltime=0.19s  timestep= 0s  day=1.55e-07
2023/07/14 13:48:59 iteration 4729  walltime= 0.383h  Δwalltime=0.14s  timestep= 0s  day=1.56e-07
2023/07/14 13:49:01 iteration 4742  walltime= 0.383h  Δwalltime=0.14s  timestep= 0s  day=1.56e-07
2023/07/14 13:49:03 iteration 4755  walltime= 0.384h  Δwalltime=0.14s  timestep= 0s  day=1.57e-07
2023/07/14 13:49:05 iteration 4768  walltime= 0.385h  Δwalltime=0.15s  timestep= 0s  day=1.57e-07
2023/07/14 13:49:07 iteration 4782  walltime= 0.385h  Δwalltime=0.14s  timestep= 0s  day=1.57e-07
2023/07/14 13:49:09 iteration 4795  walltime= 0.386h  Δwalltime=0.14s  timestep= 0s  day=1.58e-07
2023/07/14 13:49:11 iteration 4807  walltime= 0.386h  Δwalltime=0.14s  timestep= 0s  day=1.58e-07
2023/07/14 13:49:13 iteration 4821  walltime= 0.387h  Δwalltime=0.14s  timestep= 0s  day=1.59e-07
2023/07/14 13:49:15 iteration 4834  walltime= 0.387h  Δwalltime=0.21s  timestep= 0s  day=1.59e-07
2023/07/14 13:49:17 iteration 4846  walltime= 0.388h  Δwalltime= 0.2s  timestep= 0s  day=1.6e-07
2023/07/14 13:49:19 iteration 4857  walltime= 0.389h  Δwalltime=0.26s  timestep= 0s  day=1.6e-07
2023/07/14 13:49:21 iteration 4867  walltime= 0.389h  Δwalltime=0.18s  timestep= 0s  day=1.6e-07
2023/07/14 13:49:23 iteration 4879  walltime=  0.39h  Δwalltime=0.14s  timestep= 0s  day=1.61e-07
2023/07/14 13:49:25 iteration 4892  walltime=  0.39h  Δwalltime=0.14s  timestep= 0s  day=1.61e-07
2023/07/14 13:49:27 iteration 4906  walltime= 0.391h  Δwalltime= 0.2s  timestep= 0s  day=1.62e-07
2023/07/14 13:49:29 iteration 4919  walltime= 0.391h  Δwalltime=0.15s  timestep= 0s  day=1.62e-07
2023/07/14 13:49:31 iteration 4932  walltime= 0.392h  Δwalltime=0.14s  timestep= 0s  day=1.62e-07
2023/07/14 13:49:33 iteration 4946  walltime= 0.392h  Δwalltime=0.15s  timestep= 0s  day=1.63e-07
2023/07/14 13:49:35 iteration 4959  walltime= 0.393h  Δwalltime=0.15s  timestep= 0s  day=1.63e-07
2023/07/14 13:49:37 iteration 4973  walltime= 0.394h  Δwalltime=0.15s  timestep= 0s  day=1.64e-07
2023/07/14 13:49:39 iteration 4986  walltime= 0.394h  Δwalltime=0.14s  timestep= 0s  day=1.64e-07
2023/07/14 13:49:41 iteration 4999  walltime= 0.395h  Δwalltime=0.14s  timestep= 0s  day=1.65e-07
2023/07/14 13:49:43 iteration 5013  walltime= 0.395h  Δwalltime=0.14s  timestep= 0s  day=1.65e-07
2023/07/14 13:49:45 iteration 5026  walltime= 0.396h  Δwalltime=0.14s  timestep= 0s  day=1.65e-07
2023/07/14 13:49:47 iteration 5040  walltime= 0.396h  Δwalltime=0.14s  timestep= 0s  day=1.66e-07
2023/07/14 13:49:49 iteration 5054  walltime= 0.397h  Δwalltime=0.14s  timestep= 0s  day=1.66e-07
2023/07/14 13:49:51 iteration 5067  walltime= 0.397h  Δwalltime=0.14s  timestep= 0s  day=1.67e-07
2023/07/14 13:49:53 iteration 5081  walltime= 0.398h  Δwalltime=0.15s  timestep= 0s  day=1.67e-07
2023/07/14 13:49:55 iteration 5094  walltime= 0.398h  Δwalltime=0.15s  timestep= 0s  day=1.68e-07
2023/07/14 13:49:57 iteration 5108  walltime= 0.399h  Δwalltime=0.14s  timestep= 0s  day=1.68e-07
2023/07/14 13:49:59 iteration 5121  walltime=   0.4h  Δwalltime=0.21s  timestep= 0s  day=1.69e-07
2023/07/14 13:50:01 iteration 5134  walltime=   0.4h  Δwalltime=0.14s  timestep= 0s  day=1.69e-07
2023/07/14 13:50:03 iteration 5147  walltime= 0.401h  Δwalltime=0.21s  timestep= 0s  day=1.69e-07
2023/07/14 13:50:05 iteration 5158  walltime= 0.401h  Δwalltime=0.14s  timestep= 0s  day=1.7e-07
2023/07/14 13:50:07 iteration 5172  walltime= 0.402h  Δwalltime=0.15s  timestep= 0s  day=1.7e-07
2023/07/14 13:50:09 iteration 5185  walltime= 0.402h  Δwalltime=0.15s  timestep= 0s  day=1.71e-07
2023/07/14 13:50:11 iteration 5199  walltime= 0.403h  Δwalltime=0.15s  timestep= 0s  day=1.71e-07
2023/07/14 13:50:13 iteration 5212  walltime= 0.403h  Δwalltime=0.15s  timestep= 0s  day=1.72e-07
2023/07/14 13:50:15 iteration 5225  walltime= 0.404h  Δwalltime=0.15s  timestep= 0s  day=1.72e-07
2023/07/14 13:50:17 iteration 5239  walltime= 0.405h  Δwalltime=0.15s  timestep= 0s  day=1.72e-07
2023/07/14 13:50:19 iteration 5252  walltime= 0.405h  Δwalltime=0.15s  timestep= 0s  day=1.73e-07
2023/07/14 13:50:21 iteration 5266  walltime= 0.406h  Δwalltime=0.15s  timestep= 0s  day=1.73e-07
2023/07/14 13:50:23 iteration 5280  walltime= 0.406h  Δwalltime=0.15s  timestep= 0s  day=1.74e-07
2023/07/14 13:50:25 iteration 5293  walltime= 0.407h  Δwalltime=0.15s  timestep= 0s  day=1.74e-07
2023/07/14 13:50:27 iteration 5305  walltime= 0.407h  Δwalltime=0.18s  timestep= 0s  day=1.75e-07
2023/07/14 13:50:29 iteration 5318  walltime= 0.408h  Δwalltime=0.15s  timestep= 0s  day=1.75e-07
2023/07/14 13:50:31 iteration 5330  walltime= 0.409h  Δwalltime=0.14s  timestep= 0s  day=1.75e-07
2023/07/14 13:50:33 iteration 5344  walltime= 0.409h  Δwalltime=0.14s  timestep= 0s  day=1.76e-07
2023/07/14 13:50:35 iteration 5357  walltime=  0.41h  Δwalltime=0.15s  timestep= 0s  day=1.76e-07
2023/07/14 13:50:37 iteration 5371  walltime=  0.41h  Δwalltime=0.15s  timestep= 0s  day=1.77e-07
2023/07/14 13:50:39 iteration 5384  walltime= 0.411h  Δwalltime=0.14s  timestep= 0s  day=1.77e-07
2023/07/14 13:50:41 iteration 5398  walltime= 0.411h  Δwalltime=0.14s  timestep= 0s  day=1.78e-07
2023/07/14 13:50:43 iteration 5412  walltime= 0.412h  Δwalltime=0.15s  timestep= 0s  day=1.78e-07
2023/07/14 13:50:45 iteration 5425  walltime= 0.412h  Δwalltime=0.14s  timestep= 0s  day=1.79e-07
2023/07/14 13:50:47 iteration 5439  walltime= 0.413h  Δwalltime=0.14s  timestep= 0s  day=1.79e-07
2023/07/14 13:50:49 iteration 5452  walltime= 0.413h  Δwalltime=0.14s  timestep= 0s  day=1.8e-07
2023/07/14 13:50:51 iteration 5466  walltime= 0.414h  Δwalltime=0.15s  timestep= 0s  day=1.8e-07
2023/07/14 13:50:53 iteration 5479  walltime= 0.415h  Δwalltime=0.15s  timestep= 0s  day=1.8e-07
2023/07/14 13:50:55 iteration 5493  walltime= 0.415h  Δwalltime=0.14s  timestep= 0s  day=1.81e-07
2023/07/14 13:50:57 iteration 5507  walltime= 0.416h  Δwalltime=0.14s  timestep= 0s  day=1.81e-07
2023/07/14 13:50:59 iteration 5520  walltime= 0.416h  Δwalltime=0.14s  timestep= 0s  day=1.82e-07
2023/07/14 13:51:01 iteration 5533  walltime= 0.417h  Δwalltime=0.14s  timestep= 0s  day=1.82e-07
2023/07/14 13:51:03 iteration 5547  walltime= 0.417h  Δwalltime=0.14s  timestep= 0s  day=1.83e-07
2023/07/14 13:51:05 iteration 5561  walltime= 0.418h  Δwalltime=0.14s  timestep= 0s  day=1.83e-07
2023/07/14 13:51:07 iteration 5574  walltime= 0.418h  Δwalltime=0.14s  timestep= 0s  day=1.84e-07
2023/07/14 13:51:09 iteration 5588  walltime= 0.419h  Δwalltime=0.14s  timestep= 0s  day=1.84e-07
2023/07/14 13:51:11 iteration 5602  walltime=  0.42h  Δwalltime=0.14s  timestep= 0s  day=1.84e-07
2023/07/14 13:51:13 iteration 5615  walltime=  0.42h  Δwalltime=0.15s  timestep= 0s  day=1.85e-07
2023/07/14 13:51:15 iteration 5628  walltime= 0.421h  Δwalltime=0.14s  timestep= 0s  day=1.85e-07
2023/07/14 13:51:17 iteration 5642  walltime= 0.421h  Δwalltime=0.15s  timestep= 0s  day=1.86e-07
2023/07/14 13:51:19 iteration 5655  walltime= 0.422h  Δwalltime=0.14s  timestep= 0s  day=1.86e-07
2023/07/14 13:51:21 iteration 5665  walltime= 0.422h  Δwalltime=0.23s  timestep= 0s  day=1.87e-07
2023/07/14 13:51:23 iteration 5675  walltime= 0.423h  Δwalltime=0.19s  timestep= 0s  day=1.87e-07
2023/07/14 13:51:25 iteration 5689  walltime= 0.424h  Δwalltime=0.14s  timestep= 0s  day=1.87e-07
2023/07/14 13:51:27 iteration 5702  walltime= 0.424h  Δwalltime=0.15s  timestep= 0s  day=1.88e-07
2023/07/14 13:51:29 iteration 5715  walltime= 0.425h  Δwalltime=0.18s  timestep= 0s  day=1.88e-07
2023/07/14 13:51:31 iteration 5729  walltime= 0.425h  Δwalltime=0.15s  timestep= 0s  day=1.89e-07
2023/07/14 13:51:33 iteration 5742  walltime= 0.426h  Δwalltime=0.15s  timestep= 0s  day=1.89e-07
2023/07/14 13:51:35 iteration 5756  walltime= 0.426h  Δwalltime=0.14s  timestep= 0s  day=1.9e-07
2023/07/14 13:51:37 iteration 5769  walltime= 0.427h  Δwalltime=0.14s  timestep= 0s  day=1.9e-07
2023/07/14 13:51:39 iteration 5783  walltime= 0.427h  Δwalltime=0.15s  timestep= 0s  day=1.9e-07
2023/07/14 13:51:41 iteration 5796  walltime= 0.428h  Δwalltime=0.15s  timestep= 0s  day=1.91e-07
2023/07/14 13:51:43 iteration 5810  walltime= 0.429h  Δwalltime=0.14s  timestep= 0s  day=1.91e-07
2023/07/14 13:51:45 iteration 5823  walltime= 0.429h  Δwalltime=0.14s  timestep= 0s  day=1.92e-07
2023/07/14 13:51:47 iteration 5837  walltime=  0.43h  Δwalltime=0.14s  timestep= 0s  day=1.92e-07
2023/07/14 13:51:49 iteration 5849  walltime=  0.43h  Δwalltime=0.14s  timestep= 0s  day=1.93e-07
2023/07/14 13:51:51 iteration 5863  walltime= 0.431h  Δwalltime=0.14s  timestep= 0s  day=1.93e-07
2023/07/14 13:51:53 iteration 5877  walltime= 0.431h  Δwalltime=0.15s  timestep= 0s  day=1.93e-07
2023/07/14 13:51:55 iteration 5890  walltime= 0.432h  Δwalltime=0.16s  timestep= 0s  day=1.94e-07
2023/07/14 13:51:57 iteration 5902  walltime= 0.432h  Δwalltime=0.18s  timestep= 0s  day=1.94e-07
2023/07/14 13:51:59 iteration 5914  walltime= 0.433h  Δwalltime=0.14s  timestep= 0s  day=1.95e-07
2023/07/14 13:52:01 iteration 5928  walltime= 0.434h  Δwalltime=0.14s  timestep= 0s  day=1.95e-07
2023/07/14 13:52:03 iteration 5941  walltime= 0.434h  Δwalltime=0.14s  timestep= 0s  day=1.96e-07
2023/07/14 13:52:05 iteration 5955  walltime= 0.435h  Δwalltime=0.14s  timestep= 0s  day=1.96e-07
2023/07/14 13:52:07 iteration 5969  walltime= 0.435h  Δwalltime=0.14s  timestep= 0s  day=1.97e-07
2023/07/14 13:52:09 iteration 5982  walltime= 0.436h  Δwalltime= 0.2s  timestep= 0s  day=1.97e-07
2023/07/14 13:52:11 iteration 5996  walltime= 0.436h  Δwalltime=0.15s  timestep= 0s  day=1.97e-07
2023/07/14 13:52:13 iteration 6009  walltime= 0.437h  Δwalltime=0.15s  timestep= 0s  day=1.98e-07
2023/07/14 13:52:15 iteration 6022  walltime= 0.437h  Δwalltime=0.15s  timestep= 0s  day=1.98e-07
2023/07/14 13:52:17 iteration 6035  walltime= 0.438h  Δwalltime=0.15s  timestep= 0s  day=1.99e-07
2023/07/14 13:52:19 iteration 6049  walltime= 0.438h  Δwalltime=0.14s  timestep= 0s  day=1.99e-07
2023/07/14 13:52:21 iteration 6063  walltime= 0.439h  Δwalltime=0.14s  timestep= 0s  day=2e-07
2023/07/14 13:52:23 iteration 6076  walltime=  0.44h  Δwalltime=0.14s  timestep= 0s  day=2e-07
2023/07/14 13:52:25 iteration 6090  walltime=  0.44h  Δwalltime=0.15s  timestep= 0s  day=2.01e-07
2023/07/14 13:52:27 iteration 6104  walltime= 0.441h  Δwalltime=0.15s  timestep= 0s  day=2.01e-07
2023/07/14 13:52:29 iteration 6117  walltime= 0.441h  Δwalltime=0.19s  timestep= 0s  day=2.01e-07
2023/07/14 13:52:31 iteration 6130  walltime= 0.442h  Δwalltime=0.21s  timestep= 0s  day=2.02e-07
2023/07/14 13:52:33 iteration 6143  walltime= 0.442h  Δwalltime=0.15s  timestep= 0s  day=2.02e-07
2023/07/14 13:52:35 iteration 6156  walltime= 0.443h  Δwalltime=0.17s  timestep= 0s  day=2.03e-07
2023/07/14 13:52:37 iteration 6170  walltime= 0.444h  Δwalltime=0.14s  timestep= 0s  day=2.03e-07
2023/07/14 13:52:39 iteration 6183  walltime= 0.444h  Δwalltime=0.14s  timestep= 0s  day=2.04e-07
2023/07/14 13:52:41 iteration 6197  walltime= 0.445h  Δwalltime=0.14s  timestep= 0s  day=2.04e-07
2023/07/14 13:52:43 iteration 6210  walltime= 0.445h  Δwalltime=0.14s  timestep= 0s  day=2.04e-07
2023/07/14 13:52:45 iteration 6223  walltime= 0.446h  Δwalltime=0.14s  timestep= 0s  day=2.05e-07
2023/07/14 13:52:47 iteration 6237  walltime= 0.446h  Δwalltime=0.14s  timestep= 0s  day=2.05e-07
2023/07/14 13:52:49 iteration 6251  walltime= 0.447h  Δwalltime=0.14s  timestep= 0s  day=2.06e-07
2023/07/14 13:52:51 iteration 6264  walltime= 0.447h  Δwalltime= 0.2s  timestep= 0s  day=2.06e-07
2023/07/14 13:52:53 iteration 6277  walltime= 0.448h  Δwalltime=0.14s  timestep= 0s  day=2.07e-07
2023/07/14 13:52:55 iteration 6291  walltime= 0.448h  Δwalltime=0.14s  timestep= 0s  day=2.07e-07
2023/07/14 13:52:57 iteration 6304  walltime= 0.449h  Δwalltime=0.14s  timestep= 0s  day=2.08e-07
2023/07/14 13:52:59 iteration 6318  walltime=  0.45h  Δwalltime=0.15s  timestep= 0s  day=2.08e-07
2023/07/14 13:53:01 iteration 6331  walltime=  0.45h  Δwalltime=0.14s  timestep= 0s  day=2.08e-07
2023/07/14 13:53:03 iteration 6345  walltime= 0.451h  Δwalltime=0.15s  timestep= 0s  day=2.09e-07
2023/07/14 13:53:05 iteration 6358  walltime= 0.451h  Δwalltime=0.21s  timestep= 0s  day=2.09e-07
2023/07/14 13:53:07 iteration 6371  walltime= 0.452h  Δwalltime=0.14s  timestep= 0s  day=2.1e-07
2023/07/14 13:53:09 iteration 6384  walltime= 0.452h  Δwalltime=0.18s  timestep= 0s  day=2.1e-07
2023/07/14 13:53:11 iteration 6398  walltime= 0.453h  Δwalltime=0.14s  timestep= 0s  day=2.11e-07
2023/07/14 13:53:13 iteration 6411  walltime= 0.453h  Δwalltime=0.14s  timestep= 0s  day=2.11e-07
2023/07/14 13:53:15 iteration 6425  walltime= 0.454h  Δwalltime=0.14s  timestep= 0s  day=2.12e-07
2023/07/14 13:53:17 iteration 6438  walltime= 0.455h  Δwalltime=0.14s  timestep= 0s  day=2.12e-07
2023/07/14 13:53:19 iteration 6452  walltime= 0.455h  Δwalltime=0.15s  timestep= 0s  day=2.12e-07
2023/07/14 13:53:21 iteration 6466  walltime= 0.456h  Δwalltime=0.18s  timestep= 0s  day=2.13e-07
2023/07/14 13:53:23 iteration 6474  walltime= 0.456h  Δwalltime=0.18s  timestep= 0s  day=2.13e-07
2023/07/14 13:53:25 iteration 6485  walltime= 0.457h  Δwalltime=0.15s  timestep= 0s  day=2.14e-07
2023/07/14 13:53:27 iteration 6497  walltime= 0.457h  Δwalltime=0.17s  timestep= 0s  day=2.14e-07
2023/07/14 13:53:29 iteration 6509  walltime= 0.458h  Δwalltime=0.14s  timestep= 0s  day=2.14e-07
2023/07/14 13:53:31 iteration 6523  walltime= 0.459h  Δwalltime=0.14s  timestep= 0s  day=2.15e-07
2023/07/14 13:53:33 iteration 6537  walltime= 0.459h  Δwalltime=0.14s  timestep= 0s  day=2.15e-07
2023/07/14 13:53:35 iteration 6550  walltime=  0.46h  Δwalltime=0.15s  timestep= 0s  day=2.16e-07
2023/07/14 13:53:37 iteration 6563  walltime=  0.46h  Δwalltime=0.15s  timestep= 0s  day=2.16e-07
2023/07/14 13:53:39 iteration 6577  walltime= 0.461h  Δwalltime=0.15s  timestep= 0s  day=2.17e-07
2023/07/14 13:53:41 iteration 6591  walltime= 0.461h  Δwalltime=0.14s  timestep= 0s  day=2.17e-07
2023/07/14 13:53:43 iteration 6604  walltime= 0.462h  Δwalltime=0.14s  timestep= 0s  day=2.17e-07
2023/07/14 13:53:45 iteration 6618  walltime= 0.462h  Δwalltime=0.15s  timestep= 0s  day=2.18e-07
2023/07/14 13:53:47 iteration 6631  walltime= 0.463h  Δwalltime=0.14s  timestep= 0s  day=2.18e-07
2023/07/14 13:53:49 iteration 6645  walltime= 0.463h  Δwalltime=0.16s  timestep= 0s  day=2.19e-07
2023/07/14 13:53:51 iteration 6659  walltime= 0.464h  Δwalltime=0.14s  timestep= 0s  day=2.19e-07
2023/07/14 13:53:53 iteration 6672  walltime= 0.465h  Δwalltime=0.15s  timestep= 0s  day=2.2e-07
2023/07/14 13:53:55 iteration 6685  walltime= 0.465h  Δwalltime=0.15s  timestep= 0s  day=2.2e-07
2023/07/14 13:53:57 iteration 6699  walltime= 0.466h  Δwalltime=0.14s  timestep= 0s  day=2.21e-07
2023/07/14 13:53:59 iteration 6712  walltime= 0.466h  Δwalltime=0.14s  timestep= 0s  day=2.21e-07
2023/07/14 13:54:01 iteration 6725  walltime= 0.467h  Δwalltime=0.15s  timestep= 0s  day=2.21e-07
2023/07/14 13:54:03 iteration 6739  walltime= 0.467h  Δwalltime=0.15s  timestep= 0s  day=2.22e-07
2023/07/14 13:54:05 iteration 6753  walltime= 0.468h  Δwalltime=0.15s  timestep= 0s  day=2.22e-07
2023/07/14 13:54:07 iteration 6766  walltime= 0.468h  Δwalltime=0.14s  timestep= 0s  day=2.23e-07
2023/07/14 13:54:09 iteration 6780  walltime= 0.469h  Δwalltime=0.14s  timestep= 0s  day=2.23e-07
2023/07/14 13:54:11 iteration 6793  walltime=  0.47h  Δwalltime=0.15s  timestep= 0s  day=2.24e-07
2023/07/14 13:54:13 iteration 6807  walltime=  0.47h  Δwalltime=0.14s  timestep= 0s  day=2.24e-07
2023/07/14 13:54:15 iteration 6820  walltime= 0.471h  Δwalltime=0.15s  timestep= 0s  day=2.25e-07
2023/07/14 13:54:17 iteration 6834  walltime= 0.471h  Δwalltime=0.14s  timestep= 0s  day=2.25e-07
2023/07/14 13:54:19 iteration 6848  walltime= 0.472h  Δwalltime=0.14s  timestep= 0s  day=2.25e-07
2023/07/14 13:54:21 iteration 6861  walltime= 0.472h  Δwalltime=0.14s  timestep= 0s  day=2.26e-07
2023/07/14 13:54:23 iteration 6875  walltime= 0.473h  Δwalltime=0.14s  timestep= 0s  day=2.26e-07
2023/07/14 13:54:25 iteration 6888  walltime= 0.473h  Δwalltime=0.14s  timestep= 0s  day=2.27e-07
2023/07/14 13:54:27 iteration 6902  walltime= 0.474h  Δwalltime=0.14s  timestep= 0s  day=2.27e-07
2023/07/14 13:54:29 iteration 6915  walltime= 0.475h  Δwalltime=0.15s  timestep= 0s  day=2.28e-07
2023/07/14 13:54:31 iteration 6929  walltime= 0.475h  Δwalltime=0.15s  timestep= 0s  day=2.28e-07
2023/07/14 13:54:33 iteration 6943  walltime= 0.476h  Δwalltime=0.14s  timestep= 0s  day=2.29e-07
2023/07/14 13:54:35 iteration 6957  walltime= 0.476h  Δwalltime=0.15s  timestep= 0s  day=2.29e-07
2023/07/14 13:54:37 iteration 6970  walltime= 0.477h  Δwalltime=0.14s  timestep= 0s  day=2.29e-07
2023/07/14 13:54:39 iteration 6983  walltime= 0.477h  Δwalltime=0.14s  timestep= 0s  day=2.3e-07
2023/07/14 13:54:41 iteration 6997  walltime= 0.478h  Δwalltime=0.15s  timestep= 0s  day=2.3e-07
2023/07/14 13:54:43 iteration 7011  walltime= 0.478h  Δwalltime=0.14s  timestep= 0s  day=2.31e-07
2023/07/14 13:54:45 iteration 7024  walltime= 0.479h  Δwalltime=0.14s  timestep= 0s  day=2.31e-07
2023/07/14 13:54:47 iteration 7038  walltime=  0.48h  Δwalltime=0.14s  timestep= 0s  day=2.32e-07
2023/07/14 13:54:49 iteration 7052  walltime=  0.48h  Δwalltime=0.14s  timestep= 0s  day=2.32e-07
2023/07/14 13:54:51 iteration 7066  walltime= 0.481h  Δwalltime=0.14s  timestep= 0s  day=2.33e-07
2023/07/14 13:54:53 iteration 7079  walltime= 0.481h  Δwalltime=0.14s  timestep= 0s  day=2.33e-07
2023/07/14 13:54:55 iteration 7093  walltime= 0.482h  Δwalltime=0.15s  timestep= 0s  day=2.34e-07
2023/07/14 13:54:57 iteration 7105  walltime= 0.482h  Δwalltime=0.19s  timestep= 0s  day=2.34e-07
2023/07/14 13:54:59 iteration 7117  walltime= 0.483h  Δwalltime=0.16s  timestep= 0s  day=2.34e-07
2023/07/14 13:55:01 iteration 7130  walltime= 0.483h  Δwalltime=0.18s  timestep= 0s  day=2.35e-07
2023/07/14 13:55:03 iteration 7144  walltime= 0.484h  Δwalltime=0.14s  timestep= 0s  day=2.35e-07
2023/07/14 13:55:05 iteration 7156  walltime= 0.485h  Δwalltime=0.15s  timestep= 0s  day=2.36e-07
2023/07/14 13:55:07 iteration 7170  walltime= 0.485h  Δwalltime=0.14s  timestep= 0s  day=2.36e-07
2023/07/14 13:55:09 iteration 7183  walltime= 0.486h  Δwalltime=0.14s  timestep= 0s  day=2.36e-07
2023/07/14 13:55:11 iteration 7197  walltime= 0.486h  Δwalltime=0.14s  timestep= 0s  day=2.37e-07
2023/07/14 13:55:13 iteration 7211  walltime= 0.487h  Δwalltime=0.17s  timestep= 0s  day=2.37e-07
2023/07/14 13:55:15 iteration 7224  walltime= 0.487h  Δwalltime=0.14s  timestep= 0s  day=2.38e-07
2023/07/14 13:55:17 iteration 7237  walltime= 0.488h  Δwalltime=0.14s  timestep= 0s  day=2.38e-07
2023/07/14 13:55:19 iteration 7251  walltime= 0.489h  Δwalltime=0.14s  timestep= 0s  day=2.39e-07
2023/07/14 13:55:21 iteration 7264  walltime= 0.489h  Δwalltime=0.14s  timestep= 0s  day=2.39e-07
2023/07/14 13:55:23 iteration 7276  walltime=  0.49h  Δwalltime=0.25s  timestep= 0s  day=2.4e-07
2023/07/14 13:55:25 iteration 7286  walltime=  0.49h  Δwalltime=0.21s  timestep= 0s  day=2.4e-07
2023/07/14 13:55:27 iteration 7297  walltime= 0.491h  Δwalltime=0.14s  timestep= 0s  day=2.4e-07
2023/07/14 13:55:29 iteration 7310  walltime= 0.491h  Δwalltime=0.17s  timestep= 0s  day=2.41e-07
2023/07/14 13:55:31 iteration 7324  walltime= 0.492h  Δwalltime=0.14s  timestep= 0s  day=2.41e-07
2023/07/14 13:55:33 iteration 7337  walltime= 0.492h  Δwalltime=0.15s  timestep= 0s  day=2.42e-07
2023/07/14 13:55:35 iteration 7351  walltime= 0.493h  Δwalltime=0.14s  timestep= 0s  day=2.42e-07
2023/07/14 13:55:37 iteration 7364  walltime= 0.493h  Δwalltime=0.14s  timestep= 0s  day=2.42e-07
2023/07/14 13:55:39 iteration 7378  walltime= 0.494h  Δwalltime=0.14s  timestep= 0s  day=2.43e-07
2023/07/14 13:55:41 iteration 7392  walltime= 0.495h  Δwalltime=0.15s  timestep= 0s  day=2.43e-07
2023/07/14 13:55:43 iteration 7406  walltime= 0.495h  Δwalltime=0.15s  timestep= 0s  day=2.44e-07
2023/07/14 13:55:45 iteration 7419  walltime= 0.496h  Δwalltime=0.14s  timestep= 0s  day=2.44e-07
2023/07/14 13:55:47 iteration 7433  walltime= 0.496h  Δwalltime=0.14s  timestep= 0s  day=2.45e-07
2023/07/14 13:55:49 iteration 7446  walltime= 0.497h  Δwalltime=0.14s  timestep= 0s  day=2.45e-07
2023/07/14 13:55:51 iteration 7460  walltime= 0.497h  Δwalltime=0.15s  timestep= 0s  day=2.46e-07
2023/07/14 13:55:53 iteration 7474  walltime= 0.498h  Δwalltime=0.14s  timestep= 0s  day=2.46e-07
2023/07/14 13:55:55 iteration 7488  walltime= 0.499h  Δwalltime=0.14s  timestep= 0s  day=2.47e-07
2023/07/14 13:55:57 iteration 7501  walltime= 0.499h  Δwalltime=0.14s  timestep= 0s  day=2.47e-07
2023/07/14 13:55:59 iteration 7514  walltime=   0.5h  Δwalltime=0.14s  timestep= 0s  day=2.47e-07
2023/07/14 13:56:01 iteration 7527  walltime=   0.5h  Δwalltime=0.15s  timestep= 0s  day=2.48e-07
2023/07/14 13:56:03 iteration 7541  walltime= 0.501h  Δwalltime=0.14s  timestep= 0s  day=2.48e-07
2023/07/14 13:56:05 iteration 7554  walltime= 0.501h  Δwalltime=0.18s  timestep= 0s  day=2.49e-07
2023/07/14 13:56:07 iteration 7567  walltime= 0.502h  Δwalltime=0.17s  timestep= 0s  day=2.49e-07
2023/07/14 13:56:09 iteration 7581  walltime= 0.502h  Δwalltime=0.14s  timestep= 0s  day=2.5e-07
2023/07/14 13:56:11 iteration 7594  walltime= 0.503h  Δwalltime=0.14s  timestep= 0s  day=2.5e-07
slurmstepd: error: *** JOB 39151339 ON bc11833 CANCELLED AT 2023-07-14T17:56:11 ***
