2023/07/17 18:37:14 Parsing output variable expressions...
2023/07/17 18:37:14 Loading emissions shapefile: /home/tfmrodge/scratch/GEMMACH_data/data/Inmap_outputs/Emissions/Emissions_shp/BASEGM_2015_E010_Sumlcc2.shp.
2023/07/17 18:38:03 Loading CTM data...
2023/07/17 18:38:03 Reading input data...
2023/07/17 18:43:36 Loading population and mortality rate data...
2023/07/17 18:44:19 Initializing model...
2023/07/17 18:55:28 Emission totals:
2023/07/17 18:55:28 gOrg, NaN μg/s
2023/07/17 18:55:28 pOrg, 0 μg/s
2023/07/17 18:55:28 PM2_5, NaN μg/s
2023/07/17 18:55:28 gNH, NaN μg/s
2023/07/17 18:55:28 pNH, 0 μg/s
2023/07/17 18:55:28 gS, NaN μg/s
2023/07/17 18:55:28 pS, 0 μg/s
2023/07/17 18:55:28 gNO, NaN μg/s
2023/07/17 18:55:28 pNO, 0 μg/s
2023/07/17 18:55:28 iteration 1     walltime= 0.186h  Δwalltime=6.7e+02s  timestep= 0s  day=9.76e-08
2023/07/17 18:55:30 iteration 8     walltime= 0.186h  Δwalltime=0.18s  timestep= 0s  day=7.81e-07
2023/07/17 18:55:32 iteration 19    walltime= 0.187h  Δwalltime=0.18s  timestep= 0s  day=1.86e-06
2023/07/17 18:55:34 iteration 30    walltime= 0.187h  Δwalltime=0.18s  timestep= 0s  day=2.93e-06
2023/07/17 18:55:36 iteration 39    walltime= 0.188h  Δwalltime=0.14s  timestep= 0s  day=3.81e-06
2023/07/17 18:55:38 iteration 54    walltime= 0.188h  Δwalltime=0.14s  timestep= 0s  day=5.27e-06
2023/07/17 18:55:40 iteration 68    walltime= 0.189h  Δwalltime=0.14s  timestep= 0s  day=6.64e-06
2023/07/17 18:55:42 iteration 82    walltime=  0.19h  Δwalltime=0.17s  timestep= 0s  day=8.01e-06
2023/07/17 18:55:44 iteration 96    walltime=  0.19h  Δwalltime=0.14s  timestep= 0s  day=9.37e-06
2023/07/17 18:55:46 iteration 110   walltime= 0.191h  Δwalltime=0.14s  timestep= 0s  day=1.07e-05
2023/07/17 18:55:48 iteration 125   walltime= 0.191h  Δwalltime=0.14s  timestep= 0s  day=1.22e-05
2023/07/17 18:55:50 iteration 139   walltime= 0.192h  Δwalltime=0.14s  timestep= 0s  day=1.36e-05
2023/07/17 18:55:52 iteration 153   walltime= 0.192h  Δwalltime=0.14s  timestep= 0s  day=1.49e-05
2023/07/17 18:55:54 iteration 167   walltime= 0.193h  Δwalltime=0.14s  timestep= 0s  day=1.63e-05
2023/07/17 18:55:56 iteration 181   walltime= 0.193h  Δwalltime=0.14s  timestep= 0s  day=1.77e-05
2023/07/17 18:55:58 iteration 195   walltime= 0.194h  Δwalltime=0.14s  timestep= 0s  day=1.9e-05
2023/07/17 18:56:00 iteration 210   walltime= 0.195h  Δwalltime=0.14s  timestep= 0s  day=2.05e-05
2023/07/17 18:56:02 iteration 222   walltime= 0.195h  Δwalltime=0.16s  timestep= 0s  day=2.17e-05
2023/07/17 18:56:04 iteration 235   walltime= 0.196h  Δwalltime=0.14s  timestep= 0s  day=2.29e-05
2023/07/17 18:56:06 iteration 249   walltime= 0.196h  Δwalltime=0.14s  timestep= 0s  day=2.43e-05
2023/07/17 18:56:08 iteration 264   walltime= 0.197h  Δwalltime=0.14s  timestep= 0s  day=2.58e-05
2023/07/17 18:56:10 iteration 278   walltime= 0.197h  Δwalltime=0.14s  timestep= 0s  day=2.71e-05
2023/07/17 18:56:12 iteration 292   walltime= 0.198h  Δwalltime= 0.2s  timestep= 0s  day=2.85e-05
2023/07/17 18:56:14 iteration 306   walltime= 0.198h  Δwalltime=0.14s  timestep= 0s  day=2.99e-05
2023/07/17 18:56:16 iteration 321   walltime= 0.199h  Δwalltime=0.14s  timestep= 0s  day=3.13e-05
2023/07/17 18:56:18 iteration 335   walltime=   0.2h  Δwalltime=0.14s  timestep= 0s  day=3.27e-05
2023/07/17 18:56:20 iteration 350   walltime=   0.2h  Δwalltime=0.14s  timestep= 0s  day=3.42e-05
2023/07/17 18:56:22 iteration 364   walltime= 0.201h  Δwalltime=0.14s  timestep= 0s  day=3.55e-05
2023/07/17 18:56:24 iteration 379   walltime= 0.201h  Δwalltime=0.14s  timestep= 0s  day=3.7e-05
2023/07/17 18:56:26 iteration 393   walltime= 0.202h  Δwalltime=0.14s  timestep= 0s  day=3.84e-05
2023/07/17 18:56:28 iteration 406   walltime= 0.202h  Δwalltime= 0.2s  timestep= 0s  day=3.96e-05
2023/07/17 18:56:30 iteration 419   walltime= 0.203h  Δwalltime=0.14s  timestep= 0s  day=4.09e-05
2023/07/17 18:56:32 iteration 433   walltime= 0.203h  Δwalltime=0.14s  timestep= 0s  day=4.23e-05
2023/07/17 18:56:34 iteration 448   walltime= 0.204h  Δwalltime=0.14s  timestep= 0s  day=4.37e-05
2023/07/17 18:56:36 iteration 462   walltime= 0.205h  Δwalltime=0.14s  timestep= 0s  day=4.51e-05
2023/07/17 18:56:38 iteration 477   walltime= 0.205h  Δwalltime=0.19s  timestep= 0s  day=4.66e-05
2023/07/17 18:56:40 iteration 488   walltime= 0.206h  Δwalltime=0.18s  timestep= 0s  day=4.77e-05
2023/07/17 18:56:42 iteration 502   walltime= 0.206h  Δwalltime= 0.2s  timestep= 0s  day=4.9e-05
2023/07/17 18:56:44 iteration 516   walltime= 0.207h  Δwalltime=0.14s  timestep= 0s  day=5.04e-05
2023/07/17 18:56:46 iteration 531   walltime= 0.207h  Δwalltime=0.14s  timestep= 0s  day=5.19e-05
2023/07/17 18:56:48 iteration 545   walltime= 0.208h  Δwalltime=0.14s  timestep= 0s  day=5.32e-05
2023/07/17 18:56:50 iteration 560   walltime= 0.208h  Δwalltime=0.14s  timestep= 0s  day=5.47e-05
2023/07/17 18:56:52 iteration 574   walltime= 0.209h  Δwalltime=0.14s  timestep= 0s  day=5.61e-05
2023/07/17 18:56:54 iteration 589   walltime=  0.21h  Δwalltime=0.15s  timestep= 0s  day=5.75e-05
2023/07/17 18:56:56 iteration 603   walltime=  0.21h  Δwalltime=0.14s  timestep= 0s  day=5.89e-05
2023/07/17 18:56:58 iteration 616   walltime= 0.211h  Δwalltime=0.14s  timestep= 0s  day=6.02e-05
2023/07/17 18:57:00 iteration 629   walltime= 0.211h  Δwalltime=0.14s  timestep= 0s  day=6.14e-05
2023/07/17 18:57:02 iteration 643   walltime= 0.212h  Δwalltime=0.14s  timestep= 0s  day=6.28e-05
2023/07/17 18:57:04 iteration 658   walltime= 0.212h  Δwalltime=0.14s  timestep= 0s  day=6.43e-05
2023/07/17 18:57:06 iteration 672   walltime= 0.213h  Δwalltime=0.14s  timestep= 0s  day=6.56e-05
2023/07/17 18:57:08 iteration 687   walltime= 0.213h  Δwalltime=0.15s  timestep= 0s  day=6.71e-05
2023/07/17 18:57:10 iteration 701   walltime= 0.214h  Δwalltime=0.14s  timestep= 0s  day=6.85e-05
2023/07/17 18:57:12 iteration 715   walltime= 0.215h  Δwalltime=0.22s  timestep= 0s  day=6.98e-05
2023/07/17 18:57:14 iteration 729   walltime= 0.215h  Δwalltime=0.14s  timestep= 0s  day=7.12e-05
2023/07/17 18:57:16 iteration 743   walltime= 0.216h  Δwalltime=0.14s  timestep= 0s  day=7.26e-05
2023/07/17 18:57:18 iteration 757   walltime= 0.216h  Δwalltime=0.14s  timestep= 0s  day=7.39e-05
2023/07/17 18:57:20 iteration 772   walltime= 0.217h  Δwalltime=0.14s  timestep= 0s  day=7.54e-05
2023/07/17 18:57:22 iteration 786   walltime= 0.217h  Δwalltime=0.14s  timestep= 0s  day=7.68e-05
2023/07/17 18:57:24 iteration 800   walltime= 0.218h  Δwalltime=0.14s  timestep= 0s  day=7.81e-05
2023/07/17 18:57:26 iteration 815   walltime= 0.218h  Δwalltime=0.14s  timestep= 0s  day=7.96e-05
2023/07/17 18:57:28 iteration 828   walltime= 0.219h  Δwalltime=0.14s  timestep= 0s  day=8.09e-05
2023/07/17 18:57:30 iteration 837   walltime=  0.22h  Δwalltime=0.18s  timestep= 0s  day=8.17e-05
2023/07/17 18:57:32 iteration 849   walltime=  0.22h  Δwalltime=0.18s  timestep= 0s  day=8.29e-05
2023/07/17 18:57:34 iteration 861   walltime= 0.221h  Δwalltime=0.14s  timestep= 0s  day=8.41e-05
2023/07/17 18:57:36 iteration 875   walltime= 0.221h  Δwalltime=0.14s  timestep= 0s  day=8.54e-05
2023/07/17 18:57:38 iteration 889   walltime= 0.222h  Δwalltime=0.14s  timestep= 0s  day=8.68e-05
2023/07/17 18:57:40 iteration 904   walltime= 0.222h  Δwalltime=0.14s  timestep= 0s  day=8.83e-05
2023/07/17 18:57:42 iteration 917   walltime= 0.223h  Δwalltime=0.21s  timestep= 0s  day=8.95e-05
2023/07/17 18:57:44 iteration 931   walltime= 0.223h  Δwalltime=0.14s  timestep= 0s  day=9.09e-05
2023/07/17 18:57:46 iteration 942   walltime= 0.224h  Δwalltime=0.22s  timestep= 0s  day=9.2e-05
2023/07/17 18:57:48 iteration 955   walltime= 0.225h  Δwalltime=0.14s  timestep= 0s  day=9.33e-05
2023/07/17 18:57:50 iteration 969   walltime= 0.225h  Δwalltime=0.14s  timestep= 0s  day=9.46e-05
2023/07/17 18:57:52 iteration 984   walltime= 0.226h  Δwalltime=0.14s  timestep= 0s  day=9.61e-05
2023/07/17 18:57:54 iteration 998   walltime= 0.226h  Δwalltime=0.14s  timestep= 0s  day=9.75e-05
2023/07/17 18:57:56 iteration 1012  walltime= 0.227h  Δwalltime=0.14s  timestep= 0s  day=9.88e-05
2023/07/17 18:57:58 iteration 1026  walltime= 0.227h  Δwalltime=0.14s  timestep= 0s  day=0.0001
2023/07/17 18:58:00 iteration 1040  walltime= 0.228h  Δwalltime=0.14s  timestep= 0s  day=0.000102
2023/07/17 18:58:02 iteration 1055  walltime= 0.228h  Δwalltime=0.14s  timestep= 0s  day=0.000103
2023/07/17 18:58:04 iteration 1069  walltime= 0.229h  Δwalltime=0.14s  timestep= 0s  day=0.000104
2023/07/17 18:58:06 iteration 1083  walltime=  0.23h  Δwalltime=0.14s  timestep= 0s  day=0.000106
2023/07/17 18:58:08 iteration 1097  walltime=  0.23h  Δwalltime=0.14s  timestep= 0s  day=0.000107
2023/07/17 18:58:10 iteration 1111  walltime= 0.231h  Δwalltime=0.14s  timestep= 0s  day=0.000108
2023/07/17 18:58:12 iteration 1125  walltime= 0.231h  Δwalltime=0.19s  timestep= 0s  day=0.00011
2023/07/17 18:58:14 iteration 1139  walltime= 0.232h  Δwalltime=0.14s  timestep= 0s  day=0.000111
2023/07/17 18:58:16 iteration 1153  walltime= 0.232h  Δwalltime=0.14s  timestep= 0s  day=0.000113
2023/07/17 18:58:18 iteration 1167  walltime= 0.233h  Δwalltime=0.14s  timestep= 0s  day=0.000114
2023/07/17 18:58:20 iteration 1181  walltime= 0.233h  Δwalltime=0.14s  timestep= 0s  day=0.000115
2023/07/17 18:58:22 iteration 1195  walltime= 0.234h  Δwalltime=0.14s  timestep= 0s  day=0.000117
2023/07/17 18:58:24 iteration 1209  walltime= 0.235h  Δwalltime=0.14s  timestep= 0s  day=0.000118
2023/07/17 18:58:26 iteration 1223  walltime= 0.235h  Δwalltime=0.14s  timestep= 0s  day=0.000119
2023/07/17 18:58:28 iteration 1237  walltime= 0.236h  Δwalltime=0.14s  timestep= 0s  day=0.000121
2023/07/17 18:58:30 iteration 1250  walltime= 0.236h  Δwalltime=0.14s  timestep= 0s  day=0.000122
2023/07/17 18:58:32 iteration 1265  walltime= 0.237h  Δwalltime=0.14s  timestep= 0s  day=0.000124
2023/07/17 18:58:34 iteration 1279  walltime= 0.237h  Δwalltime=0.14s  timestep= 0s  day=0.000125
2023/07/17 18:58:36 iteration 1293  walltime= 0.238h  Δwalltime=0.14s  timestep= 0s  day=0.000126
2023/07/17 18:58:38 iteration 1307  walltime= 0.238h  Δwalltime=0.15s  timestep= 0s  day=0.000128
2023/07/17 18:58:40 iteration 1321  walltime= 0.239h  Δwalltime=0.14s  timestep= 0s  day=0.000129
2023/07/17 18:58:42 iteration 1335  walltime=  0.24h  Δwalltime=0.17s  timestep= 0s  day=0.00013
2023/07/17 18:58:44 iteration 1348  walltime=  0.24h  Δwalltime=0.14s  timestep= 0s  day=0.000132
2023/07/17 18:58:46 iteration 1362  walltime= 0.241h  Δwalltime=0.14s  timestep= 0s  day=0.000133
2023/07/17 18:58:48 iteration 1376  walltime= 0.241h  Δwalltime=0.14s  timestep= 0s  day=0.000134
2023/07/17 18:58:50 iteration 1390  walltime= 0.242h  Δwalltime=0.14s  timestep= 0s  day=0.000136
2023/07/17 18:58:52 iteration 1404  walltime= 0.242h  Δwalltime=0.14s  timestep= 0s  day=0.000137
2023/07/17 18:58:54 iteration 1418  walltime= 0.243h  Δwalltime=0.14s  timestep= 0s  day=0.000138
2023/07/17 18:58:56 iteration 1432  walltime= 0.243h  Δwalltime=0.14s  timestep= 0s  day=0.00014
2023/07/17 18:58:58 iteration 1446  walltime= 0.244h  Δwalltime=0.14s  timestep= 0s  day=0.000141
2023/07/17 18:59:00 iteration 1460  walltime= 0.245h  Δwalltime=0.14s  timestep= 0s  day=0.000143
2023/07/17 18:59:02 iteration 1472  walltime= 0.245h  Δwalltime=0.15s  timestep= 0s  day=0.000144
2023/07/17 18:59:04 iteration 1484  walltime= 0.246h  Δwalltime=0.14s  timestep= 0s  day=0.000145
2023/07/17 18:59:06 iteration 1498  walltime= 0.246h  Δwalltime=0.14s  timestep= 0s  day=0.000146
2023/07/17 18:59:08 iteration 1512  walltime= 0.247h  Δwalltime=0.14s  timestep= 0s  day=0.000148
2023/07/17 18:59:10 iteration 1526  walltime= 0.247h  Δwalltime=0.14s  timestep= 0s  day=0.000149
2023/07/17 18:59:12 iteration 1540  walltime= 0.248h  Δwalltime=0.21s  timestep= 0s  day=0.00015
2023/07/17 18:59:14 iteration 1554  walltime= 0.248h  Δwalltime=0.14s  timestep= 0s  day=0.000152
2023/07/17 18:59:16 iteration 1568  walltime= 0.249h  Δwalltime=0.14s  timestep= 0s  day=0.000153
2023/07/17 18:59:18 iteration 1581  walltime=  0.25h  Δwalltime=0.14s  timestep= 0s  day=0.000154
2023/07/17 18:59:20 iteration 1595  walltime=  0.25h  Δwalltime=0.14s  timestep= 0s  day=0.000156
2023/07/17 18:59:22 iteration 1608  walltime= 0.251h  Δwalltime=0.14s  timestep= 0s  day=0.000157
2023/07/17 18:59:24 iteration 1622  walltime= 0.251h  Δwalltime=0.14s  timestep= 0s  day=0.000158
2023/07/17 18:59:26 iteration 1636  walltime= 0.252h  Δwalltime=0.14s  timestep= 0s  day=0.00016
2023/07/17 18:59:28 iteration 1650  walltime= 0.252h  Δwalltime=0.14s  timestep= 0s  day=0.000161
2023/07/17 18:59:30 iteration 1663  walltime= 0.253h  Δwalltime=0.31s  timestep= 0s  day=0.000162
2023/07/17 18:59:32 iteration 1671  walltime= 0.253h  Δwalltime=0.17s  timestep= 0s  day=0.000163
2023/07/17 18:59:34 iteration 1683  walltime= 0.254h  Δwalltime=0.14s  timestep= 0s  day=0.000164
2023/07/17 18:59:36 iteration 1696  walltime= 0.255h  Δwalltime=0.19s  timestep= 0s  day=0.000166
2023/07/17 18:59:38 iteration 1710  walltime= 0.255h  Δwalltime=0.14s  timestep= 0s  day=0.000167
2023/07/17 18:59:40 iteration 1724  walltime= 0.256h  Δwalltime=0.14s  timestep= 0s  day=0.000168
2023/07/17 18:59:42 iteration 1738  walltime= 0.256h  Δwalltime=0.16s  timestep= 0s  day=0.00017
2023/07/17 18:59:44 iteration 1751  walltime= 0.257h  Δwalltime=0.14s  timestep= 0s  day=0.000171
2023/07/17 18:59:46 iteration 1765  walltime= 0.257h  Δwalltime=0.14s  timestep= 0s  day=0.000172
2023/07/17 18:59:48 iteration 1779  walltime= 0.258h  Δwalltime=0.14s  timestep= 0s  day=0.000174
2023/07/17 18:59:50 iteration 1792  walltime= 0.258h  Δwalltime=0.14s  timestep= 0s  day=0.000175
2023/07/17 18:59:52 iteration 1806  walltime= 0.259h  Δwalltime=0.14s  timestep= 0s  day=0.000176
2023/07/17 18:59:54 iteration 1820  walltime=  0.26h  Δwalltime=0.15s  timestep= 0s  day=0.000178
2023/07/17 18:59:56 iteration 1834  walltime=  0.26h  Δwalltime=0.14s  timestep= 0s  day=0.000179
2023/07/17 18:59:58 iteration 1847  walltime= 0.261h  Δwalltime=0.14s  timestep= 0s  day=0.00018
2023/07/17 19:00:00 iteration 1861  walltime= 0.261h  Δwalltime=0.16s  timestep= 0s  day=0.000182
2023/07/17 19:00:02 iteration 1875  walltime= 0.262h  Δwalltime=0.14s  timestep= 0s  day=0.000183
2023/07/17 19:00:04 iteration 1889  walltime= 0.262h  Δwalltime=0.14s  timestep= 0s  day=0.000184
2023/07/17 19:00:06 iteration 1902  walltime= 0.263h  Δwalltime=0.14s  timestep= 0s  day=0.000186
2023/07/17 19:00:08 iteration 1916  walltime= 0.263h  Δwalltime=0.15s  timestep= 0s  day=0.000187
2023/07/17 19:00:10 iteration 1929  walltime= 0.264h  Δwalltime=0.14s  timestep= 0s  day=0.000188
2023/07/17 19:00:12 iteration 1943  walltime= 0.265h  Δwalltime=0.17s  timestep= 0s  day=0.00019
2023/07/17 19:00:14 iteration 1956  walltime= 0.265h  Δwalltime=0.15s  timestep= 0s  day=0.000191
2023/07/17 19:00:16 iteration 1970  walltime= 0.266h  Δwalltime=0.14s  timestep= 0s  day=0.000192
2023/07/17 19:00:18 iteration 1983  walltime= 0.266h  Δwalltime=0.15s  timestep= 0s  day=0.000194
2023/07/17 19:00:20 iteration 1997  walltime= 0.267h  Δwalltime=0.15s  timestep= 0s  day=0.000195
2023/07/17 19:00:22 iteration 2010  walltime= 0.267h  Δwalltime=0.21s  timestep= 0s  day=0.000196
2023/07/17 19:00:24 iteration 2024  walltime= 0.268h  Δwalltime=0.17s  timestep= 0s  day=0.000198
2023/07/17 19:00:26 iteration 2038  walltime= 0.268h  Δwalltime=0.15s  timestep= 0s  day=0.000199
2023/07/17 19:00:28 iteration 2051  walltime= 0.269h  Δwalltime=0.14s  timestep= 0s  day=0.0002
2023/07/17 19:00:30 iteration 2065  walltime=  0.27h  Δwalltime=0.15s  timestep= 0s  day=0.000202
2023/07/17 19:00:32 iteration 2077  walltime=  0.27h  Δwalltime=0.16s  timestep= 0s  day=0.000203
2023/07/17 19:00:34 iteration 2090  walltime= 0.271h  Δwalltime=0.14s  timestep= 0s  day=0.000204
2023/07/17 19:00:36 iteration 2103  walltime= 0.271h  Δwalltime=0.14s  timestep= 0s  day=0.000205
2023/07/17 19:00:38 iteration 2117  walltime= 0.272h  Δwalltime=0.15s  timestep= 0s  day=0.000207
2023/07/17 19:00:40 iteration 2131  walltime= 0.272h  Δwalltime=0.15s  timestep= 0s  day=0.000208
2023/07/17 19:00:42 iteration 2144  walltime= 0.273h  Δwalltime=0.18s  timestep= 0s  day=0.000209
2023/07/17 19:00:44 iteration 2157  walltime= 0.273h  Δwalltime=0.14s  timestep= 0s  day=0.000211
2023/07/17 19:00:46 iteration 2171  walltime= 0.274h  Δwalltime=0.14s  timestep= 0s  day=0.000212
2023/07/17 19:00:48 iteration 2185  walltime= 0.275h  Δwalltime=0.15s  timestep= 0s  day=0.000213
2023/07/17 19:00:50 iteration 2198  walltime= 0.275h  Δwalltime=0.15s  timestep= 0s  day=0.000215
2023/07/17 19:00:52 iteration 2212  walltime= 0.276h  Δwalltime=0.14s  timestep= 0s  day=0.000216
2023/07/17 19:00:54 iteration 2226  walltime= 0.276h  Δwalltime=0.18s  timestep= 0s  day=0.000217
2023/07/17 19:00:56 iteration 2239  walltime= 0.277h  Δwalltime=0.15s  timestep= 0s  day=0.000219
2023/07/17 19:00:58 iteration 2252  walltime= 0.277h  Δwalltime=0.15s  timestep= 0s  day=0.00022
2023/07/17 19:01:00 iteration 2266  walltime= 0.278h  Δwalltime=0.15s  timestep= 0s  day=0.000221
2023/07/17 19:01:02 iteration 2279  walltime= 0.278h  Δwalltime=0.15s  timestep= 0s  day=0.000223
2023/07/17 19:01:04 iteration 2293  walltime= 0.279h  Δwalltime= 0.2s  timestep= 0s  day=0.000224
2023/07/17 19:01:06 iteration 2306  walltime=  0.28h  Δwalltime=0.14s  timestep= 0s  day=0.000225
2023/07/17 19:01:08 iteration 2320  walltime=  0.28h  Δwalltime=0.14s  timestep= 0s  day=0.000227
2023/07/17 19:01:10 iteration 2333  walltime= 0.281h  Δwalltime=0.14s  timestep= 0s  day=0.000228
2023/07/17 19:01:12 iteration 2346  walltime= 0.281h  Δwalltime= 0.2s  timestep= 0s  day=0.000229
2023/07/17 19:01:14 iteration 2360  walltime= 0.282h  Δwalltime=0.14s  timestep= 0s  day=0.00023
2023/07/17 19:01:16 iteration 2373  walltime= 0.282h  Δwalltime=0.15s  timestep= 0s  day=0.000232
2023/07/17 19:01:18 iteration 2387  walltime= 0.283h  Δwalltime=0.14s  timestep= 0s  day=0.000233
2023/07/17 19:01:20 iteration 2400  walltime= 0.283h  Δwalltime=0.14s  timestep= 0s  day=0.000234
2023/07/17 19:01:22 iteration 2414  walltime= 0.284h  Δwalltime=0.15s  timestep= 0s  day=0.000236
2023/07/17 19:01:24 iteration 2428  walltime= 0.285h  Δwalltime=0.15s  timestep= 0s  day=0.000237
2023/07/17 19:01:26 iteration 2441  walltime= 0.285h  Δwalltime=0.14s  timestep= 0s  day=0.000238
2023/07/17 19:01:28 iteration 2453  walltime= 0.286h  Δwalltime=0.15s  timestep= 0s  day=0.00024
2023/07/17 19:01:30 iteration 2467  walltime= 0.286h  Δwalltime=0.15s  timestep= 0s  day=0.000241
2023/07/17 19:01:32 iteration 2477  walltime= 0.287h  Δwalltime=0.23s  timestep= 0s  day=0.000242
2023/07/17 19:01:34 iteration 2486  walltime= 0.287h  Δwalltime=0.18s  timestep= 0s  day=0.000243
2023/07/17 19:01:36 iteration 2499  walltime= 0.288h  Δwalltime=0.14s  timestep= 0s  day=0.000244
2023/07/17 19:01:38 iteration 2513  walltime= 0.288h  Δwalltime=0.15s  timestep= 0s  day=0.000245
2023/07/17 19:01:40 iteration 2526  walltime= 0.289h  Δwalltime=0.17s  timestep= 0s  day=0.000247
2023/07/17 19:01:42 iteration 2540  walltime=  0.29h  Δwalltime=0.17s  timestep= 0s  day=0.000248
2023/07/17 19:01:44 iteration 2553  walltime=  0.29h  Δwalltime=0.14s  timestep= 0s  day=0.000249
2023/07/17 19:01:46 iteration 2567  walltime= 0.291h  Δwalltime=0.14s  timestep= 0s  day=0.000251
2023/07/17 19:01:48 iteration 2580  walltime= 0.291h  Δwalltime=0.15s  timestep= 0s  day=0.000252
2023/07/17 19:01:50 iteration 2594  walltime= 0.292h  Δwalltime=0.15s  timestep= 0s  day=0.000253
2023/07/17 19:01:52 iteration 2607  walltime= 0.292h  Δwalltime=0.14s  timestep= 0s  day=0.000255
2023/07/17 19:01:54 iteration 2621  walltime= 0.293h  Δwalltime= 0.2s  timestep= 0s  day=0.000256
2023/07/17 19:01:56 iteration 2634  walltime= 0.293h  Δwalltime=0.14s  timestep= 0s  day=0.000257
2023/07/17 19:01:58 iteration 2647  walltime= 0.294h  Δwalltime=0.14s  timestep= 0s  day=0.000258
2023/07/17 19:02:00 iteration 2660  walltime= 0.295h  Δwalltime=0.15s  timestep= 0s  day=0.00026
2023/07/17 19:02:02 iteration 2673  walltime= 0.295h  Δwalltime=0.16s  timestep= 0s  day=0.000261
2023/07/17 19:02:04 iteration 2685  walltime= 0.296h  Δwalltime=0.14s  timestep= 0s  day=0.000262
2023/07/17 19:02:06 iteration 2698  walltime= 0.296h  Δwalltime=0.19s  timestep= 0s  day=0.000263
2023/07/17 19:02:08 iteration 2712  walltime= 0.297h  Δwalltime=0.14s  timestep= 0s  day=0.000265
2023/07/17 19:02:10 iteration 2724  walltime= 0.297h  Δwalltime=0.14s  timestep= 0s  day=0.000266
2023/07/17 19:02:12 iteration 2737  walltime= 0.298h  Δwalltime=0.21s  timestep= 0s  day=0.000267
2023/07/17 19:02:14 iteration 2751  walltime= 0.298h  Δwalltime=0.14s  timestep= 0s  day=0.000269
2023/07/17 19:02:16 iteration 2765  walltime= 0.299h  Δwalltime=0.15s  timestep= 0s  day=0.00027
2023/07/17 19:02:18 iteration 2778  walltime=   0.3h  Δwalltime=0.15s  timestep= 0s  day=0.000271
2023/07/17 19:02:20 iteration 2792  walltime=   0.3h  Δwalltime=0.14s  timestep= 0s  day=0.000273
2023/07/17 19:02:22 iteration 2804  walltime= 0.301h  Δwalltime=0.14s  timestep= 0s  day=0.000274
2023/07/17 19:02:24 iteration 2818  walltime= 0.301h  Δwalltime= 0.2s  timestep= 0s  day=0.000275
2023/07/17 19:02:26 iteration 2831  walltime= 0.302h  Δwalltime=0.14s  timestep= 0s  day=0.000276
2023/07/17 19:02:28 iteration 2845  walltime= 0.302h  Δwalltime=0.14s  timestep= 0s  day=0.000278
2023/07/17 19:02:30 iteration 2857  walltime= 0.303h  Δwalltime=0.21s  timestep= 0s  day=0.000279
2023/07/17 19:02:32 iteration 2871  walltime= 0.303h  Δwalltime=0.14s  timestep= 0s  day=0.00028
2023/07/17 19:02:34 iteration 2884  walltime= 0.304h  Δwalltime=0.14s  timestep= 0s  day=0.000282
2023/07/17 19:02:36 iteration 2897  walltime= 0.305h  Δwalltime=0.15s  timestep= 0s  day=0.000283
2023/07/17 19:02:38 iteration 2911  walltime= 0.305h  Δwalltime=0.14s  timestep= 0s  day=0.000284
2023/07/17 19:02:40 iteration 2925  walltime= 0.306h  Δwalltime=0.15s  timestep= 0s  day=0.000286
2023/07/17 19:02:42 iteration 2938  walltime= 0.306h  Δwalltime=0.19s  timestep= 0s  day=0.000287
2023/07/17 19:02:44 iteration 2951  walltime= 0.307h  Δwalltime=0.14s  timestep= 0s  day=0.000288
2023/07/17 19:02:46 iteration 2963  walltime= 0.307h  Δwalltime=0.14s  timestep= 0s  day=0.000289
2023/07/17 19:02:48 iteration 2977  walltime= 0.308h  Δwalltime= 0.2s  timestep= 0s  day=0.000291
2023/07/17 19:02:50 iteration 2989  walltime= 0.308h  Δwalltime=0.14s  timestep= 0s  day=0.000292
2023/07/17 19:02:52 iteration 3003  walltime= 0.309h  Δwalltime=0.14s  timestep= 0s  day=0.000293
2023/07/17 19:02:54 iteration 3017  walltime=  0.31h  Δwalltime=0.14s  timestep= 0s  day=0.000295
2023/07/17 19:02:56 iteration 3030  walltime=  0.31h  Δwalltime=0.14s  timestep= 0s  day=0.000296
2023/07/17 19:02:58 iteration 3042  walltime= 0.311h  Δwalltime=0.14s  timestep= 0s  day=0.000297
2023/07/17 19:03:00 iteration 3055  walltime= 0.311h  Δwalltime= 0.2s  timestep= 0s  day=0.000298
2023/07/17 19:03:02 iteration 3068  walltime= 0.312h  Δwalltime= 0.2s  timestep= 0s  day=0.0003
2023/07/17 19:03:04 iteration 3081  walltime= 0.312h  Δwalltime=0.14s  timestep= 0s  day=0.000301
2023/07/17 19:03:06 iteration 3094  walltime= 0.313h  Δwalltime=0.15s  timestep= 0s  day=0.000302
2023/07/17 19:03:08 iteration 3107  walltime= 0.313h  Δwalltime=0.15s  timestep= 0s  day=0.000303
2023/07/17 19:03:10 iteration 3120  walltime= 0.314h  Δwalltime=0.15s  timestep= 0s  day=0.000305
2023/07/17 19:03:12 iteration 3133  walltime= 0.315h  Δwalltime=0.19s  timestep= 0s  day=0.000306
2023/07/17 19:03:14 iteration 3147  walltime= 0.315h  Δwalltime=0.14s  timestep= 0s  day=0.000307
2023/07/17 19:03:16 iteration 3160  walltime= 0.316h  Δwalltime=0.14s  timestep= 0s  day=0.000309
2023/07/17 19:03:18 iteration 3174  walltime= 0.316h  Δwalltime=0.14s  timestep= 0s  day=0.00031
2023/07/17 19:03:20 iteration 3188  walltime= 0.317h  Δwalltime=0.15s  timestep= 0s  day=0.000311
2023/07/17 19:03:22 iteration 3201  walltime= 0.317h  Δwalltime=0.14s  timestep= 0s  day=0.000313
2023/07/17 19:03:24 iteration 3215  walltime= 0.318h  Δwalltime=0.14s  timestep= 0s  day=0.000314
2023/07/17 19:03:26 iteration 3229  walltime= 0.318h  Δwalltime=0.14s  timestep= 0s  day=0.000315
2023/07/17 19:03:28 iteration 3242  walltime= 0.319h  Δwalltime=0.14s  timestep= 0s  day=0.000317
2023/07/17 19:03:30 iteration 3254  walltime=  0.32h  Δwalltime=0.18s  timestep= 0s  day=0.000318
2023/07/17 19:03:32 iteration 3266  walltime=  0.32h  Δwalltime=0.16s  timestep= 0s  day=0.000319
2023/07/17 19:03:34 iteration 3275  walltime= 0.321h  Δwalltime=0.26s  timestep= 0s  day=0.00032
2023/07/17 19:03:36 iteration 3286  walltime= 0.321h  Δwalltime=0.18s  timestep= 0s  day=0.000321
2023/07/17 19:03:38 iteration 3299  walltime= 0.322h  Δwalltime=0.14s  timestep= 0s  day=0.000322
2023/07/17 19:03:40 iteration 3311  walltime= 0.322h  Δwalltime=0.14s  timestep= 0s  day=0.000323
2023/07/17 19:03:42 iteration 3323  walltime= 0.323h  Δwalltime=0.16s  timestep= 0s  day=0.000324
2023/07/17 19:03:44 iteration 3333  walltime= 0.323h  Δwalltime=0.14s  timestep= 0s  day=0.000325
2023/07/17 19:03:46 iteration 3347  walltime= 0.324h  Δwalltime=0.14s  timestep= 0s  day=0.000327
2023/07/17 19:03:48 iteration 3361  walltime= 0.325h  Δwalltime=0.14s  timestep= 0s  day=0.000328
2023/07/17 19:03:50 iteration 3375  walltime= 0.325h  Δwalltime=0.14s  timestep= 0s  day=0.00033
2023/07/17 19:03:52 iteration 3388  walltime= 0.326h  Δwalltime=0.14s  timestep= 0s  day=0.000331
2023/07/17 19:03:54 iteration 3402  walltime= 0.326h  Δwalltime=0.15s  timestep= 0s  day=0.000332
2023/07/17 19:03:56 iteration 3415  walltime= 0.327h  Δwalltime=0.15s  timestep= 0s  day=0.000333
2023/07/17 19:03:58 iteration 3429  walltime= 0.327h  Δwalltime=0.14s  timestep= 0s  day=0.000335
2023/07/17 19:04:00 iteration 3442  walltime= 0.328h  Δwalltime=0.14s  timestep= 0s  day=0.000336
2023/07/17 19:04:02 iteration 3455  walltime= 0.328h  Δwalltime= 0.2s  timestep= 0s  day=0.000337
2023/07/17 19:04:04 iteration 3468  walltime= 0.329h  Δwalltime=0.15s  timestep= 0s  day=0.000339
2023/07/17 19:04:06 iteration 3482  walltime=  0.33h  Δwalltime=0.14s  timestep= 0s  day=0.00034
2023/07/17 19:04:08 iteration 3496  walltime=  0.33h  Δwalltime=0.14s  timestep= 0s  day=0.000341
2023/07/17 19:04:10 iteration 3509  walltime= 0.331h  Δwalltime=0.15s  timestep= 0s  day=0.000343
2023/07/17 19:04:12 iteration 3522  walltime= 0.331h  Δwalltime=0.18s  timestep= 0s  day=0.000344
2023/07/17 19:04:14 iteration 3536  walltime= 0.332h  Δwalltime=0.14s  timestep= 0s  day=0.000345
2023/07/17 19:04:16 iteration 3549  walltime= 0.332h  Δwalltime=0.14s  timestep= 0s  day=0.000347
2023/07/17 19:04:18 iteration 3562  walltime= 0.333h  Δwalltime=0.14s  timestep= 0s  day=0.000348
2023/07/17 19:04:20 iteration 3575  walltime= 0.333h  Δwalltime=0.14s  timestep= 0s  day=0.000349
2023/07/17 19:04:22 iteration 3589  walltime= 0.334h  Δwalltime=0.15s  timestep= 0s  day=0.00035
2023/07/17 19:04:24 iteration 3602  walltime= 0.335h  Δwalltime=0.15s  timestep= 0s  day=0.000352
2023/07/17 19:04:26 iteration 3616  walltime= 0.335h  Δwalltime=0.15s  timestep= 0s  day=0.000353
2023/07/17 19:04:28 iteration 3629  walltime= 0.336h  Δwalltime=0.14s  timestep= 0s  day=0.000354
2023/07/17 19:04:30 iteration 3643  walltime= 0.336h  Δwalltime=0.14s  timestep= 0s  day=0.000356
2023/07/17 19:04:32 iteration 3656  walltime= 0.337h  Δwalltime=0.15s  timestep= 0s  day=0.000357
2023/07/17 19:04:34 iteration 3670  walltime= 0.337h  Δwalltime=0.15s  timestep= 0s  day=0.000358
2023/07/17 19:04:36 iteration 3684  walltime= 0.338h  Δwalltime=0.14s  timestep= 0s  day=0.00036
2023/07/17 19:04:38 iteration 3698  walltime= 0.338h  Δwalltime=0.14s  timestep= 0s  day=0.000361
2023/07/17 19:04:40 iteration 3711  walltime= 0.339h  Δwalltime= 0.2s  timestep= 0s  day=0.000362
2023/07/17 19:04:42 iteration 3724  walltime=  0.34h  Δwalltime= 0.2s  timestep= 0s  day=0.000364
2023/07/17 19:04:44 iteration 3738  walltime=  0.34h  Δwalltime=0.14s  timestep= 0s  day=0.000365
2023/07/17 19:04:46 iteration 3751  walltime= 0.341h  Δwalltime=0.14s  timestep= 0s  day=0.000366
2023/07/17 19:04:48 iteration 3765  walltime= 0.341h  Δwalltime=0.14s  timestep= 0s  day=0.000368
2023/07/17 19:04:50 iteration 3779  walltime= 0.342h  Δwalltime=0.14s  timestep= 0s  day=0.000369
2023/07/17 19:04:52 iteration 3793  walltime= 0.342h  Δwalltime=0.14s  timestep= 0s  day=0.00037
2023/07/17 19:04:54 iteration 3806  walltime= 0.343h  Δwalltime=0.15s  timestep= 0s  day=0.000372
2023/07/17 19:04:56 iteration 3819  walltime= 0.343h  Δwalltime=0.14s  timestep= 0s  day=0.000373
2023/07/17 19:04:58 iteration 3832  walltime= 0.344h  Δwalltime=0.15s  timestep= 0s  day=0.000374
2023/07/17 19:05:00 iteration 3844  walltime= 0.345h  Δwalltime=0.21s  timestep= 0s  day=0.000375
2023/07/17 19:05:02 iteration 3857  walltime= 0.345h  Δwalltime=0.17s  timestep= 0s  day=0.000377
2023/07/17 19:05:04 iteration 3869  walltime= 0.346h  Δwalltime=0.14s  timestep= 0s  day=0.000378
2023/07/17 19:05:06 iteration 3882  walltime= 0.346h  Δwalltime=0.19s  timestep= 0s  day=0.000379
2023/07/17 19:05:08 iteration 3893  walltime= 0.347h  Δwalltime=0.14s  timestep= 0s  day=0.00038
2023/07/17 19:05:10 iteration 3905  walltime= 0.347h  Δwalltime=0.14s  timestep= 0s  day=0.000381
2023/07/17 19:05:12 iteration 3918  walltime= 0.348h  Δwalltime=0.19s  timestep= 0s  day=0.000383
2023/07/17 19:05:14 iteration 3931  walltime= 0.348h  Δwalltime=0.15s  timestep= 0s  day=0.000384
2023/07/17 19:05:16 iteration 3945  walltime= 0.349h  Δwalltime=0.15s  timestep= 0s  day=0.000385
2023/07/17 19:05:18 iteration 3956  walltime=  0.35h  Δwalltime=0.14s  timestep= 0s  day=0.000386
2023/07/17 19:05:20 iteration 3969  walltime=  0.35h  Δwalltime=0.15s  timestep= 0s  day=0.000388
2023/07/17 19:05:22 iteration 3980  walltime= 0.351h  Δwalltime= 0.2s  timestep= 0s  day=0.000389
2023/07/17 19:05:24 iteration 3992  walltime= 0.351h  Δwalltime=0.15s  timestep= 0s  day=0.00039
2023/07/17 19:05:26 iteration 4005  walltime= 0.352h  Δwalltime=0.14s  timestep= 0s  day=0.000391
2023/07/17 19:05:28 iteration 4018  walltime= 0.352h  Δwalltime=0.14s  timestep= 0s  day=0.000392
2023/07/17 19:05:30 iteration 4031  walltime= 0.353h  Δwalltime=0.14s  timestep= 0s  day=0.000394
2023/07/17 19:05:32 iteration 4044  walltime= 0.353h  Δwalltime=0.14s  timestep= 0s  day=0.000395
2023/07/17 19:05:34 iteration 4057  walltime= 0.354h  Δwalltime=0.14s  timestep= 0s  day=0.000396
2023/07/17 19:05:36 iteration 4066  walltime= 0.355h  Δwalltime=0.19s  timestep= 0s  day=0.000397
2023/07/17 19:05:38 iteration 4078  walltime= 0.355h  Δwalltime=0.14s  timestep= 0s  day=0.000398
2023/07/17 19:05:40 iteration 4091  walltime= 0.356h  Δwalltime=0.14s  timestep= 0s  day=0.000399
2023/07/17 19:05:42 iteration 4105  walltime= 0.356h  Δwalltime= 0.2s  timestep= 0s  day=0.000401
2023/07/17 19:05:44 iteration 4116  walltime= 0.357h  Δwalltime=0.14s  timestep= 0s  day=0.000402
2023/07/17 19:05:46 iteration 4130  walltime= 0.357h  Δwalltime=0.15s  timestep= 0s  day=0.000403
2023/07/17 19:05:48 iteration 4144  walltime= 0.358h  Δwalltime=0.14s  timestep= 0s  day=0.000405
2023/07/17 19:05:50 iteration 4157  walltime= 0.358h  Δwalltime=0.17s  timestep= 0s  day=0.000406
2023/07/17 19:05:52 iteration 4171  walltime= 0.359h  Δwalltime=0.14s  timestep= 0s  day=0.000407
2023/07/17 19:05:54 iteration 4184  walltime=  0.36h  Δwalltime=0.15s  timestep= 0s  day=0.000409
2023/07/17 19:05:56 iteration 4198  walltime=  0.36h  Δwalltime=0.14s  timestep= 0s  day=0.00041
2023/07/17 19:05:58 iteration 4211  walltime= 0.361h  Δwalltime=0.15s  timestep= 0s  day=0.000411
2023/07/17 19:06:00 iteration 4225  walltime= 0.361h  Δwalltime=0.14s  timestep= 0s  day=0.000413
2023/07/17 19:06:02 iteration 4238  walltime= 0.362h  Δwalltime=0.15s  timestep= 0s  day=0.000414
2023/07/17 19:06:04 iteration 4252  walltime= 0.362h  Δwalltime=0.14s  timestep= 0s  day=0.000415
2023/07/17 19:06:06 iteration 4266  walltime= 0.363h  Δwalltime=0.14s  timestep= 0s  day=0.000417
2023/07/17 19:06:08 iteration 4280  walltime= 0.363h  Δwalltime=0.15s  timestep= 0s  day=0.000418
2023/07/17 19:06:10 iteration 4292  walltime= 0.364h  Δwalltime=0.14s  timestep= 0s  day=0.000419
2023/07/17 19:06:12 iteration 4306  walltime= 0.365h  Δwalltime=0.15s  timestep= 0s  day=0.00042
2023/07/17 19:06:14 iteration 4319  walltime= 0.365h  Δwalltime=0.14s  timestep= 0s  day=0.000422
2023/07/17 19:06:16 iteration 4333  walltime= 0.366h  Δwalltime=0.15s  timestep= 0s  day=0.000423
2023/07/17 19:06:18 iteration 4346  walltime= 0.366h  Δwalltime=0.14s  timestep= 0s  day=0.000424
2023/07/17 19:06:20 iteration 4360  walltime= 0.367h  Δwalltime=0.15s  timestep= 0s  day=0.000426
2023/07/17 19:06:22 iteration 4373  walltime= 0.367h  Δwalltime=0.14s  timestep= 0s  day=0.000427
2023/07/17 19:06:24 iteration 4387  walltime= 0.368h  Δwalltime=0.14s  timestep= 0s  day=0.000428
2023/07/17 19:06:26 iteration 4401  walltime= 0.368h  Δwalltime=0.15s  timestep= 0s  day=0.00043
2023/07/17 19:06:28 iteration 4414  walltime= 0.369h  Δwalltime=0.14s  timestep= 0s  day=0.000431
2023/07/17 19:06:30 iteration 4426  walltime=  0.37h  Δwalltime=0.22s  timestep= 0s  day=0.000432
2023/07/17 19:06:32 iteration 4439  walltime=  0.37h  Δwalltime=0.18s  timestep= 0s  day=0.000433
2023/07/17 19:06:34 iteration 4451  walltime= 0.371h  Δwalltime=0.15s  timestep= 0s  day=0.000435
2023/07/17 19:06:36 iteration 4465  walltime= 0.371h  Δwalltime=0.14s  timestep= 0s  day=0.000436
2023/07/17 19:06:38 iteration 4479  walltime= 0.372h  Δwalltime=0.14s  timestep= 0s  day=0.000437
2023/07/17 19:06:40 iteration 4493  walltime= 0.372h  Δwalltime=0.14s  timestep= 0s  day=0.000439
2023/07/17 19:06:42 iteration 4506  walltime= 0.373h  Δwalltime=0.24s  timestep= 0s  day=0.00044
2023/07/17 19:06:44 iteration 4517  walltime= 0.373h  Δwalltime=0.21s  timestep= 0s  day=0.000441
2023/07/17 19:06:46 iteration 4530  walltime= 0.374h  Δwalltime=0.15s  timestep= 0s  day=0.000442
2023/07/17 19:06:48 iteration 4544  walltime= 0.375h  Δwalltime=0.15s  timestep= 0s  day=0.000444
2023/07/17 19:06:50 iteration 4557  walltime= 0.375h  Δwalltime=0.14s  timestep= 0s  day=0.000445
2023/07/17 19:06:52 iteration 4571  walltime= 0.376h  Δwalltime=0.15s  timestep= 0s  day=0.000446
2023/07/17 19:06:54 iteration 4583  walltime= 0.376h  Δwalltime=0.16s  timestep= 0s  day=0.000448
2023/07/17 19:06:56 iteration 4596  walltime= 0.377h  Δwalltime=0.15s  timestep= 0s  day=0.000449
2023/07/17 19:06:58 iteration 4610  walltime= 0.377h  Δwalltime=0.14s  timestep= 0s  day=0.00045
2023/07/17 19:07:00 iteration 4622  walltime= 0.378h  Δwalltime=0.15s  timestep= 0s  day=0.000451
2023/07/17 19:07:02 iteration 4636  walltime= 0.378h  Δwalltime=0.14s  timestep= 0s  day=0.000453
2023/07/17 19:07:04 iteration 4650  walltime= 0.379h  Δwalltime=0.15s  timestep= 0s  day=0.000454
2023/07/17 19:07:06 iteration 4663  walltime=  0.38h  Δwalltime=0.14s  timestep= 0s  day=0.000455
2023/07/17 19:07:08 iteration 4677  walltime=  0.38h  Δwalltime=0.15s  timestep= 0s  day=0.000457
2023/07/17 19:07:10 iteration 4691  walltime= 0.381h  Δwalltime=0.15s  timestep= 0s  day=0.000458
2023/07/17 19:07:12 iteration 4704  walltime= 0.381h  Δwalltime=0.17s  timestep= 0s  day=0.000459
2023/07/17 19:07:14 iteration 4718  walltime= 0.382h  Δwalltime=0.15s  timestep= 0s  day=0.000461
2023/07/17 19:07:16 iteration 4732  walltime= 0.382h  Δwalltime=0.14s  timestep= 0s  day=0.000462
2023/07/17 19:07:18 iteration 4745  walltime= 0.383h  Δwalltime=0.14s  timestep= 0s  day=0.000463
2023/07/17 19:07:20 iteration 4758  walltime= 0.383h  Δwalltime=0.14s  timestep= 0s  day=0.000465
2023/07/17 19:07:22 iteration 4772  walltime= 0.384h  Δwalltime=0.15s  timestep= 0s  day=0.000466
2023/07/17 19:07:24 iteration 4784  walltime= 0.385h  Δwalltime=0.15s  timestep= 0s  day=0.000467
2023/07/17 19:07:26 iteration 4798  walltime= 0.385h  Δwalltime=0.14s  timestep= 0s  day=0.000469
2023/07/17 19:07:28 iteration 4810  walltime= 0.386h  Δwalltime=0.14s  timestep= 0s  day=0.00047
2023/07/17 19:07:30 iteration 4823  walltime= 0.386h  Δwalltime=0.14s  timestep= 0s  day=0.000471
2023/07/17 19:07:32 iteration 4837  walltime= 0.387h  Δwalltime=0.15s  timestep= 0s  day=0.000472
2023/07/17 19:07:34 iteration 4851  walltime= 0.387h  Δwalltime=0.14s  timestep= 0s  day=0.000474
2023/07/17 19:07:36 iteration 4862  walltime= 0.388h  Δwalltime=0.24s  timestep= 0s  day=0.000475
2023/07/17 19:07:38 iteration 4872  walltime= 0.388h  Δwalltime=0.18s  timestep= 0s  day=0.000476
2023/07/17 19:07:40 iteration 4884  walltime= 0.389h  Δwalltime=0.14s  timestep= 0s  day=0.000477
2023/07/17 19:07:42 iteration 4898  walltime=  0.39h  Δwalltime= 0.2s  timestep= 0s  day=0.000478
2023/07/17 19:07:44 iteration 4911  walltime=  0.39h  Δwalltime=0.14s  timestep= 0s  day=0.00048
2023/07/17 19:07:46 iteration 4923  walltime= 0.391h  Δwalltime=0.14s  timestep= 0s  day=0.000481
2023/07/17 19:07:48 iteration 4936  walltime= 0.391h  Δwalltime=0.14s  timestep= 0s  day=0.000482
2023/07/17 19:07:50 iteration 4950  walltime= 0.392h  Δwalltime=0.14s  timestep= 0s  day=0.000483
2023/07/17 19:07:52 iteration 4964  walltime= 0.392h  Δwalltime=0.14s  timestep= 0s  day=0.000485
2023/07/17 19:07:54 iteration 4976  walltime= 0.393h  Δwalltime=0.14s  timestep= 0s  day=0.000486
2023/07/17 19:07:56 iteration 4989  walltime= 0.393h  Δwalltime=0.14s  timestep= 0s  day=0.000487
2023/07/17 19:07:58 iteration 5002  walltime= 0.394h  Δwalltime=0.15s  timestep= 0s  day=0.000488
2023/07/17 19:08:00 iteration 5016  walltime= 0.395h  Δwalltime=0.14s  timestep= 0s  day=0.00049
2023/07/17 19:08:02 iteration 5028  walltime= 0.395h  Δwalltime=0.16s  timestep= 0s  day=0.000491
2023/07/17 19:08:04 iteration 5041  walltime= 0.396h  Δwalltime=0.14s  timestep= 0s  day=0.000492
2023/07/17 19:08:06 iteration 5054  walltime= 0.396h  Δwalltime=0.14s  timestep= 0s  day=0.000494
2023/07/17 19:08:08 iteration 5068  walltime= 0.397h  Δwalltime=0.14s  timestep= 0s  day=0.000495
2023/07/17 19:08:10 iteration 5082  walltime= 0.397h  Δwalltime=0.14s  timestep= 0s  day=0.000496
2023/07/17 19:08:12 iteration 5095  walltime= 0.398h  Δwalltime=0.18s  timestep= 0s  day=0.000498
2023/07/17 19:08:14 iteration 5109  walltime= 0.398h  Δwalltime= 0.2s  timestep= 0s  day=0.000499
2023/07/17 19:08:16 iteration 5122  walltime= 0.399h  Δwalltime=0.14s  timestep= 0s  day=0.0005
2023/07/17 19:08:18 iteration 5135  walltime=   0.4h  Δwalltime=0.14s  timestep= 0s  day=0.000501
2023/07/17 19:08:20 iteration 5149  walltime=   0.4h  Δwalltime=0.15s  timestep= 0s  day=0.000503
2023/07/17 19:08:22 iteration 5163  walltime= 0.401h  Δwalltime=0.15s  timestep= 0s  day=0.000504
2023/07/17 19:08:24 iteration 5176  walltime= 0.401h  Δwalltime=0.14s  timestep= 0s  day=0.000505
2023/07/17 19:08:26 iteration 5190  walltime= 0.402h  Δwalltime=0.14s  timestep= 0s  day=0.000507
2023/07/17 19:08:28 iteration 5204  walltime= 0.402h  Δwalltime=0.14s  timestep= 0s  day=0.000508
2023/07/17 19:08:30 iteration 5217  walltime= 0.403h  Δwalltime=0.16s  timestep= 0s  day=0.000509
2023/07/17 19:08:32 iteration 5231  walltime= 0.403h  Δwalltime=0.16s  timestep= 0s  day=0.000511
2023/07/17 19:08:34 iteration 5245  walltime= 0.404h  Δwalltime=0.14s  timestep= 0s  day=0.000512
2023/07/17 19:08:36 iteration 5258  walltime= 0.405h  Δwalltime=0.15s  timestep= 0s  day=0.000513
2023/07/17 19:08:38 iteration 5270  walltime= 0.405h  Δwalltime=0.14s  timestep= 0s  day=0.000515
2023/07/17 19:08:40 iteration 5284  walltime= 0.406h  Δwalltime=0.14s  timestep= 0s  day=0.000516
2023/07/17 19:08:42 iteration 5297  walltime= 0.406h  Δwalltime=0.18s  timestep= 0s  day=0.000517
2023/07/17 19:08:44 iteration 5311  walltime= 0.407h  Δwalltime=0.17s  timestep= 0s  day=0.000519
2023/07/17 19:08:46 iteration 5324  walltime= 0.407h  Δwalltime=0.14s  timestep= 0s  day=0.00052
2023/07/17 19:08:48 iteration 5337  walltime= 0.408h  Δwalltime=0.14s  timestep= 0s  day=0.000521
2023/07/17 19:08:50 iteration 5350  walltime= 0.408h  Δwalltime=0.14s  timestep= 0s  day=0.000522
2023/07/17 19:08:52 iteration 5363  walltime= 0.409h  Δwalltime=0.14s  timestep= 0s  day=0.000524
2023/07/17 19:08:54 iteration 5377  walltime=  0.41h  Δwalltime=0.14s  timestep= 0s  day=0.000525
2023/07/17 19:08:56 iteration 5391  walltime=  0.41h  Δwalltime=0.14s  timestep= 0s  day=0.000526
2023/07/17 19:08:58 iteration 5404  walltime= 0.411h  Δwalltime=0.17s  timestep= 0s  day=0.000528
2023/07/17 19:09:00 iteration 5417  walltime= 0.411h  Δwalltime=0.15s  timestep= 0s  day=0.000529
2023/07/17 19:09:02 iteration 5431  walltime= 0.412h  Δwalltime=0.15s  timestep= 0s  day=0.00053
2023/07/17 19:09:04 iteration 5443  walltime= 0.412h  Δwalltime= 0.2s  timestep= 0s  day=0.000532
2023/07/17 19:09:06 iteration 5457  walltime= 0.413h  Δwalltime=0.14s  timestep= 0s  day=0.000533
2023/07/17 19:09:08 iteration 5471  walltime= 0.413h  Δwalltime=0.14s  timestep= 0s  day=0.000534
2023/07/17 19:09:10 iteration 5484  walltime= 0.414h  Δwalltime= 0.2s  timestep= 0s  day=0.000536
2023/07/17 19:09:12 iteration 5497  walltime= 0.415h  Δwalltime=0.24s  timestep= 0s  day=0.000537
2023/07/17 19:09:14 iteration 5510  walltime= 0.415h  Δwalltime=0.14s  timestep= 0s  day=0.000538
2023/07/17 19:09:16 iteration 5524  walltime= 0.416h  Δwalltime=0.14s  timestep= 0s  day=0.000539
2023/07/17 19:09:18 iteration 5538  walltime= 0.416h  Δwalltime=0.15s  timestep= 0s  day=0.000541
2023/07/17 19:09:20 iteration 5552  walltime= 0.417h  Δwalltime=0.15s  timestep= 0s  day=0.000542
2023/07/17 19:09:22 iteration 5566  walltime= 0.417h  Δwalltime=0.14s  timestep= 0s  day=0.000544
2023/07/17 19:09:24 iteration 5579  walltime= 0.418h  Δwalltime=0.14s  timestep= 0s  day=0.000545
2023/07/17 19:09:26 iteration 5593  walltime= 0.418h  Δwalltime=0.14s  timestep= 0s  day=0.000546
2023/07/17 19:09:28 iteration 5606  walltime= 0.419h  Δwalltime=0.14s  timestep= 0s  day=0.000547
2023/07/17 19:09:30 iteration 5620  walltime=  0.42h  Δwalltime=0.14s  timestep= 0s  day=0.000549
2023/07/17 19:09:32 iteration 5632  walltime=  0.42h  Δwalltime=0.19s  timestep= 0s  day=0.00055
2023/07/17 19:09:34 iteration 5645  walltime= 0.421h  Δwalltime=0.14s  timestep= 0s  day=0.000551
2023/07/17 19:09:36 iteration 5658  walltime= 0.421h  Δwalltime=0.14s  timestep= 0s  day=0.000552
2023/07/17 19:09:38 iteration 5668  walltime= 0.422h  Δwalltime=0.28s  timestep= 0s  day=0.000553
2023/07/17 19:09:40 iteration 5678  walltime= 0.422h  Δwalltime=0.18s  timestep= 0s  day=0.000554
2023/07/17 19:09:42 iteration 5690  walltime= 0.423h  Δwalltime=0.24s  timestep= 0s  day=0.000556
2023/07/17 19:09:44 iteration 5703  walltime= 0.423h  Δwalltime=0.14s  timestep= 0s  day=0.000557
2023/07/17 19:09:46 iteration 5717  walltime= 0.424h  Δwalltime= 0.2s  timestep= 0s  day=0.000558
2023/07/17 19:09:48 iteration 5730  walltime= 0.425h  Δwalltime=0.15s  timestep= 0s  day=0.00056
2023/07/17 19:09:50 iteration 5743  walltime= 0.425h  Δwalltime=0.14s  timestep= 0s  day=0.000561
2023/07/17 19:09:52 iteration 5757  walltime= 0.426h  Δwalltime=0.14s  timestep= 0s  day=0.000562
2023/07/17 19:09:54 iteration 5771  walltime= 0.426h  Δwalltime=0.15s  timestep= 0s  day=0.000564
2023/07/17 19:09:56 iteration 5785  walltime= 0.427h  Δwalltime=0.14s  timestep= 0s  day=0.000565
2023/07/17 19:09:58 iteration 5798  walltime= 0.427h  Δwalltime=0.14s  timestep= 0s  day=0.000566
2023/07/17 19:10:00 iteration 5812  walltime= 0.428h  Δwalltime=0.14s  timestep= 0s  day=0.000568
2023/07/17 19:10:02 iteration 5825  walltime= 0.428h  Δwalltime=0.18s  timestep= 0s  day=0.000569
2023/07/17 19:10:04 iteration 5839  walltime= 0.429h  Δwalltime=0.15s  timestep= 0s  day=0.00057
2023/07/17 19:10:06 iteration 5852  walltime=  0.43h  Δwalltime=0.17s  timestep= 0s  day=0.000571
2023/07/17 19:10:08 iteration 5866  walltime=  0.43h  Δwalltime=0.14s  timestep= 0s  day=0.000573
2023/07/17 19:10:10 iteration 5880  walltime= 0.431h  Δwalltime=0.14s  timestep= 0s  day=0.000574
2023/07/17 19:10:12 iteration 5893  walltime= 0.431h  Δwalltime=0.22s  timestep= 0s  day=0.000575
2023/07/17 19:10:14 iteration 5907  walltime= 0.432h  Δwalltime=0.14s  timestep= 0s  day=0.000577
2023/07/17 19:10:16 iteration 5920  walltime= 0.432h  Δwalltime=0.14s  timestep= 0s  day=0.000578
2023/07/17 19:10:18 iteration 5934  walltime= 0.433h  Δwalltime=0.14s  timestep= 0s  day=0.000579
2023/07/17 19:10:20 iteration 5948  walltime= 0.433h  Δwalltime=0.18s  timestep= 0s  day=0.000581
2023/07/17 19:10:22 iteration 5961  walltime= 0.434h  Δwalltime=0.16s  timestep= 0s  day=0.000582
2023/07/17 19:10:24 iteration 5975  walltime= 0.435h  Δwalltime=0.16s  timestep= 0s  day=0.000583
2023/07/17 19:10:26 iteration 5988  walltime= 0.435h  Δwalltime=0.14s  timestep= 0s  day=0.000585
2023/07/17 19:10:28 iteration 5999  walltime= 0.436h  Δwalltime=0.21s  timestep= 0s  day=0.000586
2023/07/17 19:10:30 iteration 6013  walltime= 0.436h  Δwalltime=0.14s  timestep= 0s  day=0.000587
2023/07/17 19:10:32 iteration 6026  walltime= 0.437h  Δwalltime=0.14s  timestep= 0s  day=0.000588
2023/07/17 19:10:34 iteration 6040  walltime= 0.437h  Δwalltime= 0.2s  timestep= 0s  day=0.00059
2023/07/17 19:10:36 iteration 6053  walltime= 0.438h  Δwalltime=0.14s  timestep= 0s  day=0.000591
2023/07/17 19:10:38 iteration 6066  walltime= 0.438h  Δwalltime=0.14s  timestep= 0s  day=0.000592
2023/07/17 19:10:40 iteration 6080  walltime= 0.439h  Δwalltime=0.14s  timestep= 0s  day=0.000594
2023/07/17 19:10:42 iteration 6093  walltime=  0.44h  Δwalltime=0.22s  timestep= 0s  day=0.000595
2023/07/17 19:10:44 iteration 6106  walltime=  0.44h  Δwalltime=0.22s  timestep= 0s  day=0.000596
2023/07/17 19:10:46 iteration 6120  walltime= 0.441h  Δwalltime=0.15s  timestep= 0s  day=0.000598
2023/07/17 19:10:48 iteration 6134  walltime= 0.441h  Δwalltime=0.14s  timestep= 0s  day=0.000599
2023/07/17 19:10:50 iteration 6147  walltime= 0.442h  Δwalltime=0.14s  timestep= 0s  day=0.0006
2023/07/17 19:10:52 iteration 6160  walltime= 0.442h  Δwalltime=0.14s  timestep= 0s  day=0.000602
2023/07/17 19:10:54 iteration 6174  walltime= 0.443h  Δwalltime=0.14s  timestep= 0s  day=0.000603
2023/07/17 19:10:56 iteration 6187  walltime= 0.443h  Δwalltime=0.15s  timestep= 0s  day=0.000604
2023/07/17 19:10:58 iteration 6201  walltime= 0.444h  Δwalltime=0.14s  timestep= 0s  day=0.000606
2023/07/17 19:11:00 iteration 6214  walltime= 0.445h  Δwalltime=0.14s  timestep= 0s  day=0.000607
2023/07/17 19:11:02 iteration 6226  walltime= 0.445h  Δwalltime=0.15s  timestep= 0s  day=0.000608
2023/07/17 19:11:04 iteration 6239  walltime= 0.446h  Δwalltime=0.14s  timestep= 0s  day=0.000609
2023/07/17 19:11:06 iteration 6252  walltime= 0.446h  Δwalltime=0.14s  timestep= 0s  day=0.000611
2023/07/17 19:11:08 iteration 6265  walltime= 0.447h  Δwalltime=0.14s  timestep= 0s  day=0.000612
2023/07/17 19:11:10 iteration 6279  walltime= 0.447h  Δwalltime=0.14s  timestep= 0s  day=0.000613
2023/07/17 19:11:12 iteration 6292  walltime= 0.448h  Δwalltime=0.21s  timestep= 0s  day=0.000614
2023/07/17 19:11:14 iteration 6305  walltime= 0.448h  Δwalltime=0.14s  timestep= 0s  day=0.000616
2023/07/17 19:11:16 iteration 6319  walltime= 0.449h  Δwalltime=0.14s  timestep= 0s  day=0.000617
2023/07/17 19:11:18 iteration 6332  walltime=  0.45h  Δwalltime=0.14s  timestep= 0s  day=0.000618
2023/07/17 19:11:20 iteration 6346  walltime=  0.45h  Δwalltime=0.14s  timestep= 0s  day=0.00062
2023/07/17 19:11:22 iteration 6360  walltime= 0.451h  Δwalltime=0.15s  timestep= 0s  day=0.000621
2023/07/17 19:11:24 iteration 6373  walltime= 0.451h  Δwalltime=0.14s  timestep= 0s  day=0.000622
2023/07/17 19:11:26 iteration 6386  walltime= 0.452h  Δwalltime=0.14s  timestep= 0s  day=0.000624
2023/07/17 19:11:28 iteration 6398  walltime= 0.452h  Δwalltime=0.14s  timestep= 0s  day=0.000625
2023/07/17 19:11:30 iteration 6411  walltime= 0.453h  Δwalltime=0.14s  timestep= 0s  day=0.000626
2023/07/17 19:11:32 iteration 6424  walltime= 0.453h  Δwalltime=0.14s  timestep= 0s  day=0.000627
2023/07/17 19:11:34 iteration 6437  walltime= 0.454h  Δwalltime=0.21s  timestep= 0s  day=0.000629
2023/07/17 19:11:36 iteration 6450  walltime= 0.455h  Δwalltime=0.14s  timestep= 0s  day=0.00063
2023/07/17 19:11:38 iteration 6464  walltime= 0.455h  Δwalltime=0.14s  timestep= 0s  day=0.000631
2023/07/17 19:11:40 iteration 6473  walltime= 0.456h  Δwalltime=0.17s  timestep= 0s  day=0.000632
2023/07/17 19:11:42 iteration 6484  walltime= 0.456h  Δwalltime= 0.2s  timestep= 0s  day=0.000633
2023/07/17 19:11:44 iteration 6497  walltime= 0.457h  Δwalltime=0.14s  timestep= 0s  day=0.000634
2023/07/17 19:11:46 iteration 6511  walltime= 0.457h  Δwalltime=0.21s  timestep= 0s  day=0.000636
2023/07/17 19:11:48 iteration 6523  walltime= 0.458h  Δwalltime=0.15s  timestep= 0s  day=0.000637
2023/07/17 19:11:50 iteration 6537  walltime= 0.458h  Δwalltime=0.14s  timestep= 0s  day=0.000638
2023/07/17 19:11:52 iteration 6550  walltime= 0.459h  Δwalltime=0.14s  timestep= 0s  day=0.00064
2023/07/17 19:11:54 iteration 6563  walltime=  0.46h  Δwalltime=0.21s  timestep= 0s  day=0.000641
2023/07/17 19:11:56 iteration 6576  walltime=  0.46h  Δwalltime=0.16s  timestep= 0s  day=0.000642
2023/07/17 19:11:58 iteration 6589  walltime= 0.461h  Δwalltime=0.14s  timestep= 0s  day=0.000643
2023/07/17 19:12:00 iteration 6600  walltime= 0.461h  Δwalltime=0.14s  timestep= 0s  day=0.000644
2023/07/17 19:12:02 iteration 6614  walltime= 0.462h  Δwalltime=0.14s  timestep= 0s  day=0.000646
2023/07/17 19:12:04 iteration 6627  walltime= 0.462h  Δwalltime=0.15s  timestep= 0s  day=0.000647
2023/07/17 19:12:06 iteration 6639  walltime= 0.463h  Δwalltime=0.14s  timestep= 0s  day=0.000648
2023/07/17 19:12:08 iteration 6652  walltime= 0.463h  Δwalltime=0.21s  timestep= 0s  day=0.00065
2023/07/17 19:12:10 iteration 6665  walltime= 0.464h  Δwalltime=0.14s  timestep= 0s  day=0.000651
2023/07/17 19:12:12 iteration 6679  walltime= 0.465h  Δwalltime=0.15s  timestep= 0s  day=0.000652
2023/07/17 19:12:14 iteration 6692  walltime= 0.465h  Δwalltime=0.14s  timestep= 0s  day=0.000653
2023/07/17 19:12:16 iteration 6705  walltime= 0.466h  Δwalltime=0.15s  timestep= 0s  day=0.000655
2023/07/17 19:12:18 iteration 6719  walltime= 0.466h  Δwalltime=0.14s  timestep= 0s  day=0.000656
2023/07/17 19:12:20 iteration 6733  walltime= 0.467h  Δwalltime=0.15s  timestep= 0s  day=0.000657
2023/07/17 19:12:22 iteration 6747  walltime= 0.467h  Δwalltime=0.14s  timestep= 0s  day=0.000659
2023/07/17 19:12:24 iteration 6760  walltime= 0.468h  Δwalltime=0.14s  timestep= 0s  day=0.00066
2023/07/17 19:12:26 iteration 6774  walltime= 0.468h  Δwalltime=0.14s  timestep= 0s  day=0.000661
2023/07/17 19:12:28 iteration 6787  walltime= 0.469h  Δwalltime=0.14s  timestep= 0s  day=0.000663
2023/07/17 19:12:30 iteration 6801  walltime=  0.47h  Δwalltime=0.15s  timestep= 0s  day=0.000664
2023/07/17 19:12:32 iteration 6813  walltime=  0.47h  Δwalltime=0.18s  timestep= 0s  day=0.000665
2023/07/17 19:12:34 iteration 6825  walltime= 0.471h  Δwalltime=0.14s  timestep= 0s  day=0.000666
2023/07/17 19:12:36 iteration 6839  walltime= 0.471h  Δwalltime=0.14s  timestep= 0s  day=0.000668
2023/07/17 19:12:38 iteration 6853  walltime= 0.472h  Δwalltime=0.14s  timestep= 0s  day=0.000669
2023/07/17 19:12:40 iteration 6866  walltime= 0.472h  Δwalltime=0.15s  timestep= 0s  day=0.00067
2023/07/17 19:12:42 iteration 6879  walltime= 0.473h  Δwalltime=0.21s  timestep= 0s  day=0.000672
2023/07/17 19:12:44 iteration 6892  walltime= 0.473h  Δwalltime=0.14s  timestep= 0s  day=0.000673
2023/07/17 19:12:46 iteration 6905  walltime= 0.474h  Δwalltime=0.16s  timestep= 0s  day=0.000674
2023/07/17 19:12:48 iteration 6918  walltime= 0.475h  Δwalltime=0.14s  timestep= 0s  day=0.000676
2023/07/17 19:12:50 iteration 6932  walltime= 0.475h  Δwalltime=0.14s  timestep= 0s  day=0.000677
2023/07/17 19:12:52 iteration 6946  walltime= 0.476h  Δwalltime=0.14s  timestep= 0s  day=0.000678
2023/07/17 19:12:54 iteration 6959  walltime= 0.476h  Δwalltime=0.14s  timestep= 0s  day=0.00068
2023/07/17 19:12:56 iteration 6973  walltime= 0.477h  Δwalltime=0.14s  timestep= 0s  day=0.000681
2023/07/17 19:12:58 iteration 6986  walltime= 0.477h  Δwalltime=0.14s  timestep= 0s  day=0.000682
2023/07/17 19:13:00 iteration 6999  walltime= 0.478h  Δwalltime=0.14s  timestep= 0s  day=0.000683
2023/07/17 19:13:02 iteration 7013  walltime= 0.478h  Δwalltime=0.14s  timestep= 0s  day=0.000685
2023/07/17 19:13:04 iteration 7026  walltime= 0.479h  Δwalltime=0.14s  timestep= 0s  day=0.000686
2023/07/17 19:13:06 iteration 7040  walltime=  0.48h  Δwalltime=0.14s  timestep= 0s  day=0.000687
2023/07/17 19:13:08 iteration 7053  walltime=  0.48h  Δwalltime=0.15s  timestep= 0s  day=0.000689
2023/07/17 19:13:10 iteration 7067  walltime= 0.481h  Δwalltime=0.14s  timestep= 0s  day=0.00069
2023/07/17 19:13:12 iteration 7080  walltime= 0.481h  Δwalltime=0.19s  timestep= 0s  day=0.000691
2023/07/17 19:13:14 iteration 7093  walltime= 0.482h  Δwalltime=0.15s  timestep= 0s  day=0.000693
2023/07/17 19:13:16 iteration 7107  walltime= 0.482h  Δwalltime=0.14s  timestep= 0s  day=0.000694
2023/07/17 19:13:18 iteration 7120  walltime= 0.483h  Δwalltime=0.14s  timestep= 0s  day=0.000695
2023/07/17 19:13:20 iteration 7133  walltime= 0.483h  Δwalltime=0.21s  timestep= 0s  day=0.000697
2023/07/17 19:13:22 iteration 7147  walltime= 0.484h  Δwalltime=0.14s  timestep= 0s  day=0.000698
2023/07/17 19:13:24 iteration 7160  walltime= 0.485h  Δwalltime=0.16s  timestep= 0s  day=0.000699
2023/07/17 19:13:26 iteration 7173  walltime= 0.485h  Δwalltime=0.14s  timestep= 0s  day=0.0007
2023/07/17 19:13:28 iteration 7186  walltime= 0.486h  Δwalltime=0.21s  timestep= 0s  day=0.000702
2023/07/17 19:13:30 iteration 7199  walltime= 0.486h  Δwalltime=0.14s  timestep= 0s  day=0.000703
2023/07/17 19:13:32 iteration 7213  walltime= 0.487h  Δwalltime=0.15s  timestep= 0s  day=0.000704
2023/07/17 19:13:34 iteration 7227  walltime= 0.487h  Δwalltime=0.14s  timestep= 0s  day=0.000706
2023/07/17 19:13:36 iteration 7240  walltime= 0.488h  Δwalltime= 0.2s  timestep= 0s  day=0.000707
2023/07/17 19:13:38 iteration 7253  walltime= 0.488h  Δwalltime=0.14s  timestep= 0s  day=0.000708
2023/07/17 19:13:40 iteration 7267  walltime= 0.489h  Δwalltime=0.25s  timestep= 0s  day=0.00071
2023/07/17 19:13:42 iteration 7276  walltime=  0.49h  Δwalltime=0.19s  timestep= 0s  day=0.00071
2023/07/17 19:13:44 iteration 7287  walltime=  0.49h  Δwalltime=0.15s  timestep= 0s  day=0.000712
2023/07/17 19:13:46 iteration 7300  walltime= 0.491h  Δwalltime=0.15s  timestep= 0s  day=0.000713
2023/07/17 19:13:48 iteration 7314  walltime= 0.491h  Δwalltime= 0.2s  timestep= 0s  day=0.000714
2023/07/17 19:13:50 iteration 7327  walltime= 0.492h  Δwalltime=0.14s  timestep= 0s  day=0.000715
2023/07/17 19:13:52 iteration 7340  walltime= 0.492h  Δwalltime=0.14s  timestep= 0s  day=0.000717
2023/07/17 19:13:54 iteration 7354  walltime= 0.493h  Δwalltime=0.14s  timestep= 0s  day=0.000718
2023/07/17 19:13:56 iteration 7368  walltime= 0.493h  Δwalltime=0.14s  timestep= 0s  day=0.000719
2023/07/17 19:13:58 iteration 7381  walltime= 0.494h  Δwalltime=0.14s  timestep= 0s  day=0.000721
2023/07/17 19:14:00 iteration 7395  walltime= 0.495h  Δwalltime=0.14s  timestep= 0s  day=0.000722
2023/07/17 19:14:02 iteration 7408  walltime= 0.495h  Δwalltime=0.16s  timestep= 0s  day=0.000723
2023/07/17 19:14:04 iteration 7420  walltime= 0.496h  Δwalltime=0.21s  timestep= 0s  day=0.000725
2023/07/17 19:14:06 iteration 7434  walltime= 0.496h  Δwalltime=0.14s  timestep= 0s  day=0.000726
2023/07/17 19:14:08 iteration 7447  walltime= 0.497h  Δwalltime=0.14s  timestep= 0s  day=0.000727
2023/07/17 19:14:10 iteration 7461  walltime= 0.497h  Δwalltime=0.14s  timestep= 0s  day=0.000729
2023/07/17 19:14:12 iteration 7475  walltime= 0.498h  Δwalltime=0.17s  timestep= 0s  day=0.00073
2023/07/17 19:14:14 iteration 7488  walltime= 0.498h  Δwalltime=0.15s  timestep= 0s  day=0.000731
2023/07/17 19:14:16 iteration 7502  walltime= 0.499h  Δwalltime=0.14s  timestep= 0s  day=0.000733
2023/07/17 19:14:18 iteration 7515  walltime=   0.5h  Δwalltime=0.15s  timestep= 0s  day=0.000734
2023/07/17 19:14:20 iteration 7529  walltime=   0.5h  Δwalltime=0.14s  timestep= 0s  day=0.000735
2023/07/17 19:14:22 iteration 7542  walltime= 0.501h  Δwalltime=0.14s  timestep= 0s  day=0.000736
2023/07/17 19:14:24 iteration 7556  walltime= 0.501h  Δwalltime=0.15s  timestep= 0s  day=0.000738
2023/07/17 19:14:26 iteration 7570  walltime= 0.502h  Δwalltime=0.14s  timestep= 0s  day=0.000739
2023/07/17 19:14:28 iteration 7584  walltime= 0.502h  Δwalltime=0.14s  timestep= 0s  day=0.000741
2023/07/17 19:14:30 iteration 7597  walltime= 0.503h  Δwalltime=0.15s  timestep= 0s  day=0.000742
2023/07/17 19:14:32 iteration 7611  walltime= 0.503h  Δwalltime=0.14s  timestep= 0s  day=0.000743
2023/07/17 19:14:34 iteration 7625  walltime= 0.504h  Δwalltime=0.14s  timestep= 0s  day=0.000745
2023/07/17 19:14:36 iteration 7638  walltime= 0.505h  Δwalltime=0.14s  timestep= 0s  day=0.000746
2023/07/17 19:14:38 iteration 7652  walltime= 0.505h  Δwalltime=0.14s  timestep= 0s  day=0.000747
2023/07/17 19:14:40 iteration 7666  walltime= 0.506h  Δwalltime=0.15s  timestep= 0s  day=0.000749
2023/07/17 19:14:42 iteration 7679  walltime= 0.506h  Δwalltime=0.18s  timestep= 0s  day=0.00075
2023/07/17 19:14:44 iteration 7693  walltime= 0.507h  Δwalltime=0.14s  timestep= 0s  day=0.000751
2023/07/17 19:14:46 iteration 7707  walltime= 0.507h  Δwalltime=0.14s  timestep= 0s  day=0.000753
2023/07/17 19:14:48 iteration 7720  walltime= 0.508h  Δwalltime=0.14s  timestep= 0s  day=0.000754
2023/07/17 19:14:50 iteration 7734  walltime= 0.508h  Δwalltime=0.14s  timestep= 0s  day=0.000755
2023/07/17 19:14:52 iteration 7748  walltime= 0.509h  Δwalltime=0.14s  timestep= 0s  day=0.000757
2023/07/17 19:14:54 iteration 7761  walltime=  0.51h  Δwalltime=0.14s  timestep= 0s  day=0.000758
2023/07/17 19:14:56 iteration 7775  walltime=  0.51h  Δwalltime=0.14s  timestep= 0s  day=0.000759
2023/07/17 19:14:58 iteration 7788  walltime= 0.511h  Δwalltime=0.14s  timestep= 0s  day=0.00076
2023/07/17 19:15:00 iteration 7802  walltime= 0.511h  Δwalltime=0.15s  timestep= 0s  day=0.000762
2023/07/17 19:15:02 iteration 7814  walltime= 0.512h  Δwalltime=0.14s  timestep= 0s  day=0.000763
2023/07/17 19:15:04 iteration 7828  walltime= 0.512h  Δwalltime=0.15s  timestep= 0s  day=0.000764
2023/07/17 19:15:06 iteration 7842  walltime= 0.513h  Δwalltime=0.14s  timestep= 0s  day=0.000766
2023/07/17 19:15:08 iteration 7855  walltime= 0.513h  Δwalltime=0.14s  timestep= 0s  day=0.000767
2023/07/17 19:15:10 iteration 7868  walltime= 0.514h  Δwalltime=0.14s  timestep= 0s  day=0.000768
2023/07/17 19:15:12 iteration 7882  walltime= 0.515h  Δwalltime= 0.2s  timestep= 0s  day=0.00077
2023/07/17 19:15:14 iteration 7895  walltime= 0.515h  Δwalltime=0.14s  timestep= 0s  day=0.000771
2023/07/17 19:15:16 iteration 7908  walltime= 0.516h  Δwalltime=0.14s  timestep= 0s  day=0.000772
2023/07/17 19:15:18 iteration 7922  walltime= 0.516h  Δwalltime=0.14s  timestep= 0s  day=0.000774
2023/07/17 19:15:20 iteration 7935  walltime= 0.517h  Δwalltime=0.14s  timestep= 0s  day=0.000775
2023/07/17 19:15:22 iteration 7948  walltime= 0.517h  Δwalltime=0.14s  timestep= 0s  day=0.000776
2023/07/17 19:15:24 iteration 7962  walltime= 0.518h  Δwalltime=0.15s  timestep= 0s  day=0.000777
2023/07/17 19:15:26 iteration 7975  walltime= 0.518h  Δwalltime=0.14s  timestep= 0s  day=0.000779
2023/07/17 19:15:28 iteration 7988  walltime= 0.519h  Δwalltime=0.14s  timestep= 0s  day=0.00078
2023/07/17 19:15:30 iteration 8001  walltime=  0.52h  Δwalltime=0.21s  timestep= 0s  day=0.000781
2023/07/17 19:15:32 iteration 8013  walltime=  0.52h  Δwalltime=0.15s  timestep= 0s  day=0.000782
2023/07/17 19:15:34 iteration 8025  walltime= 0.521h  Δwalltime=0.14s  timestep= 0s  day=0.000784
2023/07/17 19:15:36 iteration 8039  walltime= 0.521h  Δwalltime=0.14s  timestep= 0s  day=0.000785
2023/07/17 19:15:38 iteration 8053  walltime= 0.522h  Δwalltime=0.15s  timestep= 0s  day=0.000786
2023/07/17 19:15:40 iteration 8067  walltime= 0.522h  Δwalltime=0.14s  timestep= 0s  day=0.000788
2023/07/17 19:15:42 iteration 8078  walltime= 0.523h  Δwalltime=0.27s  timestep= 0s  day=0.000789
2023/07/17 19:15:44 iteration 8088  walltime= 0.523h  Δwalltime=0.19s  timestep= 0s  day=0.00079
2023/07/17 19:15:46 iteration 8101  walltime= 0.524h  Δwalltime=0.22s  timestep= 0s  day=0.000791
2023/07/17 19:15:48 iteration 8111  walltime= 0.525h  Δwalltime=0.14s  timestep= 0s  day=0.000792
2023/07/17 19:15:50 iteration 8125  walltime= 0.525h  Δwalltime=0.14s  timestep= 0s  day=0.000793
2023/07/17 19:15:52 iteration 8139  walltime= 0.526h  Δwalltime=0.14s  timestep= 0s  day=0.000795
2023/07/17 19:15:54 iteration 8152  walltime= 0.526h  Δwalltime=0.15s  timestep= 0s  day=0.000796
2023/07/17 19:15:56 iteration 8165  walltime= 0.527h  Δwalltime=0.14s  timestep= 0s  day=0.000797
2023/07/17 19:15:58 iteration 8179  walltime= 0.527h  Δwalltime=0.14s  timestep= 0s  day=0.000799
2023/07/17 19:16:00 iteration 8193  walltime= 0.528h  Δwalltime=0.14s  timestep= 0s  day=0.0008
2023/07/17 19:16:02 iteration 8206  walltime= 0.528h  Δwalltime=0.15s  timestep= 0s  day=0.000801
2023/07/17 19:16:04 iteration 8219  walltime= 0.529h  Δwalltime=0.14s  timestep= 0s  day=0.000803
2023/07/17 19:16:06 iteration 8233  walltime=  0.53h  Δwalltime=0.14s  timestep= 0s  day=0.000804
2023/07/17 19:16:08 iteration 8246  walltime=  0.53h  Δwalltime=0.14s  timestep= 0s  day=0.000805
2023/07/17 19:16:10 iteration 8259  walltime= 0.531h  Δwalltime=0.17s  timestep= 0s  day=0.000806
2023/07/17 19:16:12 iteration 8273  walltime= 0.531h  Δwalltime=0.17s  timestep= 0s  day=0.000808
2023/07/17 19:16:14 iteration 8286  walltime= 0.532h  Δwalltime=0.14s  timestep= 0s  day=0.000809
2023/07/17 19:16:16 iteration 8300  walltime= 0.532h  Δwalltime=0.15s  timestep= 0s  day=0.00081
2023/07/17 19:16:18 iteration 8313  walltime= 0.533h  Δwalltime=0.14s  timestep= 0s  day=0.000812
2023/07/17 19:16:20 iteration 8327  walltime= 0.533h  Δwalltime=0.14s  timestep= 0s  day=0.000813
2023/07/17 19:16:22 iteration 8341  walltime= 0.534h  Δwalltime=0.14s  timestep= 0s  day=0.000814
2023/07/17 19:16:24 iteration 8354  walltime= 0.535h  Δwalltime=0.15s  timestep= 0s  day=0.000816
2023/07/17 19:16:26 iteration 8368  walltime= 0.535h  Δwalltime= 0.2s  timestep= 0s  day=0.000817
2023/07/17 19:16:28 iteration 8381  walltime= 0.536h  Δwalltime=0.14s  timestep= 0s  day=0.000818
2023/07/17 19:16:30 iteration 8395  walltime= 0.536h  Δwalltime=0.14s  timestep= 0s  day=0.00082
2023/07/17 19:16:32 iteration 8407  walltime= 0.537h  Δwalltime= 0.2s  timestep= 0s  day=0.000821
2023/07/17 19:16:34 iteration 8421  walltime= 0.537h  Δwalltime=0.14s  timestep= 0s  day=0.000822
2023/07/17 19:16:36 iteration 8435  walltime= 0.538h  Δwalltime=0.14s  timestep= 0s  day=0.000824
2023/07/17 19:16:38 iteration 8448  walltime= 0.538h  Δwalltime=0.14s  timestep= 0s  day=0.000825
2023/07/17 19:16:40 iteration 8462  walltime= 0.539h  Δwalltime=0.14s  timestep= 0s  day=0.000826
2023/07/17 19:16:42 iteration 8476  walltime=  0.54h  Δwalltime=0.19s  timestep= 0s  day=0.000828
2023/07/17 19:16:44 iteration 8490  walltime=  0.54h  Δwalltime=0.14s  timestep= 0s  day=0.000829
2023/07/17 19:16:46 iteration 8503  walltime= 0.541h  Δwalltime=0.14s  timestep= 0s  day=0.00083
2023/07/17 19:16:48 iteration 8516  walltime= 0.541h  Δwalltime=0.14s  timestep= 0s  day=0.000832
2023/07/17 19:16:50 iteration 8530  walltime= 0.542h  Δwalltime=0.14s  timestep= 0s  day=0.000833
2023/07/17 19:16:52 iteration 8543  walltime= 0.542h  Δwalltime=0.14s  timestep= 0s  day=0.000834
2023/07/17 19:16:54 iteration 8557  walltime= 0.543h  Δwalltime=0.14s  timestep= 0s  day=0.000836
2023/07/17 19:16:56 iteration 8571  walltime= 0.543h  Δwalltime=0.14s  timestep= 0s  day=0.000837
2023/07/17 19:16:58 iteration 8584  walltime= 0.544h  Δwalltime=0.21s  timestep= 0s  day=0.000838
2023/07/17 19:17:00 iteration 8596  walltime= 0.545h  Δwalltime=0.14s  timestep= 0s  day=0.000839
2023/07/17 19:17:02 iteration 8608  walltime= 0.545h  Δwalltime=0.15s  timestep= 0s  day=0.000841
2023/07/17 19:17:04 iteration 8621  walltime= 0.546h  Δwalltime=0.15s  timestep= 0s  day=0.000842
2023/07/17 19:17:06 iteration 8634  walltime= 0.546h  Δwalltime= 0.2s  timestep= 0s  day=0.000843
2023/07/17 19:17:08 iteration 8647  walltime= 0.547h  Δwalltime=0.14s  timestep= 0s  day=0.000844
2023/07/17 19:17:10 iteration 8661  walltime= 0.547h  Δwalltime=0.14s  timestep= 0s  day=0.000846
2023/07/17 19:17:12 iteration 8674  walltime= 0.548h  Δwalltime=0.18s  timestep= 0s  day=0.000847
2023/07/17 19:17:14 iteration 8687  walltime= 0.548h  Δwalltime=0.14s  timestep= 0s  day=0.000848
2023/07/17 19:17:16 iteration 8701  walltime= 0.549h  Δwalltime=0.14s  timestep= 0s  day=0.00085
2023/07/17 19:17:18 iteration 8714  walltime=  0.55h  Δwalltime= 0.2s  timestep= 0s  day=0.000851
2023/07/17 19:17:20 iteration 8724  walltime=  0.55h  Δwalltime=0.16s  timestep= 0s  day=0.000852
2023/07/17 19:17:22 iteration 8738  walltime= 0.551h  Δwalltime=0.14s  timestep= 0s  day=0.000853
2023/07/17 19:17:24 iteration 8749  walltime= 0.551h  Δwalltime=0.14s  timestep= 0s  day=0.000854
2023/07/17 19:17:26 iteration 8762  walltime= 0.552h  Δwalltime=0.14s  timestep= 0s  day=0.000856
2023/07/17 19:17:28 iteration 8776  walltime= 0.552h  Δwalltime=0.15s  timestep= 0s  day=0.000857
2023/07/17 19:17:30 iteration 8787  walltime= 0.553h  Δwalltime=0.17s  timestep= 0s  day=0.000858
2023/07/17 19:17:32 iteration 8798  walltime= 0.553h  Δwalltime=0.15s  timestep= 0s  day=0.000859
2023/07/17 19:17:34 iteration 8812  walltime= 0.554h  Δwalltime=0.14s  timestep= 0s  day=0.00086
2023/07/17 19:17:36 iteration 8826  walltime= 0.555h  Δwalltime=0.14s  timestep= 0s  day=0.000862
2023/07/17 19:17:38 iteration 8840  walltime= 0.555h  Δwalltime=0.14s  timestep= 0s  day=0.000863
2023/07/17 19:17:40 iteration 8853  walltime= 0.556h  Δwalltime= 0.2s  timestep= 0s  day=0.000864
2023/07/17 19:17:42 iteration 8864  walltime= 0.556h  Δwalltime= 0.2s  timestep= 0s  day=0.000866
2023/07/17 19:17:44 iteration 8873  walltime= 0.557h  Δwalltime=0.24s  timestep= 0s  day=0.000866
2023/07/17 19:17:46 iteration 8884  walltime= 0.557h  Δwalltime=0.16s  timestep= 0s  day=0.000868
2023/07/17 19:17:48 iteration 8897  walltime= 0.558h  Δwalltime=0.14s  timestep= 0s  day=0.000869
2023/07/17 19:17:50 iteration 8911  walltime= 0.558h  Δwalltime= 0.2s  timestep= 0s  day=0.00087
2023/07/17 19:17:52 iteration 8922  walltime= 0.559h  Δwalltime=0.14s  timestep= 0s  day=0.000871
2023/07/17 19:17:54 iteration 8936  walltime=  0.56h  Δwalltime=0.14s  timestep= 0s  day=0.000873
2023/07/17 19:17:56 iteration 8950  walltime=  0.56h  Δwalltime=0.14s  timestep= 0s  day=0.000874
2023/07/17 19:17:58 iteration 8963  walltime= 0.561h  Δwalltime=0.15s  timestep= 0s  day=0.000875
2023/07/17 19:18:00 iteration 8977  walltime= 0.561h  Δwalltime=0.14s  timestep= 0s  day=0.000877
2023/07/17 19:18:02 iteration 8990  walltime= 0.562h  Δwalltime=0.14s  timestep= 0s  day=0.000878
2023/07/17 19:18:04 iteration 9003  walltime= 0.562h  Δwalltime=0.14s  timestep= 0s  day=0.000879
2023/07/17 19:18:06 iteration 9017  walltime= 0.563h  Δwalltime=0.14s  timestep= 0s  day=0.000881
2023/07/17 19:18:08 iteration 9030  walltime= 0.563h  Δwalltime=0.14s  timestep= 0s  day=0.000882
2023/07/17 19:18:10 iteration 9044  walltime= 0.564h  Δwalltime=0.15s  timestep= 0s  day=0.000883
2023/07/17 19:18:12 iteration 9058  walltime= 0.565h  Δwalltime=0.19s  timestep= 0s  day=0.000885
2023/07/17 19:18:14 iteration 9071  walltime= 0.565h  Δwalltime=0.14s  timestep= 0s  day=0.000886
2023/07/17 19:18:16 iteration 9085  walltime= 0.566h  Δwalltime=0.14s  timestep= 0s  day=0.000887
2023/07/17 19:18:18 iteration 9099  walltime= 0.566h  Δwalltime=0.15s  timestep= 0s  day=0.000889
2023/07/17 19:18:20 iteration 9113  walltime= 0.567h  Δwalltime=0.14s  timestep= 0s  day=0.00089
2023/07/17 19:18:22 iteration 9127  walltime= 0.567h  Δwalltime=0.14s  timestep= 0s  day=0.000891
2023/07/17 19:18:24 iteration 9141  walltime= 0.568h  Δwalltime=0.14s  timestep= 0s  day=0.000893
2023/07/17 19:18:26 iteration 9154  walltime= 0.568h  Δwalltime=0.14s  timestep= 0s  day=0.000894
2023/07/17 19:18:28 iteration 9166  walltime= 0.569h  Δwalltime=0.21s  timestep= 0s  day=0.000895
2023/07/17 19:18:30 iteration 9179  walltime=  0.57h  Δwalltime=0.15s  timestep= 0s  day=0.000896
2023/07/17 19:18:32 iteration 9192  walltime=  0.57h  Δwalltime=0.15s  timestep= 0s  day=0.000898
2023/07/17 19:18:34 iteration 9204  walltime= 0.571h  Δwalltime=0.14s  timestep= 0s  day=0.000899
2023/07/17 19:18:36 iteration 9218  walltime= 0.571h  Δwalltime=0.14s  timestep= 0s  day=0.0009
2023/07/17 19:18:38 iteration 9231  walltime= 0.572h  Δwalltime=0.15s  timestep= 0s  day=0.000901
2023/07/17 19:18:40 iteration 9245  walltime= 0.572h  Δwalltime=0.14s  timestep= 0s  day=0.000903
2023/07/17 19:18:42 iteration 9259  walltime= 0.573h  Δwalltime=0.16s  timestep= 0s  day=0.000904
2023/07/17 19:18:44 iteration 9272  walltime= 0.573h  Δwalltime=0.15s  timestep= 0s  day=0.000905
2023/07/17 19:18:46 iteration 9285  walltime= 0.574h  Δwalltime=0.14s  timestep= 0s  day=0.000907
2023/07/17 19:18:48 iteration 9299  walltime= 0.575h  Δwalltime=0.14s  timestep= 0s  day=0.000908
2023/07/17 19:18:50 iteration 9313  walltime= 0.575h  Δwalltime=0.14s  timestep= 0s  day=0.000909
2023/07/17 19:18:52 iteration 9327  walltime= 0.576h  Δwalltime=0.16s  timestep= 0s  day=0.000911
2023/07/17 19:18:54 iteration 9341  walltime= 0.576h  Δwalltime=0.14s  timestep= 0s  day=0.000912
2023/07/17 19:18:56 iteration 9354  walltime= 0.577h  Δwalltime=0.14s  timestep= 0s  day=0.000913
2023/07/17 19:18:58 iteration 9368  walltime= 0.577h  Δwalltime= 0.2s  timestep= 0s  day=0.000915
2023/07/17 19:19:00 iteration 9381  walltime= 0.578h  Δwalltime=0.14s  timestep= 0s  day=0.000916
2023/07/17 19:19:02 iteration 9394  walltime= 0.578h  Δwalltime=0.14s  timestep= 0s  day=0.000917
2023/07/17 19:19:04 iteration 9407  walltime= 0.579h  Δwalltime=0.14s  timestep= 0s  day=0.000919
2023/07/17 19:19:06 iteration 9421  walltime=  0.58h  Δwalltime=0.14s  timestep= 0s  day=0.00092
2023/07/17 19:19:08 iteration 9435  walltime=  0.58h  Δwalltime=0.14s  timestep= 0s  day=0.000921
2023/07/17 19:19:10 iteration 9449  walltime= 0.581h  Δwalltime=0.14s  timestep= 0s  day=0.000923
2023/07/17 19:19:12 iteration 9462  walltime= 0.581h  Δwalltime=0.19s  timestep= 0s  day=0.000924
2023/07/17 19:19:14 iteration 9475  walltime= 0.582h  Δwalltime=0.14s  timestep= 0s  day=0.000925
2023/07/17 19:19:16 iteration 9487  walltime= 0.582h  Δwalltime=0.14s  timestep= 0s  day=0.000926
2023/07/17 19:19:18 iteration 9500  walltime= 0.583h  Δwalltime=0.14s  timestep= 0s  day=0.000928
2023/07/17 19:19:20 iteration 9512  walltime= 0.583h  Δwalltime=0.15s  timestep= 0s  day=0.000929
2023/07/17 19:19:22 iteration 9526  walltime= 0.584h  Δwalltime=0.14s  timestep= 0s  day=0.00093
2023/07/17 19:19:24 iteration 9540  walltime= 0.585h  Δwalltime=0.14s  timestep= 0s  day=0.000932
2023/07/17 19:19:26 iteration 9553  walltime= 0.585h  Δwalltime=0.14s  timestep= 0s  day=0.000933
2023/07/17 19:19:28 iteration 9567  walltime= 0.586h  Δwalltime=0.14s  timestep= 0s  day=0.000934
2023/07/17 19:19:30 iteration 9580  walltime= 0.586h  Δwalltime=0.14s  timestep= 0s  day=0.000935
2023/07/17 19:19:32 iteration 9594  walltime= 0.587h  Δwalltime=0.14s  timestep= 0s  day=0.000937
2023/07/17 19:19:34 iteration 9607  walltime= 0.587h  Δwalltime=0.14s  timestep= 0s  day=0.000938
2023/07/17 19:19:36 iteration 9620  walltime= 0.588h  Δwalltime=0.14s  timestep= 0s  day=0.000939
2023/07/17 19:19:38 iteration 9634  walltime= 0.588h  Δwalltime= 0.2s  timestep= 0s  day=0.000941
2023/07/17 19:19:40 iteration 9648  walltime= 0.589h  Δwalltime=0.14s  timestep= 0s  day=0.000942
2023/07/17 19:19:42 iteration 9661  walltime=  0.59h  Δwalltime=0.19s  timestep= 0s  day=0.000943
2023/07/17 19:19:44 iteration 9675  walltime=  0.59h  Δwalltime=0.14s  timestep= 0s  day=0.000945
2023/07/17 19:19:46 iteration 9684  walltime= 0.591h  Δwalltime=0.17s  timestep= 0s  day=0.000946
2023/07/17 19:19:48 iteration 9696  walltime= 0.591h  Δwalltime=0.14s  timestep= 0s  day=0.000947
2023/07/17 19:19:50 iteration 9708  walltime= 0.592h  Δwalltime=0.21s  timestep= 0s  day=0.000948
2023/07/17 19:19:52 iteration 9722  walltime= 0.592h  Δwalltime=0.14s  timestep= 0s  day=0.000949
2023/07/17 19:19:54 iteration 9736  walltime= 0.593h  Δwalltime=0.14s  timestep= 0s  day=0.000951
2023/07/17 19:19:56 iteration 9749  walltime= 0.593h  Δwalltime=0.14s  timestep= 0s  day=0.000952
2023/07/17 19:19:58 iteration 9763  walltime= 0.594h  Δwalltime=0.14s  timestep= 0s  day=0.000953
2023/07/17 19:20:00 iteration 9777  walltime= 0.595h  Δwalltime=0.15s  timestep= 0s  day=0.000955
2023/07/17 19:20:02 iteration 9789  walltime= 0.595h  Δwalltime=0.16s  timestep= 0s  day=0.000956
2023/07/17 19:20:04 iteration 9802  walltime= 0.596h  Δwalltime=0.14s  timestep= 0s  day=0.000957
2023/07/17 19:20:06 iteration 9816  walltime= 0.596h  Δwalltime=0.14s  timestep= 0s  day=0.000959
2023/07/17 19:20:08 iteration 9830  walltime= 0.597h  Δwalltime=0.14s  timestep= 0s  day=0.00096
2023/07/17 19:20:10 iteration 9843  walltime= 0.597h  Δwalltime=0.14s  timestep= 0s  day=0.000961
2023/07/17 19:20:12 iteration 9857  walltime= 0.598h  Δwalltime=0.16s  timestep= 0s  day=0.000963
2023/07/17 19:20:14 iteration 9870  walltime= 0.598h  Δwalltime=0.14s  timestep= 0s  day=0.000964
2023/07/17 19:20:16 iteration 9882  walltime= 0.599h  Δwalltime=0.14s  timestep= 0s  day=0.000965
2023/07/17 19:20:18 iteration 9896  walltime=   0.6h  Δwalltime=0.14s  timestep= 0s  day=0.000966
2023/07/17 19:20:20 iteration 9910  walltime=   0.6h  Δwalltime=0.14s  timestep= 0s  day=0.000968
2023/07/17 19:20:22 iteration 9924  walltime= 0.601h  Δwalltime=0.14s  timestep= 0s  day=0.000969
2023/07/17 19:20:24 iteration 9938  walltime= 0.601h  Δwalltime=0.15s  timestep= 0s  day=0.00097
2023/07/17 19:20:26 iteration 9952  walltime= 0.602h  Δwalltime=0.14s  timestep= 0s  day=0.000972
2023/07/17 19:20:28 iteration 9964  walltime= 0.602h  Δwalltime=0.14s  timestep= 0s  day=0.000973
2023/07/17 19:20:30 iteration 9978  walltime= 0.603h  Δwalltime=0.15s  timestep= 0s  day=0.000974
2023/07/17 19:20:32 iteration 9991  walltime= 0.603h  Δwalltime=0.14s  timestep= 0s  day=0.000976
2023/07/17 19:20:34 iteration 10005  walltime= 0.604h  Δwalltime=0.14s  timestep= 0s  day=0.000977
2023/07/17 19:20:36 iteration 10019  walltime= 0.605h  Δwalltime=0.14s  timestep= 0s  day=0.000978
2023/07/17 19:20:38 iteration 10033  walltime= 0.605h  Δwalltime=0.14s  timestep= 0s  day=0.00098
2023/07/17 19:20:40 iteration 10047  walltime= 0.606h  Δwalltime=0.14s  timestep= 0s  day=0.000981
2023/07/17 19:20:42 iteration 10061  walltime= 0.606h  Δwalltime=0.16s  timestep= 0s  day=0.000982
2023/07/17 19:20:44 iteration 10074  walltime= 0.607h  Δwalltime=0.14s  timestep= 0s  day=0.000984
2023/07/17 19:20:46 iteration 10088  walltime= 0.607h  Δwalltime=0.14s  timestep= 0s  day=0.000985
2023/07/17 19:20:48 iteration 10101  walltime= 0.608h  Δwalltime=0.14s  timestep= 0s  day=0.000986
2023/07/17 19:20:50 iteration 10115  walltime= 0.608h  Δwalltime=0.14s  timestep= 0s  day=0.000988
2023/07/17 19:20:52 iteration 10128  walltime= 0.609h  Δwalltime=0.14s  timestep= 0s  day=0.000989
2023/07/17 19:20:54 iteration 10142  walltime=  0.61h  Δwalltime=0.15s  timestep= 0s  day=0.00099
2023/07/17 19:20:56 iteration 10156  walltime=  0.61h  Δwalltime=0.15s  timestep= 0s  day=0.000992
2023/07/17 19:20:58 iteration 10170  walltime= 0.611h  Δwalltime=0.14s  timestep= 0s  day=0.000993
2023/07/17 19:21:00 iteration 10183  walltime= 0.611h  Δwalltime=0.14s  timestep= 0s  day=0.000994
2023/07/17 19:21:02 iteration 10195  walltime= 0.612h  Δwalltime=0.14s  timestep= 0s  day=0.000996
2023/07/17 19:21:04 iteration 10207  walltime= 0.612h  Δwalltime=0.14s  timestep= 0s  day=0.000997
2023/07/17 19:21:06 iteration 10221  walltime= 0.613h  Δwalltime=0.14s  timestep= 0s  day=0.000998
2023/07/17 19:21:08 iteration 10235  walltime= 0.613h  Δwalltime=0.14s  timestep= 0s  day=0.000999
2023/07/17 19:21:10 iteration 10249  walltime= 0.614h  Δwalltime=0.14s  timestep= 0s  day=0.001
2023/07/17 19:21:12 iteration 10263  walltime= 0.615h  Δwalltime= 0.2s  timestep= 0s  day=0.001
2023/07/17 19:21:14 iteration 10276  walltime= 0.615h  Δwalltime=0.14s  timestep= 0s  day=0.001
2023/07/17 19:21:16 iteration 10289  walltime= 0.616h  Δwalltime=0.14s  timestep= 0s  day=0.001
2023/07/17 19:21:18 iteration 10303  walltime= 0.616h  Δwalltime=0.14s  timestep= 0s  day=0.00101
2023/07/17 19:21:20 iteration 10317  walltime= 0.617h  Δwalltime=0.14s  timestep= 0s  day=0.00101
2023/07/17 19:21:22 iteration 10330  walltime= 0.617h  Δwalltime=0.15s  timestep= 0s  day=0.00101
2023/07/17 19:21:24 iteration 10344  walltime= 0.618h  Δwalltime=0.14s  timestep= 0s  day=0.00101
2023/07/17 19:21:26 iteration 10358  walltime= 0.618h  Δwalltime=0.14s  timestep= 0s  day=0.00101
2023/07/17 19:21:28 iteration 10371  walltime= 0.619h  Δwalltime=0.14s  timestep= 0s  day=0.00101
2023/07/17 19:21:30 iteration 10384  walltime=  0.62h  Δwalltime=0.21s  timestep= 0s  day=0.00101
2023/07/17 19:21:32 iteration 10396  walltime=  0.62h  Δwalltime=0.15s  timestep= 0s  day=0.00102
2023/07/17 19:21:34 iteration 10409  walltime= 0.621h  Δwalltime=0.14s  timestep= 0s  day=0.00102
2023/07/17 19:21:36 iteration 10423  walltime= 0.621h  Δwalltime=0.21s  timestep= 0s  day=0.00102
2023/07/17 19:21:38 iteration 10436  walltime= 0.622h  Δwalltime=0.14s  timestep= 0s  day=0.00102
2023/07/17 19:21:40 iteration 10448  walltime= 0.622h  Δwalltime=0.14s  timestep= 0s  day=0.00102
2023/07/17 19:21:42 iteration 10462  walltime= 0.623h  Δwalltime=0.24s  timestep= 0s  day=0.00102
2023/07/17 19:21:44 iteration 10476  walltime= 0.623h  Δwalltime=0.15s  timestep= 0s  day=0.00102
2023/07/17 19:21:46 iteration 10487  walltime= 0.624h  Δwalltime=0.27s  timestep= 0s  day=0.00102
2023/07/17 19:21:48 iteration 10497  walltime= 0.625h  Δwalltime=0.19s  timestep= 0s  day=0.00103
2023/07/17 19:21:50 iteration 10509  walltime= 0.625h  Δwalltime=0.15s  timestep= 0s  day=0.00103
2023/07/17 19:21:52 iteration 10523  walltime= 0.626h  Δwalltime=0.14s  timestep= 0s  day=0.00103
2023/07/17 19:21:54 iteration 10536  walltime= 0.626h  Δwalltime=0.14s  timestep= 0s  day=0.00103
2023/07/17 19:21:56 iteration 10550  walltime= 0.627h  Δwalltime=0.15s  timestep= 0s  day=0.00103
2023/07/17 19:21:58 iteration 10563  walltime= 0.627h  Δwalltime=0.14s  timestep= 0s  day=0.00103
2023/07/17 19:22:00 iteration 10576  walltime= 0.628h  Δwalltime=0.19s  timestep= 0s  day=0.00103
2023/07/17 19:22:02 iteration 10589  walltime= 0.628h  Δwalltime=0.15s  timestep= 0s  day=0.00103
2023/07/17 19:22:04 iteration 10603  walltime= 0.629h  Δwalltime=0.15s  timestep= 0s  day=0.00104
2023/07/17 19:22:06 iteration 10617  walltime=  0.63h  Δwalltime=0.14s  timestep= 0s  day=0.00104
2023/07/17 19:22:08 iteration 10631  walltime=  0.63h  Δwalltime=0.14s  timestep= 0s  day=0.00104
2023/07/17 19:22:10 iteration 10645  walltime= 0.631h  Δwalltime=0.14s  timestep= 0s  day=0.00104
2023/07/17 19:22:12 iteration 10659  walltime= 0.631h  Δwalltime=0.18s  timestep= 0s  day=0.00104
2023/07/17 19:22:14 iteration 10673  walltime= 0.632h  Δwalltime=0.14s  timestep= 0s  day=0.00104
2023/07/17 19:22:16 iteration 10686  walltime= 0.632h  Δwalltime=0.14s  timestep= 0s  day=0.00104
2023/07/17 19:22:18 iteration 10699  walltime= 0.633h  Δwalltime= 0.2s  timestep= 0s  day=0.00104
2023/07/17 19:22:20 iteration 10713  walltime= 0.633h  Δwalltime=0.14s  timestep= 0s  day=0.00105
2023/07/17 19:22:22 iteration 10727  walltime= 0.634h  Δwalltime=0.14s  timestep= 0s  day=0.00105
2023/07/17 19:22:24 iteration 10741  walltime= 0.635h  Δwalltime=0.14s  timestep= 0s  day=0.00105
2023/07/17 19:22:26 iteration 10755  walltime= 0.635h  Δwalltime=0.14s  timestep= 0s  day=0.00105
2023/07/17 19:22:28 iteration 10768  walltime= 0.636h  Δwalltime=0.14s  timestep= 0s  day=0.00105
2023/07/17 19:22:30 iteration 10782  walltime= 0.636h  Δwalltime=0.14s  timestep= 0s  day=0.00105
2023/07/17 19:22:32 iteration 10796  walltime= 0.637h  Δwalltime=0.14s  timestep= 0s  day=0.00105
2023/07/17 19:22:34 iteration 10808  walltime= 0.637h  Δwalltime=0.18s  timestep= 0s  day=0.00106
2023/07/17 19:22:36 iteration 10822  walltime= 0.638h  Δwalltime=0.15s  timestep= 0s  day=0.00106
2023/07/17 19:22:38 iteration 10836  walltime= 0.638h  Δwalltime=0.14s  timestep= 0s  day=0.00106
2023/07/17 19:22:40 iteration 10850  walltime= 0.639h  Δwalltime=0.14s  timestep= 0s  day=0.00106
2023/07/17 19:22:42 iteration 10863  walltime=  0.64h  Δwalltime=0.19s  timestep= 0s  day=0.00106
2023/07/17 19:22:44 iteration 10877  walltime=  0.64h  Δwalltime=0.14s  timestep= 0s  day=0.00106
2023/07/17 19:22:46 iteration 10889  walltime= 0.641h  Δwalltime=0.16s  timestep= 0s  day=0.00106
2023/07/17 19:22:48 iteration 10903  walltime= 0.641h  Δwalltime=0.14s  timestep= 0s  day=0.00106
2023/07/17 19:22:50 iteration 10917  walltime= 0.642h  Δwalltime=0.14s  timestep= 0s  day=0.00107
2023/07/17 19:22:52 iteration 10931  walltime= 0.642h  Δwalltime=0.14s  timestep= 0s  day=0.00107
2023/07/17 19:22:54 iteration 10944  walltime= 0.643h  Δwalltime=0.14s  timestep= 0s  day=0.00107
2023/07/17 19:22:56 iteration 10958  walltime= 0.643h  Δwalltime=0.14s  timestep= 0s  day=0.00107
2023/07/17 19:22:58 iteration 10972  walltime= 0.644h  Δwalltime=0.14s  timestep= 0s  day=0.00107
2023/07/17 19:23:00 iteration 10985  walltime= 0.645h  Δwalltime=0.17s  timestep= 0s  day=0.00107
2023/07/17 19:23:02 iteration 10998  walltime= 0.645h  Δwalltime=0.15s  timestep= 0s  day=0.00107
2023/07/17 19:23:04 iteration 11010  walltime= 0.646h  Δwalltime=0.14s  timestep= 0s  day=0.00108
2023/07/17 19:23:06 iteration 11024  walltime= 0.646h  Δwalltime=0.14s  timestep= 0s  day=0.00108
2023/07/17 19:23:08 iteration 11038  walltime= 0.647h  Δwalltime=0.14s  timestep= 0s  day=0.00108
2023/07/17 19:23:10 iteration 11052  walltime= 0.647h  Δwalltime=0.14s  timestep= 0s  day=0.00108
2023/07/17 19:23:12 iteration 11066  walltime= 0.648h  Δwalltime=0.17s  timestep= 0s  day=0.00108
2023/07/17 19:23:14 iteration 11079  walltime= 0.648h  Δwalltime=0.14s  timestep= 0s  day=0.00108
2023/07/17 19:23:16 iteration 11093  walltime= 0.649h  Δwalltime=0.14s  timestep= 0s  day=0.00108
2023/07/17 19:23:18 iteration 11107  walltime=  0.65h  Δwalltime=0.14s  timestep= 0s  day=0.00108
2023/07/17 19:23:20 iteration 11120  walltime=  0.65h  Δwalltime=0.14s  timestep= 0s  day=0.00109
2023/07/17 19:23:22 iteration 11133  walltime= 0.651h  Δwalltime=0.14s  timestep= 0s  day=0.00109
2023/07/17 19:23:24 iteration 11147  walltime= 0.651h  Δwalltime=0.14s  timestep= 0s  day=0.00109
2023/07/17 19:23:26 iteration 11160  walltime= 0.652h  Δwalltime=0.14s  timestep= 0s  day=0.00109
2023/07/17 19:23:28 iteration 11174  walltime= 0.652h  Δwalltime=0.14s  timestep= 0s  day=0.00109
2023/07/17 19:23:30 iteration 11188  walltime= 0.653h  Δwalltime=0.14s  timestep= 0s  day=0.00109
2023/07/17 19:23:32 iteration 11201  walltime= 0.653h  Δwalltime=0.14s  timestep= 0s  day=0.00109
2023/07/17 19:23:34 iteration 11215  walltime= 0.654h  Δwalltime=0.14s  timestep= 0s  day=0.0011
2023/07/17 19:23:36 iteration 11228  walltime= 0.655h  Δwalltime=0.15s  timestep= 0s  day=0.0011
2023/07/17 19:23:38 iteration 11241  walltime= 0.655h  Δwalltime=0.14s  timestep= 0s  day=0.0011
2023/07/17 19:23:40 iteration 11255  walltime= 0.656h  Δwalltime=0.14s  timestep= 0s  day=0.0011
2023/07/17 19:23:42 iteration 11268  walltime= 0.656h  Δwalltime=0.19s  timestep= 0s  day=0.0011
2023/07/17 19:23:44 iteration 11282  walltime= 0.657h  Δwalltime=0.14s  timestep= 0s  day=0.0011
2023/07/17 19:23:46 iteration 11296  walltime= 0.657h  Δwalltime=0.14s  timestep= 0s  day=0.0011
2023/07/17 19:23:48 iteration 11306  walltime= 0.658h  Δwalltime=0.25s  timestep= 0s  day=0.0011
2023/07/17 19:23:50 iteration 11317  walltime= 0.658h  Δwalltime=0.22s  timestep= 0s  day=0.00111
2023/07/17 19:23:52 iteration 11330  walltime= 0.659h  Δwalltime=0.14s  timestep= 0s  day=0.00111
2023/07/17 19:23:54 iteration 11344  walltime=  0.66h  Δwalltime=0.14s  timestep= 0s  day=0.00111
2023/07/17 19:23:56 iteration 11357  walltime=  0.66h  Δwalltime=0.14s  timestep= 0s  day=0.00111
2023/07/17 19:23:58 iteration 11370  walltime= 0.661h  Δwalltime=0.14s  timestep= 0s  day=0.00111
2023/07/17 19:24:00 iteration 11384  walltime= 0.661h  Δwalltime=0.14s  timestep= 0s  day=0.00111
2023/07/17 19:24:02 iteration 11398  walltime= 0.662h  Δwalltime=0.14s  timestep= 0s  day=0.00111
2023/07/17 19:24:04 iteration 11412  walltime= 0.662h  Δwalltime=0.14s  timestep= 0s  day=0.00111
2023/07/17 19:24:06 iteration 11426  walltime= 0.663h  Δwalltime=0.14s  timestep= 0s  day=0.00112
2023/07/17 19:24:08 iteration 11440  walltime= 0.663h  Δwalltime=0.14s  timestep= 0s  day=0.00112
2023/07/17 19:24:10 iteration 11454  walltime= 0.664h  Δwalltime=0.14s  timestep= 0s  day=0.00112
2023/07/17 19:24:12 iteration 11467  walltime= 0.665h  Δwalltime=0.19s  timestep= 0s  day=0.00112
2023/07/17 19:24:14 iteration 11481  walltime= 0.665h  Δwalltime=0.14s  timestep= 0s  day=0.00112
2023/07/17 19:24:16 iteration 11494  walltime= 0.666h  Δwalltime=0.14s  timestep= 0s  day=0.00112
2023/07/17 19:24:18 iteration 11508  walltime= 0.666h  Δwalltime=0.14s  timestep= 0s  day=0.00112
2023/07/17 19:24:20 iteration 11522  walltime= 0.667h  Δwalltime=0.14s  timestep= 0s  day=0.00113
2023/07/17 19:24:22 iteration 11536  walltime= 0.667h  Δwalltime=0.14s  timestep= 0s  day=0.00113
2023/07/17 19:24:24 iteration 11549  walltime= 0.668h  Δwalltime=0.14s  timestep= 0s  day=0.00113
2023/07/17 19:24:26 iteration 11563  walltime= 0.668h  Δwalltime=0.14s  timestep= 0s  day=0.00113
2023/07/17 19:24:28 iteration 11577  walltime= 0.669h  Δwalltime=0.14s  timestep= 0s  day=0.00113
2023/07/17 19:24:30 iteration 11590  walltime=  0.67h  Δwalltime=0.14s  timestep= 0s  day=0.00113
2023/07/17 19:24:32 iteration 11603  walltime=  0.67h  Δwalltime=0.18s  timestep= 0s  day=0.00113
2023/07/17 19:24:34 iteration 11616  walltime= 0.671h  Δwalltime=0.14s  timestep= 0s  day=0.00113
2023/07/17 19:24:36 iteration 11630  walltime= 0.671h  Δwalltime=0.14s  timestep= 0s  day=0.00114
2023/07/17 19:24:38 iteration 11642  walltime= 0.672h  Δwalltime=0.14s  timestep= 0s  day=0.00114
2023/07/17 19:24:40 iteration 11655  walltime= 0.672h  Δwalltime=0.14s  timestep= 0s  day=0.00114
2023/07/17 19:24:42 iteration 11668  walltime= 0.673h  Δwalltime=0.19s  timestep= 0s  day=0.00114
2023/07/17 19:24:44 iteration 11682  walltime= 0.673h  Δwalltime=0.14s  timestep= 0s  day=0.00114
2023/07/17 19:24:46 iteration 11696  walltime= 0.674h  Δwalltime=0.14s  timestep= 0s  day=0.00114
2023/07/17 19:24:48 iteration 11710  walltime= 0.675h  Δwalltime=0.14s  timestep= 0s  day=0.00114
2023/07/17 19:24:50 iteration 11724  walltime= 0.675h  Δwalltime=0.14s  timestep= 0s  day=0.00114
2023/07/17 19:24:52 iteration 11738  walltime= 0.676h  Δwalltime=0.14s  timestep= 0s  day=0.00115
2023/07/17 19:24:54 iteration 11752  walltime= 0.676h  Δwalltime=0.14s  timestep= 0s  day=0.00115
2023/07/17 19:24:56 iteration 11766  walltime= 0.677h  Δwalltime=0.14s  timestep= 0s  day=0.00115
2023/07/17 19:24:58 iteration 11780  walltime= 0.677h  Δwalltime=0.14s  timestep= 0s  day=0.00115
2023/07/17 19:25:00 iteration 11793  walltime= 0.678h  Δwalltime=0.14s  timestep= 0s  day=0.00115
2023/07/17 19:25:02 iteration 11807  walltime= 0.678h  Δwalltime=0.14s  timestep= 0s  day=0.00115
2023/07/17 19:25:04 iteration 11821  walltime= 0.679h  Δwalltime=0.14s  timestep= 0s  day=0.00115
2023/07/17 19:25:06 iteration 11835  walltime=  0.68h  Δwalltime=0.14s  timestep= 0s  day=0.00116
2023/07/17 19:25:08 iteration 11848  walltime=  0.68h  Δwalltime=0.14s  timestep= 0s  day=0.00116
2023/07/17 19:25:10 iteration 11862  walltime= 0.681h  Δwalltime=0.14s  timestep= 0s  day=0.00116
2023/07/17 19:25:12 iteration 11875  walltime= 0.681h  Δwalltime= 0.2s  timestep= 0s  day=0.00116
2023/07/17 19:25:14 iteration 11888  walltime= 0.682h  Δwalltime=0.15s  timestep= 0s  day=0.00116
2023/07/17 19:25:16 iteration 11902  walltime= 0.682h  Δwalltime=0.14s  timestep= 0s  day=0.00116
2023/07/17 19:25:18 iteration 11915  walltime= 0.683h  Δwalltime=0.14s  timestep= 0s  day=0.00116
2023/07/17 19:25:20 iteration 11929  walltime= 0.683h  Δwalltime=0.14s  timestep= 0s  day=0.00116
2023/07/17 19:25:22 iteration 11943  walltime= 0.684h  Δwalltime=0.14s  timestep= 0s  day=0.00117
2023/07/17 19:25:24 iteration 11957  walltime= 0.685h  Δwalltime=0.14s  timestep= 0s  day=0.00117
2023/07/17 19:25:26 iteration 11971  walltime= 0.685h  Δwalltime=0.14s  timestep= 0s  day=0.00117
2023/07/17 19:25:28 iteration 11984  walltime= 0.686h  Δwalltime=0.14s  timestep= 0s  day=0.00117
2023/07/17 19:25:30 iteration 11997  walltime= 0.686h  Δwalltime=0.14s  timestep= 0s  day=0.00117
2023/07/17 19:25:32 iteration 12011  walltime= 0.687h  Δwalltime=0.14s  timestep= 0s  day=0.00117
2023/07/17 19:25:34 iteration 12025  walltime= 0.687h  Δwalltime=0.14s  timestep= 0s  day=0.00117
2023/07/17 19:25:36 iteration 12039  walltime= 0.688h  Δwalltime=0.14s  timestep= 0s  day=0.00118
2023/07/17 19:25:38 iteration 12052  walltime= 0.688h  Δwalltime=0.14s  timestep= 0s  day=0.00118
2023/07/17 19:25:40 iteration 12066  walltime= 0.689h  Δwalltime=0.14s  timestep= 0s  day=0.00118
2023/07/17 19:25:42 iteration 12079  walltime=  0.69h  Δwalltime=0.15s  timestep= 0s  day=0.00118
2023/07/17 19:25:44 iteration 12092  walltime=  0.69h  Δwalltime=0.14s  timestep= 0s  day=0.00118
2023/07/17 19:25:46 iteration 12105  walltime= 0.691h  Δwalltime=0.14s  timestep= 0s  day=0.00118
2023/07/17 19:25:48 iteration 12119  walltime= 0.691h  Δwalltime=0.14s  timestep= 0s  day=0.00118
2023/07/17 19:25:50 iteration 12128  walltime= 0.692h  Δwalltime=0.19s  timestep= 0s  day=0.00118
2023/07/17 19:25:52 iteration 12139  walltime= 0.692h  Δwalltime=0.16s  timestep= 0s  day=0.00119
2023/07/17 19:25:54 iteration 12153  walltime= 0.693h  Δwalltime=0.14s  timestep= 0s  day=0.00119
2023/07/17 19:25:56 iteration 12167  walltime= 0.693h  Δwalltime=0.14s  timestep= 0s  day=0.00119
2023/07/17 19:25:58 iteration 12180  walltime= 0.694h  Δwalltime=0.14s  timestep= 0s  day=0.00119
2023/07/17 19:26:00 iteration 12194  walltime= 0.695h  Δwalltime=0.14s  timestep= 0s  day=0.00119
2023/07/17 19:26:02 iteration 12207  walltime= 0.695h  Δwalltime=0.16s  timestep= 0s  day=0.00119
2023/07/17 19:26:04 iteration 12220  walltime= 0.696h  Δwalltime=0.15s  timestep= 0s  day=0.00119
2023/07/17 19:26:06 iteration 12233  walltime= 0.696h  Δwalltime=0.14s  timestep= 0s  day=0.00119
2023/07/17 19:26:08 iteration 12247  walltime= 0.697h  Δwalltime=0.14s  timestep= 0s  day=0.0012
2023/07/17 19:26:10 iteration 12260  walltime= 0.697h  Δwalltime=0.18s  timestep= 0s  day=0.0012
2023/07/17 19:26:12 iteration 12274  walltime= 0.698h  Δwalltime=0.21s  timestep= 0s  day=0.0012
2023/07/17 19:26:14 iteration 12287  walltime= 0.698h  Δwalltime=0.14s  timestep= 0s  day=0.0012
2023/07/17 19:26:16 iteration 12301  walltime= 0.699h  Δwalltime=0.14s  timestep= 0s  day=0.0012
2023/07/17 19:26:18 iteration 12313  walltime=   0.7h  Δwalltime=0.14s  timestep= 0s  day=0.0012
slurmstepd: error: *** JOB 39201474 ON bc11750 CANCELLED AT 2023-07-17T23:26:18 ***
