2023/08/18 23:41:42 Parsing output variable expressions...
2023/08/18 23:41:42 Loading emissions shapefile: /home/tfmrodge/scratch/GEMMACH_data/data/Inmap_outputs/Emissions/Emissions_shp/BASEGM_2015_E010_area_lcc.shp.
2023/08/18 23:42:30 Loading emissions shapefile: /home/tfmrodge/scratch/GEMMACH_data/data/Inmap_outputs/Emissions/Emissions_shp/BASEGM_2015_E010_major_lcc.shp.
2023/08/18 23:43:05 Loading CTM data...
2023/08/18 23:43:05 Reading input data...
panic: interface conversion: interface {} is nil, not string

goroutine 1 [running]:
github.com/spatialmodel/inmap.(*VarGridConfig).LoadCTMData(0xc000170880?, {0x201d940?, 0xc00029a028?})
	/home/tfmrodge/projects/def-agiang01/tfmrodge/InMAP_Canada/vargrid.go:170 +0xc35
github.com/spatialmodel/inmap/inmaputil.getCTMData({0xc000170880, 0x79}, 0xc00025da40?)
	/home/tfmrodge/projects/def-agiang01/tfmrodge/InMAP_Canada/inmaputil/inmap.go:46 +0xcb
github.com/spatialmodel/inmap/inmaputil.Run(0x6?, {_, _}, {_, _}, _, _, {_, _}, {0xc000836640, ...}, ...)
	/home/tfmrodge/projects/def-agiang01/tfmrodge/InMAP_Canada/inmaputil/inmap.go:211 +0x865
github.com/spatialmodel/inmap/inmaputil.InitializeConfig.func4(0xc000414000?, {0xc0002991c0?, 0x0?, 0x1?})
	/home/tfmrodge/projects/def-agiang01/tfmrodge/InMAP_Canada/inmaputil/cmd.go:175 +0x656
github.com/spf13/cobra.(*Command).execute(0xc000414000, {0xc000299190, 0x1, 0x1})
	/home/tfmrodge/go/pkg/mod/github.com/spf13/cobra@v0.0.3/command.go:762 +0x67c
github.com/spf13/cobra.(*Command).ExecuteC(0xc000313680)
	/home/tfmrodge/go/pkg/mod/github.com/spf13/cobra@v0.0.3/command.go:852 +0x2dc
github.com/spf13/cobra.(*Command).Execute(...)
	/home/tfmrodge/go/pkg/mod/github.com/spf13/cobra@v0.0.3/command.go:800
main.main()
	/home/tfmrodge/projects/def-agiang01/tfmrodge/InMAP_Canada/cmd/inmap/main.go:43 +0x68
