2023/07/25 18:18:30 Parsing output variable expressions...
2023/07/25 18:18:30 Loading emissions shapefile: /home/tfmrodge/scratch/GEMMACH_data/data/Inmap_outputs/Emissions/Emissions_shp/BASEGM_2015_E010_area_lcc2.shp.
2023/07/25 18:18:59 Loading emissions shapefile: /home/tfmrodge/scratch/GEMMACH_data/data/Inmap_outputs/Emissions/Emissions_shp/BASEGM_2015_E010_major_lcc2.shp.
2023/07/25 18:19:33 Loading CTM data...
2023/07/25 18:19:33 Reading input data...
2023/07/25 18:25:24 Loading population and mortality rate data...
2023/07/25 18:26:07 Initializing model...
2023/07/25 18:38:07 Emission totals:
2023/07/25 18:38:07 gOrg, NaN μg/s
2023/07/25 18:38:07 pOrg, 0 μg/s
2023/07/25 18:38:07 PM2_5, NaN μg/s
2023/07/25 18:38:07 gNH, NaN μg/s
2023/07/25 18:38:07 pNH, 0 μg/s
2023/07/25 18:38:07 gS, NaN μg/s
2023/07/25 18:38:07 pS, 0 μg/s
2023/07/25 18:38:07 gNO, NaN μg/s
2023/07/25 18:38:07 pNO, 0 μg/s
2023/07/25 18:38:07 iteration 1     walltime=   0.2h  Δwalltime=7.2e+02s  timestep= 0s  day=2.41e-07
2023/07/25 18:38:08 iteration 7     walltime=   0.2h  Δwalltime=0.18s  timestep= 0s  day=1.69e-06
2023/07/25 18:38:10 iteration 18    walltime= 0.201h  Δwalltime=0.19s  timestep= 0s  day=4.34e-06
2023/07/25 18:38:12 iteration 28    walltime= 0.202h  Δwalltime=0.18s  timestep= 0s  day=6.75e-06
2023/07/25 18:38:14 iteration 40    walltime= 0.202h  Δwalltime=0.14s  timestep= 0s  day=9.65e-06
2023/07/25 18:38:16 iteration 51    walltime= 0.203h  Δwalltime=0.16s  timestep= 0s  day=1.23e-05
2023/07/25 18:38:18 iteration 64    walltime= 0.203h  Δwalltime=0.16s  timestep= 0s  day=1.54e-05
2023/07/25 18:38:20 iteration 77    walltime= 0.204h  Δwalltime=0.15s  timestep= 0s  day=1.86e-05
2023/07/25 18:38:22 iteration 88    walltime= 0.204h  Δwalltime=0.15s  timestep= 0s  day=2.12e-05
2023/07/25 18:38:24 iteration 102   walltime= 0.205h  Δwalltime=0.14s  timestep= 0s  day=2.46e-05
2023/07/25 18:38:26 iteration 115   walltime= 0.205h  Δwalltime=0.14s  timestep= 0s  day=2.77e-05
2023/07/25 18:38:28 iteration 130   walltime= 0.206h  Δwalltime=0.14s  timestep= 0s  day=3.14e-05
2023/07/25 18:38:30 iteration 144   walltime= 0.207h  Δwalltime=0.14s  timestep= 0s  day=3.47e-05
2023/07/25 18:38:32 iteration 158   walltime= 0.207h  Δwalltime=0.14s  timestep= 0s  day=3.81e-05
2023/07/25 18:38:34 iteration 173   walltime= 0.208h  Δwalltime=0.15s  timestep= 0s  day=4.17e-05
2023/07/25 18:38:36 iteration 187   walltime= 0.208h  Δwalltime=0.14s  timestep= 0s  day=4.51e-05
2023/07/25 18:38:38 iteration 201   walltime= 0.209h  Δwalltime=0.14s  timestep= 0s  day=4.85e-05
2023/07/25 18:38:40 iteration 216   walltime= 0.209h  Δwalltime=0.14s  timestep= 0s  day=5.21e-05
2023/07/25 18:38:42 iteration 230   walltime=  0.21h  Δwalltime=0.14s  timestep= 0s  day=5.55e-05
2023/07/25 18:38:44 iteration 245   walltime=  0.21h  Δwalltime=0.18s  timestep= 0s  day=5.91e-05
2023/07/25 18:38:46 iteration 258   walltime= 0.211h  Δwalltime=0.15s  timestep= 0s  day=6.22e-05
2023/07/25 18:38:48 iteration 272   walltime= 0.212h  Δwalltime=0.14s  timestep= 0s  day=6.56e-05
2023/07/25 18:38:50 iteration 287   walltime= 0.212h  Δwalltime=0.14s  timestep= 0s  day=6.92e-05
2023/07/25 18:38:52 iteration 301   walltime= 0.213h  Δwalltime=0.14s  timestep= 0s  day=7.26e-05
2023/07/25 18:38:54 iteration 316   walltime= 0.213h  Δwalltime=0.14s  timestep= 0s  day=7.62e-05
2023/07/25 18:38:56 iteration 330   walltime= 0.214h  Δwalltime=0.14s  timestep= 0s  day=7.96e-05
2023/07/25 18:38:58 iteration 344   walltime= 0.214h  Δwalltime=0.19s  timestep= 0s  day=8.3e-05
2023/07/25 18:39:00 iteration 356   walltime= 0.215h  Δwalltime=0.14s  timestep= 0s  day=8.59e-05
2023/07/25 18:39:02 iteration 371   walltime= 0.215h  Δwalltime=0.14s  timestep= 0s  day=8.95e-05
2023/07/25 18:39:04 iteration 385   walltime= 0.216h  Δwalltime=0.14s  timestep= 0s  day=9.28e-05
2023/07/25 18:39:06 iteration 399   walltime= 0.217h  Δwalltime=0.14s  timestep= 0s  day=9.62e-05
2023/07/25 18:39:08 iteration 413   walltime= 0.217h  Δwalltime=0.18s  timestep= 0s  day=9.96e-05
2023/07/25 18:39:10 iteration 425   walltime= 0.218h  Δwalltime=0.15s  timestep= 0s  day=0.000102
2023/07/25 18:39:12 iteration 439   walltime= 0.218h  Δwalltime=0.14s  timestep= 0s  day=0.000106
2023/07/25 18:39:14 iteration 453   walltime= 0.219h  Δwalltime=0.14s  timestep= 0s  day=0.000109
2023/07/25 18:39:16 iteration 467   walltime= 0.219h  Δwalltime=0.14s  timestep= 0s  day=0.000113
2023/07/25 18:39:18 iteration 481   walltime=  0.22h  Δwalltime=0.14s  timestep= 0s  day=0.000116
2023/07/25 18:39:20 iteration 496   walltime=  0.22h  Δwalltime=0.13s  timestep= 0s  day=0.00012
2023/07/25 18:39:22 iteration 511   walltime= 0.221h  Δwalltime=0.14s  timestep= 0s  day=0.000123
2023/07/25 18:39:24 iteration 525   walltime= 0.222h  Δwalltime=0.14s  timestep= 0s  day=0.000127
2023/07/25 18:39:26 iteration 539   walltime= 0.222h  Δwalltime=0.14s  timestep= 0s  day=0.00013
2023/07/25 18:39:28 iteration 553   walltime= 0.223h  Δwalltime=0.14s  timestep= 0s  day=0.000133
2023/07/25 18:39:30 iteration 567   walltime= 0.223h  Δwalltime=0.14s  timestep= 0s  day=0.000137
2023/07/25 18:39:32 iteration 581   walltime= 0.224h  Δwalltime=0.14s  timestep= 0s  day=0.00014
2023/07/25 18:39:34 iteration 596   walltime= 0.224h  Δwalltime=0.14s  timestep= 0s  day=0.000144
2023/07/25 18:39:36 iteration 609   walltime= 0.225h  Δwalltime=0.14s  timestep= 0s  day=0.000147
2023/07/25 18:39:38 iteration 623   walltime= 0.225h  Δwalltime=0.14s  timestep= 0s  day=0.00015
2023/07/25 18:39:40 iteration 638   walltime= 0.226h  Δwalltime=0.14s  timestep= 0s  day=0.000154
2023/07/25 18:39:42 iteration 652   walltime= 0.227h  Δwalltime=0.14s  timestep= 0s  day=0.000157
2023/07/25 18:39:44 iteration 666   walltime= 0.227h  Δwalltime=0.14s  timestep= 0s  day=0.000161
2023/07/25 18:39:46 iteration 680   walltime= 0.228h  Δwalltime=0.14s  timestep= 0s  day=0.000164
2023/07/25 18:39:48 iteration 695   walltime= 0.228h  Δwalltime=0.14s  timestep= 0s  day=0.000168
2023/07/25 18:39:50 iteration 709   walltime= 0.229h  Δwalltime=0.14s  timestep= 0s  day=0.000171
2023/07/25 18:39:52 iteration 724   walltime= 0.229h  Δwalltime=0.14s  timestep= 0s  day=0.000175
2023/07/25 18:39:54 iteration 738   walltime=  0.23h  Δwalltime=0.14s  timestep= 0s  day=0.000178
2023/07/25 18:39:56 iteration 753   walltime=  0.23h  Δwalltime=0.14s  timestep= 0s  day=0.000182
2023/07/25 18:39:58 iteration 767   walltime= 0.231h  Δwalltime=0.14s  timestep= 0s  day=0.000185
2023/07/25 18:40:00 iteration 781   walltime= 0.232h  Δwalltime=0.14s  timestep= 0s  day=0.000188
2023/07/25 18:40:02 iteration 795   walltime= 0.232h  Δwalltime=0.14s  timestep= 0s  day=0.000192
2023/07/25 18:40:04 iteration 810   walltime= 0.233h  Δwalltime=0.14s  timestep= 0s  day=0.000195
2023/07/25 18:40:06 iteration 824   walltime= 0.233h  Δwalltime=0.14s  timestep= 0s  day=0.000199
2023/07/25 18:40:08 iteration 833   walltime= 0.234h  Δwalltime=0.18s  timestep= 0s  day=0.000201
2023/07/25 18:40:10 iteration 844   walltime= 0.234h  Δwalltime=0.18s  timestep= 0s  day=0.000204
2023/07/25 18:40:12 iteration 855   walltime= 0.235h  Δwalltime=0.18s  timestep= 0s  day=0.000206
2023/07/25 18:40:14 iteration 868   walltime= 0.235h  Δwalltime=0.14s  timestep= 0s  day=0.000209
2023/07/25 18:40:16 iteration 882   walltime= 0.236h  Δwalltime=0.14s  timestep= 0s  day=0.000213
2023/07/25 18:40:18 iteration 896   walltime= 0.237h  Δwalltime=0.14s  timestep= 0s  day=0.000216
2023/07/25 18:40:20 iteration 911   walltime= 0.237h  Δwalltime=0.13s  timestep= 0s  day=0.00022
2023/07/25 18:40:22 iteration 925   walltime= 0.238h  Δwalltime=0.14s  timestep= 0s  day=0.000223
2023/07/25 18:40:24 iteration 939   walltime= 0.238h  Δwalltime=0.14s  timestep= 0s  day=0.000226
2023/07/25 18:40:26 iteration 953   walltime= 0.239h  Δwalltime=0.14s  timestep= 0s  day=0.00023
2023/07/25 18:40:28 iteration 968   walltime= 0.239h  Δwalltime=0.14s  timestep= 0s  day=0.000233
2023/07/25 18:40:30 iteration 981   walltime=  0.24h  Δwalltime=0.14s  timestep= 0s  day=0.000237
2023/07/25 18:40:32 iteration 995   walltime=  0.24h  Δwalltime=0.14s  timestep= 0s  day=0.00024
2023/07/25 18:40:34 iteration 1009  walltime= 0.241h  Δwalltime=0.14s  timestep= 0s  day=0.000243
2023/07/25 18:40:36 iteration 1023  walltime= 0.242h  Δwalltime=0.14s  timestep= 0s  day=0.000247
2023/07/25 18:40:38 iteration 1038  walltime= 0.242h  Δwalltime=0.16s  timestep= 0s  day=0.00025
2023/07/25 18:40:40 iteration 1050  walltime= 0.243h  Δwalltime=0.15s  timestep= 0s  day=0.000253
2023/07/25 18:40:42 iteration 1063  walltime= 0.243h  Δwalltime=0.14s  timestep= 0s  day=0.000256
2023/07/25 18:40:44 iteration 1078  walltime= 0.244h  Δwalltime=0.14s  timestep= 0s  day=0.00026
2023/07/25 18:40:46 iteration 1092  walltime= 0.244h  Δwalltime=0.13s  timestep= 0s  day=0.000263
2023/07/25 18:40:48 iteration 1106  walltime= 0.245h  Δwalltime=0.14s  timestep= 0s  day=0.000267
2023/07/25 18:40:50 iteration 1121  walltime= 0.245h  Δwalltime=0.14s  timestep= 0s  day=0.00027
2023/07/25 18:40:52 iteration 1135  walltime= 0.246h  Δwalltime=0.14s  timestep= 0s  day=0.000274
2023/07/25 18:40:54 iteration 1149  walltime= 0.247h  Δwalltime=0.14s  timestep= 0s  day=0.000277
2023/07/25 18:40:56 iteration 1164  walltime= 0.247h  Δwalltime=0.14s  timestep= 0s  day=0.000281
2023/07/25 18:40:58 iteration 1178  walltime= 0.248h  Δwalltime=0.14s  timestep= 0s  day=0.000284
2023/07/25 18:41:00 iteration 1191  walltime= 0.248h  Δwalltime= 0.2s  timestep= 0s  day=0.000287
2023/07/25 18:41:02 iteration 1206  walltime= 0.249h  Δwalltime=0.14s  timestep= 0s  day=0.000291
2023/07/25 18:41:04 iteration 1220  walltime= 0.249h  Δwalltime=0.14s  timestep= 0s  day=0.000294
2023/07/25 18:41:06 iteration 1235  walltime=  0.25h  Δwalltime=0.13s  timestep= 0s  day=0.000298
2023/07/25 18:41:08 iteration 1249  walltime=  0.25h  Δwalltime=0.14s  timestep= 0s  day=0.000301
2023/07/25 18:41:10 iteration 1264  walltime= 0.251h  Δwalltime=0.14s  timestep= 0s  day=0.000305
2023/07/25 18:41:12 iteration 1279  walltime= 0.252h  Δwalltime=0.14s  timestep= 0s  day=0.000308
2023/07/25 18:41:14 iteration 1293  walltime= 0.252h  Δwalltime=0.14s  timestep= 0s  day=0.000312
2023/07/25 18:41:16 iteration 1307  walltime= 0.253h  Δwalltime=0.14s  timestep= 0s  day=0.000315
2023/07/25 18:41:18 iteration 1321  walltime= 0.253h  Δwalltime=0.15s  timestep= 0s  day=0.000319
2023/07/25 18:41:20 iteration 1336  walltime= 0.254h  Δwalltime=0.13s  timestep= 0s  day=0.000322
2023/07/25 18:41:22 iteration 1350  walltime= 0.254h  Δwalltime=0.14s  timestep= 0s  day=0.000326
2023/07/25 18:41:24 iteration 1364  walltime= 0.255h  Δwalltime=0.14s  timestep= 0s  day=0.000329
2023/07/25 18:41:26 iteration 1379  walltime= 0.255h  Δwalltime=0.13s  timestep= 0s  day=0.000333
2023/07/25 18:41:28 iteration 1393  walltime= 0.256h  Δwalltime=0.14s  timestep= 0s  day=0.000336
2023/07/25 18:41:30 iteration 1407  walltime= 0.257h  Δwalltime=0.14s  timestep= 0s  day=0.000339
2023/07/25 18:41:32 iteration 1421  walltime= 0.257h  Δwalltime=0.14s  timestep= 0s  day=0.000343
2023/07/25 18:41:34 iteration 1436  walltime= 0.258h  Δwalltime=0.14s  timestep= 0s  day=0.000346
2023/07/25 18:41:36 iteration 1450  walltime= 0.258h  Δwalltime=0.14s  timestep= 0s  day=0.00035
2023/07/25 18:41:38 iteration 1465  walltime= 0.259h  Δwalltime=0.14s  timestep= 0s  day=0.000353
2023/07/25 18:41:40 iteration 1480  walltime= 0.259h  Δwalltime=0.14s  timestep= 0s  day=0.000357
2023/07/25 18:41:42 iteration 1494  walltime=  0.26h  Δwalltime=0.15s  timestep= 0s  day=0.00036
2023/07/25 18:41:44 iteration 1509  walltime=  0.26h  Δwalltime=0.14s  timestep= 0s  day=0.000364
2023/07/25 18:41:46 iteration 1522  walltime= 0.261h  Δwalltime=0.14s  timestep= 0s  day=0.000367
2023/07/25 18:41:48 iteration 1537  walltime= 0.262h  Δwalltime=0.14s  timestep= 0s  day=0.000371
2023/07/25 18:41:50 iteration 1551  walltime= 0.262h  Δwalltime=0.14s  timestep= 0s  day=0.000374
2023/07/25 18:41:52 iteration 1565  walltime= 0.263h  Δwalltime=0.14s  timestep= 0s  day=0.000377
2023/07/25 18:41:54 iteration 1580  walltime= 0.263h  Δwalltime=0.14s  timestep= 0s  day=0.000381
2023/07/25 18:41:56 iteration 1594  walltime= 0.264h  Δwalltime=0.14s  timestep= 0s  day=0.000384
2023/07/25 18:41:58 iteration 1608  walltime= 0.264h  Δwalltime=0.15s  timestep= 0s  day=0.000388
2023/07/25 18:42:00 iteration 1622  walltime= 0.265h  Δwalltime=0.14s  timestep= 0s  day=0.000391
2023/07/25 18:42:02 iteration 1636  walltime= 0.265h  Δwalltime=0.14s  timestep= 0s  day=0.000395
2023/07/25 18:42:04 iteration 1650  walltime= 0.266h  Δwalltime=0.14s  timestep= 0s  day=0.000398
2023/07/25 18:42:06 iteration 1665  walltime= 0.267h  Δwalltime=0.14s  timestep= 0s  day=0.000402
2023/07/25 18:42:08 iteration 1677  walltime= 0.267h  Δwalltime=0.27s  timestep= 0s  day=0.000404
2023/07/25 18:42:10 iteration 1686  walltime= 0.268h  Δwalltime=0.19s  timestep= 0s  day=0.000407
2023/07/25 18:42:12 iteration 1696  walltime= 0.268h  Δwalltime=0.14s  timestep= 0s  day=0.000409
2023/07/25 18:42:14 iteration 1710  walltime= 0.269h  Δwalltime=0.14s  timestep= 0s  day=0.000412
2023/07/25 18:42:16 iteration 1723  walltime= 0.269h  Δwalltime=0.15s  timestep= 0s  day=0.000416
2023/07/25 18:42:18 iteration 1737  walltime=  0.27h  Δwalltime=0.14s  timestep= 0s  day=0.000419
2023/07/25 18:42:20 iteration 1751  walltime=  0.27h  Δwalltime=0.14s  timestep= 0s  day=0.000422
2023/07/25 18:42:22 iteration 1765  walltime= 0.271h  Δwalltime=0.14s  timestep= 0s  day=0.000426
2023/07/25 18:42:24 iteration 1779  walltime= 0.272h  Δwalltime=0.14s  timestep= 0s  day=0.000429
2023/07/25 18:42:26 iteration 1793  walltime= 0.272h  Δwalltime=0.14s  timestep= 0s  day=0.000432
2023/07/25 18:42:28 iteration 1807  walltime= 0.273h  Δwalltime=0.14s  timestep= 0s  day=0.000436
2023/07/25 18:42:30 iteration 1821  walltime= 0.273h  Δwalltime=0.14s  timestep= 0s  day=0.000439
2023/07/25 18:42:32 iteration 1835  walltime= 0.274h  Δwalltime=0.14s  timestep= 0s  day=0.000443
2023/07/25 18:42:34 iteration 1849  walltime= 0.274h  Δwalltime=0.14s  timestep= 0s  day=0.000446
2023/07/25 18:42:36 iteration 1863  walltime= 0.275h  Δwalltime=0.14s  timestep= 0s  day=0.000449
2023/07/25 18:42:38 iteration 1877  walltime= 0.275h  Δwalltime=0.14s  timestep= 0s  day=0.000453
2023/07/25 18:42:40 iteration 1891  walltime= 0.276h  Δwalltime=0.14s  timestep= 0s  day=0.000456
2023/07/25 18:42:42 iteration 1905  walltime= 0.277h  Δwalltime=0.14s  timestep= 0s  day=0.000459
2023/07/25 18:42:44 iteration 1919  walltime= 0.277h  Δwalltime=0.14s  timestep= 0s  day=0.000463
2023/07/25 18:42:46 iteration 1933  walltime= 0.278h  Δwalltime=0.14s  timestep= 0s  day=0.000466
2023/07/25 18:42:48 iteration 1947  walltime= 0.278h  Δwalltime=0.14s  timestep= 0s  day=0.00047
2023/07/25 18:42:50 iteration 1961  walltime= 0.279h  Δwalltime=0.17s  timestep= 0s  day=0.000473
2023/07/25 18:42:52 iteration 1974  walltime= 0.279h  Δwalltime=0.15s  timestep= 0s  day=0.000476
2023/07/25 18:42:54 iteration 1988  walltime=  0.28h  Δwalltime=0.14s  timestep= 0s  day=0.000479
2023/07/25 18:42:56 iteration 2001  walltime=  0.28h  Δwalltime=0.15s  timestep= 0s  day=0.000483
2023/07/25 18:42:58 iteration 2015  walltime= 0.281h  Δwalltime=0.14s  timestep= 0s  day=0.000486
2023/07/25 18:43:00 iteration 2028  walltime= 0.282h  Δwalltime=0.15s  timestep= 0s  day=0.000489
2023/07/25 18:43:02 iteration 2042  walltime= 0.282h  Δwalltime=0.14s  timestep= 0s  day=0.000492
2023/07/25 18:43:04 iteration 2056  walltime= 0.283h  Δwalltime=0.14s  timestep= 0s  day=0.000496
2023/07/25 18:43:06 iteration 2070  walltime= 0.283h  Δwalltime=0.14s  timestep= 0s  day=0.000499
2023/07/25 18:43:08 iteration 2084  walltime= 0.284h  Δwalltime=0.15s  timestep= 0s  day=0.000503
2023/07/25 18:43:10 iteration 2098  walltime= 0.284h  Δwalltime=0.14s  timestep= 0s  day=0.000506
2023/07/25 18:43:12 iteration 2112  walltime= 0.285h  Δwalltime=0.14s  timestep= 0s  day=0.000509
2023/07/25 18:43:14 iteration 2126  walltime= 0.285h  Δwalltime=0.14s  timestep= 0s  day=0.000513
2023/07/25 18:43:16 iteration 2139  walltime= 0.286h  Δwalltime=0.15s  timestep= 0s  day=0.000516
2023/07/25 18:43:18 iteration 2153  walltime= 0.287h  Δwalltime=0.14s  timestep= 0s  day=0.000519
2023/07/25 18:43:20 iteration 2166  walltime= 0.287h  Δwalltime=0.14s  timestep= 0s  day=0.000522
2023/07/25 18:43:22 iteration 2180  walltime= 0.288h  Δwalltime=0.14s  timestep= 0s  day=0.000526
2023/07/25 18:43:24 iteration 2193  walltime= 0.288h  Δwalltime=0.16s  timestep= 0s  day=0.000529
2023/07/25 18:43:26 iteration 2207  walltime= 0.289h  Δwalltime=0.14s  timestep= 0s  day=0.000532
2023/07/25 18:43:28 iteration 2221  walltime= 0.289h  Δwalltime=0.14s  timestep= 0s  day=0.000536
2023/07/25 18:43:30 iteration 2234  walltime=  0.29h  Δwalltime=0.15s  timestep= 0s  day=0.000539
2023/07/25 18:43:32 iteration 2248  walltime=  0.29h  Δwalltime=0.16s  timestep= 0s  day=0.000542
2023/07/25 18:43:34 iteration 2262  walltime= 0.291h  Δwalltime=0.14s  timestep= 0s  day=0.000545
2023/07/25 18:43:36 iteration 2276  walltime= 0.292h  Δwalltime=0.14s  timestep= 0s  day=0.000549
2023/07/25 18:43:38 iteration 2290  walltime= 0.292h  Δwalltime=0.17s  timestep= 0s  day=0.000552
2023/07/25 18:43:40 iteration 2302  walltime= 0.293h  Δwalltime=0.17s  timestep= 0s  day=0.000555
2023/07/25 18:43:42 iteration 2315  walltime= 0.293h  Δwalltime=0.15s  timestep= 0s  day=0.000558
2023/07/25 18:43:44 iteration 2329  walltime= 0.294h  Δwalltime=0.15s  timestep= 0s  day=0.000562
2023/07/25 18:43:46 iteration 2342  walltime= 0.294h  Δwalltime=0.14s  timestep= 0s  day=0.000565
2023/07/25 18:43:48 iteration 2355  walltime= 0.295h  Δwalltime=0.16s  timestep= 0s  day=0.000568
2023/07/25 18:43:50 iteration 2369  walltime= 0.295h  Δwalltime=0.14s  timestep= 0s  day=0.000571
2023/07/25 18:43:52 iteration 2382  walltime= 0.296h  Δwalltime=0.15s  timestep= 0s  day=0.000574
2023/07/25 18:43:54 iteration 2396  walltime= 0.297h  Δwalltime=0.14s  timestep= 0s  day=0.000578
2023/07/25 18:43:56 iteration 2410  walltime= 0.297h  Δwalltime=0.15s  timestep= 0s  day=0.000581
2023/07/25 18:43:58 iteration 2421  walltime= 0.298h  Δwalltime=0.15s  timestep= 0s  day=0.000584
2023/07/25 18:44:00 iteration 2435  walltime= 0.298h  Δwalltime=0.15s  timestep= 0s  day=0.000587
2023/07/25 18:44:02 iteration 2448  walltime= 0.299h  Δwalltime=0.14s  timestep= 0s  day=0.00059
2023/07/25 18:44:04 iteration 2462  walltime= 0.299h  Δwalltime=0.14s  timestep= 0s  day=0.000594
2023/07/25 18:44:06 iteration 2476  walltime=   0.3h  Δwalltime=0.14s  timestep= 0s  day=0.000597
2023/07/25 18:44:08 iteration 2489  walltime=   0.3h  Δwalltime=0.15s  timestep= 0s  day=0.0006
2023/07/25 18:44:10 iteration 2500  walltime= 0.301h  Δwalltime=0.23s  timestep= 0s  day=0.000603
2023/07/25 18:44:12 iteration 2510  walltime= 0.302h  Δwalltime=0.18s  timestep= 0s  day=0.000605
2023/07/25 18:44:14 iteration 2522  walltime= 0.302h  Δwalltime=0.15s  timestep= 0s  day=0.000608
2023/07/25 18:44:16 iteration 2536  walltime= 0.303h  Δwalltime=0.15s  timestep= 0s  day=0.000612
2023/07/25 18:44:18 iteration 2549  walltime= 0.303h  Δwalltime=0.15s  timestep= 0s  day=0.000615
2023/07/25 18:44:20 iteration 2563  walltime= 0.304h  Δwalltime=0.15s  timestep= 0s  day=0.000618
2023/07/25 18:44:22 iteration 2576  walltime= 0.304h  Δwalltime=0.15s  timestep= 0s  day=0.000621
2023/07/25 18:44:24 iteration 2590  walltime= 0.305h  Δwalltime=0.15s  timestep= 0s  day=0.000625
2023/07/25 18:44:26 iteration 2603  walltime= 0.305h  Δwalltime=0.15s  timestep= 0s  day=0.000628
2023/07/25 18:44:28 iteration 2616  walltime= 0.306h  Δwalltime=0.14s  timestep= 0s  day=0.000631
2023/07/25 18:44:30 iteration 2630  walltime= 0.307h  Δwalltime=0.14s  timestep= 0s  day=0.000634
2023/07/25 18:44:32 iteration 2641  walltime= 0.307h  Δwalltime=0.15s  timestep= 0s  day=0.000637
2023/07/25 18:44:34 iteration 2654  walltime= 0.308h  Δwalltime=0.14s  timestep= 0s  day=0.00064
2023/07/25 18:44:36 iteration 2667  walltime= 0.308h  Δwalltime=0.15s  timestep= 0s  day=0.000643
2023/07/25 18:44:38 iteration 2681  walltime= 0.309h  Δwalltime=0.15s  timestep= 0s  day=0.000647
2023/07/25 18:44:40 iteration 2695  walltime= 0.309h  Δwalltime=0.15s  timestep= 0s  day=0.00065
2023/07/25 18:44:42 iteration 2708  walltime=  0.31h  Δwalltime=0.15s  timestep= 0s  day=0.000653
2023/07/25 18:44:44 iteration 2722  walltime=  0.31h  Δwalltime=0.14s  timestep= 0s  day=0.000656
2023/07/25 18:44:46 iteration 2735  walltime= 0.311h  Δwalltime=0.14s  timestep= 0s  day=0.00066
2023/07/25 18:44:48 iteration 2749  walltime= 0.312h  Δwalltime=0.14s  timestep= 0s  day=0.000663
2023/07/25 18:44:50 iteration 2763  walltime= 0.312h  Δwalltime=0.15s  timestep= 0s  day=0.000666
2023/07/25 18:44:52 iteration 2776  walltime= 0.313h  Δwalltime=0.14s  timestep= 0s  day=0.000669
2023/07/25 18:44:54 iteration 2788  walltime= 0.313h  Δwalltime=0.14s  timestep= 0s  day=0.000672
2023/07/25 18:44:56 iteration 2802  walltime= 0.314h  Δwalltime=0.15s  timestep= 0s  day=0.000676
2023/07/25 18:44:58 iteration 2815  walltime= 0.314h  Δwalltime=0.14s  timestep= 0s  day=0.000679
2023/07/25 18:45:00 iteration 2829  walltime= 0.315h  Δwalltime=0.15s  timestep= 0s  day=0.000682
2023/07/25 18:45:02 iteration 2842  walltime= 0.315h  Δwalltime=0.14s  timestep= 0s  day=0.000685
2023/07/25 18:45:04 iteration 2856  walltime= 0.316h  Δwalltime=0.14s  timestep= 0s  day=0.000689
2023/07/25 18:45:06 iteration 2869  walltime= 0.317h  Δwalltime= 0.2s  timestep= 0s  day=0.000692
2023/07/25 18:45:08 iteration 2883  walltime= 0.317h  Δwalltime=0.16s  timestep= 0s  day=0.000695
2023/07/25 18:45:10 iteration 2894  walltime= 0.318h  Δwalltime=0.18s  timestep= 0s  day=0.000698
2023/07/25 18:45:12 iteration 2907  walltime= 0.318h  Δwalltime=0.15s  timestep= 0s  day=0.000701
2023/07/25 18:45:14 iteration 2921  walltime= 0.319h  Δwalltime=0.14s  timestep= 0s  day=0.000704
2023/07/25 18:45:16 iteration 2934  walltime= 0.319h  Δwalltime=0.15s  timestep= 0s  day=0.000708
2023/07/25 18:45:18 iteration 2948  walltime=  0.32h  Δwalltime=0.15s  timestep= 0s  day=0.000711
2023/07/25 18:45:20 iteration 2962  walltime=  0.32h  Δwalltime=0.15s  timestep= 0s  day=0.000714
2023/07/25 18:45:22 iteration 2975  walltime= 0.321h  Δwalltime=0.15s  timestep= 0s  day=0.000717
2023/07/25 18:45:24 iteration 2988  walltime= 0.322h  Δwalltime= 0.2s  timestep= 0s  day=0.000721
2023/07/25 18:45:26 iteration 3002  walltime= 0.322h  Δwalltime=0.14s  timestep= 0s  day=0.000724
2023/07/25 18:45:28 iteration 3015  walltime= 0.323h  Δwalltime=0.15s  timestep= 0s  day=0.000727
2023/07/25 18:45:30 iteration 3028  walltime= 0.323h  Δwalltime= 0.2s  timestep= 0s  day=0.00073
2023/07/25 18:45:32 iteration 3042  walltime= 0.324h  Δwalltime=0.15s  timestep= 0s  day=0.000734
2023/07/25 18:45:34 iteration 3055  walltime= 0.324h  Δwalltime=0.15s  timestep= 0s  day=0.000737
2023/07/25 18:45:36 iteration 3069  walltime= 0.325h  Δwalltime=0.15s  timestep= 0s  day=0.00074
2023/07/25 18:45:38 iteration 3082  walltime= 0.325h  Δwalltime=0.18s  timestep= 0s  day=0.000743
2023/07/25 18:45:40 iteration 3096  walltime= 0.326h  Δwalltime=0.14s  timestep= 0s  day=0.000747
2023/07/25 18:45:42 iteration 3109  walltime= 0.327h  Δwalltime=0.15s  timestep= 0s  day=0.00075
2023/07/25 18:45:44 iteration 3123  walltime= 0.327h  Δwalltime=0.15s  timestep= 0s  day=0.000753
2023/07/25 18:45:46 iteration 3136  walltime= 0.328h  Δwalltime=0.15s  timestep= 0s  day=0.000756
2023/07/25 18:45:48 iteration 3150  walltime= 0.328h  Δwalltime=0.15s  timestep= 0s  day=0.00076
2023/07/25 18:45:50 iteration 3163  walltime= 0.329h  Δwalltime=0.14s  timestep= 0s  day=0.000763
2023/07/25 18:45:52 iteration 3177  walltime= 0.329h  Δwalltime=0.14s  timestep= 0s  day=0.000766
2023/07/25 18:45:54 iteration 3191  walltime=  0.33h  Δwalltime= 0.2s  timestep= 0s  day=0.00077
2023/07/25 18:45:56 iteration 3202  walltime=  0.33h  Δwalltime=0.14s  timestep= 0s  day=0.000772
2023/07/25 18:45:58 iteration 3216  walltime= 0.331h  Δwalltime=0.15s  timestep= 0s  day=0.000776
2023/07/25 18:46:00 iteration 3229  walltime= 0.332h  Δwalltime=0.15s  timestep= 0s  day=0.000779
2023/07/25 18:46:02 iteration 3243  walltime= 0.332h  Δwalltime=0.15s  timestep= 0s  day=0.000782
2023/07/25 18:46:04 iteration 3256  walltime= 0.333h  Δwalltime=0.15s  timestep= 0s  day=0.000785
2023/07/25 18:46:06 iteration 3269  walltime= 0.333h  Δwalltime=0.15s  timestep= 0s  day=0.000788
2023/07/25 18:46:08 iteration 3283  walltime= 0.334h  Δwalltime=0.14s  timestep= 0s  day=0.000792
2023/07/25 18:46:10 iteration 3296  walltime= 0.334h  Δwalltime=0.14s  timestep= 0s  day=0.000795
2023/07/25 18:46:12 iteration 3305  walltime= 0.335h  Δwalltime=0.21s  timestep= 0s  day=0.000797
2023/07/25 18:46:14 iteration 3316  walltime= 0.335h  Δwalltime=0.17s  timestep= 0s  day=0.0008
2023/07/25 18:46:16 iteration 3328  walltime= 0.336h  Δwalltime=0.14s  timestep= 0s  day=0.000803
2023/07/25 18:46:18 iteration 3342  walltime= 0.337h  Δwalltime=0.15s  timestep= 0s  day=0.000806
2023/07/25 18:46:20 iteration 3355  walltime= 0.337h  Δwalltime=0.14s  timestep= 0s  day=0.000809
2023/07/25 18:46:22 iteration 3369  walltime= 0.338h  Δwalltime=0.15s  timestep= 0s  day=0.000812
2023/07/25 18:46:24 iteration 3383  walltime= 0.338h  Δwalltime=0.14s  timestep= 0s  day=0.000816
2023/07/25 18:46:26 iteration 3397  walltime= 0.339h  Δwalltime=0.14s  timestep= 0s  day=0.000819
2023/07/25 18:46:28 iteration 3410  walltime= 0.339h  Δwalltime=0.15s  timestep= 0s  day=0.000822
2023/07/25 18:46:30 iteration 3423  walltime=  0.34h  Δwalltime=0.14s  timestep= 0s  day=0.000825
2023/07/25 18:46:32 iteration 3437  walltime=  0.34h  Δwalltime=0.15s  timestep= 0s  day=0.000829
2023/07/25 18:46:34 iteration 3450  walltime= 0.341h  Δwalltime=0.14s  timestep= 0s  day=0.000832
2023/07/25 18:46:36 iteration 3464  walltime= 0.342h  Δwalltime=0.14s  timestep= 0s  day=0.000835
2023/07/25 18:46:38 iteration 3477  walltime= 0.342h  Δwalltime=0.17s  timestep= 0s  day=0.000838
2023/07/25 18:46:40 iteration 3489  walltime= 0.343h  Δwalltime=0.18s  timestep= 0s  day=0.000841
2023/07/25 18:46:42 iteration 3502  walltime= 0.343h  Δwalltime=0.14s  timestep= 0s  day=0.000845
2023/07/25 18:46:44 iteration 3516  walltime= 0.344h  Δwalltime=0.14s  timestep= 0s  day=0.000848
2023/07/25 18:46:46 iteration 3529  walltime= 0.344h  Δwalltime=0.14s  timestep= 0s  day=0.000851
2023/07/25 18:46:48 iteration 3543  walltime= 0.345h  Δwalltime=0.15s  timestep= 0s  day=0.000854
2023/07/25 18:46:50 iteration 3556  walltime= 0.345h  Δwalltime=0.14s  timestep= 0s  day=0.000858
2023/07/25 18:46:52 iteration 3570  walltime= 0.346h  Δwalltime=0.14s  timestep= 0s  day=0.000861
2023/07/25 18:46:54 iteration 3584  walltime= 0.347h  Δwalltime=0.14s  timestep= 0s  day=0.000864
2023/07/25 18:46:56 iteration 3598  walltime= 0.347h  Δwalltime=0.14s  timestep= 0s  day=0.000868
2023/07/25 18:46:58 iteration 3611  walltime= 0.348h  Δwalltime=0.14s  timestep= 0s  day=0.000871
2023/07/25 18:47:00 iteration 3624  walltime= 0.348h  Δwalltime= 0.2s  timestep= 0s  day=0.000874
2023/07/25 18:47:02 iteration 3638  walltime= 0.349h  Δwalltime=0.19s  timestep= 0s  day=0.000877
2023/07/25 18:47:04 iteration 3652  walltime= 0.349h  Δwalltime=0.14s  timestep= 0s  day=0.000881
2023/07/25 18:47:06 iteration 3665  walltime=  0.35h  Δwalltime=0.15s  timestep= 0s  day=0.000884
2023/07/25 18:47:08 iteration 3679  walltime=  0.35h  Δwalltime=0.15s  timestep= 0s  day=0.000887
2023/07/25 18:47:10 iteration 3692  walltime= 0.351h  Δwalltime=0.15s  timestep= 0s  day=0.00089
2023/07/25 18:47:12 iteration 3706  walltime= 0.352h  Δwalltime=0.14s  timestep= 0s  day=0.000894
2023/07/25 18:47:14 iteration 3719  walltime= 0.352h  Δwalltime=0.14s  timestep= 0s  day=0.000897
2023/07/25 18:47:16 iteration 3732  walltime= 0.353h  Δwalltime=0.15s  timestep= 0s  day=0.0009
2023/07/25 18:47:18 iteration 3746  walltime= 0.353h  Δwalltime=0.14s  timestep= 0s  day=0.000903
2023/07/25 18:47:20 iteration 3758  walltime= 0.354h  Δwalltime=0.14s  timestep= 0s  day=0.000906
2023/07/25 18:47:22 iteration 3771  walltime= 0.354h  Δwalltime=0.14s  timestep= 0s  day=0.000909
2023/07/25 18:47:24 iteration 3785  walltime= 0.355h  Δwalltime=0.14s  timestep= 0s  day=0.000913
2023/07/25 18:47:26 iteration 3798  walltime= 0.355h  Δwalltime=0.15s  timestep= 0s  day=0.000916
2023/07/25 18:47:28 iteration 3812  walltime= 0.356h  Δwalltime=0.14s  timestep= 0s  day=0.000919
2023/07/25 18:47:30 iteration 3825  walltime= 0.357h  Δwalltime=0.15s  timestep= 0s  day=0.000922
2023/07/25 18:47:32 iteration 3838  walltime= 0.357h  Δwalltime=0.15s  timestep= 0s  day=0.000926
2023/07/25 18:47:34 iteration 3852  walltime= 0.358h  Δwalltime=0.15s  timestep= 0s  day=0.000929
2023/07/25 18:47:36 iteration 3865  walltime= 0.358h  Δwalltime=0.14s  timestep= 0s  day=0.000932
2023/07/25 18:47:38 iteration 3879  walltime= 0.359h  Δwalltime=0.14s  timestep= 0s  day=0.000935
2023/07/25 18:47:40 iteration 3893  walltime= 0.359h  Δwalltime=0.14s  timestep= 0s  day=0.000939
2023/07/25 18:47:42 iteration 3907  walltime=  0.36h  Δwalltime=0.14s  timestep= 0s  day=0.000942
2023/07/25 18:47:44 iteration 3920  walltime=  0.36h  Δwalltime=0.15s  timestep= 0s  day=0.000945
2023/07/25 18:47:46 iteration 3933  walltime= 0.361h  Δwalltime=0.14s  timestep= 0s  day=0.000948
2023/07/25 18:47:48 iteration 3947  walltime= 0.362h  Δwalltime=0.15s  timestep= 0s  day=0.000952
2023/07/25 18:47:50 iteration 3960  walltime= 0.362h  Δwalltime=0.14s  timestep= 0s  day=0.000955
2023/07/25 18:47:52 iteration 3974  walltime= 0.363h  Δwalltime=0.14s  timestep= 0s  day=0.000958
2023/07/25 18:47:54 iteration 3987  walltime= 0.363h  Δwalltime=0.15s  timestep= 0s  day=0.000961
2023/07/25 18:47:56 iteration 4000  walltime= 0.364h  Δwalltime=0.14s  timestep= 0s  day=0.000965
2023/07/25 18:47:58 iteration 4014  walltime= 0.364h  Δwalltime=0.14s  timestep= 0s  day=0.000968
2023/07/25 18:48:00 iteration 4027  walltime= 0.365h  Δwalltime=0.14s  timestep= 0s  day=0.000971
2023/07/25 18:48:02 iteration 4041  walltime= 0.365h  Δwalltime=0.16s  timestep= 0s  day=0.000975
2023/07/25 18:48:04 iteration 4055  walltime= 0.366h  Δwalltime=0.15s  timestep= 0s  day=0.000978
2023/07/25 18:48:06 iteration 4068  walltime= 0.367h  Δwalltime=0.15s  timestep= 0s  day=0.000981
2023/07/25 18:48:08 iteration 4082  walltime= 0.367h  Δwalltime=0.17s  timestep= 0s  day=0.000984
2023/07/25 18:48:10 iteration 4094  walltime= 0.368h  Δwalltime=0.15s  timestep= 0s  day=0.000987
2023/07/25 18:48:12 iteration 4107  walltime= 0.368h  Δwalltime=0.17s  timestep= 0s  day=0.00099
2023/07/25 18:48:14 iteration 4115  walltime= 0.369h  Δwalltime=0.19s  timestep= 0s  day=0.000992
2023/07/25 18:48:16 iteration 4126  walltime= 0.369h  Δwalltime=0.14s  timestep= 0s  day=0.000995
2023/07/25 18:48:18 iteration 4140  walltime=  0.37h  Δwalltime=0.15s  timestep= 0s  day=0.000998
2023/07/25 18:48:20 iteration 4154  walltime=  0.37h  Δwalltime=0.15s  timestep= 0s  day=0.001
2023/07/25 18:48:22 iteration 4166  walltime= 0.371h  Δwalltime=0.15s  timestep= 0s  day=0.001
2023/07/25 18:48:24 iteration 4180  walltime= 0.372h  Δwalltime=0.15s  timestep= 0s  day=0.00101
2023/07/25 18:48:26 iteration 4194  walltime= 0.372h  Δwalltime=0.14s  timestep= 0s  day=0.00101
2023/07/25 18:48:28 iteration 4208  walltime= 0.373h  Δwalltime=0.15s  timestep= 0s  day=0.00101
2023/07/25 18:48:30 iteration 4220  walltime= 0.373h  Δwalltime=0.19s  timestep= 0s  day=0.00102
2023/07/25 18:48:32 iteration 4234  walltime= 0.374h  Δwalltime=0.15s  timestep= 0s  day=0.00102
2023/07/25 18:48:34 iteration 4248  walltime= 0.374h  Δwalltime=0.15s  timestep= 0s  day=0.00102
2023/07/25 18:48:36 iteration 4261  walltime= 0.375h  Δwalltime=0.14s  timestep= 0s  day=0.00103
2023/07/25 18:48:38 iteration 4275  walltime= 0.375h  Δwalltime=0.14s  timestep= 0s  day=0.00103
2023/07/25 18:48:40 iteration 4288  walltime= 0.376h  Δwalltime=0.14s  timestep= 0s  day=0.00103
2023/07/25 18:48:42 iteration 4302  walltime= 0.377h  Δwalltime=0.15s  timestep= 0s  day=0.00104
2023/07/25 18:48:44 iteration 4316  walltime= 0.377h  Δwalltime=0.14s  timestep= 0s  day=0.00104
2023/07/25 18:48:46 iteration 4329  walltime= 0.378h  Δwalltime=0.15s  timestep= 0s  day=0.00104
2023/07/25 18:48:48 iteration 4343  walltime= 0.378h  Δwalltime=0.14s  timestep= 0s  day=0.00105
2023/07/25 18:48:50 iteration 4357  walltime= 0.379h  Δwalltime=0.15s  timestep= 0s  day=0.00105
2023/07/25 18:48:52 iteration 4370  walltime= 0.379h  Δwalltime=0.14s  timestep= 0s  day=0.00105
2023/07/25 18:48:54 iteration 4383  walltime=  0.38h  Δwalltime=0.17s  timestep= 0s  day=0.00106
2023/07/25 18:48:56 iteration 4397  walltime=  0.38h  Δwalltime=0.14s  timestep= 0s  day=0.00106
2023/07/25 18:48:58 iteration 4409  walltime= 0.381h  Δwalltime=0.18s  timestep= 0s  day=0.00106
2023/07/25 18:49:00 iteration 4422  walltime= 0.382h  Δwalltime=0.14s  timestep= 0s  day=0.00107
2023/07/25 18:49:02 iteration 4436  walltime= 0.382h  Δwalltime=0.14s  timestep= 0s  day=0.00107
2023/07/25 18:49:04 iteration 4449  walltime= 0.383h  Δwalltime=0.14s  timestep= 0s  day=0.00107
2023/07/25 18:49:06 iteration 4463  walltime= 0.383h  Δwalltime=0.14s  timestep= 0s  day=0.00108
2023/07/25 18:49:08 iteration 4477  walltime= 0.384h  Δwalltime=0.14s  timestep= 0s  day=0.00108
2023/07/25 18:49:10 iteration 4490  walltime= 0.384h  Δwalltime=0.14s  timestep= 0s  day=0.00108
2023/07/25 18:49:12 iteration 4504  walltime= 0.385h  Δwalltime=0.15s  timestep= 0s  day=0.00109
2023/07/25 18:49:14 iteration 4518  walltime= 0.385h  Δwalltime=0.14s  timestep= 0s  day=0.00109
2023/07/25 18:49:16 iteration 4531  walltime= 0.386h  Δwalltime=0.15s  timestep= 0s  day=0.00109
2023/07/25 18:49:18 iteration 4544  walltime= 0.387h  Δwalltime=0.15s  timestep= 0s  day=0.0011
2023/07/25 18:49:20 iteration 4558  walltime= 0.387h  Δwalltime=0.14s  timestep= 0s  day=0.0011
2023/07/25 18:49:22 iteration 4571  walltime= 0.388h  Δwalltime=0.14s  timestep= 0s  day=0.0011
2023/07/25 18:49:24 iteration 4584  walltime= 0.388h  Δwalltime=0.18s  timestep= 0s  day=0.00111
2023/07/25 18:49:26 iteration 4598  walltime= 0.389h  Δwalltime=0.15s  timestep= 0s  day=0.00111
2023/07/25 18:49:28 iteration 4612  walltime= 0.389h  Δwalltime=0.15s  timestep= 0s  day=0.00111
2023/07/25 18:49:30 iteration 4625  walltime=  0.39h  Δwalltime=0.15s  timestep= 0s  day=0.00112
2023/07/25 18:49:32 iteration 4639  walltime=  0.39h  Δwalltime=0.14s  timestep= 0s  day=0.00112
2023/07/25 18:49:34 iteration 4653  walltime= 0.391h  Δwalltime=0.14s  timestep= 0s  day=0.00112
slurmstepd: error: *** JOB 39342795 ON bc11746 CANCELLED AT 2023-07-25T22:49:36 ***
