2023/06/08 18:55:06 Read 1 records of H from /home/tfmrodge//scratch/GEMMACH_data/data/nc3/BASEGM_2015_017/2019-02-01_00_00_00_gemmach.nc
2023/06/08 18:55:06 Read 1 records of H from /home/tfmrodge//scratch/GEMMACH_data/data/nc3/BASEGM_2015_017/2019-02-01_01_00_00_gemmach.nc
2023/06/08 18:55:06 Read 1 records of H from /home/tfmrodge//scratch/GEMMACH_data/data/nc3/BASEGM_2015_017/2019-02-01_02_00_00_gemmach.nc
2023/06/08 18:55:06 Read 1 records of H from /home/tfmrodge//scratch/GEMMACH_data/data/nc3/BASEGM_2015_017/2019-02-01_03_00_00_gemmach.nc
2023/06/08 18:55:07 Read 1 records of H from /home/tfmrodge//scratch/GEMMACH_data/data/nc3/BASEGM_2015_017/2019-02-01_04_00_00_gemmach.nc
2023/06/08 18:55:07 Read 1 records of H from /home/tfmrodge//scratch/GEMMACH_data/data/nc3/BASEGM_2015_017/2019-02-01_05_00_00_gemmach.nc
2023/06/08 18:55:07 Read 1 records of H from /home/tfmrodge//scratch/GEMMACH_data/data/nc3/BASEGM_2015_017/2019-02-01_06_00_00_gemmach.nc
2023/06/08 18:55:07 Read 1 records of H from /home/tfmrodge//scratch/GEMMACH_data/data/nc3/BASEGM_2015_017/2019-02-01_07_00_00_gemmach.nc
2023/06/08 18:55:07 Read 1 records of H from /home/tfmrodge//scratch/GEMMACH_data/data/nc3/BASEGM_2015_017/2019-02-01_08_00_00_gemmach.nc
2023/06/08 18:55:07 Read 1 records of H from /home/tfmrodge//scratch/GEMMACH_data/data/nc3/BASEGM_2015_017/2019-02-01_09_00_00_gemmach.nc
2023/06/08 18:55:08 Read 1 records of H from /home/tfmrodge//scratch/GEMMACH_data/data/nc3/BASEGM_2015_017/2019-02-01_10_00_00_gemmach.nc
2023/06/08 18:55:08 Read 1 records of H from /home/tfmrodge//scratch/GEMMACH_data/data/nc3/BASEGM_2015_017/2019-02-01_11_00_00_gemmach.nc
2023/06/08 18:55:08 Read 1 records of H from /home/tfmrodge//scratch/GEMMACH_data/data/nc3/BASEGM_2015_017/2019-02-01_12_00_00_gemmach.nc
2023/06/08 18:55:08 Read 1 records of H from /home/tfmrodge//scratch/GEMMACH_data/data/nc3/BASEGM_2015_017/2019-02-01_13_00_00_gemmach.nc
2023/06/08 18:55:08 Read 1 records of H from /home/tfmrodge//scratch/GEMMACH_data/data/nc3/BASEGM_2015_017/2019-02-01_14_00_00_gemmach.nc
2023/06/08 18:55:09 Read 1 records of GZ from /home/tfmrodge//scratch/GEMMACH_data/data/nc3/BASEGM_2015_017/2019-02-01_00_00_00_gemmach.nc
2023/06/08 18:55:09 Read 1 records of H from /home/tfmrodge//scratch/GEMMACH_data/data/nc3/BASEGM_2015_017/2019-02-01_15_00_00_gemmach.nc
2023/06/08 18:55:09 Read 1 records of UU from /home/tfmrodge//scratch/GEMMACH_data/data/nc3/BASEGM_2015_017/2019-02-01_00_00_00_gemmach.nc
2023/06/08 18:55:09 Read 1 records of H from /home/tfmrodge//scratch/GEMMACH_data/data/nc3/BASEGM_2015_017/2019-02-01_16_00_00_gemmach.nc
2023/06/08 18:55:10 Read 1 records of H from /home/tfmrodge//scratch/GEMMACH_data/data/nc3/BASEGM_2015_017/2019-02-01_17_00_00_gemmach.nc
2023/06/08 18:55:10 Read 1 records of H from /home/tfmrodge//scratch/GEMMACH_data/data/nc3/BASEGM_2015_017/2019-02-01_18_00_00_gemmach.nc
2023/06/08 18:55:10 Read 1 records of H from /home/tfmrodge//scratch/GEMMACH_data/data/nc3/BASEGM_2015_017/2019-02-01_19_00_00_gemmach.nc
2023/06/08 18:55:11 Read 1 records of H from /home/tfmrodge//scratch/GEMMACH_data/data/nc3/BASEGM_2015_017/2019-02-01_20_00_00_gemmach.nc
2023/06/08 18:55:12 Read 1 records of H from /home/tfmrodge//scratch/GEMMACH_data/data/nc3/BASEGM_2015_017/2019-02-01_21_00_00_gemmach.nc
2023/06/08 18:55:12 Read 1 records of H from /home/tfmrodge//scratch/GEMMACH_data/data/nc3/BASEGM_2015_017/2019-02-01_22_00_00_gemmach.nc
2023/06/08 18:55:12 Read 1 records of H from /home/tfmrodge//scratch/GEMMACH_data/data/nc3/BASEGM_2015_017/2019-02-01_23_00_00_gemmach.nc
2023/06/08 18:55:12 Read 1 records of H from /home/tfmrodge//scratch/GEMMACH_data/data/nc3/BASEGM_2015_017/2019-02-02_00_00_00_gemmach.nc
2023/06/08 18:55:12 Read 1 records of H from /home/tfmrodge//scratch/GEMMACH_data/data/nc3/BASEGM_2015_017/2019-02-02_01_00_00_gemmach.nc
2023/06/08 18:55:12 Read 1 records of H from /home/tfmrodge//scratch/GEMMACH_data/data/nc3/BASEGM_2015_017/2019-02-02_02_00_00_gemmach.nc
2023/06/08 18:55:13 Read 1 records of H from /home/tfmrodge//scratch/GEMMACH_data/data/nc3/BASEGM_2015_017/2019-02-02_03_00_00_gemmach.nc
2023/06/08 18:55:13 Read 1 records of H from /home/tfmrodge//scratch/GEMMACH_data/data/nc3/BASEGM_2015_017/2019-02-02_04_00_00_gemmach.nc
2023/06/08 18:55:13 Read 1 records of H from /home/tfmrodge//scratch/GEMMACH_data/data/nc3/BASEGM_2015_017/2019-02-02_05_00_00_gemmach.nc
2023/06/08 18:55:13 Read 1 records of H from /home/tfmrodge//scratch/GEMMACH_data/data/nc3/BASEGM_2015_017/2019-02-02_06_00_00_gemmach.nc
2023/06/08 18:55:13 Read 1 records of H from /home/tfmrodge//scratch/GEMMACH_data/data/nc3/BASEGM_2015_017/2019-02-02_07_00_00_gemmach.nc
2023/06/08 18:55:13 Read 1 records of H from /home/tfmrodge//scratch/GEMMACH_data/data/nc3/BASEGM_2015_017/2019-02-02_08_00_00_gemmach.nc
2023/06/08 18:55:14 Read 1 records of H from /home/tfmrodge//scratch/GEMMACH_data/data/nc3/BASEGM_2015_017/2019-02-02_09_00_00_gemmach.nc
2023/06/08 18:55:14 Read 1 records of H from /home/tfmrodge//scratch/GEMMACH_data/data/nc3/BASEGM_2015_017/2019-02-02_10_00_00_gemmach.nc
2023/06/08 18:55:14 Read 1 records of TAM1 from /home/tfmrodge//scratch/GEMMACH_data/data/nc3/BASEGM_2015_017/2019-02-01_00_00_00_gemmach.nc
2023/06/08 18:55:14 Read 1 records of H from /home/tfmrodge//scratch/GEMMACH_data/data/nc3/BASEGM_2015_017/2019-02-02_11_00_00_gemmach.nc
2023/06/08 18:55:14 Read 1 records of H from /home/tfmrodge//scratch/GEMMACH_data/data/nc3/BASEGM_2015_017/2019-02-02_12_00_00_gemmach.nc
2023/06/08 18:55:15 Read 1 records of UU from /home/tfmrodge//scratch/GEMMACH_data/data/nc3/BASEGM_2015_017/2019-02-01_00_00_00_gemmach.nc
2023/06/08 18:55:15 Read 1 records of H from /home/tfmrodge//scratch/GEMMACH_data/data/nc3/BASEGM_2015_017/2019-02-02_13_00_00_gemmach.nc
2023/06/08 18:55:15 Read 1 records of H from /home/tfmrodge//scratch/GEMMACH_data/data/nc3/BASEGM_2015_017/2019-02-02_14_00_00_gemmach.nc
2023/06/08 18:55:16 Read 1 records of H from /home/tfmrodge//scratch/GEMMACH_data/data/nc3/BASEGM_2015_017/2019-02-02_15_00_00_gemmach.nc
2023/06/08 18:55:16 Read 1 records of H from /home/tfmrodge//scratch/GEMMACH_data/data/nc3/BASEGM_2015_017/2019-02-02_16_00_00_gemmach.nc
2023/06/08 18:55:16 Read 1 records of H from /home/tfmrodge//scratch/GEMMACH_data/data/nc3/BASEGM_2015_017/2019-02-02_17_00_00_gemmach.nc
2023/06/08 18:55:17 Read 1 records of H from /home/tfmrodge//scratch/GEMMACH_data/data/nc3/BASEGM_2015_017/2019-02-02_18_00_00_gemmach.nc
2023/06/08 18:55:17 Read 1 records of H from /home/tfmrodge//scratch/GEMMACH_data/data/nc3/BASEGM_2015_017/2019-02-02_19_00_00_gemmach.nc
2023/06/08 18:55:18 Read 1 records of H from /home/tfmrodge//scratch/GEMMACH_data/data/nc3/BASEGM_2015_017/2019-02-02_20_00_00_gemmach.nc
2023/06/08 18:55:18 Read 1 records of H from /home/tfmrodge//scratch/GEMMACH_data/data/nc3/BASEGM_2015_017/2019-02-02_21_00_00_gemmach.nc
2023/06/08 18:55:19 Read 1 records of H from /home/tfmrodge//scratch/GEMMACH_data/data/nc3/BASEGM_2015_017/2019-02-02_22_00_00_gemmach.nc
2023/06/08 18:55:19 Read 1 records of H from /home/tfmrodge//scratch/GEMMACH_data/data/nc3/BASEGM_2015_017/2019-02-02_23_00_00_gemmach.nc
2023/06/08 18:55:19 Read 1 records of H from /home/tfmrodge//scratch/GEMMACH_data/data/nc3/BASEGM_2015_017/2019-02-03_00_00_00_gemmach.nc
2023/06/08 18:55:20 Read 1 records of H from /home/tfmrodge//scratch/GEMMACH_data/data/nc3/BASEGM_2015_017/2019-02-03_01_00_00_gemmach.nc
2023/06/08 18:55:20 Read 1 records of H from /home/tfmrodge//scratch/GEMMACH_data/data/nc3/BASEGM_2015_017/2019-02-03_02_00_00_gemmach.nc
2023/06/08 18:55:20 Read 1 records of H from /home/tfmrodge//scratch/GEMMACH_data/data/nc3/BASEGM_2015_017/2019-02-03_03_00_00_gemmach.nc
2023/06/08 18:55:21 Read 1 records of H from /home/tfmrodge//scratch/GEMMACH_data/data/nc3/BASEGM_2015_017/2019-02-03_04_00_00_gemmach.nc
2023/06/08 18:55:21 Read 1 records of H from /home/tfmrodge//scratch/GEMMACH_data/data/nc3/BASEGM_2015_017/2019-02-03_05_00_00_gemmach.nc
2023/06/08 18:55:21 Read 1 records of H from /home/tfmrodge//scratch/GEMMACH_data/data/nc3/BASEGM_2015_017/2019-02-03_06_00_00_gemmach.nc
2023/06/08 18:55:21 Read 1 records of H from /home/tfmrodge//scratch/GEMMACH_data/data/nc3/BASEGM_2015_017/2019-02-03_07_00_00_gemmach.nc
2023/06/08 18:55:21 Read 1 records of VV from /home/tfmrodge//scratch/GEMMACH_data/data/nc3/BASEGM_2015_017/2019-02-01_00_00_00_gemmach.nc
2023/06/08 18:55:21 Read 1 records of H from /home/tfmrodge//scratch/GEMMACH_data/data/nc3/BASEGM_2015_017/2019-02-03_08_00_00_gemmach.nc
2023/06/08 18:55:21 Read 1 records of H from /home/tfmrodge//scratch/GEMMACH_data/data/nc3/BASEGM_2015_017/2019-02-03_09_00_00_gemmach.nc
2023/06/08 18:55:22 Read 1 records of H from /home/tfmrodge//scratch/GEMMACH_data/data/nc3/BASEGM_2015_017/2019-02-03_10_00_00_gemmach.nc
2023/06/08 18:55:22 Read 1 records of H from /home/tfmrodge//scratch/GEMMACH_data/data/nc3/BASEGM_2015_017/2019-02-03_11_00_00_gemmach.nc
2023/06/08 18:55:22 Read 1 records of H from /home/tfmrodge//scratch/GEMMACH_data/data/nc3/BASEGM_2015_017/2019-02-03_12_00_00_gemmach.nc
2023/06/08 18:55:22 Read 1 records of H from /home/tfmrodge//scratch/GEMMACH_data/data/nc3/BASEGM_2015_017/2019-02-03_13_00_00_gemmach.nc
2023/06/08 18:55:22 Read 1 records of H from /home/tfmrodge//scratch/GEMMACH_data/data/nc3/BASEGM_2015_017/2019-02-03_14_00_00_gemmach.nc
2023/06/08 18:55:22 Read 1 records of H from /home/tfmrodge//scratch/GEMMACH_data/data/nc3/BASEGM_2015_017/2019-02-03_15_00_00_gemmach.nc
2023/06/08 18:55:23 Read 1 records of H from /home/tfmrodge//scratch/GEMMACH_data/data/nc3/BASEGM_2015_017/2019-02-03_16_00_00_gemmach.nc
2023/06/08 18:55:23 Read 1 records of H from /home/tfmrodge//scratch/GEMMACH_data/data/nc3/BASEGM_2015_017/2019-02-03_17_00_00_gemmach.nc
2023/06/08 18:55:23 Read 1 records of H from /home/tfmrodge//scratch/GEMMACH_data/data/nc3/BASEGM_2015_017/2019-02-03_18_00_00_gemmach.nc
2023/06/08 18:55:23 Read 1 records of H from /home/tfmrodge//scratch/GEMMACH_data/data/nc3/BASEGM_2015_017/2019-02-03_19_00_00_gemmach.nc
2023/06/08 18:55:24 Read 1 records of H from /home/tfmrodge//scratch/GEMMACH_data/data/nc3/BASEGM_2015_017/2019-02-03_20_00_00_gemmach.nc
2023/06/08 18:55:24 Read 1 records of GZ from /home/tfmrodge//scratch/GEMMACH_data/data/nc3/BASEGM_2015_017/2019-02-01_01_00_00_gemmach.nc
2023/06/08 18:55:24 Read 1 records of H from /home/tfmrodge//scratch/GEMMACH_data/data/nc3/BASEGM_2015_017/2019-02-03_21_00_00_gemmach.nc
2023/06/08 18:55:25 Read 1 records of TAM1 from /home/tfmrodge//scratch/GEMMACH_data/data/nc3/BASEGM_2015_017/2019-02-01_00_00_00_gemmach.nc
2023/06/08 18:55:25 Read 1 records of H from /home/tfmrodge//scratch/GEMMACH_data/data/nc3/BASEGM_2015_017/2019-02-03_22_00_00_gemmach.nc
2023/06/08 18:55:26 Read 1 records of H from /home/tfmrodge//scratch/GEMMACH_data/data/nc3/BASEGM_2015_017/2019-02-03_23_00_00_gemmach.nc
2023/06/08 18:55:26 Read 1 records of H from /home/tfmrodge//scratch/GEMMACH_data/data/nc3/BASEGM_2015_017/2019-02-04_00_00_00_gemmach.nc
2023/06/08 18:55:27 Read 1 records of H from /home/tfmrodge//scratch/GEMMACH_data/data/nc3/BASEGM_2015_017/2019-02-04_01_00_00_gemmach.nc
2023/06/08 18:55:27 Read 1 records of H from /home/tfmrodge//scratch/GEMMACH_data/data/nc3/BASEGM_2015_017/2019-02-04_02_00_00_gemmach.nc
2023/06/08 18:55:28 Read 1 records of H from /home/tfmrodge//scratch/GEMMACH_data/data/nc3/BASEGM_2015_017/2019-02-04_03_00_00_gemmach.nc
2023/06/08 18:55:28 Read 1 records of H from /home/tfmrodge//scratch/GEMMACH_data/data/nc3/BASEGM_2015_017/2019-02-04_04_00_00_gemmach.nc
2023/06/08 18:55:29 Read 1 records of H from /home/tfmrodge//scratch/GEMMACH_data/data/nc3/BASEGM_2015_017/2019-02-04_05_00_00_gemmach.nc
2023/06/08 18:55:29 Read 1 records of H from /home/tfmrodge//scratch/GEMMACH_data/data/nc3/BASEGM_2015_017/2019-02-04_06_00_00_gemmach.nc
2023/06/08 18:55:30 Read 1 records of H from /home/tfmrodge//scratch/GEMMACH_data/data/nc3/BASEGM_2015_017/2019-02-04_07_00_00_gemmach.nc
2023/06/08 18:55:30 Read 1 records of H from /home/tfmrodge//scratch/GEMMACH_data/data/nc3/BASEGM_2015_017/2019-02-04_08_00_00_gemmach.nc
2023/06/08 18:55:30 Read 1 records of H from /home/tfmrodge//scratch/GEMMACH_data/data/nc3/BASEGM_2015_017/2019-02-04_09_00_00_gemmach.nc
2023/06/08 18:55:30 Read 1 records of H from /home/tfmrodge//scratch/GEMMACH_data/data/nc3/BASEGM_2015_017/2019-02-04_10_00_00_gemmach.nc
2023/06/08 18:55:31 Read 1 records of H from /home/tfmrodge//scratch/GEMMACH_data/data/nc3/BASEGM_2015_017/2019-02-04_11_00_00_gemmach.nc
2023/06/08 18:55:31 Read 1 records of H from /home/tfmrodge//scratch/GEMMACH_data/data/nc3/BASEGM_2015_017/2019-02-04_12_00_00_gemmach.nc
2023/06/08 18:55:31 Read 1 records of H from /home/tfmrodge//scratch/GEMMACH_data/data/nc3/BASEGM_2015_017/2019-02-04_13_00_00_gemmach.nc
2023/06/08 18:55:31 Read 1 records of H from /home/tfmrodge//scratch/GEMMACH_data/data/nc3/BASEGM_2015_017/2019-02-04_14_00_00_gemmach.nc
2023/06/08 18:55:31 Read 1 records of H from /home/tfmrodge//scratch/GEMMACH_data/data/nc3/BASEGM_2015_017/2019-02-04_15_00_00_gemmach.nc
2023/06/08 18:55:32 Read 1 records of WW from /home/tfmrodge//scratch/GEMMACH_data/data/nc3/BASEGM_2015_017/2019-02-01_00_00_00_gemmach.nc
2023/06/08 18:55:32 Read 1 records of H from /home/tfmrodge//scratch/GEMMACH_data/data/nc3/BASEGM_2015_017/2019-02-04_16_00_00_gemmach.nc
2023/06/08 18:55:32 Read 1 records of UU from /home/tfmrodge//scratch/GEMMACH_data/data/nc3/BASEGM_2015_017/2019-02-01_01_00_00_gemmach.nc
2023/06/08 18:55:33 Read 1 records of H from /home/tfmrodge//scratch/GEMMACH_data/data/nc3/BASEGM_2015_017/2019-02-04_17_00_00_gemmach.nc
2023/06/08 18:55:33 Read 1 records of H from /home/tfmrodge//scratch/GEMMACH_data/data/nc3/BASEGM_2015_017/2019-02-04_18_00_00_gemmach.nc
2023/06/08 18:55:34 Read 1 records of H from /home/tfmrodge//scratch/GEMMACH_data/data/nc3/BASEGM_2015_017/2019-02-04_19_00_00_gemmach.nc
2023/06/08 18:55:34 Read 1 records of H from /home/tfmrodge//scratch/GEMMACH_data/data/nc3/BASEGM_2015_017/2019-02-04_20_00_00_gemmach.nc
2023/06/08 18:55:35 Read 1 records of H from /home/tfmrodge//scratch/GEMMACH_data/data/nc3/BASEGM_2015_017/2019-02-04_21_00_00_gemmach.nc
2023/06/08 18:55:35 Read 1 records of H from /home/tfmrodge//scratch/GEMMACH_data/data/nc3/BASEGM_2015_017/2019-02-04_22_00_00_gemmach.nc
2023/06/08 18:55:36 Read 1 records of H from /home/tfmrodge//scratch/GEMMACH_data/data/nc3/BASEGM_2015_017/2019-02-04_23_00_00_gemmach.nc
2023/06/08 18:55:36 Read 1 records of H from /home/tfmrodge//scratch/GEMMACH_data/data/nc3/BASEGM_2015_017/2019-02-05_00_00_00_gemmach.nc
2023/06/08 18:55:37 Read 1 records of H from /home/tfmrodge//scratch/GEMMACH_data/data/nc3/BASEGM_2015_017/2019-02-05_01_00_00_gemmach.nc
2023/06/08 18:55:37 Read 1 records of H from /home/tfmrodge//scratch/GEMMACH_data/data/nc3/BASEGM_2015_017/2019-02-05_02_00_00_gemmach.nc
2023/06/08 18:55:37 Read 1 records of GZ from /home/tfmrodge//scratch/GEMMACH_data/data/nc3/BASEGM_2015_017/2019-02-01_00_00_00_gemmach.nc
2023/06/08 18:55:38 Read 1 records of H from /home/tfmrodge//scratch/GEMMACH_data/data/nc3/BASEGM_2015_017/2019-02-05_03_00_00_gemmach.nc
2023/06/08 18:55:38 Read 1 records of H from /home/tfmrodge//scratch/GEMMACH_data/data/nc3/BASEGM_2015_017/2019-02-05_04_00_00_gemmach.nc
2023/06/08 18:55:39 Read 1 records of H from /home/tfmrodge//scratch/GEMMACH_data/data/nc3/BASEGM_2015_017/2019-02-05_05_00_00_gemmach.nc
2023/06/08 18:55:39 Read 1 records of H from /home/tfmrodge//scratch/GEMMACH_data/data/nc3/BASEGM_2015_017/2019-02-05_06_00_00_gemmach.nc
2023/06/08 18:55:39 Read 1 records of H from /home/tfmrodge//scratch/GEMMACH_data/data/nc3/BASEGM_2015_017/2019-02-05_07_00_00_gemmach.nc
2023/06/08 18:55:39 Read 1 records of H from /home/tfmrodge//scratch/GEMMACH_data/data/nc3/BASEGM_2015_017/2019-02-05_08_00_00_gemmach.nc
2023/06/08 18:55:40 Read 1 records of H from /home/tfmrodge//scratch/GEMMACH_data/data/nc3/BASEGM_2015_017/2019-02-05_09_00_00_gemmach.nc
2023/06/08 18:55:40 Read 1 records of H from /home/tfmrodge//scratch/GEMMACH_data/data/nc3/BASEGM_2015_017/2019-02-05_10_00_00_gemmach.nc
2023/06/08 18:55:40 Read 1 records of H from /home/tfmrodge//scratch/GEMMACH_data/data/nc3/BASEGM_2015_017/2019-02-05_11_00_00_gemmach.nc
2023/06/08 18:55:40 Read 1 records of H from /home/tfmrodge//scratch/GEMMACH_data/data/nc3/BASEGM_2015_017/2019-02-05_12_00_00_gemmach.nc
2023/06/08 18:55:41 Read 1 records of H from /home/tfmrodge//scratch/GEMMACH_data/data/nc3/BASEGM_2015_017/2019-02-05_13_00_00_gemmach.nc
2023/06/08 18:55:41 Read 1 records of H from /home/tfmrodge//scratch/GEMMACH_data/data/nc3/BASEGM_2015_017/2019-02-05_14_00_00_gemmach.nc
2023/06/08 18:55:41 Read 1 records of H from /home/tfmrodge//scratch/GEMMACH_data/data/nc3/BASEGM_2015_017/2019-02-05_15_00_00_gemmach.nc
2023/06/08 18:55:41 Read 1 records of GZ from /home/tfmrodge//scratch/GEMMACH_data/data/nc3/BASEGM_2015_017/2019-02-01_02_00_00_gemmach.nc
2023/06/08 18:55:42 Read 1 records of H from /home/tfmrodge//scratch/GEMMACH_data/data/nc3/BASEGM_2015_017/2019-02-05_16_00_00_gemmach.nc
2023/06/08 18:55:42 Read 1 records of H from /home/tfmrodge//scratch/GEMMACH_data/data/nc3/BASEGM_2015_017/2019-02-05_17_00_00_gemmach.nc
2023/06/08 18:55:42 Read 1 records of H from /home/tfmrodge//scratch/GEMMACH_data/data/nc3/BASEGM_2015_017/2019-02-05_18_00_00_gemmach.nc
2023/06/08 18:55:43 Read 1 records of H from /home/tfmrodge//scratch/GEMMACH_data/data/nc3/BASEGM_2015_017/2019-02-05_19_00_00_gemmach.nc
2023/06/08 18:55:44 Read 1 records of H from /home/tfmrodge//scratch/GEMMACH_data/data/nc3/BASEGM_2015_017/2019-02-05_20_00_00_gemmach.nc
2023/06/08 18:55:44 Read 1 records of H from /home/tfmrodge//scratch/GEMMACH_data/data/nc3/BASEGM_2015_017/2019-02-05_21_00_00_gemmach.nc
2023/06/08 18:55:44 Read 1 records of UU from /home/tfmrodge//scratch/GEMMACH_data/data/nc3/BASEGM_2015_017/2019-02-01_00_00_00_gemmach.nc
2023/06/08 18:55:44 Read 1 records of H from /home/tfmrodge//scratch/GEMMACH_data/data/nc3/BASEGM_2015_017/2019-02-05_22_00_00_gemmach.nc
2023/06/08 18:55:45 Read 1 records of H from /home/tfmrodge//scratch/GEMMACH_data/data/nc3/BASEGM_2015_017/2019-02-05_23_00_00_gemmach.nc
2023/06/08 18:55:45 Read 1 records of H from /home/tfmrodge//scratch/GEMMACH_data/data/nc3/BASEGM_2015_017/2019-02-06_00_00_00_gemmach.nc
2023/06/08 18:55:46 Read 1 records of H from /home/tfmrodge//scratch/GEMMACH_data/data/nc3/BASEGM_2015_017/2019-02-06_01_00_00_gemmach.nc
2023/06/08 18:55:46 Read 1 records of H from /home/tfmrodge//scratch/GEMMACH_data/data/nc3/BASEGM_2015_017/2019-02-06_02_00_00_gemmach.nc
2023/06/08 18:55:46 Read 1 records of H from /home/tfmrodge//scratch/GEMMACH_data/data/nc3/BASEGM_2015_017/2019-02-06_03_00_00_gemmach.nc
2023/06/08 18:55:47 Read 1 records of H from /home/tfmrodge//scratch/GEMMACH_data/data/nc3/BASEGM_2015_017/2019-02-06_04_00_00_gemmach.nc
2023/06/08 18:55:47 Read 1 records of H from /home/tfmrodge//scratch/GEMMACH_data/data/nc3/BASEGM_2015_017/2019-02-06_05_00_00_gemmach.nc
2023/06/08 18:55:47 Read 1 records of H from /home/tfmrodge//scratch/GEMMACH_data/data/nc3/BASEGM_2015_017/2019-02-06_06_00_00_gemmach.nc
2023/06/08 18:55:48 Read 1 records of H from /home/tfmrodge//scratch/GEMMACH_data/data/nc3/BASEGM_2015_017/2019-02-06_07_00_00_gemmach.nc
2023/06/08 18:55:48 Read 1 records of H from /home/tfmrodge//scratch/GEMMACH_data/data/nc3/BASEGM_2015_017/2019-02-06_08_00_00_gemmach.nc
2023/06/08 18:55:48 Read 1 records of H from /home/tfmrodge//scratch/GEMMACH_data/data/nc3/BASEGM_2015_017/2019-02-06_09_00_00_gemmach.nc
2023/06/08 18:55:49 Read 1 records of H from /home/tfmrodge//scratch/GEMMACH_data/data/nc3/BASEGM_2015_017/2019-02-06_10_00_00_gemmach.nc
2023/06/08 18:55:49 Read 1 records of H from /home/tfmrodge//scratch/GEMMACH_data/data/nc3/BASEGM_2015_017/2019-02-06_11_00_00_gemmach.nc
2023/06/08 18:55:49 Read 1 records of H from /home/tfmrodge//scratch/GEMMACH_data/data/nc3/BASEGM_2015_017/2019-02-06_12_00_00_gemmach.nc
2023/06/08 18:55:49 Read 1 records of H from /home/tfmrodge//scratch/GEMMACH_data/data/nc3/BASEGM_2015_017/2019-02-06_13_00_00_gemmach.nc
2023/06/08 18:55:49 Read 1 records of H from /home/tfmrodge//scratch/GEMMACH_data/data/nc3/BASEGM_2015_017/2019-02-06_14_00_00_gemmach.nc
2023/06/08 18:55:50 Read 1 records of pressure from /home/tfmrodge//scratch/GEMMACH_data/data/nc3/BASEGM_2015_017/2019-02-01_00_00_00_gemmach.nc
2023/06/08 18:55:50 Read 1 records of H from /home/tfmrodge//scratch/GEMMACH_data/data/nc3/BASEGM_2015_017/2019-02-06_15_00_00_gemmach.nc
2023/06/08 18:55:50 Read 1 records of TAM1 from /home/tfmrodge//scratch/GEMMACH_data/data/nc3/BASEGM_2015_017/2019-02-01_00_00_00_gemmach.nc
2023/06/08 18:55:50 Read 1 records of H from /home/tfmrodge//scratch/GEMMACH_data/data/nc3/BASEGM_2015_017/2019-02-06_16_00_00_gemmach.nc
2023/06/08 18:55:51 Read 1 records of H from /home/tfmrodge//scratch/GEMMACH_data/data/nc3/BASEGM_2015_017/2019-02-06_17_00_00_gemmach.nc
2023/06/08 18:55:51 Read 1 records of H from /home/tfmrodge//scratch/GEMMACH_data/data/nc3/BASEGM_2015_017/2019-02-06_18_00_00_gemmach.nc
2023/06/08 18:55:51 Read 1 records of H from /home/tfmrodge//scratch/GEMMACH_data/data/nc3/BASEGM_2015_017/2019-02-06_19_00_00_gemmach.nc
2023/06/08 18:55:51 Read 1 records of UU from /home/tfmrodge//scratch/GEMMACH_data/data/nc3/BASEGM_2015_017/2019-02-01_02_00_00_gemmach.nc
2023/06/08 18:55:51 Read 1 records of H from /home/tfmrodge//scratch/GEMMACH_data/data/nc3/BASEGM_2015_017/2019-02-06_20_00_00_gemmach.nc
2023/06/08 18:55:52 Read 1 records of H from /home/tfmrodge//scratch/GEMMACH_data/data/nc3/BASEGM_2015_017/2019-02-06_21_00_00_gemmach.nc
2023/06/08 18:55:52 Read 1 records of H from /home/tfmrodge//scratch/GEMMACH_data/data/nc3/BASEGM_2015_017/2019-02-06_22_00_00_gemmach.nc
2023/06/08 18:55:52 Read 1 records of H from /home/tfmrodge//scratch/GEMMACH_data/data/nc3/BASEGM_2015_017/2019-02-06_23_00_00_gemmach.nc
2023/06/08 18:55:52 Read 1 records of H from /home/tfmrodge//scratch/GEMMACH_data/data/nc3/BASEGM_2015_017/2019-02-07_00_00_00_gemmach.nc
2023/06/08 18:55:53 Read 1 records of H from /home/tfmrodge//scratch/GEMMACH_data/data/nc3/BASEGM_2015_017/2019-02-07_01_00_00_gemmach.nc
2023/06/08 18:55:53 Read 1 records of H from /home/tfmrodge//scratch/GEMMACH_data/data/nc3/BASEGM_2015_017/2019-02-07_02_00_00_gemmach.nc
2023/06/08 18:55:53 Read 1 records of H from /home/tfmrodge//scratch/GEMMACH_data/data/nc3/BASEGM_2015_017/2019-02-07_03_00_00_gemmach.nc
2023/06/08 18:55:54 Read 1 records of H from /home/tfmrodge//scratch/GEMMACH_data/data/nc3/BASEGM_2015_017/2019-02-07_04_00_00_gemmach.nc
2023/06/08 18:55:55 Read 1 records of H from /home/tfmrodge//scratch/GEMMACH_data/data/nc3/BASEGM_2015_017/2019-02-07_05_00_00_gemmach.nc
2023/06/08 18:55:56 Read 1 records of H from /home/tfmrodge//scratch/GEMMACH_data/data/nc3/BASEGM_2015_017/2019-02-07_06_00_00_gemmach.nc
2023/06/08 18:55:56 Read 1 records of H from /home/tfmrodge//scratch/GEMMACH_data/data/nc3/BASEGM_2015_017/2019-02-07_07_00_00_gemmach.nc
2023/06/08 18:55:57 Read 1 records of H from /home/tfmrodge//scratch/GEMMACH_data/data/nc3/BASEGM_2015_017/2019-02-07_08_00_00_gemmach.nc
2023/06/08 18:55:57 Read 1 records of H from /home/tfmrodge//scratch/GEMMACH_data/data/nc3/BASEGM_2015_017/2019-02-07_09_00_00_gemmach.nc
2023/06/08 18:55:58 Read 1 records of H from /home/tfmrodge//scratch/GEMMACH_data/data/nc3/BASEGM_2015_017/2019-02-07_10_00_00_gemmach.nc
2023/06/08 18:55:58 Read 1 records of H from /home/tfmrodge//scratch/GEMMACH_data/data/nc3/BASEGM_2015_017/2019-02-07_11_00_00_gemmach.nc
2023/06/08 18:55:58 Read 1 records of H from /home/tfmrodge//scratch/GEMMACH_data/data/nc3/BASEGM_2015_017/2019-02-07_12_00_00_gemmach.nc
2023/06/08 18:55:58 Read 1 records of H from /home/tfmrodge//scratch/GEMMACH_data/data/nc3/BASEGM_2015_017/2019-02-07_13_00_00_gemmach.nc
2023/06/08 18:55:59 Read 1 records of H from /home/tfmrodge//scratch/GEMMACH_data/data/nc3/BASEGM_2015_017/2019-02-07_14_00_00_gemmach.nc
2023/06/08 18:55:59 Read 1 records of H from /home/tfmrodge//scratch/GEMMACH_data/data/nc3/BASEGM_2015_017/2019-02-07_15_00_00_gemmach.nc
2023/06/08 18:55:59 Read 1 records of H from /home/tfmrodge//scratch/GEMMACH_data/data/nc3/BASEGM_2015_017/2019-02-07_16_00_00_gemmach.nc
2023/06/08 18:55:59 Read 1 records of H from /home/tfmrodge//scratch/GEMMACH_data/data/nc3/BASEGM_2015_017/2019-02-07_17_00_00_gemmach.nc
2023/06/08 18:56:00 Read 1 records of H from /home/tfmrodge//scratch/GEMMACH_data/data/nc3/BASEGM_2015_017/2019-02-07_18_00_00_gemmach.nc
2023/06/08 18:56:00 Read 1 records of H from /home/tfmrodge//scratch/GEMMACH_data/data/nc3/BASEGM_2015_017/2019-02-07_19_00_00_gemmach.nc
2023/06/08 18:56:00 Read 1 records of H from /home/tfmrodge//scratch/GEMMACH_data/data/nc3/BASEGM_2015_017/2019-02-07_20_00_00_gemmach.nc
2023/06/08 18:56:01 Read 1 records of GZ from /home/tfmrodge//scratch/GEMMACH_data/data/nc3/BASEGM_2015_017/2019-02-01_03_00_00_gemmach.nc
2023/06/08 18:56:01 Read 1 records of H from /home/tfmrodge//scratch/GEMMACH_data/data/nc3/BASEGM_2015_017/2019-02-07_21_00_00_gemmach.nc
2023/06/08 18:56:01 Read 1 records of H from /home/tfmrodge//scratch/GEMMACH_data/data/nc3/BASEGM_2015_017/2019-02-07_22_00_00_gemmach.nc
2023/06/08 18:56:02 Read 1 records of H from /home/tfmrodge//scratch/GEMMACH_data/data/nc3/BASEGM_2015_017/2019-02-07_23_00_00_gemmach.nc
2023/06/08 18:56:03 Read 1 records of H from /home/tfmrodge//scratch/GEMMACH_data/data/nc3/BASEGM_2015_017/2019-02-08_00_00_00_gemmach.nc
2023/06/08 18:56:03 Read 1 records of H from /home/tfmrodge//scratch/GEMMACH_data/data/nc3/BASEGM_2015_017/2019-02-08_01_00_00_gemmach.nc
2023/06/08 18:56:04 Read 1 records of H from /home/tfmrodge//scratch/GEMMACH_data/data/nc3/BASEGM_2015_017/2019-02-08_02_00_00_gemmach.nc
2023/06/08 18:56:05 Read 1 records of H from /home/tfmrodge//scratch/GEMMACH_data/data/nc3/BASEGM_2015_017/2019-02-08_03_00_00_gemmach.nc
2023/06/08 18:56:05 Read 1 records of H from /home/tfmrodge//scratch/GEMMACH_data/data/nc3/BASEGM_2015_017/2019-02-08_04_00_00_gemmach.nc
2023/06/08 18:56:05 Read 1 records of H from /home/tfmrodge//scratch/GEMMACH_data/data/nc3/BASEGM_2015_017/2019-02-08_05_00_00_gemmach.nc
2023/06/08 18:56:06 Read 1 records of H from /home/tfmrodge//scratch/GEMMACH_data/data/nc3/BASEGM_2015_017/2019-02-08_06_00_00_gemmach.nc
2023/06/08 18:56:06 Read 1 records of H from /home/tfmrodge//scratch/GEMMACH_data/data/nc3/BASEGM_2015_017/2019-02-08_07_00_00_gemmach.nc
2023/06/08 18:56:07 Read 1 records of H from /home/tfmrodge//scratch/GEMMACH_data/data/nc3/BASEGM_2015_017/2019-02-08_08_00_00_gemmach.nc
2023/06/08 18:56:07 Read 1 records of H from /home/tfmrodge//scratch/GEMMACH_data/data/nc3/BASEGM_2015_017/2019-02-08_09_00_00_gemmach.nc
2023/06/08 18:56:07 Read 1 records of H from /home/tfmrodge//scratch/GEMMACH_data/data/nc3/BASEGM_2015_017/2019-02-08_10_00_00_gemmach.nc
2023/06/08 18:56:07 Read 1 records of H from /home/tfmrodge//scratch/GEMMACH_data/data/nc3/BASEGM_2015_017/2019-02-08_11_00_00_gemmach.nc
2023/06/08 18:56:07 Read 1 records of H from /home/tfmrodge//scratch/GEMMACH_data/data/nc3/BASEGM_2015_017/2019-02-08_12_00_00_gemmach.nc
2023/06/08 18:56:08 Read 1 records of H from /home/tfmrodge//scratch/GEMMACH_data/data/nc3/BASEGM_2015_017/2019-02-08_13_00_00_gemmach.nc
2023/06/08 18:56:08 Read 1 records of H from /home/tfmrodge//scratch/GEMMACH_data/data/nc3/BASEGM_2015_017/2019-02-08_14_00_00_gemmach.nc
2023/06/08 18:56:08 Read 1 records of H from /home/tfmrodge//scratch/GEMMACH_data/data/nc3/BASEGM_2015_017/2019-02-08_15_00_00_gemmach.nc
2023/06/08 18:56:08 Read 1 records of H from /home/tfmrodge//scratch/GEMMACH_data/data/nc3/BASEGM_2015_017/2019-02-08_16_00_00_gemmach.nc
2023/06/08 18:56:09 Read 1 records of H from /home/tfmrodge//scratch/GEMMACH_data/data/nc3/BASEGM_2015_017/2019-02-08_17_00_00_gemmach.nc
2023/06/08 18:56:09 Read 1 records of UU from /home/tfmrodge//scratch/GEMMACH_data/data/nc3/BASEGM_2015_017/2019-02-01_03_00_00_gemmach.nc
2023/06/08 18:56:09 Read 1 records of H from /home/tfmrodge//scratch/GEMMACH_data/data/nc3/BASEGM_2015_017/2019-02-08_18_00_00_gemmach.nc
2023/06/08 18:56:10 Read 1 records of H from /home/tfmrodge//scratch/GEMMACH_data/data/nc3/BASEGM_2015_017/2019-02-08_19_00_00_gemmach.nc
2023/06/08 18:56:10 Read 1 records of H from /home/tfmrodge//scratch/GEMMACH_data/data/nc3/BASEGM_2015_017/2019-02-08_20_00_00_gemmach.nc
2023/06/08 18:56:11 Read 1 records of H from /home/tfmrodge//scratch/GEMMACH_data/data/nc3/BASEGM_2015_017/2019-02-08_21_00_00_gemmach.nc
2023/06/08 18:56:11 Read 1 records of H from /home/tfmrodge//scratch/GEMMACH_data/data/nc3/BASEGM_2015_017/2019-02-08_22_00_00_gemmach.nc
2023/06/08 18:56:11 Read 1 records of H from /home/tfmrodge//scratch/GEMMACH_data/data/nc3/BASEGM_2015_017/2019-02-08_23_00_00_gemmach.nc
2023/06/08 18:56:12 Read 1 records of H from /home/tfmrodge//scratch/GEMMACH_data/data/nc3/BASEGM_2015_017/2019-02-09_00_00_00_gemmach.nc
2023/06/08 18:56:12 Read 1 records of H from /home/tfmrodge//scratch/GEMMACH_data/data/nc3/BASEGM_2015_017/2019-02-09_01_00_00_gemmach.nc
2023/06/08 18:56:13 Read 1 records of H from /home/tfmrodge//scratch/GEMMACH_data/data/nc3/BASEGM_2015_017/2019-02-09_02_00_00_gemmach.nc
2023/06/08 18:56:13 Read 1 records of H from /home/tfmrodge//scratch/GEMMACH_data/data/nc3/BASEGM_2015_017/2019-02-09_03_00_00_gemmach.nc
2023/06/08 18:56:13 Read 1 records of H from /home/tfmrodge//scratch/GEMMACH_data/data/nc3/BASEGM_2015_017/2019-02-09_04_00_00_gemmach.nc
2023/06/08 18:56:14 Read 1 records of H from /home/tfmrodge//scratch/GEMMACH_data/data/nc3/BASEGM_2015_017/2019-02-09_05_00_00_gemmach.nc
2023/06/08 18:56:15 Read 1 records of H from /home/tfmrodge//scratch/GEMMACH_data/data/nc3/BASEGM_2015_017/2019-02-09_06_00_00_gemmach.nc
2023/06/08 18:56:15 Read 1 records of H from /home/tfmrodge//scratch/GEMMACH_data/data/nc3/BASEGM_2015_017/2019-02-09_07_00_00_gemmach.nc
2023/06/08 18:56:15 Read 1 records of H from /home/tfmrodge//scratch/GEMMACH_data/data/nc3/BASEGM_2015_017/2019-02-09_08_00_00_gemmach.nc
2023/06/08 18:56:16 Read 1 records of H from /home/tfmrodge//scratch/GEMMACH_data/data/nc3/BASEGM_2015_017/2019-02-09_09_00_00_gemmach.nc
2023/06/08 18:56:16 Read 1 records of H from /home/tfmrodge//scratch/GEMMACH_data/data/nc3/BASEGM_2015_017/2019-02-09_10_00_00_gemmach.nc
2023/06/08 18:56:16 Read 1 records of H from /home/tfmrodge//scratch/GEMMACH_data/data/nc3/BASEGM_2015_017/2019-02-09_11_00_00_gemmach.nc
2023/06/08 18:56:16 Read 1 records of H from /home/tfmrodge//scratch/GEMMACH_data/data/nc3/BASEGM_2015_017/2019-02-09_12_00_00_gemmach.nc
2023/06/08 18:56:16 Read 1 records of H from /home/tfmrodge//scratch/GEMMACH_data/data/nc3/BASEGM_2015_017/2019-02-09_13_00_00_gemmach.nc
2023/06/08 18:56:17 Read 1 records of H from /home/tfmrodge//scratch/GEMMACH_data/data/nc3/BASEGM_2015_017/2019-02-09_14_00_00_gemmach.nc
2023/06/08 18:56:17 Read 1 records of H from /home/tfmrodge//scratch/GEMMACH_data/data/nc3/BASEGM_2015_017/2019-02-09_15_00_00_gemmach.nc
2023/06/08 18:56:17 Read 1 records of H from /home/tfmrodge//scratch/GEMMACH_data/data/nc3/BASEGM_2015_017/2019-02-09_16_00_00_gemmach.nc
2023/06/08 18:56:17 Read 1 records of H from /home/tfmrodge//scratch/GEMMACH_data/data/nc3/BASEGM_2015_017/2019-02-09_17_00_00_gemmach.nc
2023/06/08 18:56:17 Read 1 records of H from /home/tfmrodge//scratch/GEMMACH_data/data/nc3/BASEGM_2015_017/2019-02-09_18_00_00_gemmach.nc
2023/06/08 18:56:17 Read 1 records of H from /home/tfmrodge//scratch/GEMMACH_data/data/nc3/BASEGM_2015_017/2019-02-09_19_00_00_gemmach.nc
2023/06/08 18:56:18 Read 1 records of GZ from /home/tfmrodge//scratch/GEMMACH_data/data/nc3/BASEGM_2015_017/2019-02-01_04_00_00_gemmach.nc
2023/06/08 18:56:18 Read 1 records of H from /home/tfmrodge//scratch/GEMMACH_data/data/nc3/BASEGM_2015_017/2019-02-09_20_00_00_gemmach.nc
2023/06/08 18:56:18 Read 1 records of H from /home/tfmrodge//scratch/GEMMACH_data/data/nc3/BASEGM_2015_017/2019-02-09_21_00_00_gemmach.nc
2023/06/08 18:56:19 Read 1 records of H from /home/tfmrodge//scratch/GEMMACH_data/data/nc3/BASEGM_2015_017/2019-02-09_22_00_00_gemmach.nc
2023/06/08 18:56:19 Read 1 records of H from /home/tfmrodge//scratch/GEMMACH_data/data/nc3/BASEGM_2015_017/2019-02-09_23_00_00_gemmach.nc
2023/06/08 18:56:20 Read 1 records of H from /home/tfmrodge//scratch/GEMMACH_data/data/nc3/BASEGM_2015_017/2019-02-10_00_00_00_gemmach.nc
2023/06/08 18:56:20 Read 1 records of H from /home/tfmrodge//scratch/GEMMACH_data/data/nc3/BASEGM_2015_017/2019-02-10_01_00_00_gemmach.nc
2023/06/08 18:56:21 Read 1 records of H from /home/tfmrodge//scratch/GEMMACH_data/data/nc3/BASEGM_2015_017/2019-02-10_02_00_00_gemmach.nc
2023/06/08 18:56:21 Read 1 records of H from /home/tfmrodge//scratch/GEMMACH_data/data/nc3/BASEGM_2015_017/2019-02-10_03_00_00_gemmach.nc
2023/06/08 18:56:22 Read 1 records of H from /home/tfmrodge//scratch/GEMMACH_data/data/nc3/BASEGM_2015_017/2019-02-10_04_00_00_gemmach.nc
2023/06/08 18:56:22 Read 1 records of H from /home/tfmrodge//scratch/GEMMACH_data/data/nc3/BASEGM_2015_017/2019-02-10_05_00_00_gemmach.nc
2023/06/08 18:56:23 Read 1 records of H from /home/tfmrodge//scratch/GEMMACH_data/data/nc3/BASEGM_2015_017/2019-02-10_06_00_00_gemmach.nc
2023/06/08 18:56:23 Read 1 records of H from /home/tfmrodge//scratch/GEMMACH_data/data/nc3/BASEGM_2015_017/2019-02-10_07_00_00_gemmach.nc
2023/06/08 18:56:24 Read 1 records of H from /home/tfmrodge//scratch/GEMMACH_data/data/nc3/BASEGM_2015_017/2019-02-10_08_00_00_gemmach.nc
2023/06/08 18:56:24 Read 1 records of H from /home/tfmrodge//scratch/GEMMACH_data/data/nc3/BASEGM_2015_017/2019-02-10_09_00_00_gemmach.nc
2023/06/08 18:56:25 Read 1 records of H from /home/tfmrodge//scratch/GEMMACH_data/data/nc3/BASEGM_2015_017/2019-02-10_10_00_00_gemmach.nc
2023/06/08 18:56:25 Read 1 records of H from /home/tfmrodge//scratch/GEMMACH_data/data/nc3/BASEGM_2015_017/2019-02-10_11_00_00_gemmach.nc
2023/06/08 18:56:26 Read 1 records of H from /home/tfmrodge//scratch/GEMMACH_data/data/nc3/BASEGM_2015_017/2019-02-10_12_00_00_gemmach.nc
2023/06/08 18:56:26 Read 1 records of H from /home/tfmrodge//scratch/GEMMACH_data/data/nc3/BASEGM_2015_017/2019-02-10_13_00_00_gemmach.nc
2023/06/08 18:56:26 Read 1 records of H from /home/tfmrodge//scratch/GEMMACH_data/data/nc3/BASEGM_2015_017/2019-02-10_14_00_00_gemmach.nc
2023/06/08 18:56:26 Read 1 records of UU from /home/tfmrodge//scratch/GEMMACH_data/data/nc3/BASEGM_2015_017/2019-02-01_04_00_00_gemmach.nc
2023/06/08 18:56:26 Read 1 records of H from /home/tfmrodge//scratch/GEMMACH_data/data/nc3/BASEGM_2015_017/2019-02-10_15_00_00_gemmach.nc
2023/06/08 18:56:27 Read 1 records of H from /home/tfmrodge//scratch/GEMMACH_data/data/nc3/BASEGM_2015_017/2019-02-10_16_00_00_gemmach.nc
2023/06/08 18:56:28 Read 1 records of H from /home/tfmrodge//scratch/GEMMACH_data/data/nc3/BASEGM_2015_017/2019-02-10_17_00_00_gemmach.nc
2023/06/08 18:56:28 Read 1 records of UU from /home/tfmrodge//scratch/GEMMACH_data/data/nc3/BASEGM_2015_017/2019-02-01_01_00_00_gemmach.nc
2023/06/08 18:56:28 Read 1 records of H from /home/tfmrodge//scratch/GEMMACH_data/data/nc3/BASEGM_2015_017/2019-02-10_18_00_00_gemmach.nc
2023/06/08 18:56:28 Read 1 records of H from /home/tfmrodge//scratch/GEMMACH_data/data/nc3/BASEGM_2015_017/2019-02-10_19_00_00_gemmach.nc
2023/06/08 18:56:29 Read 1 records of H from /home/tfmrodge//scratch/GEMMACH_data/data/nc3/BASEGM_2015_017/2019-02-10_20_00_00_gemmach.nc
2023/06/08 18:56:29 Read 1 records of H from /home/tfmrodge//scratch/GEMMACH_data/data/nc3/BASEGM_2015_017/2019-02-10_21_00_00_gemmach.nc
2023/06/08 18:56:30 Read 1 records of H from /home/tfmrodge//scratch/GEMMACH_data/data/nc3/BASEGM_2015_017/2019-02-10_22_00_00_gemmach.nc
2023/06/08 18:56:30 Read 1 records of H from /home/tfmrodge//scratch/GEMMACH_data/data/nc3/BASEGM_2015_017/2019-02-10_23_00_00_gemmach.nc
2023/06/08 18:56:31 Read 1 records of H from /home/tfmrodge//scratch/GEMMACH_data/data/nc3/BASEGM_2015_017/2019-02-11_00_00_00_gemmach.nc
2023/06/08 18:56:31 Read 1 records of H from /home/tfmrodge//scratch/GEMMACH_data/data/nc3/BASEGM_2015_017/2019-02-11_01_00_00_gemmach.nc
2023/06/08 18:56:31 Read 1 records of H from /home/tfmrodge//scratch/GEMMACH_data/data/nc3/BASEGM_2015_017/2019-02-11_02_00_00_gemmach.nc
2023/06/08 18:56:31 Read 1 records of H from /home/tfmrodge//scratch/GEMMACH_data/data/nc3/BASEGM_2015_017/2019-02-11_03_00_00_gemmach.nc
2023/06/08 18:56:31 Read 1 records of H from /home/tfmrodge//scratch/GEMMACH_data/data/nc3/BASEGM_2015_017/2019-02-11_04_00_00_gemmach.nc
2023/06/08 18:56:32 Read 1 records of H from /home/tfmrodge//scratch/GEMMACH_data/data/nc3/BASEGM_2015_017/2019-02-11_05_00_00_gemmach.nc
2023/06/08 18:56:32 Read 1 records of H from /home/tfmrodge//scratch/GEMMACH_data/data/nc3/BASEGM_2015_017/2019-02-11_06_00_00_gemmach.nc
2023/06/08 18:56:32 Read 1 records of H from /home/tfmrodge//scratch/GEMMACH_data/data/nc3/BASEGM_2015_017/2019-02-11_07_00_00_gemmach.nc
2023/06/08 18:56:32 Read 1 records of H from /home/tfmrodge//scratch/GEMMACH_data/data/nc3/BASEGM_2015_017/2019-02-11_08_00_00_gemmach.nc
2023/06/08 18:56:32 Read 1 records of TAM1 from /home/tfmrodge//scratch/GEMMACH_data/data/nc3/BASEGM_2015_017/2019-02-01_01_00_00_gemmach.nc
2023/06/08 18:56:32 Read 1 records of H from /home/tfmrodge//scratch/GEMMACH_data/data/nc3/BASEGM_2015_017/2019-02-11_09_00_00_gemmach.nc
2023/06/08 18:56:33 Read 1 records of H from /home/tfmrodge//scratch/GEMMACH_data/data/nc3/BASEGM_2015_017/2019-02-11_10_00_00_gemmach.nc
2023/06/08 18:56:33 Read 1 records of H from /home/tfmrodge//scratch/GEMMACH_data/data/nc3/BASEGM_2015_017/2019-02-11_11_00_00_gemmach.nc
2023/06/08 18:56:33 Read 1 records of H from /home/tfmrodge//scratch/GEMMACH_data/data/nc3/BASEGM_2015_017/2019-02-11_12_00_00_gemmach.nc
2023/06/08 18:56:33 Read 1 records of H from /home/tfmrodge//scratch/GEMMACH_data/data/nc3/BASEGM_2015_017/2019-02-11_13_00_00_gemmach.nc
2023/06/08 18:56:34 Read 1 records of H from /home/tfmrodge//scratch/GEMMACH_data/data/nc3/BASEGM_2015_017/2019-02-11_14_00_00_gemmach.nc
2023/06/08 18:56:34 Read 1 records of GZ from /home/tfmrodge//scratch/GEMMACH_data/data/nc3/BASEGM_2015_017/2019-02-01_05_00_00_gemmach.nc
2023/06/08 18:56:34 Read 1 records of H from /home/tfmrodge//scratch/GEMMACH_data/data/nc3/BASEGM_2015_017/2019-02-11_15_00_00_gemmach.nc
2023/06/08 18:56:35 Read 1 records of H from /home/tfmrodge//scratch/GEMMACH_data/data/nc3/BASEGM_2015_017/2019-02-11_16_00_00_gemmach.nc
2023/06/08 18:56:35 Read 1 records of H from /home/tfmrodge//scratch/GEMMACH_data/data/nc3/BASEGM_2015_017/2019-02-11_17_00_00_gemmach.nc
2023/06/08 18:56:36 Read 1 records of H from /home/tfmrodge//scratch/GEMMACH_data/data/nc3/BASEGM_2015_017/2019-02-11_18_00_00_gemmach.nc
2023/06/08 18:56:37 Read 1 records of H from /home/tfmrodge//scratch/GEMMACH_data/data/nc3/BASEGM_2015_017/2019-02-11_19_00_00_gemmach.nc
2023/06/08 18:56:37 Read 1 records of H from /home/tfmrodge//scratch/GEMMACH_data/data/nc3/BASEGM_2015_017/2019-02-11_20_00_00_gemmach.nc
2023/06/08 18:56:38 Read 1 records of H from /home/tfmrodge//scratch/GEMMACH_data/data/nc3/BASEGM_2015_017/2019-02-11_21_00_00_gemmach.nc
2023/06/08 18:56:39 Read 1 records of H from /home/tfmrodge//scratch/GEMMACH_data/data/nc3/BASEGM_2015_017/2019-02-11_22_00_00_gemmach.nc
2023/06/08 18:56:40 Read 1 records of H from /home/tfmrodge//scratch/GEMMACH_data/data/nc3/BASEGM_2015_017/2019-02-11_23_00_00_gemmach.nc
2023/06/08 18:56:40 Read 1 records of VV from /home/tfmrodge//scratch/GEMMACH_data/data/nc3/BASEGM_2015_017/2019-02-01_01_00_00_gemmach.nc
2023/06/08 18:56:40 Read 1 records of H from /home/tfmrodge//scratch/GEMMACH_data/data/nc3/BASEGM_2015_017/2019-02-12_00_00_00_gemmach.nc
2023/06/08 18:56:41 Read 1 records of UU from /home/tfmrodge//scratch/GEMMACH_data/data/nc3/BASEGM_2015_017/2019-02-01_05_00_00_gemmach.nc
2023/06/08 18:56:41 Read 1 records of H from /home/tfmrodge//scratch/GEMMACH_data/data/nc3/BASEGM_2015_017/2019-02-12_01_00_00_gemmach.nc
2023/06/08 18:56:42 Read 1 records of H from /home/tfmrodge//scratch/GEMMACH_data/data/nc3/BASEGM_2015_017/2019-02-12_02_00_00_gemmach.nc
2023/06/08 18:56:42 Read 1 records of H from /home/tfmrodge//scratch/GEMMACH_data/data/nc3/BASEGM_2015_017/2019-02-12_03_00_00_gemmach.nc
2023/06/08 18:56:43 Read 1 records of H from /home/tfmrodge//scratch/GEMMACH_data/data/nc3/BASEGM_2015_017/2019-02-12_04_00_00_gemmach.nc
2023/06/08 18:56:43 Read 1 records of TAM1 from /home/tfmrodge//scratch/GEMMACH_data/data/nc3/BASEGM_2015_017/2019-02-01_01_00_00_gemmach.nc
2023/06/08 18:56:43 Read 1 records of H from /home/tfmrodge//scratch/GEMMACH_data/data/nc3/BASEGM_2015_017/2019-02-12_05_00_00_gemmach.nc
2023/06/08 18:56:44 Read 1 records of H from /home/tfmrodge//scratch/GEMMACH_data/data/nc3/BASEGM_2015_017/2019-02-12_06_00_00_gemmach.nc
2023/06/08 18:56:44 Read 1 records of H from /home/tfmrodge//scratch/GEMMACH_data/data/nc3/BASEGM_2015_017/2019-02-12_07_00_00_gemmach.nc
2023/06/08 18:56:45 Read 1 records of H from /home/tfmrodge//scratch/GEMMACH_data/data/nc3/BASEGM_2015_017/2019-02-12_08_00_00_gemmach.nc
2023/06/08 18:56:45 Read 1 records of H from /home/tfmrodge//scratch/GEMMACH_data/data/nc3/BASEGM_2015_017/2019-02-12_09_00_00_gemmach.nc
2023/06/08 18:56:46 Read 1 records of H from /home/tfmrodge//scratch/GEMMACH_data/data/nc3/BASEGM_2015_017/2019-02-12_10_00_00_gemmach.nc
2023/06/08 18:56:46 Read 1 records of H from /home/tfmrodge//scratch/GEMMACH_data/data/nc3/BASEGM_2015_017/2019-02-12_11_00_00_gemmach.nc
2023/06/08 18:56:46 Read 1 records of H from /home/tfmrodge//scratch/GEMMACH_data/data/nc3/BASEGM_2015_017/2019-02-12_12_00_00_gemmach.nc
2023/06/08 18:56:47 Read 1 records of H from /home/tfmrodge//scratch/GEMMACH_data/data/nc3/BASEGM_2015_017/2019-02-12_13_00_00_gemmach.nc
2023/06/08 18:56:47 Read 1 records of H from /home/tfmrodge//scratch/GEMMACH_data/data/nc3/BASEGM_2015_017/2019-02-12_14_00_00_gemmach.nc
2023/06/08 18:56:47 Read 1 records of H from /home/tfmrodge//scratch/GEMMACH_data/data/nc3/BASEGM_2015_017/2019-02-12_15_00_00_gemmach.nc
2023/06/08 18:56:47 Read 1 records of H from /home/tfmrodge//scratch/GEMMACH_data/data/nc3/BASEGM_2015_017/2019-02-12_16_00_00_gemmach.nc
2023/06/08 18:56:47 Read 1 records of H from /home/tfmrodge//scratch/GEMMACH_data/data/nc3/BASEGM_2015_017/2019-02-12_17_00_00_gemmach.nc
2023/06/08 18:56:47 Read 1 records of H from /home/tfmrodge//scratch/GEMMACH_data/data/nc3/BASEGM_2015_017/2019-02-12_18_00_00_gemmach.nc
2023/06/08 18:56:48 Read 1 records of H from /home/tfmrodge//scratch/GEMMACH_data/data/nc3/BASEGM_2015_017/2019-02-12_19_00_00_gemmach.nc
2023/06/08 18:56:48 Read 1 records of H from /home/tfmrodge//scratch/GEMMACH_data/data/nc3/BASEGM_2015_017/2019-02-12_20_00_00_gemmach.nc
2023/06/08 18:56:48 Read 1 records of H from /home/tfmrodge//scratch/GEMMACH_data/data/nc3/BASEGM_2015_017/2019-02-12_21_00_00_gemmach.nc
2023/06/08 18:56:48 Read 1 records of H from /home/tfmrodge//scratch/GEMMACH_data/data/nc3/BASEGM_2015_017/2019-02-12_22_00_00_gemmach.nc
2023/06/08 18:56:49 Read 1 records of GZ from /home/tfmrodge//scratch/GEMMACH_data/data/nc3/BASEGM_2015_017/2019-02-01_06_00_00_gemmach.nc
2023/06/08 18:56:49 Read 1 records of H from /home/tfmrodge//scratch/GEMMACH_data/data/nc3/BASEGM_2015_017/2019-02-12_23_00_00_gemmach.nc
2023/06/08 18:56:49 Read 1 records of H from /home/tfmrodge//scratch/GEMMACH_data/data/nc3/BASEGM_2015_017/2019-02-13_00_00_00_gemmach.nc
2023/06/08 18:56:50 Read 1 records of H from /home/tfmrodge//scratch/GEMMACH_data/data/nc3/BASEGM_2015_017/2019-02-13_01_00_00_gemmach.nc
2023/06/08 18:56:50 Read 1 records of WW from /home/tfmrodge//scratch/GEMMACH_data/data/nc3/BASEGM_2015_017/2019-02-01_01_00_00_gemmach.nc
2023/06/08 18:56:50 Read 1 records of H from /home/tfmrodge//scratch/GEMMACH_data/data/nc3/BASEGM_2015_017/2019-02-13_02_00_00_gemmach.nc
2023/06/08 18:56:50 Read 1 records of H from /home/tfmrodge//scratch/GEMMACH_data/data/nc3/BASEGM_2015_017/2019-02-13_03_00_00_gemmach.nc
2023/06/08 18:56:51 Read 1 records of H from /home/tfmrodge//scratch/GEMMACH_data/data/nc3/BASEGM_2015_017/2019-02-13_04_00_00_gemmach.nc
2023/06/08 18:56:51 Read 1 records of H from /home/tfmrodge//scratch/GEMMACH_data/data/nc3/BASEGM_2015_017/2019-02-13_05_00_00_gemmach.nc
Error: inmap: preprocessor read netcdf variable H: EOF
Usage:
  inmap preproc [flags]
  inmap preproc [command]

Available Commands:
  combine     Combine preprocessed CTM output from nested grids

Flags:
      --InMAPData string                             InMAPData is the path to location of baseline meteorology and pollutant data. The path can include environment variables.
                                                      (default "${INMAP_ROOT_DIR}/cmd/inmap/testdata/testInMAPInputData.ncf")
      --Preproc.CTMType string                       Preproc.CTMType specifies what type of chemical transport model we are going to be reading data from. Valid options are "GEOS-Chem", "WRF-Chem" and "GEMMACH".
                                                      (default "WRF-Chem")
      --Preproc.CtmGridDx float                      Preproc.CtmGridDx is the grid cell length in x direction [m] (default 1000)
      --Preproc.CtmGridDy float                      Preproc.CtmGridDy is the grid cell length in y direction [m] (default 1000)
      --Preproc.CtmGridXo float                      Preproc.CtmGridXo is the lower left of Chemical Transport Model (CTM) grid, x
                                                     
      --Preproc.CtmGridYo float                      Preproc.CtmGridYo is the lower left of grid, y
      --Preproc.EndDate string                       Preproc.EndDate is the date of the end of the simulation. Format = "YYYYMMDD".
                                                      (default "No Default")
      --Preproc.GEMMACH.gem_geophy string            Preproc.GEMMACH.gem_geophy is the location of GEMMACH landuse data. No date is necessary, these values are constant.
                                                      (default "${INMAP_ROOT_DIR}/cmd/inmap/testdata/preproc/gemmach/gemmachtest_gem_geophy.nc")
      --Preproc.GEMMACH.gem_out string               Preproc.GEMMACH.gem_out is the location of GEMMACH output files. [DATE] should be used as a wild card for the simulation date.
                                                      (default "${INMAP_ROOT_DIR}/cmd/inmap/testdata/preproc/gemmach/gemmachtest_[DATE].nc")
      --Preproc.GEMMACH.gem_rdps string              Preproc.GEMMACH.gem_rdps is the location of some GEM meteorological data. [DATE] should be used as a wild card for the simulation date.
                                                      (default "${INMAP_ROOT_DIR}/cmd/inmap/testdata/preproc/gemmach/rdps/rdpsqctest_[DATE].nc")
      --Preproc.GEMMACH.gemnoChemHour                If Preproc.GEMMACH.gemnoChemHour is true, the GEMMACH output files will be assumed to contain a single hour per file.
                                                     
      --Preproc.GEOSChem.ChemFileInterval string     Preproc.GEOSChem.ChemFileInterval specifies the time duration represented by each GEOS-Chem output file. E.g. "3h" for 3 hours.
                                                      (default "3h")
      --Preproc.GEOSChem.ChemRecordInterval string   Preproc.GEOSChem.ChemRecordInterval specifies the time duration represented by each GEOS-Chem output record. E.g. "3h" for 3 hours.
                                                      (default "3h")
      --Preproc.GEOSChem.Dash                        Preproc.GEOSChem.Dash indicates whether GEOS-Chem chemical variable names should be assumed to be in the form 'IJ-AVG-S__xxx' vs. the form 'IJ_AVG_S__xxx'.
                                                     
      --Preproc.GEOSChem.GEOSA1 string               Preproc.GEOSChem.GEOSA1 is the location of the GEOS 1-hour time average files. [DATE] should be used as a wild card for the simulation date.
                                                      (default "${INMAP_ROOT_DIR}/cmd/inmap/testdata/preproc/GEOSFP.[DATE].A1.2x25.nc")
      --Preproc.GEOSChem.GEOSA3Cld string            Preproc.GEOSChem.GEOSA3Cld is the location of the GEOS 3-hour average cloud parameter files. [DATE] should be used as a wild card for the simulation date.
                                                      (default "${INMAP_ROOT_DIR}/cmd/inmap/testdata/preproc/GEOSFP.[DATE].A3cld.2x25.nc")
      --Preproc.GEOSChem.GEOSA3Dyn string            Preproc.GEOSChem.GEOSA3Dyn is the location of the GEOS 3-hour average dynamical parameter files. [DATE] should be used as a wild card for the simulation date.
                                                      (default "${INMAP_ROOT_DIR}/cmd/inmap/testdata/preproc/GEOSFP.[DATE].A3dyn.2x25.nc")
      --Preproc.GEOSChem.GEOSA3MstE string           Preproc.GEOSChem.GEOSA3MstE is the location of the GEOS 3-hour average moist parameters on level edges files. [DATE] should be used as a wild card for the simulation date.
                                                      (default "${INMAP_ROOT_DIR}/cmd/inmap/testdata/preproc/GEOSFP.[DATE].A3mstE.2x25.nc")
      --Preproc.GEOSChem.GEOSApBp string             Preproc.GEOSChem.GEOSApBp is the location of the constant GEOS pressure level variable file. It is optional; if it is not specified the Ap and Bp information will be extracted from the GEOSChem files.
                                                     
      --Preproc.GEOSChem.GEOSChem string             Preproc.GEOSChem.GEOSChem is the location of GEOS-Chem output files. [DATE] should be used as a wild card for the simulation date.
                                                      (default "${INMAP_ROOT_DIR}/cmd/inmap/testdata/preproc/gc_output.[DATE].nc")
      --Preproc.GEOSChem.GEOSI3 string               Preproc.GEOSChem.GEOSI3 is the location of the GEOS 3-hour instantaneous parameter files. [DATE] should be used as a wild card for the simulation date.
                                                      (default "${INMAP_ROOT_DIR}/cmd/inmap/testdata/preproc/GEOSFP.[DATE].I3.2x25.nc")
      --Preproc.GEOSChem.NoChemHourIndex             If Preproc.GEOSChem.NoChemHourIndex is true, the GEOS-Chem output files will be assumed to not contain a time dimension.
                                                     
      --Preproc.GEOSChem.OlsonLandMap string         Preproc.GEOSChem.OlsonLandMap is the location of the GEOS-Chem Olson land use map file, which is described here: http://wiki.seas.harvard.edu/geos-chem/index.php/Olson_land_map.
                                                      (default "${INMAP_ROOT_DIR}/cmd/inmap/testdata/preproc/geoschem-new/Olson_2001_Land_Map.025x025.generic.nc")
      --Preproc.StartDate string                     Preproc.StartDate is the date of the beginning of the simulation. Format = "YYYYMMDD".
                                                      (default "No Default")
      --Preproc.WRFChem.WRFOut string                Preproc.WRFChem.WRFOut is the location of WRF-Chem output files. [DATE] should be used as a wild card for the simulation date.
                                                      (default "${INMAP_ROOT_DIR}/cmd/inmap/testdata/preproc/wrfout_d01_[DATE]")
  -h, --help                                         help for preproc

Global Flags:
      --config string   config specifies the configuration file location.

Use "inmap preproc [command] --help" for more information about a command.

inmap: preprocessor read netcdf variable H: EOF
